Log file open, 12/07/22 13:37:30
LogWindows: Failed to load 'aqProf.dll' (GetLastError=126)
LogWindows: File 'aqProf.dll' does not exist
LogWindows: Failed to load 'VtuneApi.dll' (GetLastError=126)
LogWindows: File 'VtuneApi.dll' does not exist
LogWindows: Failed to load 'VtuneApi32e.dll' (GetLastError=126)
LogWindows: File 'VtuneApi32e.dll' does not exist
LogConsoleResponse: Display: Failed to find resolution value strings in scalability ini. Falling back to default.
LogConsoleResponse: Display: Failed to find resolution value strings in scalability ini. Falling back to default.
LogInit: Display: Running engine for game: UE4_Portfolio2_SL
LogPlatformFile: Not using cached read wrapper
LogTaskGraph: Started task graph with 5 named threads and 71 total threads with 3 sets of task threads.
LogStats: Stats thread started at 0.197899
LogICUInternationalization: ICU TimeZone Detection - Raw Offset: +9:00, Platform Override: ''
LogInit: Display: Loading text-based GConfig....
LogPluginManager: Mounting plugin MeshPainting
LogPluginManager: Mounting plugin XGEController
LogPluginManager: Mounting plugin Paper2D
LogPluginManager: Mounting plugin LiveLink
LogPluginManager: Mounting plugin AISupport
LogPluginManager: Mounting plugin EnvironmentQueryEditor
LogPluginManager: Mounting plugin LightPropagationVolume
LogPluginManager: Mounting plugin CameraShakePreviewer
LogPluginManager: Mounting plugin GameplayCameras
LogPluginManager: Mounting plugin OodleNetwork
LogPluginManager: Mounting plugin OodleData
LogPluginManager: Mounting plugin AnimationSharing
LogPluginManager: Mounting plugin CLionSourceCodeAccess
LogPluginManager: Mounting plugin CodeLiteSourceCodeAccess
LogPluginManager: Mounting plugin GitSourceControl
LogPluginManager: Mounting plugin AssetManagerEditor
LogPluginManager: Mounting plugin KDevelopSourceCodeAccess
LogPluginManager: Mounting plugin NullSourceCodeAccess
LogPluginManager: Mounting plugin PerforceSourceControl
LogPluginManager: Mounting plugin PlasticSourceControl
LogPluginManager: Mounting plugin PluginUtils
LogPluginManager: Mounting plugin PixWinPlugin
LogPluginManager: Mounting plugin TextureFormatOodle
LogPluginManager: Mounting plugin PropertyAccessNode
LogPluginManager: Mounting plugin RiderSourceCodeAccess
LogPluginManager: Mounting plugin SubversionSourceControl
LogPluginManager: Mounting plugin UObjectPlugin
LogPluginManager: Mounting plugin VisualStudioCodeSourceCodeAccess
LogPluginManager: Mounting plugin XCodeSourceCodeAccess
LogPluginManager: Mounting plugin VisualStudioSourceCodeAccess
LogPluginManager: Mounting plugin CryptoKeys
LogPluginManager: Mounting plugin CurveEditorTools
LogPluginManager: Mounting plugin DataValidation
LogPluginManager: Mounting plugin FacialAnimation
LogPluginManager: Mounting plugin GameplayTagsEditor
LogPluginManager: Mounting plugin DatasmithContent
LogPluginManager: Mounting plugin GeometryMode
LogPluginManager: Mounting plugin MacGraphicsSwitching
LogPluginManager: Mounting plugin MaterialAnalyzer
LogPluginManager: Mounting plugin MobileLauncherProfileWizard
LogPluginManager: Mounting plugin PluginBrowser
LogPluginManager: Mounting plugin SpeedTreeImporter
LogPluginManager: Mounting plugin VariantManagerContent
LogPluginManager: Mounting plugin AlembicImporter
LogPluginManager: Mounting plugin AutomationUtils
LogPluginManager: Mounting plugin BackChannel
LogPluginManager: Mounting plugin ChaosCloth
LogPluginManager: Mounting plugin ChaosClothEditor
LogPluginManager: Mounting plugin ChaosNiagara
LogPluginManager: Mounting plugin ChaosSolverPlugin
LogPluginManager: Mounting plugin ChaosEditor
LogPluginManager: Mounting plugin CharacterAI
LogPluginManager: Mounting plugin GeometryCache
LogPluginManager: Mounting plugin GeometryCollectionPlugin
LogPluginManager: Mounting plugin GeometryProcessing
LogPluginManager: Mounting plugin MotoSynth
LogPluginManager: Mounting plugin OpenImageDenoise
LogPluginManager: Mounting plugin PlanarCut
LogPluginManager: Mounting plugin PlatformCrypto
LogPluginManager: Mounting plugin ProxyLODPlugin
LogPluginManager: Mounting plugin Niagara
LogPluginManager: Mounting plugin PythonScriptPlugin
LogPluginManager: Mounting plugin LuminPlatformFeatures
LogPluginManager: Mounting plugin SkeletalReduction
LogPluginManager: Mounting plugin MagicLeap
LogPluginManager: Mounting plugin MagicLeapLightEstimation
LogPluginManager: Mounting plugin MagicLeapMedia
LogPluginManager: Mounting plugin MagicLeapPassableWorld
LogPluginManager: Mounting plugin MLSDK
LogPluginManager: Mounting plugin AndroidMedia
LogPluginManager: Mounting plugin AvfMedia
LogPluginManager: Mounting plugin ImgMedia
LogPluginManager: Mounting plugin MediaCompositing
LogPluginManager: Mounting plugin TcpMessaging
LogPluginManager: Mounting plugin MediaPlayerEditor
LogPluginManager: Mounting plugin UdpMessaging
LogPluginManager: Mounting plugin WebMMedia
LogPluginManager: Mounting plugin WmfMedia
LogPluginManager: Mounting plugin ActorSequence
LogPluginManager: Mounting plugin LevelSequenceEditor
LogPluginManager: Mounting plugin MatineeToLevelSequence
LogPluginManager: Mounting plugin TemplateSequence
LogPluginManager: Mounting plugin LauncherChunkInstaller
LogPluginManager: Mounting plugin ActorLayerUtilities
LogPluginManager: Mounting plugin OnlineSubsystem
LogPluginManager: Mounting plugin AndroidDeviceProfileSelector
LogPluginManager: Mounting plugin OnlineSubsystemNull
LogPluginManager: Mounting plugin AndroidPermission
LogPluginManager: Mounting plugin AndroidMoviePlayer
LogPluginManager: Mounting plugin OnlineSubsystemUtils
LogPluginManager: Mounting plugin AppleImageUtils
LogPluginManager: Mounting plugin AppleMoviePlayer
LogPluginManager: Mounting plugin ArchVisCharacter
LogPluginManager: Mounting plugin AssetTags
LogPluginManager: Mounting plugin AudioCapture
LogPluginManager: Mounting plugin AudioSynesthesia
LogPluginManager: Mounting plugin CableComponent
LogPluginManager: Mounting plugin ChunkDownloader
LogPluginManager: Mounting plugin CustomMeshComponent
LogPluginManager: Mounting plugin EditableMesh
LogPluginManager: Mounting plugin ExampleDeviceProfileSelector
LogPluginManager: Mounting plugin GoogleCloudMessaging
LogPluginManager: Mounting plugin GooglePAD
LogPluginManager: Mounting plugin IOSDeviceProfileSelector
LogPluginManager: Mounting plugin LinuxDeviceProfileSelector
LogPluginManager: Mounting plugin LocationServicesBPLibrary
LogPluginManager: Mounting plugin MobilePatchingUtils
LogPluginManager: Mounting plugin OpenXR
LogPluginManager: Mounting plugin OpenXRHandTracking
LogPluginManager: Mounting plugin OpenXREyeTracker
LogPluginManager: Mounting plugin PhysXVehicles
LogPluginManager: Mounting plugin PostSplashScreen
LogPluginManager: Mounting plugin ProceduralMeshComponent
LogPluginManager: Mounting plugin PropertyAccessEditor
LogPluginManager: Mounting plugin RuntimePhysXCooking
LogPluginManager: Mounting plugin SignificanceManager
LogPluginManager: Mounting plugin SoundFields
LogPluginManager: Mounting plugin Synthesis
LogPluginManager: Mounting plugin WebMMoviePlayer
LogPluginManager: Mounting plugin WindowsMoviePlayer
LogPluginManager: Mounting plugin ScreenshotTools
LogPluginManager: Mounting plugin Takes
LogPluginManager: Mounting plugin ContentBrowserAssetDataSource
LogPluginManager: Mounting plugin ContentBrowserClassDataSource
LogPluginManager: Mounting plugin ContentBrowserFileDataSource
LogPluginManager: Mounting plugin OnlineSubsystemGooglePlay
LogPluginManager: Mounting plugin OnlineSubsystemIOS
LogPluginManager: Mounting plugin OculusVR
LogPluginManager: Mounting plugin SteamVR
PixWinPlugin: PIX capture plugin failed to initialize! Check that the process is launched from PIX.
LogLuminAPIImpl: Warning: MLSDK not found.  This likely means the MLSDK environment variable is not set.
LogInit: Using libcurl 7.55.1-DEV
LogInit:  - built for x86_64-pc-win32
LogInit:  - supports SSL with OpenSSL/1.1.1
LogInit:  - supports HTTP deflate (compression) using libz 1.2.8
LogInit:  - other features:
LogInit:      CURL_VERSION_SSL
LogInit:      CURL_VERSION_LIBZ
LogInit:      CURL_VERSION_IPV6
LogInit:      CURL_VERSION_ASYNCHDNS
LogInit:      CURL_VERSION_LARGEFILE
LogInit:      CURL_VERSION_IDN
LogInit:  CurlRequestOptions (configurable via config and command line):
LogInit:  - bVerifyPeer = true  - Libcurl will verify peer certificate
LogInit:  - bUseHttpProxy = false  - Libcurl will NOT use HTTP proxy
LogInit:  - bDontReuseConnections = false  - Libcurl will reuse connections
LogInit:  - MaxHostConnections = 16  - Libcurl will limit the number of connections to a host
LogInit:  - LocalHostAddr = Default
LogInit:  - BufferSize = 65536
LogOnline: OSS: Creating online subsystem instance for: NULL
LogInit: WinSock: version 1.1 (2.2), MaxSocks=32767, MaxUdp=65467
LogOnline: OSS: TryLoadSubsystemAndSetDefault: Loaded subsystem for module [NULL]
LogOculusPluginWrapper: OculusPlugin initialized successfully
LogHMD: Failed initializing OVRPlugin 1.59.0
LogInit: Build: ++UE4+Release-4.27-CL-18319896
LogInit: Engine Version: 4.27.2-18319896+++UE4+Release-4.27
LogInit: Compatible Engine Version: 4.27.0-17155196+++UE4+Release-4.27
LogInit: Net CL: 17155196
LogInit: OS: Windows 10 (Release 2009) (), CPU: AMD Ryzen 9 5900X 12-Core Processor            , GPU: AMD Radeon RX 6600 XT
LogInit: Compiled (64-bit): Nov 30 2021 07:12:08
LogInit: Compiled with Visual C++: 19.24.28315.00
LogInit: Build Configuration: Development
LogInit: Branch Name: ++UE4+Release-4.27
LogInit: Command Line: 
LogInit: Base Directory: G:/Unreal Engine/UE_4.27/Engine/Binaries/Win64/
LogInit: Allocator: TBB
LogInit: Installed Engine Build: 1
LogDevObjectVersion: Number of dev versions registered: 29
LogDevObjectVersion:   Dev-Blueprints (B0D832E4-1F89-4F0D-ACCF-7EB736FD4AA2): 10
LogDevObjectVersion:   Dev-Build (E1C64328-A22C-4D53-A36C-8E866417BD8C): 0
LogDevObjectVersion:   Dev-Core (375EC13C-06E4-48FB-B500-84F0262A717E): 4
LogDevObjectVersion:   Dev-Editor (E4B068ED-F494-42E9-A231-DA0B2E46BB41): 40
LogDevObjectVersion:   Dev-Framework (CFFC743F-43B0-4480-9391-14DF171D2073): 37
LogDevObjectVersion:   Dev-Mobile (B02B49B5-BB20-44E9-A304-32B752E40360): 3
LogDevObjectVersion:   Dev-Networking (A4E4105C-59A1-49B5-A7C5-40C4547EDFEE): 0
LogDevObjectVersion:   Dev-Online (39C831C9-5AE6-47DC-9A44-9C173E1C8E7C): 0
LogDevObjectVersion:   Dev-Physics (78F01B33-EBEA-4F98-B9B4-84EACCB95AA2): 14
LogDevObjectVersion:   Dev-Platform (6631380F-2D4D-43E0-8009-CF276956A95A): 0
LogDevObjectVersion:   Dev-Rendering (12F88B9F-8875-4AFC-A67C-D90C383ABD29): 45
LogDevObjectVersion:   Dev-Sequencer (7B5AE74C-D270-4C10-A958-57980B212A5A): 13
LogDevObjectVersion:   Dev-VR (D7296918-1DD6-4BDD-9DE2-64A83CC13884): 3
LogDevObjectVersion:   Dev-LoadTimes (C2A15278-BFE7-4AFE-6C17-90FF531DF755): 1
LogDevObjectVersion:   Private-Geometry (6EACA3D4-40EC-4CC1-B786-8BED09428FC5): 3
LogDevObjectVersion:   Dev-AnimPhys (29E575DD-E0A3-4627-9D10-D276232CDCEA): 17
LogDevObjectVersion:   Dev-Anim (AF43A65D-7FD3-4947-9873-3E8ED9C1BB05): 15
LogDevObjectVersion:   Dev-ReflectionCapture (6B266CEC-1EC7-4B8F-A30B-E4D90942FC07): 1
LogDevObjectVersion:   Dev-Automation (0DF73D61-A23F-47EA-B727-89E90C41499A): 1
LogDevObjectVersion:   FortniteMain (601D1886-AC64-4F84-AA16-D3DE0DEAC7D6): 47
LogDevObjectVersion:   FortniteRelease (E7086368-6B23-4C58-8439-1B7016265E91): 1
LogDevObjectVersion:   Dev-Enterprise (9DFFBCD6-494F-0158-E221-12823C92A888): 10
LogDevObjectVersion:   Dev-Niagara (F2AED0AC-9AFE-416F-8664-AA7FFA26D6FC): 1
LogDevObjectVersion:   Dev-Destruction (174F1F0B-B4C6-45A5-B13F-2EE8D0FB917D): 10
LogDevObjectVersion:   Dev-Physics-Ext (35F94A83-E258-406C-A318-09F59610247C): 41
LogDevObjectVersion:   Dev-PhysicsMaterial-Chaos (B68FC16E-8B1B-42E2-B453-215C058844FE): 1
LogDevObjectVersion:   Dev-CineCamera (B2E18506-4273-CFC2-A54E-F4BB758BBA07): 1
LogDevObjectVersion:   Dev-VirtualProduction (64F58936-FD1B-42BA-BA96-7289D5D0FA4E): 1
LogDevObjectVersion:   Dev-MediaFramework (6F0ED827-A609-4895-9C91-998D90180EA4): 2
LogInit: Presizing for max 25165824 objects, including 0 objects not considered by GC, pre-allocating 0 bytes for permanent pool.
LogConfig: Applying CVar settings from Section [/Script/Engine.StreamingSettings] File [G:/Git_Horizontally Scrolling Shooter Repository/UE4_Portfolio2_SL/UE4_Portfolio2_SL/Saved/Config/Windows/Engine.ini]
LogConfig: Setting CVar [[s.MinBulkDataSizeForAsyncLoading:131072]]
LogConfig: Setting CVar [[s.AsyncLoadingThreadEnabled:0]]
LogConfig: Setting CVar [[s.EventDrivenLoaderEnabled:1]]
LogConfig: Setting CVar [[s.WarnIfTimeLimitExceeded:0]]
LogConfig: Setting CVar [[s.TimeLimitExceededMultiplier:1.5]]
LogConfig: Setting CVar [[s.TimeLimitExceededMinTime:0.005]]
LogConfig: Setting CVar [[s.UseBackgroundLevelStreaming:1]]
LogConfig: Setting CVar [[s.PriorityAsyncLoadingExtraTime:15.0]]
LogConfig: Setting CVar [[s.LevelStreamingActorsUpdateTimeLimit:5.0]]
LogConfig: Setting CVar [[s.PriorityLevelStreamingActorsUpdateExtraTime:5.0]]
LogConfig: Setting CVar [[s.LevelStreamingComponentsRegistrationGranularity:10]]
LogConfig: Setting CVar [[s.UnregisterComponentsTimeLimit:1.0]]
LogConfig: Setting CVar [[s.LevelStreamingComponentsUnregistrationGranularity:5]]
LogConfig: Setting CVar [[s.FlushStreamingOnExit:1]]
LogInit: Object subsystem initialized
LogConfig: Setting CVar [[con.DebugEarlyDefault:1]]
LogConfig: Setting CVar [[r.setres:1280x720]]
[2022.12.07-04.37.30:547][  0]LogConfig: Setting CVar [[r.VSync:0]]
[2022.12.07-04.37.30:547][  0]LogConfig: Setting CVar [[r.RHICmdBypass:0]]
[2022.12.07-04.37.30:547][  0]LogConfig: Applying CVar settings from Section [/Script/Engine.RendererSettings] File [G:/Git_Horizontally Scrolling Shooter Repository/UE4_Portfolio2_SL/UE4_Portfolio2_SL/Saved/Config/Windows/Engine.ini]
[2022.12.07-04.37.30:547][  0]LogConfig: Setting CVar [[r.GPUCrashDebugging:0]]
[2022.12.07-04.37.30:547][  0]LogConfig: Applying CVar settings from Section [/Script/Engine.RendererOverrideSettings] File [G:/Git_Horizontally Scrolling Shooter Repository/UE4_Portfolio2_SL/UE4_Portfolio2_SL/Saved/Config/Windows/Engine.ini]
[2022.12.07-04.37.30:547][  0]LogConfig: Applying CVar settings from Section [/Script/Engine.StreamingSettings] File [G:/Git_Horizontally Scrolling Shooter Repository/UE4_Portfolio2_SL/UE4_Portfolio2_SL/Saved/Config/Windows/Engine.ini]
[2022.12.07-04.37.30:547][  0]LogConfig: Setting CVar [[s.MinBulkDataSizeForAsyncLoading:131072]]
[2022.12.07-04.37.30:547][  0]LogConfig: Setting CVar [[s.AsyncLoadingThreadEnabled:0]]
[2022.12.07-04.37.30:547][  0]LogConfig: Setting CVar [[s.EventDrivenLoaderEnabled:1]]
[2022.12.07-04.37.30:547][  0]LogConfig: Setting CVar [[s.WarnIfTimeLimitExceeded:0]]
[2022.12.07-04.37.30:547][  0]LogConfig: Setting CVar [[s.TimeLimitExceededMultiplier:1.5]]
[2022.12.07-04.37.30:547][  0]LogConfig: Setting CVar [[s.TimeLimitExceededMinTime:0.005]]
[2022.12.07-04.37.30:547][  0]LogConfig: Setting CVar [[s.UseBackgroundLevelStreaming:1]]
[2022.12.07-04.37.30:547][  0]LogConfig: Setting CVar [[s.PriorityAsyncLoadingExtraTime:15.0]]
[2022.12.07-04.37.30:547][  0]LogConfig: Setting CVar [[s.LevelStreamingActorsUpdateTimeLimit:5.0]]
[2022.12.07-04.37.30:547][  0]LogConfig: Setting CVar [[s.PriorityLevelStreamingActorsUpdateExtraTime:5.0]]
[2022.12.07-04.37.30:547][  0]LogConfig: Setting CVar [[s.LevelStreamingComponentsRegistrationGranularity:10]]
[2022.12.07-04.37.30:547][  0]LogConfig: Setting CVar [[s.UnregisterComponentsTimeLimit:1.0]]
[2022.12.07-04.37.30:547][  0]LogConfig: Setting CVar [[s.LevelStreamingComponentsUnregistrationGranularity:5]]
[2022.12.07-04.37.30:547][  0]LogConfig: Setting CVar [[s.FlushStreamingOnExit:1]]
[2022.12.07-04.37.30:547][  0]LogConfig: Applying CVar settings from Section [/Script/Engine.GarbageCollectionSettings] File [G:/Git_Horizontally Scrolling Shooter Repository/UE4_Portfolio2_SL/UE4_Portfolio2_SL/Saved/Config/Windows/Engine.ini]
[2022.12.07-04.37.30:547][  0]LogConfig: Setting CVar [[gc.MaxObjectsNotConsideredByGC:1]]
[2022.12.07-04.37.30:547][  0]LogConfig: Setting CVar [[gc.SizeOfPermanentObjectPool:0]]
[2022.12.07-04.37.30:547][  0]LogConfig: Setting CVar [[gc.FlushStreamingOnGC:0]]
[2022.12.07-04.37.30:547][  0]LogConfig: Setting CVar [[gc.NumRetriesBeforeForcingGC:10]]
[2022.12.07-04.37.30:547][  0]LogConfig: Setting CVar [[gc.AllowParallelGC:1]]
[2022.12.07-04.37.30:547][  0]LogConfig: Setting CVar [[gc.TimeBetweenPurgingPendingKillObjects:61.1]]
[2022.12.07-04.37.30:547][  0]LogConfig: Setting CVar [[gc.MaxObjectsInEditor:25165824]]
[2022.12.07-04.37.30:547][  0]LogConfig: Setting CVar [[gc.IncrementalBeginDestroyEnabled:1]]
[2022.12.07-04.37.30:547][  0]LogConfig: Setting CVar [[gc.CreateGCClusters:1]]
[2022.12.07-04.37.30:547][  0]LogConfig: Setting CVar [[gc.MinGCClusterSize:5]]
[2022.12.07-04.37.30:547][  0]LogConfig: Setting CVar [[gc.ActorClusteringEnabled:0]]
[2022.12.07-04.37.30:547][  0]LogConfig: Setting CVar [[gc.BlueprintClusteringEnabled:0]]
[2022.12.07-04.37.30:547][  0]LogConfig: Setting CVar [[gc.UseDisregardForGCOnDedicatedServers:0]]
[2022.12.07-04.37.30:547][  0]LogConfig: Setting CVar [[gc.MultithreadedDestructionEnabled:1]]
[2022.12.07-04.37.30:547][  0]LogConfig: Applying CVar settings from Section [/Script/Engine.NetworkSettings] File [G:/Git_Horizontally Scrolling Shooter Repository/UE4_Portfolio2_SL/UE4_Portfolio2_SL/Saved/Config/Windows/Engine.ini]
[2022.12.07-04.37.30:547][  0]LogConfig: Applying CVar settings from Section [/Script/UnrealEd.CookerSettings] File [G:/Git_Horizontally Scrolling Shooter Repository/UE4_Portfolio2_SL/UE4_Portfolio2_SL/Saved/Config/Windows/Engine.ini]
[2022.12.07-04.37.30:556][  0]LogConfig: Applying CVar settings from Section [ViewDistanceQuality@3] File [G:/Git_Horizontally Scrolling Shooter Repository/UE4_Portfolio2_SL/UE4_Portfolio2_SL/Saved/Config/Windows/Scalability.ini]
[2022.12.07-04.37.30:556][  0]LogConfig: Setting CVar [[r.SkeletalMeshLODBias:0]]
[2022.12.07-04.37.30:556][  0]LogConfig: Setting CVar [[r.ViewDistanceScale:1.0]]
[2022.12.07-04.37.30:556][  0]LogConfig: Applying CVar settings from Section [AntiAliasingQuality@3] File [G:/Git_Horizontally Scrolling Shooter Repository/UE4_Portfolio2_SL/UE4_Portfolio2_SL/Saved/Config/Windows/Scalability.ini]
[2022.12.07-04.37.30:556][  0]LogConfig: Setting CVar [[r.PostProcessAAQuality:4]]
[2022.12.07-04.37.30:556][  0]LogConfig: Applying CVar settings from Section [ShadowQuality@3] File [G:/Git_Horizontally Scrolling Shooter Repository/UE4_Portfolio2_SL/UE4_Portfolio2_SL/Saved/Config/Windows/Scalability.ini]
[2022.12.07-04.37.30:556][  0]LogConfig: Setting CVar [[r.LightFunctionQuality:1]]
[2022.12.07-04.37.30:556][  0]LogConfig: Setting CVar [[r.ShadowQuality:5]]
[2022.12.07-04.37.30:556][  0]LogConfig: Setting CVar [[r.Shadow.CSM.MaxCascades:10]]
[2022.12.07-04.37.30:556][  0]LogConfig: Setting CVar [[r.Shadow.MaxResolution:2048]]
[2022.12.07-04.37.30:556][  0]LogConfig: Setting CVar [[r.Shadow.MaxCSMResolution:2048]]
[2022.12.07-04.37.30:556][  0]LogConfig: Setting CVar [[r.Shadow.RadiusThreshold:0.01]]
[2022.12.07-04.37.30:556][  0]LogConfig: Setting CVar [[r.Shadow.DistanceScale:1.0]]
[2022.12.07-04.37.30:556][  0]LogConfig: Setting CVar [[r.Shadow.CSM.TransitionScale:1.0]]
[2022.12.07-04.37.30:556][  0]LogConfig: Setting CVar [[r.Shadow.PreShadowResolutionFactor:1.0]]
[2022.12.07-04.37.30:556][  0]LogConfig: Setting CVar [[r.DistanceFieldShadowing:1]]
[2022.12.07-04.37.30:556][  0]LogConfig: Setting CVar [[r.DistanceFieldAO:1]]
[2022.12.07-04.37.30:556][  0]LogConfig: Setting CVar [[r.AOQuality:2]]
[2022.12.07-04.37.30:556][  0]LogConfig: Setting CVar [[r.VolumetricFog:1]]
[2022.12.07-04.37.30:556][  0]LogConfig: Setting CVar [[r.VolumetricFog.GridPixelSize:8]]
[2022.12.07-04.37.30:556][  0]LogConfig: Setting CVar [[r.VolumetricFog.GridSizeZ:128]]
[2022.12.07-04.37.30:556][  0]LogConfig: Setting CVar [[r.VolumetricFog.HistoryMissSupersampleCount:4]]
[2022.12.07-04.37.30:556][  0]LogConfig: Setting CVar [[r.LightMaxDrawDistanceScale:1]]
[2022.12.07-04.37.30:556][  0]LogConfig: Setting CVar [[r.CapsuleShadows:1]]
[2022.12.07-04.37.30:556][  0]LogConfig: Applying CVar settings from Section [PostProcessQuality@3] File [G:/Git_Horizontally Scrolling Shooter Repository/UE4_Portfolio2_SL/UE4_Portfolio2_SL/Saved/Config/Windows/Scalability.ini]
[2022.12.07-04.37.30:556][  0]LogConfig: Setting CVar [[r.MotionBlurQuality:4]]
[2022.12.07-04.37.30:556][  0]LogConfig: Setting CVar [[r.AmbientOcclusionMipLevelFactor:0.4]]
[2022.12.07-04.37.30:556][  0]LogConfig: Setting CVar [[r.AmbientOcclusionMaxQuality:100]]
[2022.12.07-04.37.30:556][  0]LogConfig: Setting CVar [[r.AmbientOcclusionLevels:-1]]
[2022.12.07-04.37.30:556][  0]LogConfig: Setting CVar [[r.AmbientOcclusionRadiusScale:1.0]]
[2022.12.07-04.37.30:556][  0]LogConfig: Setting CVar [[r.DepthOfFieldQuality:2]]
[2022.12.07-04.37.30:556][  0]LogConfig: Setting CVar [[r.RenderTargetPoolMin:400]]
[2022.12.07-04.37.30:556][  0]LogConfig: Setting CVar [[r.LensFlareQuality:2]]
[2022.12.07-04.37.30:556][  0]LogConfig: Setting CVar [[r.SceneColorFringeQuality:1]]
[2022.12.07-04.37.30:556][  0]LogConfig: Setting CVar [[r.EyeAdaptationQuality:2]]
[2022.12.07-04.37.30:556][  0]LogConfig: Setting CVar [[r.BloomQuality:5]]
[2022.12.07-04.37.30:556][  0]LogConfig: Setting CVar [[r.FastBlurThreshold:100]]
[2022.12.07-04.37.30:556][  0]LogConfig: Setting CVar [[r.Upscale.Quality:3]]
[2022.12.07-04.37.30:556][  0]LogConfig: Setting CVar [[r.Tonemapper.GrainQuantization:1]]
[2022.12.07-04.37.30:556][  0]LogConfig: Setting CVar [[r.LightShaftQuality:1]]
[2022.12.07-04.37.30:556][  0]LogConfig: Setting CVar [[r.Filter.SizeScale:1]]
[2022.12.07-04.37.30:556][  0]LogConfig: Setting CVar [[r.Tonemapper.Quality:5]]
[2022.12.07-04.37.30:556][  0]LogConfig: Setting CVar [[r.DOF.Gather.AccumulatorQuality:1        ; higher gathering accumulator quality]]
[2022.12.07-04.37.30:556][  0]LogConfig: Setting CVar [[r.DOF.Gather.PostfilterMethod:1          ; Median3x3 postfilering method]]
[2022.12.07-04.37.30:556][  0]LogConfig: Setting CVar [[r.DOF.Gather.EnableBokehSettings:0       ; no bokeh simulation when gathering]]
[2022.12.07-04.37.30:556][  0]LogConfig: Setting CVar [[r.DOF.Gather.RingCount:4                 ; medium number of samples when gathering]]
[2022.12.07-04.37.30:556][  0]LogConfig: Setting CVar [[r.DOF.Scatter.ForegroundCompositing:1    ; additive foreground scattering]]
[2022.12.07-04.37.30:556][  0]LogConfig: Setting CVar [[r.DOF.Scatter.BackgroundCompositing:2    ; additive background scattering]]
[2022.12.07-04.37.30:556][  0]LogConfig: Setting CVar [[r.DOF.Scatter.EnableBokehSettings:1      ; bokeh simulation when scattering]]
[2022.12.07-04.37.30:556][  0]LogConfig: Setting CVar [[r.DOF.Scatter.MaxSpriteRatio:0.1         ; only a maximum of 10% of scattered bokeh]]
[2022.12.07-04.37.30:556][  0]LogConfig: Setting CVar [[r.DOF.Recombine.Quality:1                ; cheap slight out of focus]]
[2022.12.07-04.37.30:556][  0]LogConfig: Setting CVar [[r.DOF.Recombine.EnableBokehSettings:0    ; no bokeh simulation on slight out of focus]]
[2022.12.07-04.37.30:556][  0]LogConfig: Setting CVar [[r.DOF.TemporalAAQuality:1                ; more stable temporal accumulation]]
[2022.12.07-04.37.30:556][  0]LogConfig: Setting CVar [[r.DOF.Kernel.MaxForegroundRadius:0.025]]
[2022.12.07-04.37.30:556][  0]LogConfig: Setting CVar [[r.DOF.Kernel.MaxBackgroundRadius:0.025]]
[2022.12.07-04.37.30:556][  0]LogConfig: Applying CVar settings from Section [TextureQuality@3] File [G:/Git_Horizontally Scrolling Shooter Repository/UE4_Portfolio2_SL/UE4_Portfolio2_SL/Saved/Config/Windows/Scalability.ini]
[2022.12.07-04.37.30:556][  0]LogConfig: Setting CVar [[r.Streaming.MipBias:0]]
[2022.12.07-04.37.30:556][  0]LogConfig: Setting CVar [[r.Streaming.AmortizeCPUToGPUCopy:0]]
[2022.12.07-04.37.30:556][  0]LogConfig: Setting CVar [[r.Streaming.MaxNumTexturesToStreamPerFrame:0]]
[2022.12.07-04.37.30:556][  0]LogConfig: Setting CVar [[r.Streaming.Boost:1]]
[2022.12.07-04.37.30:556][  0]LogConfig: Setting CVar [[r.MaxAnisotropy:8]]
[2022.12.07-04.37.30:556][  0]LogConfig: Setting CVar [[r.VT.MaxAnisotropy:8]]
[2022.12.07-04.37.30:556][  0]LogConfig: Setting CVar [[r.Streaming.LimitPoolSizeToVRAM:0]]
[2022.12.07-04.37.30:556][  0]LogConfig: Setting CVar [[r.Streaming.PoolSize:1000]]
[2022.12.07-04.37.30:556][  0]LogConfig: Setting CVar [[r.Streaming.MaxEffectiveScreenSize:0]]
[2022.12.07-04.37.30:556][  0]LogConfig: Applying CVar settings from Section [EffectsQuality@3] File [G:/Git_Horizontally Scrolling Shooter Repository/UE4_Portfolio2_SL/UE4_Portfolio2_SL/Saved/Config/Windows/Scalability.ini]
[2022.12.07-04.37.30:556][  0]LogConfig: Setting CVar [[r.TranslucencyLightingVolumeDim:64]]
[2022.12.07-04.37.30:556][  0]LogConfig: Setting CVar [[r.RefractionQuality:2]]
[2022.12.07-04.37.30:556][  0]LogConfig: Setting CVar [[r.SSR.Quality:3]]
[2022.12.07-04.37.30:556][  0]LogConfig: Setting CVar [[r.SSR.HalfResSceneColor:0]]
[2022.12.07-04.37.30:556][  0]LogConfig: Setting CVar [[r.SceneColorFormat:4]]
[2022.12.07-04.37.30:556][  0]LogConfig: Setting CVar [[r.DetailMode:2]]
[2022.12.07-04.37.30:556][  0]LogConfig: Setting CVar [[r.TranslucencyVolumeBlur:1]]
[2022.12.07-04.37.30:556][  0]LogConfig: Setting CVar [[r.MaterialQualityLevel:1 ; High quality]]
[2022.12.07-04.37.30:556][  0]LogConfig: Setting CVar [[r.AnisotropicMaterials:1]]
[2022.12.07-04.37.30:556][  0]LogConfig: Setting CVar [[r.SSS.Scale:1]]
[2022.12.07-04.37.30:556][  0]LogConfig: Setting CVar [[r.SSS.SampleSet:2]]
[2022.12.07-04.37.30:556][  0]LogConfig: Setting CVar [[r.SSS.Quality:1]]
[2022.12.07-04.37.30:556][  0]LogConfig: Setting CVar [[r.SSS.HalfRes:0]]
[2022.12.07-04.37.30:556][  0]LogConfig: Setting CVar [[r.SSGI.Quality:3]]
[2022.12.07-04.37.30:556][  0]LogConfig: Setting CVar [[r.EmitterSpawnRateScale:1.0]]
[2022.12.07-04.37.30:556][  0]LogConfig: Setting CVar [[r.ParticleLightQuality:2]]
[2022.12.07-04.37.30:556][  0]LogConfig: Setting CVar [[r.SkyAtmosphere.AerialPerspectiveLUT.FastApplyOnOpaque:1 ; Always have FastSkyLUT 1 in this case to avoid wrong sky]]
[2022.12.07-04.37.30:556][  0]LogConfig: Setting CVar [[r.SkyAtmosphere.AerialPerspectiveLUT.SampleCountMaxPerSlice:4]]
[2022.12.07-04.37.30:556][  0]LogConfig: Setting CVar [[r.SkyAtmosphere.AerialPerspectiveLUT.DepthResolution:16.0]]
[2022.12.07-04.37.30:556][  0]LogConfig: Setting CVar [[r.SkyAtmosphere.FastSkyLUT:1]]
[2022.12.07-04.37.30:556][  0]LogConfig: Setting CVar [[r.SkyAtmosphere.FastSkyLUT.SampleCountMin:4.0]]
[2022.12.07-04.37.30:556][  0]LogConfig: Setting CVar [[r.SkyAtmosphere.FastSkyLUT.SampleCountMax:128.0]]
[2022.12.07-04.37.30:556][  0]LogConfig: Setting CVar [[r.SkyAtmosphere.SampleCountMin:4.0]]
[2022.12.07-04.37.30:556][  0]LogConfig: Setting CVar [[r.SkyAtmosphere.SampleCountMax:128.0]]
[2022.12.07-04.37.30:556][  0]LogConfig: Setting CVar [[r.SkyAtmosphere.TransmittanceLUT.UseSmallFormat:0]]
[2022.12.07-04.37.30:556][  0]LogConfig: Setting CVar [[r.SkyAtmosphere.TransmittanceLUT.SampleCount:10.0]]
[2022.12.07-04.37.30:556][  0]LogConfig: Setting CVar [[r.SkyAtmosphere.MultiScatteringLUT.SampleCount:15.0]]
[2022.12.07-04.37.30:556][  0]LogConfig: Setting CVar [[r.SkyLight.RealTimeReflectionCapture:1]]
[2022.12.07-04.37.30:556][  0]LogConfig: Applying CVar settings from Section [FoliageQuality@3] File [G:/Git_Horizontally Scrolling Shooter Repository/UE4_Portfolio2_SL/UE4_Portfolio2_SL/Saved/Config/Windows/Scalability.ini]
[2022.12.07-04.37.30:556][  0]LogConfig: Setting CVar [[foliage.DensityScale:1.0]]
[2022.12.07-04.37.30:556][  0]LogConfig: Setting CVar [[grass.DensityScale:1.0]]
[2022.12.07-04.37.30:556][  0]LogConfig: Applying CVar settings from Section [ShadingQuality@3] File [G:/Git_Horizontally Scrolling Shooter Repository/UE4_Portfolio2_SL/UE4_Portfolio2_SL/Saved/Config/Windows/Scalability.ini]
[2022.12.07-04.37.30:556][  0]LogConfig: Setting CVar [[r.HairStrands.SkyLighting.IntegrationType:2]]
[2022.12.07-04.37.30:556][  0]LogConfig: Setting CVar [[r.HairStrands.SkyAO.SampleCount:4]]
[2022.12.07-04.37.30:556][  0]LogConfig: Setting CVar [[r.HairStrands.Visibility.MSAA.SamplePerPixel:4]]
[2022.12.07-04.37.30:556][  0]LogInit: Selected Device Profile: [Windows]
[2022.12.07-04.37.30:556][  0]LogInit: Applying CVar settings loaded from the selected device profile: [Windows]
[2022.12.07-04.37.30:557][  0]LogHAL: Display: Platform has ~ 64 GB [68629602304 / 68719476736 / 64], which maps to Largest [LargestMinGB=32, LargerMinGB=12, DefaultMinGB=8, SmallerMinGB=6, SmallestMinGB=0)
[2022.12.07-04.37.30:557][  0]LogInit: Going up to parent DeviceProfile []
[2022.12.07-04.37.30:557][  0]LogConfig: Applying CVar settings from Section [ViewDistanceQuality@3] File [G:/Git_Horizontally Scrolling Shooter Repository/UE4_Portfolio2_SL/UE4_Portfolio2_SL/Saved/Config/Windows/Scalability.ini]
[2022.12.07-04.37.30:557][  0]LogConfig: Setting CVar [[r.SkeletalMeshLODBias:0]]
[2022.12.07-04.37.30:557][  0]LogConfig: Setting CVar [[r.ViewDistanceScale:1.0]]
[2022.12.07-04.37.30:557][  0]LogConfig: Applying CVar settings from Section [AntiAliasingQuality@3] File [G:/Git_Horizontally Scrolling Shooter Repository/UE4_Portfolio2_SL/UE4_Portfolio2_SL/Saved/Config/Windows/Scalability.ini]
[2022.12.07-04.37.30:557][  0]LogConfig: Setting CVar [[r.PostProcessAAQuality:4]]
[2022.12.07-04.37.30:557][  0]LogConfig: Applying CVar settings from Section [ShadowQuality@3] File [G:/Git_Horizontally Scrolling Shooter Repository/UE4_Portfolio2_SL/UE4_Portfolio2_SL/Saved/Config/Windows/Scalability.ini]
[2022.12.07-04.37.30:557][  0]LogConfig: Setting CVar [[r.LightFunctionQuality:1]]
[2022.12.07-04.37.30:557][  0]LogConfig: Setting CVar [[r.ShadowQuality:5]]
[2022.12.07-04.37.30:557][  0]LogConfig: Setting CVar [[r.Shadow.CSM.MaxCascades:10]]
[2022.12.07-04.37.30:557][  0]LogConfig: Setting CVar [[r.Shadow.MaxResolution:2048]]
[2022.12.07-04.37.30:557][  0]LogConfig: Setting CVar [[r.Shadow.MaxCSMResolution:2048]]
[2022.12.07-04.37.30:557][  0]LogConfig: Setting CVar [[r.Shadow.RadiusThreshold:0.01]]
[2022.12.07-04.37.30:557][  0]LogConfig: Setting CVar [[r.Shadow.DistanceScale:1.0]]
[2022.12.07-04.37.30:557][  0]LogConfig: Setting CVar [[r.Shadow.CSM.TransitionScale:1.0]]
[2022.12.07-04.37.30:557][  0]LogConfig: Setting CVar [[r.Shadow.PreShadowResolutionFactor:1.0]]
[2022.12.07-04.37.30:557][  0]LogConfig: Setting CVar [[r.DistanceFieldShadowing:1]]
[2022.12.07-04.37.30:557][  0]LogConfig: Setting CVar [[r.DistanceFieldAO:1]]
[2022.12.07-04.37.30:557][  0]LogConfig: Setting CVar [[r.AOQuality:2]]
[2022.12.07-04.37.30:557][  0]LogConfig: Setting CVar [[r.VolumetricFog:1]]
[2022.12.07-04.37.30:557][  0]LogConfig: Setting CVar [[r.VolumetricFog.GridPixelSize:8]]
[2022.12.07-04.37.30:557][  0]LogConfig: Setting CVar [[r.VolumetricFog.GridSizeZ:128]]
[2022.12.07-04.37.30:557][  0]LogConfig: Setting CVar [[r.VolumetricFog.HistoryMissSupersampleCount:4]]
[2022.12.07-04.37.30:557][  0]LogConfig: Setting CVar [[r.LightMaxDrawDistanceScale:1]]
[2022.12.07-04.37.30:557][  0]LogConfig: Setting CVar [[r.CapsuleShadows:1]]
[2022.12.07-04.37.30:557][  0]LogConfig: Applying CVar settings from Section [PostProcessQuality@3] File [G:/Git_Horizontally Scrolling Shooter Repository/UE4_Portfolio2_SL/UE4_Portfolio2_SL/Saved/Config/Windows/Scalability.ini]
[2022.12.07-04.37.30:557][  0]LogConfig: Setting CVar [[r.MotionBlurQuality:4]]
[2022.12.07-04.37.30:557][  0]LogConfig: Setting CVar [[r.AmbientOcclusionMipLevelFactor:0.4]]
[2022.12.07-04.37.30:557][  0]LogConfig: Setting CVar [[r.AmbientOcclusionMaxQuality:100]]
[2022.12.07-04.37.30:557][  0]LogConfig: Setting CVar [[r.AmbientOcclusionLevels:-1]]
[2022.12.07-04.37.30:557][  0]LogConfig: Setting CVar [[r.AmbientOcclusionRadiusScale:1.0]]
[2022.12.07-04.37.30:557][  0]LogConfig: Setting CVar [[r.DepthOfFieldQuality:2]]
[2022.12.07-04.37.30:557][  0]LogConfig: Setting CVar [[r.RenderTargetPoolMin:400]]
[2022.12.07-04.37.30:557][  0]LogConfig: Setting CVar [[r.LensFlareQuality:2]]
[2022.12.07-04.37.30:557][  0]LogConfig: Setting CVar [[r.SceneColorFringeQuality:1]]
[2022.12.07-04.37.30:557][  0]LogConfig: Setting CVar [[r.EyeAdaptationQuality:2]]
[2022.12.07-04.37.30:557][  0]LogConfig: Setting CVar [[r.BloomQuality:5]]
[2022.12.07-04.37.30:557][  0]LogConfig: Setting CVar [[r.FastBlurThreshold:100]]
[2022.12.07-04.37.30:557][  0]LogConfig: Setting CVar [[r.Upscale.Quality:3]]
[2022.12.07-04.37.30:557][  0]LogConfig: Setting CVar [[r.Tonemapper.GrainQuantization:1]]
[2022.12.07-04.37.30:557][  0]LogConfig: Setting CVar [[r.LightShaftQuality:1]]
[2022.12.07-04.37.30:557][  0]LogConfig: Setting CVar [[r.Filter.SizeScale:1]]
[2022.12.07-04.37.30:557][  0]LogConfig: Setting CVar [[r.Tonemapper.Quality:5]]
[2022.12.07-04.37.30:557][  0]LogConfig: Setting CVar [[r.DOF.Gather.AccumulatorQuality:1        ; higher gathering accumulator quality]]
[2022.12.07-04.37.30:557][  0]LogConfig: Setting CVar [[r.DOF.Gather.PostfilterMethod:1          ; Median3x3 postfilering method]]
[2022.12.07-04.37.30:557][  0]LogConfig: Setting CVar [[r.DOF.Gather.EnableBokehSettings:0       ; no bokeh simulation when gathering]]
[2022.12.07-04.37.30:557][  0]LogConfig: Setting CVar [[r.DOF.Gather.RingCount:4                 ; medium number of samples when gathering]]
[2022.12.07-04.37.30:557][  0]LogConfig: Setting CVar [[r.DOF.Scatter.ForegroundCompositing:1    ; additive foreground scattering]]
[2022.12.07-04.37.30:557][  0]LogConfig: Setting CVar [[r.DOF.Scatter.BackgroundCompositing:2    ; additive background scattering]]
[2022.12.07-04.37.30:557][  0]LogConfig: Setting CVar [[r.DOF.Scatter.EnableBokehSettings:1      ; bokeh simulation when scattering]]
[2022.12.07-04.37.30:557][  0]LogConfig: Setting CVar [[r.DOF.Scatter.MaxSpriteRatio:0.1         ; only a maximum of 10% of scattered bokeh]]
[2022.12.07-04.37.30:557][  0]LogConfig: Setting CVar [[r.DOF.Recombine.Quality:1                ; cheap slight out of focus]]
[2022.12.07-04.37.30:557][  0]LogConfig: Setting CVar [[r.DOF.Recombine.EnableBokehSettings:0    ; no bokeh simulation on slight out of focus]]
[2022.12.07-04.37.30:557][  0]LogConfig: Setting CVar [[r.DOF.TemporalAAQuality:1                ; more stable temporal accumulation]]
[2022.12.07-04.37.30:557][  0]LogConfig: Setting CVar [[r.DOF.Kernel.MaxForegroundRadius:0.025]]
[2022.12.07-04.37.30:557][  0]LogConfig: Setting CVar [[r.DOF.Kernel.MaxBackgroundRadius:0.025]]
[2022.12.07-04.37.30:557][  0]LogConfig: Applying CVar settings from Section [TextureQuality@3] File [G:/Git_Horizontally Scrolling Shooter Repository/UE4_Portfolio2_SL/UE4_Portfolio2_SL/Saved/Config/Windows/Scalability.ini]
[2022.12.07-04.37.30:557][  0]LogConfig: Setting CVar [[r.Streaming.MipBias:0]]
[2022.12.07-04.37.30:557][  0]LogConfig: Setting CVar [[r.Streaming.AmortizeCPUToGPUCopy:0]]
[2022.12.07-04.37.30:557][  0]LogConfig: Setting CVar [[r.Streaming.MaxNumTexturesToStreamPerFrame:0]]
[2022.12.07-04.37.30:557][  0]LogConfig: Setting CVar [[r.Streaming.Boost:1]]
[2022.12.07-04.37.30:557][  0]LogConfig: Setting CVar [[r.MaxAnisotropy:8]]
[2022.12.07-04.37.30:557][  0]LogConfig: Setting CVar [[r.VT.MaxAnisotropy:8]]
[2022.12.07-04.37.30:557][  0]LogConfig: Setting CVar [[r.Streaming.LimitPoolSizeToVRAM:0]]
[2022.12.07-04.37.30:557][  0]LogConfig: Setting CVar [[r.Streaming.PoolSize:1000]]
[2022.12.07-04.37.30:557][  0]LogConfig: Setting CVar [[r.Streaming.MaxEffectiveScreenSize:0]]
[2022.12.07-04.37.30:557][  0]LogConfig: Applying CVar settings from Section [EffectsQuality@3] File [G:/Git_Horizontally Scrolling Shooter Repository/UE4_Portfolio2_SL/UE4_Portfolio2_SL/Saved/Config/Windows/Scalability.ini]
[2022.12.07-04.37.30:557][  0]LogConfig: Setting CVar [[r.TranslucencyLightingVolumeDim:64]]
[2022.12.07-04.37.30:557][  0]LogConfig: Setting CVar [[r.RefractionQuality:2]]
[2022.12.07-04.37.30:557][  0]LogConfig: Setting CVar [[r.SSR.Quality:3]]
[2022.12.07-04.37.30:557][  0]LogConfig: Setting CVar [[r.SSR.HalfResSceneColor:0]]
[2022.12.07-04.37.30:557][  0]LogConfig: Setting CVar [[r.SceneColorFormat:4]]
[2022.12.07-04.37.30:557][  0]LogConfig: Setting CVar [[r.DetailMode:2]]
[2022.12.07-04.37.30:557][  0]LogConfig: Setting CVar [[r.TranslucencyVolumeBlur:1]]
[2022.12.07-04.37.30:557][  0]LogConfig: Setting CVar [[r.MaterialQualityLevel:1 ; High quality]]
[2022.12.07-04.37.30:557][  0]LogConfig: Setting CVar [[r.AnisotropicMaterials:1]]
[2022.12.07-04.37.30:557][  0]LogConfig: Setting CVar [[r.SSS.Scale:1]]
[2022.12.07-04.37.30:557][  0]LogConfig: Setting CVar [[r.SSS.SampleSet:2]]
[2022.12.07-04.37.30:557][  0]LogConfig: Setting CVar [[r.SSS.Quality:1]]
[2022.12.07-04.37.30:557][  0]LogConfig: Setting CVar [[r.SSS.HalfRes:0]]
[2022.12.07-04.37.30:557][  0]LogConfig: Setting CVar [[r.SSGI.Quality:3]]
[2022.12.07-04.37.30:557][  0]LogConfig: Setting CVar [[r.EmitterSpawnRateScale:1.0]]
[2022.12.07-04.37.30:557][  0]LogConfig: Setting CVar [[r.ParticleLightQuality:2]]
[2022.12.07-04.37.30:557][  0]LogConfig: Setting CVar [[r.SkyAtmosphere.AerialPerspectiveLUT.FastApplyOnOpaque:1 ; Always have FastSkyLUT 1 in this case to avoid wrong sky]]
[2022.12.07-04.37.30:557][  0]LogConfig: Setting CVar [[r.SkyAtmosphere.AerialPerspectiveLUT.SampleCountMaxPerSlice:4]]
[2022.12.07-04.37.30:557][  0]LogConfig: Setting CVar [[r.SkyAtmosphere.AerialPerspectiveLUT.DepthResolution:16.0]]
[2022.12.07-04.37.30:557][  0]LogConfig: Setting CVar [[r.SkyAtmosphere.FastSkyLUT:1]]
[2022.12.07-04.37.30:557][  0]LogConfig: Setting CVar [[r.SkyAtmosphere.FastSkyLUT.SampleCountMin:4.0]]
[2022.12.07-04.37.30:557][  0]LogConfig: Setting CVar [[r.SkyAtmosphere.FastSkyLUT.SampleCountMax:128.0]]
[2022.12.07-04.37.30:557][  0]LogConfig: Setting CVar [[r.SkyAtmosphere.SampleCountMin:4.0]]
[2022.12.07-04.37.30:557][  0]LogConfig: Setting CVar [[r.SkyAtmosphere.SampleCountMax:128.0]]
[2022.12.07-04.37.30:557][  0]LogConfig: Setting CVar [[r.SkyAtmosphere.TransmittanceLUT.UseSmallFormat:0]]
[2022.12.07-04.37.30:557][  0]LogConfig: Setting CVar [[r.SkyAtmosphere.TransmittanceLUT.SampleCount:10.0]]
[2022.12.07-04.37.30:557][  0]LogConfig: Setting CVar [[r.SkyAtmosphere.MultiScatteringLUT.SampleCount:15.0]]
[2022.12.07-04.37.30:557][  0]LogConfig: Setting CVar [[r.SkyLight.RealTimeReflectionCapture:1]]
[2022.12.07-04.37.30:557][  0]LogConfig: Applying CVar settings from Section [FoliageQuality@3] File [G:/Git_Horizontally Scrolling Shooter Repository/UE4_Portfolio2_SL/UE4_Portfolio2_SL/Saved/Config/Windows/Scalability.ini]
[2022.12.07-04.37.30:557][  0]LogConfig: Setting CVar [[foliage.DensityScale:1.0]]
[2022.12.07-04.37.30:557][  0]LogConfig: Setting CVar [[grass.DensityScale:1.0]]
[2022.12.07-04.37.30:557][  0]LogConfig: Applying CVar settings from Section [ShadingQuality@3] File [G:/Git_Horizontally Scrolling Shooter Repository/UE4_Portfolio2_SL/UE4_Portfolio2_SL/Saved/Config/Windows/Scalability.ini]
[2022.12.07-04.37.30:557][  0]LogConfig: Setting CVar [[r.HairStrands.SkyLighting.IntegrationType:2]]
[2022.12.07-04.37.30:557][  0]LogConfig: Setting CVar [[r.HairStrands.SkyAO.SampleCount:4]]
[2022.12.07-04.37.30:557][  0]LogConfig: Setting CVar [[r.HairStrands.Visibility.MSAA.SamplePerPixel:4]]
[2022.12.07-04.37.30:557][  0]LogConfig: Applying CVar settings from Section [Startup] File [../../../Engine/Config/ConsoleVariables.ini]
[2022.12.07-04.37.30:558][  0]LogConfig: Setting CVar [[net.UseAdaptiveNetUpdateFrequency:0]]
[2022.12.07-04.37.30:558][  0]LogConfig: Setting CVar [[p.chaos.AllowCreatePhysxBodies:1]]
[2022.12.07-04.37.30:558][  0]LogConfig: Setting CVar [[fx.SkipVectorVMBackendOptimizations:1]]
[2022.12.07-04.37.30:558][  0]LogConfig: Applying CVar settings from Section [ConsoleVariables] File [G:/Git_Horizontally Scrolling Shooter Repository/UE4_Portfolio2_SL/UE4_Portfolio2_SL/Saved/Config/Windows/Engine.ini]
[2022.12.07-04.37.30:558][  0]LogConfig: Applying CVar settings from Section [ConsoleVariables] File [G:/Git_Horizontally Scrolling Shooter Repository/UE4_Portfolio2_SL/UE4_Portfolio2_SL/Saved/Config/Windows/Editor.ini]
[2022.12.07-04.37.30:558][  0]LogInit: Computer: DESKTOP-37S8SED
[2022.12.07-04.37.30:558][  0]LogInit: User: decja
[2022.12.07-04.37.30:558][  0]LogInit: CPU Page size=4096, Cores=12
[2022.12.07-04.37.30:558][  0]LogInit: High frequency timer resolution =10.000000 MHz
[2022.12.07-04.37.30:558][  0]LogMemory: Memory total: Physical=63.9GB (64GB approx)
[2022.12.07-04.37.30:558][  0]LogMemory: Platform Memory Stats for Windows
[2022.12.07-04.37.30:558][  0]LogMemory: Process Physical Memory: 151.14 MB used, 151.15 MB peak
[2022.12.07-04.37.30:558][  0]LogMemory: Process Virtual Memory: 134.26 MB used, 134.26 MB peak
[2022.12.07-04.37.30:558][  0]LogMemory: Physical Memory: 11320.10 MB used,  54130.19 MB free, 65450.29 MB total
[2022.12.07-04.37.30:558][  0]LogMemory: Virtual Memory: 134158424.00 MB used,  59305.09 MB free, 134217728.00 MB total
[2022.12.07-04.37.30:565][  0]LogWindows: WindowsPlatformFeatures enabled
[2022.12.07-04.37.30:593][  0]LogInit: Physics initialised using underlying interface: PhysX
[2022.12.07-04.37.30:594][  0]LogInit: Using OS detected language (ko-KR).
[2022.12.07-04.37.30:594][  0]LogInit: Using OS detected locale (ko-KR).
[2022.12.07-04.37.30:596][  0]LogTextLocalizationManager: No specific localization for 'ko-KR' exists, so the 'ko' localization will be used.
[2022.12.07-04.37.30:678][  0]LogInit: Setting process to per monitor DPI aware
[2022.12.07-04.37.30:699][  0]LogWindowsTextInputMethodSystem: Display: IME system deactivated.
[2022.12.07-04.37.30:709][  0]LogSlate: New Slate User Created.  User Index 0, Is Virtual User: 0
[2022.12.07-04.37.30:709][  0]LogSlate: Slate User Registered.  User Index 0, Is Virtual User: 0
[2022.12.07-04.37.30:879][  0]LogD3D11RHI: Loaded GFSDK_Aftermath_Lib.x64.dll
[2022.12.07-04.37.30:882][  0]LogHMD: Failed to initialize OpenVR with code 110
[2022.12.07-04.37.30:882][  0]LogD3D11RHI: D3D11 min allowed feature level: 11_0
[2022.12.07-04.37.30:882][  0]LogD3D11RHI: D3D11 max allowed feature level: 11_0
[2022.12.07-04.37.30:882][  0]LogD3D11RHI: D3D11 adapters:
[2022.12.07-04.37.30:923][  0]LogD3D11RHI:    0. 'AMD Radeon RX 6600 XT' (Feature Level 11_0)
[2022.12.07-04.37.30:923][  0]LogD3D11RHI:       8147/0/32725 MB DedicatedVideo/DedicatedSystem/SharedSystem, Outputs:2, VendorId:0x1002
[2022.12.07-04.37.30:925][  0]LogD3D11RHI:    1. 'Microsoft Basic Render Driver' (Feature Level 11_0)
[2022.12.07-04.37.30:925][  0]LogD3D11RHI:       0/0/32725 MB DedicatedVideo/DedicatedSystem/SharedSystem, Outputs:0, VendorId:0x1414
[2022.12.07-04.37.30:925][  0]LogD3D11RHI: Chosen D3D11 Adapter:
[2022.12.07-04.37.30:925][  0]LogD3D11RHI:     Description : AMD Radeon RX 6600 XT
[2022.12.07-04.37.30:925][  0]LogD3D11RHI:     VendorId    : 1002
[2022.12.07-04.37.30:925][  0]LogD3D11RHI:     DeviceId    : 73ff
[2022.12.07-04.37.30:925][  0]LogD3D11RHI:     SubSysId    : e4481da2
[2022.12.07-04.37.30:925][  0]LogD3D11RHI:     Revision    : 00c1
[2022.12.07-04.37.30:925][  0]LogD3D11RHI:     DedicatedVideoMemory : 8542978048 bytes
[2022.12.07-04.37.30:925][  0]LogD3D11RHI:     DedicatedSystemMemory : 0 bytes
[2022.12.07-04.37.30:925][  0]LogD3D11RHI:     SharedSystemMemory : 34314801152 bytes
[2022.12.07-04.37.30:925][  0]LogD3D11RHI:     AdapterLuid : 0 72863
[2022.12.07-04.37.30:932][  0]LogD3D11RHI: Creating new Direct3DDevice
[2022.12.07-04.37.30:932][  0]LogD3D11RHI:     GPU DeviceId: 0x73ff (for the marketing name, search the web for "GPU Device Id")
[2022.12.07-04.37.30:932][  0]LogWindows: EnumDisplayDevices:
[2022.12.07-04.37.30:932][  0]LogWindows:    0. 'AMD Radeon RX 6600 XT' (P:0 D:1)
[2022.12.07-04.37.30:933][  0]LogWindows:    1. 'AMD Radeon RX 6600 XT' (P:1 D:1)
[2022.12.07-04.37.30:933][  0]LogWindows:    2. 'AMD Radeon RX 6600 XT' (P:0 D:0)
[2022.12.07-04.37.30:933][  0]LogWindows:    3. 'AMD Radeon RX 6600 XT' (P:0 D:0)
[2022.12.07-04.37.30:933][  0]LogWindows:    4. 'AMD Radeon RX 6600 XT' (P:0 D:0)
[2022.12.07-04.37.30:933][  0]LogWindows:    5. 'AMD Radeon RX 6600 XT' (P:0 D:0)
[2022.12.07-04.37.30:933][  0]LogWindows: DebugString: FoundDriverCount:6 
[2022.12.07-04.37.30:933][  0]LogD3D11RHI:     Adapter Name: AMD Radeon RX 6600 XT
[2022.12.07-04.37.30:933][  0]LogD3D11RHI:   Driver Version: AMD Software: Adrenalin Edition 22.5.1 (internal:30.0.15021.11005, unified:30.0.15021.11005)
[2022.12.07-04.37.30:933][  0]LogD3D11RHI:      Driver Date: 4-28-2022
[2022.12.07-04.37.30:933][  0]LogRHI: Texture pool is 5165 MB (70% of 7379 MB)
[2022.12.07-04.37.30:953][  0]LogD3D11RHI: Creating D3DDevice with AMD AGS, using adapter:
[2022.12.07-04.37.30:953][  0]LogD3D11RHI:     Description : AMD Radeon RX 6600 XT
[2022.12.07-04.37.30:953][  0]LogD3D11RHI:     VendorId    : 1002
[2022.12.07-04.37.30:953][  0]LogD3D11RHI:     DeviceId    : 73ff
[2022.12.07-04.37.30:953][  0]LogD3D11RHI:     SubSysId    : e4481da2
[2022.12.07-04.37.30:953][  0]LogD3D11RHI:     Revision    : 00c1
[2022.12.07-04.37.30:953][  0]LogD3D11RHI:     DedicatedVideoMemory : 8542978048 bytes
[2022.12.07-04.37.30:953][  0]LogD3D11RHI:     DedicatedSystemMemory : 0 bytes
[2022.12.07-04.37.30:953][  0]LogD3D11RHI:     SharedSystemMemory : 34314801152 bytes
[2022.12.07-04.37.30:953][  0]LogD3D11RHI:     AdapterLuid : 0 72863
[2022.12.07-04.37.30:987][  0]LogD3D11RHI: Created device via AGS, feature level 11_0, supported extensions 1fffffbf.
[2022.12.07-04.37.30:987][  0]LogD3D11RHI: RHI has support for 64 bit atomics
[2022.12.07-04.37.30:987][  0]LogD3D11RHI: Async texture creation enabled
[2022.12.07-04.37.30:987][  0]LogD3D11RHI: Array index from any shader is supported
[2022.12.07-04.37.31:003][  0]LogD3D11RHI: GPU Timing Frequency: 100.000000 (Debug: 2 1)
[2022.12.07-04.37.31:242][  0]LogTargetPlatformManager: Display: Loaded TargetPlatform 'AllDesktop'
[2022.12.07-04.37.31:257][  0]LogTargetPlatformManager: Display: Loaded TargetPlatform 'Android'
[2022.12.07-04.37.31:257][  0]LogTargetPlatformManager: Display: Loaded TargetPlatform 'Android_ASTC'
[2022.12.07-04.37.31:257][  0]LogTargetPlatformManager: Display: Loaded TargetPlatform 'Android_DXT'
[2022.12.07-04.37.31:257][  0]LogTargetPlatformManager: Display: Loaded TargetPlatform 'Android_ETC2'
[2022.12.07-04.37.31:257][  0]LogTargetPlatformManager: Display: Loaded TargetPlatform 'AndroidClient'
[2022.12.07-04.37.31:257][  0]LogTargetPlatformManager: Display: Loaded TargetPlatform 'Android_ASTCClient'
[2022.12.07-04.37.31:257][  0]LogTargetPlatformManager: Display: Loaded TargetPlatform 'Android_DXTClient'
[2022.12.07-04.37.31:257][  0]LogTargetPlatformManager: Display: Loaded TargetPlatform 'Android_ETC2Client'
[2022.12.07-04.37.31:257][  0]LogTargetPlatformManager: Display: Loaded TargetPlatform 'Android_Multi'
[2022.12.07-04.37.31:257][  0]LogTargetPlatformManager: Display: Loaded TargetPlatform 'Android_MultiClient'
[2022.12.07-04.37.31:272][  0]LogTargetPlatformManager: Display: Loaded TargetPlatform 'IOSClient'
[2022.12.07-04.37.31:272][  0]LogTargetPlatformManager: Display: Loaded TargetPlatform 'IOS'
[2022.12.07-04.37.31:281][  0]LogTargetPlatformManager: Display: Loaded TargetPlatform 'Linux'
[2022.12.07-04.37.31:286][  0]LogTargetPlatformManager: Display: Loaded TargetPlatform 'LinuxNoEditor'
[2022.12.07-04.37.31:290][  0]LogTargetPlatformManager: Display: Loaded TargetPlatform 'LinuxClient'
[2022.12.07-04.37.31:294][  0]LogTargetPlatformManager: Display: Loaded TargetPlatform 'LinuxServer'
[2022.12.07-04.37.31:300][  0]LogTargetPlatformManager: Display: Loaded TargetPlatform 'LinuxAArch64NoEditor'
[2022.12.07-04.37.31:304][  0]LogTargetPlatformManager: Display: Loaded TargetPlatform 'LinuxAArch64Client'
[2022.12.07-04.37.31:308][  0]LogTargetPlatformManager: Display: Loaded TargetPlatform 'LinuxAArch64Server'
[2022.12.07-04.37.31:325][  0]LogTargetPlatformManager: Display: Loaded TargetPlatform 'Lumin'
[2022.12.07-04.37.31:325][  0]LogTargetPlatformManager: Display: Loaded TargetPlatform 'LuminClient'
[2022.12.07-04.37.31:331][  0]LogTargetPlatformManager: Display: Loaded TargetPlatform 'MacNoEditor'
[2022.12.07-04.37.31:334][  0]LogTargetPlatformManager: Display: Loaded TargetPlatform 'Mac'
[2022.12.07-04.37.31:338][  0]LogTargetPlatformManager: Display: Loaded TargetPlatform 'MacClient'
[2022.12.07-04.37.31:342][  0]LogTargetPlatformManager: Display: Loaded TargetPlatform 'MacServer'
[2022.12.07-04.37.31:349][  0]LogTargetPlatformManager: Display: Loaded TargetPlatform 'TVOSClient'
[2022.12.07-04.37.31:350][  0]LogTargetPlatformManager: Display: Loaded TargetPlatform 'TVOS'
[2022.12.07-04.37.31:356][  0]LogTargetPlatformManager: Display: Loaded TargetPlatform 'WindowsNoEditor'
[2022.12.07-04.37.31:360][  0]LogTargetPlatformManager: Display: Loaded TargetPlatform 'Windows'
[2022.12.07-04.37.31:364][  0]LogTargetPlatformManager: Display: Loaded TargetPlatform 'WindowsClient'
[2022.12.07-04.37.31:368][  0]LogTargetPlatformManager: Display: Loaded TargetPlatform 'WindowsServer'
[2022.12.07-04.37.31:368][  0]LogTargetPlatformManager: Display: Building Assets For Windows
[2022.12.07-04.37.31:375][  0]LogAudioDebug: Display: Lib vorbis DLL was dynamically loaded.
[2022.12.07-04.37.31:402][  0]LogTextureFormatOodle: Display: Oodle Texture 2.9.0 init RDO Off
[2022.12.07-04.37.31:432][  0]LogRendererCore: Ray tracing is disabled. Reason: r.RayTracing=0.
[2022.12.07-04.37.31:432][  0]LogShaderCompilers: Guid format shader working directory is -51 characters bigger than the processId version (../../../../../Git_Horizontally Scrolling Shooter Repository/UE4_Portfolio2_SL/UE4_Portfolio2_SL/Intermediate/Shaders/WorkingDirectory/27216/).
[2022.12.07-04.37.31:432][  0]LogShaderCompilers: Cleaned the shader compiler working directory 'C:/Users/decja/AppData/Local/Temp/UnrealShaderWorkingDir/68001F604F3676BF83BCD0975A35BDD9/'.
[2022.12.07-04.37.31:432][  0]LogXGEController: Cannot use XGE Controller as Incredibuild is not installed on this machine.
[2022.12.07-04.37.31:432][  0]LogShaderCompilers: Cannot use XGE Shader Compiler as Incredibuild is not installed on this machine.
[2022.12.07-04.37.31:432][  0]LogShaderCompilers: Display: Using Local Shader Compiler.
[2022.12.07-04.37.31:958][  0]LogDerivedDataCache: Display: Max Cache Size: 512 MB
[2022.12.07-04.37.32:001][  0]LogDerivedDataCache: Loaded boot cache 0.04s 111MB C:/Users/decja/AppData/Local/UnrealEngine/4.27/DerivedDataCache/Boot.ddc.
[2022.12.07-04.37.32:001][  0]LogDerivedDataCache: Display: Loaded Boot cache: C:/Users/decja/AppData/Local/UnrealEngine/4.27/DerivedDataCache/Boot.ddc
[2022.12.07-04.37.32:001][  0]LogDerivedDataCache: FDerivedDataBackendGraph:  Pak pak cache file ../../../../../Git_Horizontally Scrolling Shooter Repository/UE4_Portfolio2_SL/UE4_Portfolio2_SL/DerivedDataCache/DDC.ddp not found, will not use a pak cache.
[2022.12.07-04.37.32:001][  0]LogDerivedDataCache: Unable to find inner node Pak for hierarchical cache Hierarchy.
[2022.12.07-04.37.32:001][  0]LogDerivedDataCache: FDerivedDataBackendGraph:  CompressedPak pak cache file ../../../../../Git_Horizontally Scrolling Shooter Repository/UE4_Portfolio2_SL/UE4_Portfolio2_SL/DerivedDataCache/Compressed.ddp not found, will not use a pak cache.
[2022.12.07-04.37.32:001][  0]LogDerivedDataCache: Unable to find inner node CompressedPak for hierarchical cache Hierarchy.
[2022.12.07-04.37.32:014][  0]LogDerivedDataCache: Display: Pak cache opened for reading ../../../Engine/DerivedDataCache/Compressed.ddp.
[2022.12.07-04.37.32:014][  0]LogDerivedDataCache: FDerivedDataBackendGraph:  EnterprisePak pak cache file ../../../Enterprise/DerivedDataCache/Compressed.ddp not found, will not use a pak cache.
[2022.12.07-04.37.32:014][  0]LogDerivedDataCache: Unable to find inner node EnterprisePak for hierarchical cache Hierarchy.
[2022.12.07-04.37.32:023][  0]LogDerivedDataCache: Speed tests for C:/Users/decja/AppData/Local/UnrealEngine/Common/DerivedDataCache took 0.01 seconds
[2022.12.07-04.37.32:023][  0]LogDerivedDataCache: Display: Performance to C:/Users/decja/AppData/Local/UnrealEngine/Common/DerivedDataCache: Latency=0.09ms. RandomReadSpeed=693.69MBs, RandomWriteSpeed=164.37MBs. Assigned SpeedClass 'Local'
[2022.12.07-04.37.32:023][  0]LogDerivedDataCache: Using Local data cache path C:/Users/decja/AppData/Local/UnrealEngine/Common/DerivedDataCache: Writable
[2022.12.07-04.37.32:023][  0]LogDerivedDataCache: Shared data cache path not found in *engine.ini, will not use an Shared cache.
[2022.12.07-04.37.32:023][  0]LogDerivedDataCache: Unable to find inner node Shared for hierarchical cache Hierarchy.
[2022.12.07-04.37.32:056][  0]LogSlate: Using FreeType 2.10.0
[2022.12.07-04.37.32:056][  0]LogSlate: SlateFontServices - WITH_FREETYPE: 1, WITH_HARFBUZZ: 1
[2022.12.07-04.37.32:078][  0]LogAssetRegistry: FAssetRegistry took 0.0020 seconds to start up
[2022.12.07-04.37.32:246][  0]LogInit: Selected Device Profile: [Windows]
[2022.12.07-04.37.32:246][  0]LogInit: Active device profile: [000001B5D8895300][000001B5D5F09600 49] Windows
[2022.12.07-04.37.32:246][  0]LogInit: Profiles: [000001B5D8895300][000001B5D5F09600 49] Windows, [000001B5D8857200][000001B5D97138C0 49] WindowsNoEditor, [000001B5D8896400][000001B5D9717B80 49] WindowsServer, [000001B5D8855F00][000001B5D971A2C0 49] WindowsClient, [000001B5D8897300][000001B5D971E580 49] IOS, [000001B5D8855200][000001B5D9722840 49] iPadAir, [000001B5D8897E00][000001B5D9726B00 49] iPadAir2, [000001B5D8806100][000001B5D9736FC0 49] IPadPro, [000001B5D8806200][000001B5D5F0D000 49] iPadAir3, [000001B5D8855B00][000001B5D97332C0 49] iPadAir4, [000001B5D8807100][000001B5D972F580 49] iPadMini2, [000001B5D8857500][000001B5D973B840 49] iPadMini3, [000001B5D8807E00][000001B5D973FB00 49] iPadMini4, [000001B5D8856600][000001B5D9742240 49] iPadMini5, [000001B5D8845A00][000001B5D9756780 49] iPhone6, [000001B5D8845B00][000001B5D97467C0 49] iPodTouch6, [000001B5D8896E00][000001B5CDED4D00 49] iPhone7, [000001B5D8897100][000001B5D974ED40 49] iPodTouch7, [000001B5D8805C00][000001B5D972AFC0 49] iPhone5S, [000001B5D8895200][000001B5D974B280 49] iPhone6Plus, [000001B5D8805800][000001B5D975B540 49] iPhone6S, [000001B5D8894400][000001B5CDED9800 49] iPhone6SPlus, [000001B5D8804E00][000001B5CDEDDAC0 49] iPhone7Plus, [000001B5D8897000][000001B5CDEE0200 49] iPhoneSE, [000001B5D8804A00][000001B5CDEE44C0 49] iPhone8, [000001B5D8894800][000001B5CDEE8780 49] iPhone8Plus, [000001B5D8895D00][000001B5CDEECA40 49] iPhoneX, [000001B5D8844800][000001B5CDEF0D00 49] iPhoneXS, [000001B5D8896D00][000001B5D9752F80 49] iPhoneXSMax, [000001B5D8844F00][000001B5CDEF5200 49] iPhoneXR, [000001B5D8895A00][000001B5CDEFD4C0 49] iPhone11, [000001B5D8845300][000001B5CDF01780 49] iPhone11Pro, [000001B5D8844400][000001B5CDF05A40 49] iPhone11ProMax, [000001B5D8807200][000001B5CDF08180 49] iPhoneSE2, [000001B5D8846300][000001B5CDF0C440 49] iPhone12Mini, [000001B5D8805400][000001B5CDF10700 49] iPhone12, [000001B5D8846D00][000001B5CDF149C0 49] iPhone12Pro, [000001B5D8807700][000001B5CDF18C80 49] iPhone12ProMax, [000001B5D8846E00][000001B5CDF1CF40 49] iPadPro105, [000001B5D8806400][000001B5CDEF91C0 49] iPadPro129, [000001B5D8846F00][000001B5D9771440 49] iPadPro97, [000001B5D8807800][000001B5D97AB700 49] iPadPro2_129, [000001B5D8895600][000001B5D97B99C0 49] iPad5, [000001B5D8805B00][000001B5D97BC100 49] iPad6, [000001B5D8897700][000001B5D97C03C0 49] iPad7, [000001B5D8804100][000001B5D97C4680 49] iPad8, [000001B5D8895E00][000001B5D97C8940 49] iPadPro11, [000001B5D8806F00][000001B5D97CCC00 49] iPadPro2_11, [000001B5D8897A00][000001B5D97D0EC0 49] iPadPro3_129, [000001B5D8806B00][000001B5D97D5180 49] iPadPro4_129, [000001B5D8896900][000001B5D97A7400 49] AppleTV, [000001B5D8804200][000001B5D9845680 49] AppleTV4K, [000001B5D8896500][000001B5CE0B5940 49] TVOS, [000001B5D8805900][000001B5CE13BC00 49] Mac, [000001B5D8894E00][000001B5CE142340 49] MacClient, [000001B5D8804800][000001B5CE162600 49] MacNoEditor, [000001B5D8895800][000001B5CE1668C0 49] MacServer, [000001B5D8805E00][000001B5CE16AB80 49] Linux, [000001B5D8895000][000001B5CD736E40 49] LinuxAArch64, [000001B5D8804300][000001B5CD73B100 49] LinuxNoEditor, [000001B5D8894600][000001B5CD73F3C0 49] LinuxAArch64NoEditor, [000001B5D8807F00][000001B5CE0B1640 49] LinuxClient, [000001B5D8894100][000001B5D9B698C0 49] LinuxAArch64Client, [000001B5D8804600][000001B5CD77BB80 49] LinuxServer, [000001B5D8895500][000001B5CD77E2C0 49] LinuxAArch64Server, [000001B5D8806D00][000001B5CD786580 49] Android, [000001B5D8894D00][000001B5D97D8840 49] Android_Low, [000001B5D8805600][000001B5D97E0B00 49] Android_Mid, [000001B5D8897400][000001B5D97E4DC0 49] Android_High, [000001B5D8804B00][000001B5D97ED080 49] Android_Default, [000001B5D8895F00][000001B5D9825340 49] Android_Adreno4xx, [000001B5D8805500][000001B5CE0C1600 49] Android_Adreno5xx_Low, [000001B5D8897500][000001B5D9B6D880 49] Android_Adreno5xx, [000001B5D8804700][000001B5CE0D1B00 49] Android_Adreno6xx, [000001B5D8895C00][000001B5CE0D8240 49] Android_Adreno6xx_Vulkan, [000001B5D8806800][000001B5CE0E0500 49] Android_Mali_T6xx, [000001B5D8896300][000001B5CE0EC7C0 49] Android_Mali_T7xx, [000001B5D8805700][000001B5CE0F0A80 49] Android_Mali_T8xx, [000001B5D8896800][000001B5D40B2D40 49] Android_Mali_G71, [000001B5D8807400][000001B5CE11D000 49] Android_Mali_G72, [000001B5D8894700][000001B5CE1312C0 49] Android_Mali_G72_Vulkan, [000001B5D8806700][000001B5CD6CB580 49] Android_Mali_G76, [000001B5D8847900][000001B5CD709840 49] Android_Mali_G76_Vulkan, [000001B5D8854900][000001B5CE0D5AC0 49] Android_Mali_G77, [000001B5D8847200][000001B5CD70C1C0 49] Android_Mali_G77_Vulkan, [000001B5D8854D00][000001B5CD714480 49] Android_Mali_G78, [000001B5D8844C00][000001B5CD718740 49] Android_Mali_G78_Vulkan, [000001B5D8854B00][000001B5CD71CA00 49] Android_Mali_G710, [000001B5D8844500][000001B5D40B6CC0 49] Android_Mali_G710_Vulkan, [000001B5D8855D00][000001B5D40AEF80 49] Android_Vulkan_SM5, [000001B5D8844200][000001B5DA785240 49] Android_PowerVR_G6xxx, [000001B5D8857D00][000001B5DA789500 49] Android_PowerVR_GT7xxx, [000001B5D8847700][000001B5DA79D7C0 49] Android_PowerVR_GE8xxx, [000001B5D8854200][000001B5DA473A80 49] Android_PowerVR_GM9xxx, [000001B5D8846200][000001B5CD710180 49] Android_PowerVR_GM9xxx_Vulkan, [000001B5D8856B00][000001B5DA47A400 49] Android_TegraK1, [000001B5D8844E00][000001B5DA4866C0 49] Android_Unknown_Vulkan, [000001B5D8855600][000001B5D9AC2980 49] Lumin, [000001B5D8845100][000001B5D9B46C40 49] Lumin_Desktop, [000001B5D8856E00][000001B5D9CF2F00 49] HoloLens, 
[2022.12.07-04.37.32:343][  0]LogMeshReduction: Using QuadricMeshReduction for automatic static mesh reduction
[2022.12.07-04.37.32:343][  0]LogMeshReduction: Using SimplygonMeshReduction for automatic skeletal mesh reduction
[2022.12.07-04.37.32:343][  0]LogMeshReduction: Using ProxyLODMeshReduction for automatic mesh merging
[2022.12.07-04.37.32:343][  0]LogMeshReduction: No distributed automatic mesh merging module available
[2022.12.07-04.37.32:343][  0]LogMeshMerging: No distributed automatic mesh merging module available
[2022.12.07-04.37.32:357][  0]LogNetVersion: UE4_Portfolio2_SL 1.0.0, NetCL: 17155196, EngineNetVer: 17, GameNetVer: 0 (Checksum: 2867686067)
[2022.12.07-04.37.32:664][  0]LogTexture: Default maximum texture size for cubemaps generated from long-lat sources has been changed from 512 to unlimited. In order to preserve old behaiour for '/Engine/MapTemplates/Sky/DaylightAmbientCubemap.DaylightAmbientCubemap', its maximum texture size has been explicitly set to 512.
[2022.12.07-04.37.32:704][  0]LogHMD: PokeAHoleMaterial loaded successfully
[2022.12.07-04.37.32:709][  0]LogUObjectArray: 17178 objects as part of root set at end of initial load.
[2022.12.07-04.37.32:709][  0]LogUObjectAllocator: 4302048 out of 0 bytes used by permanent object pool.
[2022.12.07-04.37.32:709][  0]LogUObjectArray: CloseDisregardForGC: 0/0 objects in disregard for GC pool
[2022.12.07-04.37.32:936][  0]LogNiagaraDebuggerClient: Niagara Debugger Client Initialized | Session: BD519BCF4C1D5053EE4325999FF6A295 | Instance: 4EFEA49C4153EEE109EC30A57F9A65AA (DESKTOP-37S8SED-27216).
[2022.12.07-04.37.32:963][  0]LogPython: Using Python 3.7.7
[2022.12.07-04.37.33:390][  0]LogTcpMessaging: Initializing TcpMessaging bridge
[2022.12.07-04.37.33:394][  0]LogUdpMessaging: Initializing bridge on interface 0.0.0.0:0 to multicast group 230.0.0.1:6666.
[2022.12.07-04.37.35:039][  0]LogWindows: Error: === Critical error: ===
[2022.12.07-04.37.35:040][  0]LogWindows: Error: 
[2022.12.07-04.37.35:040][  0]LogWindows: Error: Fatal error!
[2022.12.07-04.37.35:040][  0]LogWindows: Error: 
[2022.12.07-04.37.35:040][  0]LogWindows: Error: Unhandled Exception: EXCEPTION_ACCESS_VIOLATION reading address 0x00000000000001b8
[2022.12.07-04.37.35:040][  0]LogWindows: Error: 
[2022.12.07-04.37.35:040][  0]LogWindows: Error: [Callstack] 0x00007ffe89338ad9 UE4Editor-Engine.dll!UWorld::SpawnActor() [D:\Build\++UE4\Sync\Engine\Source\Runtime\Engine\Private\LevelActor.cpp:314]
[2022.12.07-04.37.35:040][  0]LogWindows: Error: [Callstack] 0x00007ffe8933a908 UE4Editor-Engine.dll!UWorld::SpawnActor() [D:\Build\++UE4\Sync\Engine\Source\Runtime\Engine\Private\LevelActor.cpp:304]
[2022.12.07-04.37.35:040][  0]LogWindows: Error: [Callstack] 0x00007ffe74dc49e7 UE4Editor-UE4_Portfolio2_SL.dll!APlayerCharacter::APlayerCharacter() [G:\Git_Horizontally Scrolling Shooter Repository\UE4_Portfolio2_SL\UE4_Portfolio2_SL\Source\UE4_Portfolio2_SL\PlayerCharacter.cpp:65]
[2022.12.07-04.37.35:040][  0]LogWindows: Error: [Callstack] 0x00007ffecd7161d3 UE4Editor-CoreUObject.dll!UClass::CreateDefaultObject() [D:\Build\++UE4\Sync\Engine\Source\Runtime\CoreUObject\Private\UObject\Class.cpp:3791]
[2022.12.07-04.37.35:040][  0]LogWindows: Error: [Callstack] 0x00007ffecda38faf UE4Editor-CoreUObject.dll!UObjectLoadAllCompiledInDefaultProperties() [D:\Build\++UE4\Sync\Engine\Source\Runtime\CoreUObject\Private\UObject\UObjectBase.cpp:911]
[2022.12.07-04.37.35:040][  0]LogWindows: Error: [Callstack] 0x00007ffecda15411 UE4Editor-CoreUObject.dll!ProcessNewlyLoadedUObjects() [D:\Build\++UE4\Sync\Engine\Source\Runtime\CoreUObject\Private\UObject\UObjectBase.cpp:1003]
[2022.12.07-04.37.35:040][  0]LogWindows: Error: [Callstack] 0x00007ffecd8dddc5 UE4Editor-CoreUObject.dll!TBaseStaticDelegateInstance<void __cdecl(FName,bool),FDefaultDelegateUserPolicy>::ExecuteIfSafe() [D:\Build\++UE4\Sync\Engine\Source\Runtime\Core\Public\Delegates\DelegateInstancesImpl.h:731]
[2022.12.07-04.37.35:040][  0]LogWindows: Error: [Callstack] 0x00007ffea0451bea UE4Editor-Core.dll!TMulticastDelegate<void __cdecl(FName,bool),FDefaultDelegateUserPolicy>::Broadcast() [D:\Build\++UE4\Sync\Engine\Source\Runtime\Core\Public\Delegates\DelegateSignatureImpl.inl:955]
[2022.12.07-04.37.35:040][  0]LogWindows: Error: [Callstack] 0x00007ffea04715a3 UE4Editor-Core.dll!FModuleManager::LoadModuleWithFailureReason() [D:\Build\++UE4\Sync\Engine\Source\Runtime\Core\Private\Modules\ModuleManager.cpp:519]
[2022.12.07-04.37.35:040][  0]LogWindows: Error: [Callstack] 0x00007fff19016433 UE4Editor-Projects.dll!FModuleDescriptor::LoadModulesForPhase() [D:\Build\++UE4\Sync\Engine\Source\Runtime\Projects\Private\ModuleDescriptor.cpp:643]
[2022.12.07-04.37.35:040][  0]LogWindows: Error: [Callstack] 0x00007fff1901674f UE4Editor-Projects.dll!FProjectManager::LoadModulesForProject() [D:\Build\++UE4\Sync\Engine\Source\Runtime\Projects\Private\ProjectManager.cpp:62]
[2022.12.07-04.37.35:040][  0]LogWindows: Error: [Callstack] 0x00007ff70fae5642 UE4Editor.exe!FEngineLoop::LoadStartupModules() [D:\Build\++UE4\Sync\Engine\Source\Runtime\Launch\Private\LaunchEngineLoop.cpp:3880]
[2022.12.07-04.37.35:040][  0]LogWindows: Error: [Callstack] 0x00007ff70fae9000 UE4Editor.exe!FEngineLoop::PreInitPostStartupScreen() [D:\Build\++UE4\Sync\Engine\Source\Runtime\Launch\Private\LaunchEngineLoop.cpp:3263]
[2022.12.07-04.37.35:040][  0]LogWindows: Error: [Callstack] 0x00007ff70fae0d2c UE4Editor.exe!GuardedMain() [D:\Build\++UE4\Sync\Engine\Source\Runtime\Launch\Private\Launch.cpp:132]
[2022.12.07-04.37.35:040][  0]LogWindows: Error: [Callstack] 0x00007ff70fae10ba UE4Editor.exe!GuardedMainWrapper() [D:\Build\++UE4\Sync\Engine\Source\Runtime\Launch\Private\Windows\LaunchWindows.cpp:137]
[2022.12.07-04.37.35:040][  0]LogWindows: Error: [Callstack] 0x00007ff70fae40dd UE4Editor.exe!LaunchWindowsStartup() [D:\Build\++UE4\Sync\Engine\Source\Runtime\Launch\Private\Windows\LaunchWindows.cpp:273]
[2022.12.07-04.37.35:040][  0]LogWindows: Error: [Callstack] 0x00007ff70faf5984 UE4Editor.exe!WinMain() [D:\Build\++UE4\Sync\Engine\Source\Runtime\Launch\Private\Windows\LaunchWindows.cpp:320]
[2022.12.07-04.37.35:040][  0]LogWindows: Error: [Callstack] 0x00007ff70faf853a UE4Editor.exe!__scrt_common_main_seh() [d:\agent\_work\5\s\src\vctools\crt\vcstartup\src\startup\exe_common.inl:288]
[2022.12.07-04.37.35:040][  0]LogWindows: Error: [Callstack] 0x00007fff386474b4 KERNEL32.DLL!UnknownFunction []
[2022.12.07-04.37.35:040][  0]LogWindows: Error: [Callstack] 0x00007fff3a1026a1 ntdll.dll!UnknownFunction []
[2022.12.07-04.37.35:040][  0]LogWindows: Error: 
[2022.12.07-04.37.35:042][  0]LogExit: Executing StaticShutdownAfterError
[2022.12.07-04.37.35:043][  0]LogWindows: FPlatformMisc::RequestExit(1)
[2022.12.07-04.37.35:043][  0]LogWindows: FPlatformMisc::RequestExitWithStatus(1, 3)
[2022.12.07-04.37.35:043][  0]LogCore: Engine exit requested (reason: Win RequestExit)
[2022.12.07-04.37.35:053][  0]Log file closed, 12/07/22 13:37:35
