Log file open, 12/01/22 04:14:44
LogWindows: Failed to load 'aqProf.dll' (GetLastError=126)
LogWindows: File 'aqProf.dll' does not exist
LogWindows: Failed to load 'VtuneApi.dll' (GetLastError=126)
LogWindows: File 'VtuneApi.dll' does not exist
LogWindows: Failed to load 'VtuneApi32e.dll' (GetLastError=126)
LogWindows: File 'VtuneApi32e.dll' does not exist
LogConsoleResponse: Display: Failed to find resolution value strings in scalability ini. Falling back to default.
LogConsoleResponse: Display: Failed to find resolution value strings in scalability ini. Falling back to default.
LogInit: Display: Running engine for game: UE4_Portfolio2_SL
LogPlatformFile: Not using cached read wrapper
LogTaskGraph: Started task graph with 5 named threads and 71 total threads with 3 sets of task threads.
LogStats: Stats thread started at 0.196672
LogICUInternationalization: ICU TimeZone Detection - Raw Offset: +9:00, Platform Override: ''
LogInit: Display: Loading text-based GConfig....
LogPluginManager: Mounting plugin MeshPainting
LogPluginManager: Mounting plugin XGEController
LogPluginManager: Mounting plugin Paper2D
LogPluginManager: Mounting plugin LightPropagationVolume
LogPluginManager: Mounting plugin CameraShakePreviewer
LogPluginManager: Mounting plugin LiveLink
LogPluginManager: Mounting plugin GameplayCameras
LogPluginManager: Mounting plugin OodleData
LogPluginManager: Mounting plugin OodleNetwork
LogPluginManager: Mounting plugin AnimationSharing
LogPluginManager: Mounting plugin CodeLiteSourceCodeAccess
LogPluginManager: Mounting plugin AssetManagerEditor
LogPluginManager: Mounting plugin CLionSourceCodeAccess
LogPluginManager: Mounting plugin GitSourceControl
LogPluginManager: Mounting plugin KDevelopSourceCodeAccess
LogPluginManager: Mounting plugin CryptoKeys
LogPluginManager: Mounting plugin NullSourceCodeAccess
LogPluginManager: Mounting plugin CurveEditorTools
LogPluginManager: Mounting plugin DataValidation
LogPluginManager: Mounting plugin PerforceSourceControl
LogPluginManager: Mounting plugin PixWinPlugin
LogPluginManager: Mounting plugin FacialAnimation
LogPluginManager: Mounting plugin PlasticSourceControl
LogPluginManager: Mounting plugin PluginUtils
LogPluginManager: Mounting plugin PropertyAccessNode
LogPluginManager: Mounting plugin SubversionSourceControl
LogPluginManager: Mounting plugin TextureFormatOodle
LogPluginManager: Mounting plugin RiderSourceCodeAccess
LogPluginManager: Mounting plugin VisualStudioCodeSourceCodeAccess
LogPluginManager: Mounting plugin UObjectPlugin
LogPluginManager: Mounting plugin VisualStudioSourceCodeAccess
LogPluginManager: Mounting plugin XCodeSourceCodeAccess
LogPluginManager: Mounting plugin GeometryMode
LogPluginManager: Mounting plugin GameplayTagsEditor
LogPluginManager: Mounting plugin MacGraphicsSwitching
LogPluginManager: Mounting plugin MaterialAnalyzer
LogPluginManager: Mounting plugin AlembicImporter
LogPluginManager: Mounting plugin MobileLauncherProfileWizard
LogPluginManager: Mounting plugin PluginBrowser
LogPluginManager: Mounting plugin SpeedTreeImporter
LogPluginManager: Mounting plugin AutomationUtils
LogPluginManager: Mounting plugin BackChannel
LogPluginManager: Mounting plugin ChaosCloth
LogPluginManager: Mounting plugin ChaosClothEditor
LogPluginManager: Mounting plugin ChaosEditor
LogPluginManager: Mounting plugin ChaosNiagara
LogPluginManager: Mounting plugin ChaosSolverPlugin
LogPluginManager: Mounting plugin CharacterAI
LogPluginManager: Mounting plugin GeometryCache
LogPluginManager: Mounting plugin GeometryCollectionPlugin
LogPluginManager: Mounting plugin GeometryProcessing
LogPluginManager: Mounting plugin MotoSynth
LogPluginManager: Mounting plugin OpenImageDenoise
LogPluginManager: Mounting plugin PlanarCut
LogPluginManager: Mounting plugin PlatformCrypto
LogPluginManager: Mounting plugin DatasmithContent
LogPluginManager: Mounting plugin ProxyLODPlugin
LogPluginManager: Mounting plugin PythonScriptPlugin
LogPluginManager: Mounting plugin SkeletalReduction
LogPluginManager: Mounting plugin Niagara
LogPluginManager: Mounting plugin VariantManagerContent
LogPluginManager: Mounting plugin LuminPlatformFeatures
LogPluginManager: Mounting plugin MagicLeap
LogPluginManager: Mounting plugin AndroidMedia
LogPluginManager: Mounting plugin MagicLeapLightEstimation
LogPluginManager: Mounting plugin MagicLeapMedia
LogPluginManager: Mounting plugin MagicLeapPassableWorld
LogPluginManager: Mounting plugin MLSDK
LogPluginManager: Mounting plugin AvfMedia
LogPluginManager: Mounting plugin ActorSequence
LogPluginManager: Mounting plugin TcpMessaging
LogPluginManager: Mounting plugin UdpMessaging
LogPluginManager: Mounting plugin LevelSequenceEditor
LogPluginManager: Mounting plugin MatineeToLevelSequence
LogPluginManager: Mounting plugin ImgMedia
LogPluginManager: Mounting plugin TemplateSequence
LogPluginManager: Mounting plugin MediaCompositing
LogPluginManager: Mounting plugin MediaPlayerEditor
LogPluginManager: Mounting plugin WmfMedia
LogPluginManager: Mounting plugin WebMMedia
LogPluginManager: Mounting plugin OnlineSubsystem
LogPluginManager: Mounting plugin LauncherChunkInstaller
LogPluginManager: Mounting plugin OnlineSubsystemNull
LogPluginManager: Mounting plugin OnlineSubsystemUtils
LogPluginManager: Mounting plugin ActorLayerUtilities
LogPluginManager: Mounting plugin AndroidDeviceProfileSelector
LogPluginManager: Mounting plugin AndroidPermission
LogPluginManager: Mounting plugin AndroidMoviePlayer
LogPluginManager: Mounting plugin AppleImageUtils
LogPluginManager: Mounting plugin AppleMoviePlayer
LogPluginManager: Mounting plugin ArchVisCharacter
LogPluginManager: Mounting plugin AssetTags
LogPluginManager: Mounting plugin AudioCapture
LogPluginManager: Mounting plugin AudioSynesthesia
LogPluginManager: Mounting plugin CableComponent
LogPluginManager: Mounting plugin ChunkDownloader
LogPluginManager: Mounting plugin CustomMeshComponent
LogPluginManager: Mounting plugin EditableMesh
LogPluginManager: Mounting plugin ExampleDeviceProfileSelector
LogPluginManager: Mounting plugin GoogleCloudMessaging
LogPluginManager: Mounting plugin GooglePAD
LogPluginManager: Mounting plugin IOSDeviceProfileSelector
LogPluginManager: Mounting plugin LinuxDeviceProfileSelector
LogPluginManager: Mounting plugin LocationServicesBPLibrary
LogPluginManager: Mounting plugin MobilePatchingUtils
LogPluginManager: Mounting plugin OpenXREyeTracker
LogPluginManager: Mounting plugin OpenXR
LogPluginManager: Mounting plugin OpenXRHandTracking
LogPluginManager: Mounting plugin PhysXVehicles
LogPluginManager: Mounting plugin PostSplashScreen
LogPluginManager: Mounting plugin ProceduralMeshComponent
LogPluginManager: Mounting plugin PropertyAccessEditor
LogPluginManager: Mounting plugin RuntimePhysXCooking
LogPluginManager: Mounting plugin SignificanceManager
LogPluginManager: Mounting plugin SoundFields
LogPluginManager: Mounting plugin ScreenshotTools
LogPluginManager: Mounting plugin Synthesis
LogPluginManager: Mounting plugin WindowsMoviePlayer
LogPluginManager: Mounting plugin WebMMoviePlayer
LogPluginManager: Mounting plugin EnvironmentQueryEditor
LogPluginManager: Mounting plugin AISupport
LogPluginManager: Mounting plugin Takes
LogPluginManager: Mounting plugin ContentBrowserAssetDataSource
LogPluginManager: Mounting plugin ContentBrowserClassDataSource
LogPluginManager: Mounting plugin ContentBrowserFileDataSource
LogPluginManager: Mounting plugin OnlineSubsystemGooglePlay
LogPluginManager: Mounting plugin OnlineSubsystemIOS
LogPluginManager: Mounting plugin OculusVR
LogPluginManager: Mounting plugin SteamVR
PixWinPlugin: PIX capture plugin failed to initialize! Check that the process is launched from PIX.
LogInit: Using libcurl 7.55.1-DEV
LogInit:  - built for x86_64-pc-win32
LogInit:  - supports SSL with OpenSSL/1.1.1
LogInit:  - supports HTTP deflate (compression) using libz 1.2.8
LogInit:  - other features:
LogInit:      CURL_VERSION_SSL
LogInit:      CURL_VERSION_LIBZ
LogInit:      CURL_VERSION_IPV6
LogInit:      CURL_VERSION_ASYNCHDNS
LogInit:      CURL_VERSION_LARGEFILE
LogInit:      CURL_VERSION_IDN
LogInit:  CurlRequestOptions (configurable via config and command line):
LogInit:  - bVerifyPeer = true  - Libcurl will verify peer certificate
LogInit:  - bUseHttpProxy = false  - Libcurl will NOT use HTTP proxy
LogInit:  - bDontReuseConnections = false  - Libcurl will reuse connections
LogInit:  - MaxHostConnections = 16  - Libcurl will limit the number of connections to a host
LogInit:  - LocalHostAddr = Default
LogInit:  - BufferSize = 65536
LogOnline: OSS: Creating online subsystem instance for: NULL
LogInit: WinSock: version 1.1 (2.2), MaxSocks=32767, MaxUdp=65467
LogOnline: OSS: TryLoadSubsystemAndSetDefault: Loaded subsystem for module [NULL]
LogOculusPluginWrapper: OculusPlugin initialized successfully
LogHMD: Failed initializing OVRPlugin 1.59.0
LogInit: Build: ++UE4+Release-4.27-CL-18319896
LogInit: Engine Version: 4.27.2-18319896+++UE4+Release-4.27
LogInit: Compatible Engine Version: 4.27.0-17155196+++UE4+Release-4.27
LogInit: Net CL: 17155196
LogInit: OS: Windows 10 (Release 2009) (), CPU: AMD Ryzen 9 5900X 12-Core Processor            , GPU: AMD Radeon RX 6600 XT
LogInit: Compiled (64-bit): Nov 30 2021 07:12:08
LogInit: Compiled with Visual C++: 19.24.28315.00
LogInit: Build Configuration: Development
LogInit: Branch Name: ++UE4+Release-4.27
LogInit: Command Line: 
LogInit: Base Directory: G:/Unreal Engine/UE_4.27/Engine/Binaries/Win64/
LogInit: Allocator: TBB
LogInit: Installed Engine Build: 1
LogDevObjectVersion: Number of dev versions registered: 29
LogDevObjectVersion:   Dev-Blueprints (B0D832E4-1F89-4F0D-ACCF-7EB736FD4AA2): 10
LogDevObjectVersion:   Dev-Build (E1C64328-A22C-4D53-A36C-8E866417BD8C): 0
LogDevObjectVersion:   Dev-Core (375EC13C-06E4-48FB-B500-84F0262A717E): 4
LogDevObjectVersion:   Dev-Editor (E4B068ED-F494-42E9-A231-DA0B2E46BB41): 40
LogDevObjectVersion:   Dev-Framework (CFFC743F-43B0-4480-9391-14DF171D2073): 37
LogDevObjectVersion:   Dev-Mobile (B02B49B5-BB20-44E9-A304-32B752E40360): 3
LogDevObjectVersion:   Dev-Networking (A4E4105C-59A1-49B5-A7C5-40C4547EDFEE): 0
LogDevObjectVersion:   Dev-Online (39C831C9-5AE6-47DC-9A44-9C173E1C8E7C): 0
LogDevObjectVersion:   Dev-Physics (78F01B33-EBEA-4F98-B9B4-84EACCB95AA2): 14
LogDevObjectVersion:   Dev-Platform (6631380F-2D4D-43E0-8009-CF276956A95A): 0
LogDevObjectVersion:   Dev-Rendering (12F88B9F-8875-4AFC-A67C-D90C383ABD29): 45
LogDevObjectVersion:   Dev-Sequencer (7B5AE74C-D270-4C10-A958-57980B212A5A): 13
LogDevObjectVersion:   Dev-VR (D7296918-1DD6-4BDD-9DE2-64A83CC13884): 3
LogDevObjectVersion:   Dev-LoadTimes (C2A15278-BFE7-4AFE-6C17-90FF531DF755): 1
LogDevObjectVersion:   Private-Geometry (6EACA3D4-40EC-4CC1-B786-8BED09428FC5): 3
LogDevObjectVersion:   Dev-AnimPhys (29E575DD-E0A3-4627-9D10-D276232CDCEA): 17
LogDevObjectVersion:   Dev-Anim (AF43A65D-7FD3-4947-9873-3E8ED9C1BB05): 15
LogDevObjectVersion:   Dev-ReflectionCapture (6B266CEC-1EC7-4B8F-A30B-E4D90942FC07): 1
LogDevObjectVersion:   Dev-Automation (0DF73D61-A23F-47EA-B727-89E90C41499A): 1
LogDevObjectVersion:   FortniteMain (601D1886-AC64-4F84-AA16-D3DE0DEAC7D6): 47
LogDevObjectVersion:   FortniteRelease (E7086368-6B23-4C58-8439-1B7016265E91): 1
LogDevObjectVersion:   Dev-Enterprise (9DFFBCD6-494F-0158-E221-12823C92A888): 10
LogDevObjectVersion:   Dev-Niagara (F2AED0AC-9AFE-416F-8664-AA7FFA26D6FC): 1
LogDevObjectVersion:   Dev-Destruction (174F1F0B-B4C6-45A5-B13F-2EE8D0FB917D): 10
LogDevObjectVersion:   Dev-Physics-Ext (35F94A83-E258-406C-A318-09F59610247C): 41
LogDevObjectVersion:   Dev-PhysicsMaterial-Chaos (B68FC16E-8B1B-42E2-B453-215C058844FE): 1
LogDevObjectVersion:   Dev-CineCamera (B2E18506-4273-CFC2-A54E-F4BB758BBA07): 1
LogDevObjectVersion:   Dev-VirtualProduction (64F58936-FD1B-42BA-BA96-7289D5D0FA4E): 1
LogDevObjectVersion:   Dev-MediaFramework (6F0ED827-A609-4895-9C91-998D90180EA4): 2
LogInit: Presizing for max 25165824 objects, including 0 objects not considered by GC, pre-allocating 0 bytes for permanent pool.
LogConfig: Applying CVar settings from Section [/Script/Engine.StreamingSettings] File [G:/Git_Horizontally Scrolling Shooter Repository/UE4_Portfolio2_SL/UE4_Portfolio2_SL/Saved/Config/Windows/Engine.ini]
LogConfig: Setting CVar [[s.MinBulkDataSizeForAsyncLoading:131072]]
LogConfig: Setting CVar [[s.AsyncLoadingThreadEnabled:0]]
LogConfig: Setting CVar [[s.EventDrivenLoaderEnabled:1]]
LogConfig: Setting CVar [[s.WarnIfTimeLimitExceeded:0]]
LogConfig: Setting CVar [[s.TimeLimitExceededMultiplier:1.5]]
LogConfig: Setting CVar [[s.TimeLimitExceededMinTime:0.005]]
LogConfig: Setting CVar [[s.UseBackgroundLevelStreaming:1]]
LogConfig: Setting CVar [[s.PriorityAsyncLoadingExtraTime:15.0]]
LogConfig: Setting CVar [[s.LevelStreamingActorsUpdateTimeLimit:5.0]]
LogConfig: Setting CVar [[s.PriorityLevelStreamingActorsUpdateExtraTime:5.0]]
LogConfig: Setting CVar [[s.LevelStreamingComponentsRegistrationGranularity:10]]
LogConfig: Setting CVar [[s.UnregisterComponentsTimeLimit:1.0]]
LogConfig: Setting CVar [[s.LevelStreamingComponentsUnregistrationGranularity:5]]
LogConfig: Setting CVar [[s.FlushStreamingOnExit:1]]
LogInit: Object subsystem initialized
LogConfig: Setting CVar [[con.DebugEarlyDefault:1]]
LogConfig: Setting CVar [[r.setres:1280x720]]
[2022.11.30-19.14.44:575][  0]LogConfig: Setting CVar [[r.VSync:0]]
[2022.11.30-19.14.44:575][  0]LogConfig: Setting CVar [[r.RHICmdBypass:0]]
[2022.11.30-19.14.44:575][  0]LogConfig: Applying CVar settings from Section [/Script/Engine.RendererSettings] File [G:/Git_Horizontally Scrolling Shooter Repository/UE4_Portfolio2_SL/UE4_Portfolio2_SL/Saved/Config/Windows/Engine.ini]
[2022.11.30-19.14.44:575][  0]LogConfig: Setting CVar [[r.GPUCrashDebugging:0]]
[2022.11.30-19.14.44:575][  0]LogConfig: Applying CVar settings from Section [/Script/Engine.RendererOverrideSettings] File [G:/Git_Horizontally Scrolling Shooter Repository/UE4_Portfolio2_SL/UE4_Portfolio2_SL/Saved/Config/Windows/Engine.ini]
[2022.11.30-19.14.44:575][  0]LogConfig: Applying CVar settings from Section [/Script/Engine.StreamingSettings] File [G:/Git_Horizontally Scrolling Shooter Repository/UE4_Portfolio2_SL/UE4_Portfolio2_SL/Saved/Config/Windows/Engine.ini]
[2022.11.30-19.14.44:575][  0]LogConfig: Setting CVar [[s.MinBulkDataSizeForAsyncLoading:131072]]
[2022.11.30-19.14.44:575][  0]LogConfig: Setting CVar [[s.AsyncLoadingThreadEnabled:0]]
[2022.11.30-19.14.44:575][  0]LogConfig: Setting CVar [[s.EventDrivenLoaderEnabled:1]]
[2022.11.30-19.14.44:575][  0]LogConfig: Setting CVar [[s.WarnIfTimeLimitExceeded:0]]
[2022.11.30-19.14.44:575][  0]LogConfig: Setting CVar [[s.TimeLimitExceededMultiplier:1.5]]
[2022.11.30-19.14.44:575][  0]LogConfig: Setting CVar [[s.TimeLimitExceededMinTime:0.005]]
[2022.11.30-19.14.44:575][  0]LogConfig: Setting CVar [[s.UseBackgroundLevelStreaming:1]]
[2022.11.30-19.14.44:575][  0]LogConfig: Setting CVar [[s.PriorityAsyncLoadingExtraTime:15.0]]
[2022.11.30-19.14.44:575][  0]LogConfig: Setting CVar [[s.LevelStreamingActorsUpdateTimeLimit:5.0]]
[2022.11.30-19.14.44:575][  0]LogConfig: Setting CVar [[s.PriorityLevelStreamingActorsUpdateExtraTime:5.0]]
[2022.11.30-19.14.44:575][  0]LogConfig: Setting CVar [[s.LevelStreamingComponentsRegistrationGranularity:10]]
[2022.11.30-19.14.44:575][  0]LogConfig: Setting CVar [[s.UnregisterComponentsTimeLimit:1.0]]
[2022.11.30-19.14.44:575][  0]LogConfig: Setting CVar [[s.LevelStreamingComponentsUnregistrationGranularity:5]]
[2022.11.30-19.14.44:575][  0]LogConfig: Setting CVar [[s.FlushStreamingOnExit:1]]
[2022.11.30-19.14.44:575][  0]LogConfig: Applying CVar settings from Section [/Script/Engine.GarbageCollectionSettings] File [G:/Git_Horizontally Scrolling Shooter Repository/UE4_Portfolio2_SL/UE4_Portfolio2_SL/Saved/Config/Windows/Engine.ini]
[2022.11.30-19.14.44:575][  0]LogConfig: Setting CVar [[gc.MaxObjectsNotConsideredByGC:1]]
[2022.11.30-19.14.44:575][  0]LogConfig: Setting CVar [[gc.SizeOfPermanentObjectPool:0]]
[2022.11.30-19.14.44:575][  0]LogConfig: Setting CVar [[gc.FlushStreamingOnGC:0]]
[2022.11.30-19.14.44:575][  0]LogConfig: Setting CVar [[gc.NumRetriesBeforeForcingGC:10]]
[2022.11.30-19.14.44:575][  0]LogConfig: Setting CVar [[gc.AllowParallelGC:1]]
[2022.11.30-19.14.44:575][  0]LogConfig: Setting CVar [[gc.TimeBetweenPurgingPendingKillObjects:61.1]]
[2022.11.30-19.14.44:575][  0]LogConfig: Setting CVar [[gc.MaxObjectsInEditor:25165824]]
[2022.11.30-19.14.44:575][  0]LogConfig: Setting CVar [[gc.IncrementalBeginDestroyEnabled:1]]
[2022.11.30-19.14.44:575][  0]LogConfig: Setting CVar [[gc.CreateGCClusters:1]]
[2022.11.30-19.14.44:575][  0]LogConfig: Setting CVar [[gc.MinGCClusterSize:5]]
[2022.11.30-19.14.44:575][  0]LogConfig: Setting CVar [[gc.ActorClusteringEnabled:0]]
[2022.11.30-19.14.44:575][  0]LogConfig: Setting CVar [[gc.BlueprintClusteringEnabled:0]]
[2022.11.30-19.14.44:575][  0]LogConfig: Setting CVar [[gc.UseDisregardForGCOnDedicatedServers:0]]
[2022.11.30-19.14.44:575][  0]LogConfig: Setting CVar [[gc.MultithreadedDestructionEnabled:1]]
[2022.11.30-19.14.44:575][  0]LogConfig: Applying CVar settings from Section [/Script/Engine.NetworkSettings] File [G:/Git_Horizontally Scrolling Shooter Repository/UE4_Portfolio2_SL/UE4_Portfolio2_SL/Saved/Config/Windows/Engine.ini]
[2022.11.30-19.14.44:575][  0]LogConfig: Applying CVar settings from Section [/Script/UnrealEd.CookerSettings] File [G:/Git_Horizontally Scrolling Shooter Repository/UE4_Portfolio2_SL/UE4_Portfolio2_SL/Saved/Config/Windows/Engine.ini]
[2022.11.30-19.14.44:580][  0]LogConfig: Applying CVar settings from Section [ViewDistanceQuality@3] File [G:/Git_Horizontally Scrolling Shooter Repository/UE4_Portfolio2_SL/UE4_Portfolio2_SL/Saved/Config/Windows/Scalability.ini]
[2022.11.30-19.14.44:580][  0]LogConfig: Setting CVar [[r.SkeletalMeshLODBias:0]]
[2022.11.30-19.14.44:580][  0]LogConfig: Setting CVar [[r.ViewDistanceScale:1.0]]
[2022.11.30-19.14.44:580][  0]LogConfig: Applying CVar settings from Section [AntiAliasingQuality@3] File [G:/Git_Horizontally Scrolling Shooter Repository/UE4_Portfolio2_SL/UE4_Portfolio2_SL/Saved/Config/Windows/Scalability.ini]
[2022.11.30-19.14.44:580][  0]LogConfig: Setting CVar [[r.PostProcessAAQuality:4]]
[2022.11.30-19.14.44:580][  0]LogConfig: Applying CVar settings from Section [ShadowQuality@3] File [G:/Git_Horizontally Scrolling Shooter Repository/UE4_Portfolio2_SL/UE4_Portfolio2_SL/Saved/Config/Windows/Scalability.ini]
[2022.11.30-19.14.44:580][  0]LogConfig: Setting CVar [[r.LightFunctionQuality:1]]
[2022.11.30-19.14.44:580][  0]LogConfig: Setting CVar [[r.ShadowQuality:5]]
[2022.11.30-19.14.44:580][  0]LogConfig: Setting CVar [[r.Shadow.CSM.MaxCascades:10]]
[2022.11.30-19.14.44:580][  0]LogConfig: Setting CVar [[r.Shadow.MaxResolution:2048]]
[2022.11.30-19.14.44:580][  0]LogConfig: Setting CVar [[r.Shadow.MaxCSMResolution:2048]]
[2022.11.30-19.14.44:580][  0]LogConfig: Setting CVar [[r.Shadow.RadiusThreshold:0.01]]
[2022.11.30-19.14.44:580][  0]LogConfig: Setting CVar [[r.Shadow.DistanceScale:1.0]]
[2022.11.30-19.14.44:580][  0]LogConfig: Setting CVar [[r.Shadow.CSM.TransitionScale:1.0]]
[2022.11.30-19.14.44:580][  0]LogConfig: Setting CVar [[r.Shadow.PreShadowResolutionFactor:1.0]]
[2022.11.30-19.14.44:580][  0]LogConfig: Setting CVar [[r.DistanceFieldShadowing:1]]
[2022.11.30-19.14.44:580][  0]LogConfig: Setting CVar [[r.DistanceFieldAO:1]]
[2022.11.30-19.14.44:580][  0]LogConfig: Setting CVar [[r.AOQuality:2]]
[2022.11.30-19.14.44:580][  0]LogConfig: Setting CVar [[r.VolumetricFog:1]]
[2022.11.30-19.14.44:580][  0]LogConfig: Setting CVar [[r.VolumetricFog.GridPixelSize:8]]
[2022.11.30-19.14.44:580][  0]LogConfig: Setting CVar [[r.VolumetricFog.GridSizeZ:128]]
[2022.11.30-19.14.44:580][  0]LogConfig: Setting CVar [[r.VolumetricFog.HistoryMissSupersampleCount:4]]
[2022.11.30-19.14.44:580][  0]LogConfig: Setting CVar [[r.LightMaxDrawDistanceScale:1]]
[2022.11.30-19.14.44:580][  0]LogConfig: Setting CVar [[r.CapsuleShadows:1]]
[2022.11.30-19.14.44:580][  0]LogConfig: Applying CVar settings from Section [PostProcessQuality@3] File [G:/Git_Horizontally Scrolling Shooter Repository/UE4_Portfolio2_SL/UE4_Portfolio2_SL/Saved/Config/Windows/Scalability.ini]
[2022.11.30-19.14.44:580][  0]LogConfig: Setting CVar [[r.MotionBlurQuality:4]]
[2022.11.30-19.14.44:580][  0]LogConfig: Setting CVar [[r.AmbientOcclusionMipLevelFactor:0.4]]
[2022.11.30-19.14.44:580][  0]LogConfig: Setting CVar [[r.AmbientOcclusionMaxQuality:100]]
[2022.11.30-19.14.44:580][  0]LogConfig: Setting CVar [[r.AmbientOcclusionLevels:-1]]
[2022.11.30-19.14.44:580][  0]LogConfig: Setting CVar [[r.AmbientOcclusionRadiusScale:1.0]]
[2022.11.30-19.14.44:580][  0]LogConfig: Setting CVar [[r.DepthOfFieldQuality:2]]
[2022.11.30-19.14.44:580][  0]LogConfig: Setting CVar [[r.RenderTargetPoolMin:400]]
[2022.11.30-19.14.44:580][  0]LogConfig: Setting CVar [[r.LensFlareQuality:2]]
[2022.11.30-19.14.44:580][  0]LogConfig: Setting CVar [[r.SceneColorFringeQuality:1]]
[2022.11.30-19.14.44:580][  0]LogConfig: Setting CVar [[r.EyeAdaptationQuality:2]]
[2022.11.30-19.14.44:580][  0]LogConfig: Setting CVar [[r.BloomQuality:5]]
[2022.11.30-19.14.44:580][  0]LogConfig: Setting CVar [[r.FastBlurThreshold:100]]
[2022.11.30-19.14.44:580][  0]LogConfig: Setting CVar [[r.Upscale.Quality:3]]
[2022.11.30-19.14.44:580][  0]LogConfig: Setting CVar [[r.Tonemapper.GrainQuantization:1]]
[2022.11.30-19.14.44:580][  0]LogConfig: Setting CVar [[r.LightShaftQuality:1]]
[2022.11.30-19.14.44:580][  0]LogConfig: Setting CVar [[r.Filter.SizeScale:1]]
[2022.11.30-19.14.44:580][  0]LogConfig: Setting CVar [[r.Tonemapper.Quality:5]]
[2022.11.30-19.14.44:580][  0]LogConfig: Setting CVar [[r.DOF.Gather.AccumulatorQuality:1        ; higher gathering accumulator quality]]
[2022.11.30-19.14.44:580][  0]LogConfig: Setting CVar [[r.DOF.Gather.PostfilterMethod:1          ; Median3x3 postfilering method]]
[2022.11.30-19.14.44:581][  0]LogConfig: Setting CVar [[r.DOF.Gather.EnableBokehSettings:0       ; no bokeh simulation when gathering]]
[2022.11.30-19.14.44:581][  0]LogConfig: Setting CVar [[r.DOF.Gather.RingCount:4                 ; medium number of samples when gathering]]
[2022.11.30-19.14.44:581][  0]LogConfig: Setting CVar [[r.DOF.Scatter.ForegroundCompositing:1    ; additive foreground scattering]]
[2022.11.30-19.14.44:581][  0]LogConfig: Setting CVar [[r.DOF.Scatter.BackgroundCompositing:2    ; additive background scattering]]
[2022.11.30-19.14.44:581][  0]LogConfig: Setting CVar [[r.DOF.Scatter.EnableBokehSettings:1      ; bokeh simulation when scattering]]
[2022.11.30-19.14.44:581][  0]LogConfig: Setting CVar [[r.DOF.Scatter.MaxSpriteRatio:0.1         ; only a maximum of 10% of scattered bokeh]]
[2022.11.30-19.14.44:581][  0]LogConfig: Setting CVar [[r.DOF.Recombine.Quality:1                ; cheap slight out of focus]]
[2022.11.30-19.14.44:581][  0]LogConfig: Setting CVar [[r.DOF.Recombine.EnableBokehSettings:0    ; no bokeh simulation on slight out of focus]]
[2022.11.30-19.14.44:581][  0]LogConfig: Setting CVar [[r.DOF.TemporalAAQuality:1                ; more stable temporal accumulation]]
[2022.11.30-19.14.44:581][  0]LogConfig: Setting CVar [[r.DOF.Kernel.MaxForegroundRadius:0.025]]
[2022.11.30-19.14.44:581][  0]LogConfig: Setting CVar [[r.DOF.Kernel.MaxBackgroundRadius:0.025]]
[2022.11.30-19.14.44:581][  0]LogConfig: Applying CVar settings from Section [TextureQuality@3] File [G:/Git_Horizontally Scrolling Shooter Repository/UE4_Portfolio2_SL/UE4_Portfolio2_SL/Saved/Config/Windows/Scalability.ini]
[2022.11.30-19.14.44:581][  0]LogConfig: Setting CVar [[r.Streaming.MipBias:0]]
[2022.11.30-19.14.44:581][  0]LogConfig: Setting CVar [[r.Streaming.AmortizeCPUToGPUCopy:0]]
[2022.11.30-19.14.44:581][  0]LogConfig: Setting CVar [[r.Streaming.MaxNumTexturesToStreamPerFrame:0]]
[2022.11.30-19.14.44:581][  0]LogConfig: Setting CVar [[r.Streaming.Boost:1]]
[2022.11.30-19.14.44:581][  0]LogConfig: Setting CVar [[r.MaxAnisotropy:8]]
[2022.11.30-19.14.44:581][  0]LogConfig: Setting CVar [[r.VT.MaxAnisotropy:8]]
[2022.11.30-19.14.44:581][  0]LogConfig: Setting CVar [[r.Streaming.LimitPoolSizeToVRAM:0]]
[2022.11.30-19.14.44:581][  0]LogConfig: Setting CVar [[r.Streaming.PoolSize:1000]]
[2022.11.30-19.14.44:581][  0]LogConfig: Setting CVar [[r.Streaming.MaxEffectiveScreenSize:0]]
[2022.11.30-19.14.44:581][  0]LogConfig: Applying CVar settings from Section [EffectsQuality@3] File [G:/Git_Horizontally Scrolling Shooter Repository/UE4_Portfolio2_SL/UE4_Portfolio2_SL/Saved/Config/Windows/Scalability.ini]
[2022.11.30-19.14.44:581][  0]LogConfig: Setting CVar [[r.TranslucencyLightingVolumeDim:64]]
[2022.11.30-19.14.44:581][  0]LogConfig: Setting CVar [[r.RefractionQuality:2]]
[2022.11.30-19.14.44:581][  0]LogConfig: Setting CVar [[r.SSR.Quality:3]]
[2022.11.30-19.14.44:581][  0]LogConfig: Setting CVar [[r.SSR.HalfResSceneColor:0]]
[2022.11.30-19.14.44:581][  0]LogConfig: Setting CVar [[r.SceneColorFormat:4]]
[2022.11.30-19.14.44:581][  0]LogConfig: Setting CVar [[r.DetailMode:2]]
[2022.11.30-19.14.44:581][  0]LogConfig: Setting CVar [[r.TranslucencyVolumeBlur:1]]
[2022.11.30-19.14.44:581][  0]LogConfig: Setting CVar [[r.MaterialQualityLevel:1 ; High quality]]
[2022.11.30-19.14.44:581][  0]LogConfig: Setting CVar [[r.AnisotropicMaterials:1]]
[2022.11.30-19.14.44:581][  0]LogConfig: Setting CVar [[r.SSS.Scale:1]]
[2022.11.30-19.14.44:581][  0]LogConfig: Setting CVar [[r.SSS.SampleSet:2]]
[2022.11.30-19.14.44:581][  0]LogConfig: Setting CVar [[r.SSS.Quality:1]]
[2022.11.30-19.14.44:581][  0]LogConfig: Setting CVar [[r.SSS.HalfRes:0]]
[2022.11.30-19.14.44:581][  0]LogConfig: Setting CVar [[r.SSGI.Quality:3]]
[2022.11.30-19.14.44:581][  0]LogConfig: Setting CVar [[r.EmitterSpawnRateScale:1.0]]
[2022.11.30-19.14.44:581][  0]LogConfig: Setting CVar [[r.ParticleLightQuality:2]]
[2022.11.30-19.14.44:581][  0]LogConfig: Setting CVar [[r.SkyAtmosphere.AerialPerspectiveLUT.FastApplyOnOpaque:1 ; Always have FastSkyLUT 1 in this case to avoid wrong sky]]
[2022.11.30-19.14.44:581][  0]LogConfig: Setting CVar [[r.SkyAtmosphere.AerialPerspectiveLUT.SampleCountMaxPerSlice:4]]
[2022.11.30-19.14.44:581][  0]LogConfig: Setting CVar [[r.SkyAtmosphere.AerialPerspectiveLUT.DepthResolution:16.0]]
[2022.11.30-19.14.44:581][  0]LogConfig: Setting CVar [[r.SkyAtmosphere.FastSkyLUT:1]]
[2022.11.30-19.14.44:581][  0]LogConfig: Setting CVar [[r.SkyAtmosphere.FastSkyLUT.SampleCountMin:4.0]]
[2022.11.30-19.14.44:581][  0]LogConfig: Setting CVar [[r.SkyAtmosphere.FastSkyLUT.SampleCountMax:128.0]]
[2022.11.30-19.14.44:581][  0]LogConfig: Setting CVar [[r.SkyAtmosphere.SampleCountMin:4.0]]
[2022.11.30-19.14.44:581][  0]LogConfig: Setting CVar [[r.SkyAtmosphere.SampleCountMax:128.0]]
[2022.11.30-19.14.44:581][  0]LogConfig: Setting CVar [[r.SkyAtmosphere.TransmittanceLUT.UseSmallFormat:0]]
[2022.11.30-19.14.44:581][  0]LogConfig: Setting CVar [[r.SkyAtmosphere.TransmittanceLUT.SampleCount:10.0]]
[2022.11.30-19.14.44:581][  0]LogConfig: Setting CVar [[r.SkyAtmosphere.MultiScatteringLUT.SampleCount:15.0]]
[2022.11.30-19.14.44:581][  0]LogConfig: Setting CVar [[r.SkyLight.RealTimeReflectionCapture:1]]
[2022.11.30-19.14.44:581][  0]LogConfig: Applying CVar settings from Section [FoliageQuality@3] File [G:/Git_Horizontally Scrolling Shooter Repository/UE4_Portfolio2_SL/UE4_Portfolio2_SL/Saved/Config/Windows/Scalability.ini]
[2022.11.30-19.14.44:581][  0]LogConfig: Setting CVar [[foliage.DensityScale:1.0]]
[2022.11.30-19.14.44:581][  0]LogConfig: Setting CVar [[grass.DensityScale:1.0]]
[2022.11.30-19.14.44:581][  0]LogConfig: Applying CVar settings from Section [ShadingQuality@3] File [G:/Git_Horizontally Scrolling Shooter Repository/UE4_Portfolio2_SL/UE4_Portfolio2_SL/Saved/Config/Windows/Scalability.ini]
[2022.11.30-19.14.44:581][  0]LogConfig: Setting CVar [[r.HairStrands.SkyLighting.IntegrationType:2]]
[2022.11.30-19.14.44:581][  0]LogConfig: Setting CVar [[r.HairStrands.SkyAO.SampleCount:4]]
[2022.11.30-19.14.44:581][  0]LogConfig: Setting CVar [[r.HairStrands.Visibility.MSAA.SamplePerPixel:4]]
[2022.11.30-19.14.44:581][  0]LogInit: Selected Device Profile: [Windows]
[2022.11.30-19.14.44:581][  0]LogInit: Applying CVar settings loaded from the selected device profile: [Windows]
[2022.11.30-19.14.44:581][  0]LogHAL: Display: Platform has ~ 64 GB [68629602304 / 68719476736 / 64], which maps to Largest [LargestMinGB=32, LargerMinGB=12, DefaultMinGB=8, SmallerMinGB=6, SmallestMinGB=0)
[2022.11.30-19.14.44:581][  0]LogInit: Going up to parent DeviceProfile []
[2022.11.30-19.14.44:581][  0]LogConfig: Applying CVar settings from Section [ViewDistanceQuality@3] File [G:/Git_Horizontally Scrolling Shooter Repository/UE4_Portfolio2_SL/UE4_Portfolio2_SL/Saved/Config/Windows/Scalability.ini]
[2022.11.30-19.14.44:581][  0]LogConfig: Setting CVar [[r.SkeletalMeshLODBias:0]]
[2022.11.30-19.14.44:581][  0]LogConfig: Setting CVar [[r.ViewDistanceScale:1.0]]
[2022.11.30-19.14.44:581][  0]LogConfig: Applying CVar settings from Section [AntiAliasingQuality@3] File [G:/Git_Horizontally Scrolling Shooter Repository/UE4_Portfolio2_SL/UE4_Portfolio2_SL/Saved/Config/Windows/Scalability.ini]
[2022.11.30-19.14.44:581][  0]LogConfig: Setting CVar [[r.PostProcessAAQuality:4]]
[2022.11.30-19.14.44:581][  0]LogConfig: Applying CVar settings from Section [ShadowQuality@3] File [G:/Git_Horizontally Scrolling Shooter Repository/UE4_Portfolio2_SL/UE4_Portfolio2_SL/Saved/Config/Windows/Scalability.ini]
[2022.11.30-19.14.44:581][  0]LogConfig: Setting CVar [[r.LightFunctionQuality:1]]
[2022.11.30-19.14.44:581][  0]LogConfig: Setting CVar [[r.ShadowQuality:5]]
[2022.11.30-19.14.44:581][  0]LogConfig: Setting CVar [[r.Shadow.CSM.MaxCascades:10]]
[2022.11.30-19.14.44:581][  0]LogConfig: Setting CVar [[r.Shadow.MaxResolution:2048]]
[2022.11.30-19.14.44:581][  0]LogConfig: Setting CVar [[r.Shadow.MaxCSMResolution:2048]]
[2022.11.30-19.14.44:581][  0]LogConfig: Setting CVar [[r.Shadow.RadiusThreshold:0.01]]
[2022.11.30-19.14.44:581][  0]LogConfig: Setting CVar [[r.Shadow.DistanceScale:1.0]]
[2022.11.30-19.14.44:581][  0]LogConfig: Setting CVar [[r.Shadow.CSM.TransitionScale:1.0]]
[2022.11.30-19.14.44:581][  0]LogConfig: Setting CVar [[r.Shadow.PreShadowResolutionFactor:1.0]]
[2022.11.30-19.14.44:581][  0]LogConfig: Setting CVar [[r.DistanceFieldShadowing:1]]
[2022.11.30-19.14.44:581][  0]LogConfig: Setting CVar [[r.DistanceFieldAO:1]]
[2022.11.30-19.14.44:581][  0]LogConfig: Setting CVar [[r.AOQuality:2]]
[2022.11.30-19.14.44:581][  0]LogConfig: Setting CVar [[r.VolumetricFog:1]]
[2022.11.30-19.14.44:581][  0]LogConfig: Setting CVar [[r.VolumetricFog.GridPixelSize:8]]
[2022.11.30-19.14.44:581][  0]LogConfig: Setting CVar [[r.VolumetricFog.GridSizeZ:128]]
[2022.11.30-19.14.44:581][  0]LogConfig: Setting CVar [[r.VolumetricFog.HistoryMissSupersampleCount:4]]
[2022.11.30-19.14.44:581][  0]LogConfig: Setting CVar [[r.LightMaxDrawDistanceScale:1]]
[2022.11.30-19.14.44:581][  0]LogConfig: Setting CVar [[r.CapsuleShadows:1]]
[2022.11.30-19.14.44:581][  0]LogConfig: Applying CVar settings from Section [PostProcessQuality@3] File [G:/Git_Horizontally Scrolling Shooter Repository/UE4_Portfolio2_SL/UE4_Portfolio2_SL/Saved/Config/Windows/Scalability.ini]
[2022.11.30-19.14.44:581][  0]LogConfig: Setting CVar [[r.MotionBlurQuality:4]]
[2022.11.30-19.14.44:581][  0]LogConfig: Setting CVar [[r.AmbientOcclusionMipLevelFactor:0.4]]
[2022.11.30-19.14.44:581][  0]LogConfig: Setting CVar [[r.AmbientOcclusionMaxQuality:100]]
[2022.11.30-19.14.44:581][  0]LogConfig: Setting CVar [[r.AmbientOcclusionLevels:-1]]
[2022.11.30-19.14.44:581][  0]LogConfig: Setting CVar [[r.AmbientOcclusionRadiusScale:1.0]]
[2022.11.30-19.14.44:581][  0]LogConfig: Setting CVar [[r.DepthOfFieldQuality:2]]
[2022.11.30-19.14.44:581][  0]LogConfig: Setting CVar [[r.RenderTargetPoolMin:400]]
[2022.11.30-19.14.44:581][  0]LogConfig: Setting CVar [[r.LensFlareQuality:2]]
[2022.11.30-19.14.44:581][  0]LogConfig: Setting CVar [[r.SceneColorFringeQuality:1]]
[2022.11.30-19.14.44:581][  0]LogConfig: Setting CVar [[r.EyeAdaptationQuality:2]]
[2022.11.30-19.14.44:581][  0]LogConfig: Setting CVar [[r.BloomQuality:5]]
[2022.11.30-19.14.44:581][  0]LogConfig: Setting CVar [[r.FastBlurThreshold:100]]
[2022.11.30-19.14.44:581][  0]LogConfig: Setting CVar [[r.Upscale.Quality:3]]
[2022.11.30-19.14.44:581][  0]LogConfig: Setting CVar [[r.Tonemapper.GrainQuantization:1]]
[2022.11.30-19.14.44:581][  0]LogConfig: Setting CVar [[r.LightShaftQuality:1]]
[2022.11.30-19.14.44:581][  0]LogConfig: Setting CVar [[r.Filter.SizeScale:1]]
[2022.11.30-19.14.44:581][  0]LogConfig: Setting CVar [[r.Tonemapper.Quality:5]]
[2022.11.30-19.14.44:581][  0]LogConfig: Setting CVar [[r.DOF.Gather.AccumulatorQuality:1        ; higher gathering accumulator quality]]
[2022.11.30-19.14.44:581][  0]LogConfig: Setting CVar [[r.DOF.Gather.PostfilterMethod:1          ; Median3x3 postfilering method]]
[2022.11.30-19.14.44:581][  0]LogConfig: Setting CVar [[r.DOF.Gather.EnableBokehSettings:0       ; no bokeh simulation when gathering]]
[2022.11.30-19.14.44:581][  0]LogConfig: Setting CVar [[r.DOF.Gather.RingCount:4                 ; medium number of samples when gathering]]
[2022.11.30-19.14.44:581][  0]LogConfig: Setting CVar [[r.DOF.Scatter.ForegroundCompositing:1    ; additive foreground scattering]]
[2022.11.30-19.14.44:581][  0]LogConfig: Setting CVar [[r.DOF.Scatter.BackgroundCompositing:2    ; additive background scattering]]
[2022.11.30-19.14.44:581][  0]LogConfig: Setting CVar [[r.DOF.Scatter.EnableBokehSettings:1      ; bokeh simulation when scattering]]
[2022.11.30-19.14.44:581][  0]LogConfig: Setting CVar [[r.DOF.Scatter.MaxSpriteRatio:0.1         ; only a maximum of 10% of scattered bokeh]]
[2022.11.30-19.14.44:581][  0]LogConfig: Setting CVar [[r.DOF.Recombine.Quality:1                ; cheap slight out of focus]]
[2022.11.30-19.14.44:581][  0]LogConfig: Setting CVar [[r.DOF.Recombine.EnableBokehSettings:0    ; no bokeh simulation on slight out of focus]]
[2022.11.30-19.14.44:581][  0]LogConfig: Setting CVar [[r.DOF.TemporalAAQuality:1                ; more stable temporal accumulation]]
[2022.11.30-19.14.44:581][  0]LogConfig: Setting CVar [[r.DOF.Kernel.MaxForegroundRadius:0.025]]
[2022.11.30-19.14.44:581][  0]LogConfig: Setting CVar [[r.DOF.Kernel.MaxBackgroundRadius:0.025]]
[2022.11.30-19.14.44:581][  0]LogConfig: Applying CVar settings from Section [TextureQuality@3] File [G:/Git_Horizontally Scrolling Shooter Repository/UE4_Portfolio2_SL/UE4_Portfolio2_SL/Saved/Config/Windows/Scalability.ini]
[2022.11.30-19.14.44:581][  0]LogConfig: Setting CVar [[r.Streaming.MipBias:0]]
[2022.11.30-19.14.44:581][  0]LogConfig: Setting CVar [[r.Streaming.AmortizeCPUToGPUCopy:0]]
[2022.11.30-19.14.44:581][  0]LogConfig: Setting CVar [[r.Streaming.MaxNumTexturesToStreamPerFrame:0]]
[2022.11.30-19.14.44:581][  0]LogConfig: Setting CVar [[r.Streaming.Boost:1]]
[2022.11.30-19.14.44:581][  0]LogConfig: Setting CVar [[r.MaxAnisotropy:8]]
[2022.11.30-19.14.44:581][  0]LogConfig: Setting CVar [[r.VT.MaxAnisotropy:8]]
[2022.11.30-19.14.44:581][  0]LogConfig: Setting CVar [[r.Streaming.LimitPoolSizeToVRAM:0]]
[2022.11.30-19.14.44:581][  0]LogConfig: Setting CVar [[r.Streaming.PoolSize:1000]]
[2022.11.30-19.14.44:581][  0]LogConfig: Setting CVar [[r.Streaming.MaxEffectiveScreenSize:0]]
[2022.11.30-19.14.44:581][  0]LogConfig: Applying CVar settings from Section [EffectsQuality@3] File [G:/Git_Horizontally Scrolling Shooter Repository/UE4_Portfolio2_SL/UE4_Portfolio2_SL/Saved/Config/Windows/Scalability.ini]
[2022.11.30-19.14.44:582][  0]LogConfig: Setting CVar [[r.TranslucencyLightingVolumeDim:64]]
[2022.11.30-19.14.44:582][  0]LogConfig: Setting CVar [[r.RefractionQuality:2]]
[2022.11.30-19.14.44:582][  0]LogConfig: Setting CVar [[r.SSR.Quality:3]]
[2022.11.30-19.14.44:582][  0]LogConfig: Setting CVar [[r.SSR.HalfResSceneColor:0]]
[2022.11.30-19.14.44:582][  0]LogConfig: Setting CVar [[r.SceneColorFormat:4]]
[2022.11.30-19.14.44:582][  0]LogConfig: Setting CVar [[r.DetailMode:2]]
[2022.11.30-19.14.44:582][  0]LogConfig: Setting CVar [[r.TranslucencyVolumeBlur:1]]
[2022.11.30-19.14.44:582][  0]LogConfig: Setting CVar [[r.MaterialQualityLevel:1 ; High quality]]
[2022.11.30-19.14.44:582][  0]LogConfig: Setting CVar [[r.AnisotropicMaterials:1]]
[2022.11.30-19.14.44:582][  0]LogConfig: Setting CVar [[r.SSS.Scale:1]]
[2022.11.30-19.14.44:582][  0]LogConfig: Setting CVar [[r.SSS.SampleSet:2]]
[2022.11.30-19.14.44:582][  0]LogConfig: Setting CVar [[r.SSS.Quality:1]]
[2022.11.30-19.14.44:582][  0]LogConfig: Setting CVar [[r.SSS.HalfRes:0]]
[2022.11.30-19.14.44:582][  0]LogConfig: Setting CVar [[r.SSGI.Quality:3]]
[2022.11.30-19.14.44:582][  0]LogConfig: Setting CVar [[r.EmitterSpawnRateScale:1.0]]
[2022.11.30-19.14.44:582][  0]LogConfig: Setting CVar [[r.ParticleLightQuality:2]]
[2022.11.30-19.14.44:582][  0]LogConfig: Setting CVar [[r.SkyAtmosphere.AerialPerspectiveLUT.FastApplyOnOpaque:1 ; Always have FastSkyLUT 1 in this case to avoid wrong sky]]
[2022.11.30-19.14.44:582][  0]LogConfig: Setting CVar [[r.SkyAtmosphere.AerialPerspectiveLUT.SampleCountMaxPerSlice:4]]
[2022.11.30-19.14.44:582][  0]LogConfig: Setting CVar [[r.SkyAtmosphere.AerialPerspectiveLUT.DepthResolution:16.0]]
[2022.11.30-19.14.44:582][  0]LogConfig: Setting CVar [[r.SkyAtmosphere.FastSkyLUT:1]]
[2022.11.30-19.14.44:582][  0]LogConfig: Setting CVar [[r.SkyAtmosphere.FastSkyLUT.SampleCountMin:4.0]]
[2022.11.30-19.14.44:582][  0]LogConfig: Setting CVar [[r.SkyAtmosphere.FastSkyLUT.SampleCountMax:128.0]]
[2022.11.30-19.14.44:582][  0]LogConfig: Setting CVar [[r.SkyAtmosphere.SampleCountMin:4.0]]
[2022.11.30-19.14.44:582][  0]LogConfig: Setting CVar [[r.SkyAtmosphere.SampleCountMax:128.0]]
[2022.11.30-19.14.44:582][  0]LogConfig: Setting CVar [[r.SkyAtmosphere.TransmittanceLUT.UseSmallFormat:0]]
[2022.11.30-19.14.44:582][  0]LogConfig: Setting CVar [[r.SkyAtmosphere.TransmittanceLUT.SampleCount:10.0]]
[2022.11.30-19.14.44:582][  0]LogConfig: Setting CVar [[r.SkyAtmosphere.MultiScatteringLUT.SampleCount:15.0]]
[2022.11.30-19.14.44:582][  0]LogConfig: Setting CVar [[r.SkyLight.RealTimeReflectionCapture:1]]
[2022.11.30-19.14.44:582][  0]LogConfig: Applying CVar settings from Section [FoliageQuality@3] File [G:/Git_Horizontally Scrolling Shooter Repository/UE4_Portfolio2_SL/UE4_Portfolio2_SL/Saved/Config/Windows/Scalability.ini]
[2022.11.30-19.14.44:582][  0]LogConfig: Setting CVar [[foliage.DensityScale:1.0]]
[2022.11.30-19.14.44:582][  0]LogConfig: Setting CVar [[grass.DensityScale:1.0]]
[2022.11.30-19.14.44:582][  0]LogConfig: Applying CVar settings from Section [ShadingQuality@3] File [G:/Git_Horizontally Scrolling Shooter Repository/UE4_Portfolio2_SL/UE4_Portfolio2_SL/Saved/Config/Windows/Scalability.ini]
[2022.11.30-19.14.44:582][  0]LogConfig: Setting CVar [[r.HairStrands.SkyLighting.IntegrationType:2]]
[2022.11.30-19.14.44:582][  0]LogConfig: Setting CVar [[r.HairStrands.SkyAO.SampleCount:4]]
[2022.11.30-19.14.44:582][  0]LogConfig: Setting CVar [[r.HairStrands.Visibility.MSAA.SamplePerPixel:4]]
[2022.11.30-19.14.44:582][  0]LogConfig: Applying CVar settings from Section [Startup] File [../../../Engine/Config/ConsoleVariables.ini]
[2022.11.30-19.14.44:582][  0]LogConfig: Setting CVar [[net.UseAdaptiveNetUpdateFrequency:0]]
[2022.11.30-19.14.44:582][  0]LogConfig: Setting CVar [[p.chaos.AllowCreatePhysxBodies:1]]
[2022.11.30-19.14.44:582][  0]LogConfig: Setting CVar [[fx.SkipVectorVMBackendOptimizations:1]]
[2022.11.30-19.14.44:582][  0]LogConfig: Applying CVar settings from Section [ConsoleVariables] File [G:/Git_Horizontally Scrolling Shooter Repository/UE4_Portfolio2_SL/UE4_Portfolio2_SL/Saved/Config/Windows/Engine.ini]
[2022.11.30-19.14.44:582][  0]LogConfig: Applying CVar settings from Section [ConsoleVariables] File [G:/Git_Horizontally Scrolling Shooter Repository/UE4_Portfolio2_SL/UE4_Portfolio2_SL/Saved/Config/Windows/Editor.ini]
[2022.11.30-19.14.44:582][  0]LogInit: Computer: DESKTOP-37S8SED
[2022.11.30-19.14.44:582][  0]LogInit: User: decja
[2022.11.30-19.14.44:582][  0]LogInit: CPU Page size=4096, Cores=12
[2022.11.30-19.14.44:582][  0]LogInit: High frequency timer resolution =10.000000 MHz
[2022.11.30-19.14.44:582][  0]LogMemory: Memory total: Physical=63.9GB (64GB approx)
[2022.11.30-19.14.44:582][  0]LogMemory: Platform Memory Stats for Windows
[2022.11.30-19.14.44:582][  0]LogMemory: Process Physical Memory: 151.43 MB used, 151.43 MB peak
[2022.11.30-19.14.44:582][  0]LogMemory: Process Virtual Memory: 133.11 MB used, 133.11 MB peak
[2022.11.30-19.14.44:582][  0]LogMemory: Physical Memory: 9672.59 MB used,  55777.70 MB free, 65450.29 MB total
[2022.11.30-19.14.44:582][  0]LogMemory: Virtual Memory: 134155912.00 MB used,  61819.66 MB free, 134217728.00 MB total
[2022.11.30-19.14.44:589][  0]LogWindows: WindowsPlatformFeatures enabled
[2022.11.30-19.14.44:614][  0]LogInit: Physics initialised using underlying interface: PhysX
[2022.11.30-19.14.44:615][  0]LogInit: Using OS detected language (ko-KR).
[2022.11.30-19.14.44:615][  0]LogInit: Using OS detected locale (ko-KR).
[2022.11.30-19.14.44:617][  0]LogTextLocalizationManager: No specific localization for 'ko-KR' exists, so the 'ko' localization will be used.
[2022.11.30-19.14.44:700][  0]LogInit: Setting process to per monitor DPI aware
[2022.11.30-19.14.44:717][  0]LogWindowsTextInputMethodSystem: Display: IME system deactivated.
[2022.11.30-19.14.44:726][  0]LogSlate: New Slate User Created.  User Index 0, Is Virtual User: 0
[2022.11.30-19.14.44:726][  0]LogSlate: Slate User Registered.  User Index 0, Is Virtual User: 0
[2022.11.30-19.14.44:902][  0]LogD3D11RHI: Loaded GFSDK_Aftermath_Lib.x64.dll
[2022.11.30-19.14.44:905][  0]LogHMD: Failed to initialize OpenVR with code 110
[2022.11.30-19.14.44:905][  0]LogD3D11RHI: D3D11 min allowed feature level: 11_0
[2022.11.30-19.14.44:905][  0]LogD3D11RHI: D3D11 max allowed feature level: 11_0
[2022.11.30-19.14.44:905][  0]LogD3D11RHI: D3D11 adapters:
[2022.11.30-19.14.44:947][  0]LogD3D11RHI:    0. 'AMD Radeon RX 6600 XT' (Feature Level 11_0)
[2022.11.30-19.14.44:947][  0]LogD3D11RHI:       8147/0/32725 MB DedicatedVideo/DedicatedSystem/SharedSystem, Outputs:1, VendorId:0x1002
[2022.11.30-19.14.44:949][  0]LogD3D11RHI:    1. 'Microsoft Basic Render Driver' (Feature Level 11_0)
[2022.11.30-19.14.44:949][  0]LogD3D11RHI:       0/0/32725 MB DedicatedVideo/DedicatedSystem/SharedSystem, Outputs:0, VendorId:0x1414
[2022.11.30-19.14.44:949][  0]LogD3D11RHI: Chosen D3D11 Adapter:
[2022.11.30-19.14.44:949][  0]LogD3D11RHI:     Description : AMD Radeon RX 6600 XT
[2022.11.30-19.14.44:949][  0]LogD3D11RHI:     VendorId    : 1002
[2022.11.30-19.14.44:949][  0]LogD3D11RHI:     DeviceId    : 73ff
[2022.11.30-19.14.44:949][  0]LogD3D11RHI:     SubSysId    : e4481da2
[2022.11.30-19.14.44:949][  0]LogD3D11RHI:     Revision    : 00c1
[2022.11.30-19.14.44:949][  0]LogD3D11RHI:     DedicatedVideoMemory : 8542978048 bytes
[2022.11.30-19.14.44:949][  0]LogD3D11RHI:     DedicatedSystemMemory : 0 bytes
[2022.11.30-19.14.44:949][  0]LogD3D11RHI:     SharedSystemMemory : 34314801152 bytes
[2022.11.30-19.14.44:949][  0]LogD3D11RHI:     AdapterLuid : 0 72297
[2022.11.30-19.14.44:955][  0]LogD3D11RHI: Creating new Direct3DDevice
[2022.11.30-19.14.44:955][  0]LogD3D11RHI:     GPU DeviceId: 0x73ff (for the marketing name, search the web for "GPU Device Id")
[2022.11.30-19.14.44:955][  0]LogWindows: EnumDisplayDevices:
[2022.11.30-19.14.44:955][  0]LogWindows:    0. 'AMD Radeon RX 6600 XT' (P:1 D:1)
[2022.11.30-19.14.44:956][  0]LogWindows:    1. 'AMD Radeon RX 6600 XT' (P:0 D:0)
[2022.11.30-19.14.44:956][  0]LogWindows:    2. 'AMD Radeon RX 6600 XT' (P:0 D:0)
[2022.11.30-19.14.44:956][  0]LogWindows:    3. 'AMD Radeon RX 6600 XT' (P:0 D:0)
[2022.11.30-19.14.44:956][  0]LogWindows:    4. 'AMD Radeon RX 6600 XT' (P:0 D:0)
[2022.11.30-19.14.44:956][  0]LogWindows:    5. 'AMD Radeon RX 6600 XT' (P:0 D:0)
[2022.11.30-19.14.44:956][  0]LogWindows: DebugString: FoundDriverCount:6 
[2022.11.30-19.14.44:956][  0]LogD3D11RHI:     Adapter Name: AMD Radeon RX 6600 XT
[2022.11.30-19.14.44:957][  0]LogD3D11RHI:   Driver Version: AMD Software: Adrenalin Edition 22.5.1 (internal:30.0.15021.11005, unified:30.0.15021.11005)
[2022.11.30-19.14.44:957][  0]LogD3D11RHI:      Driver Date: 4-28-2022
[2022.11.30-19.14.44:957][  0]LogRHI: Texture pool is 5165 MB (70% of 7379 MB)
[2022.11.30-19.14.44:975][  0]LogD3D11RHI: Creating D3DDevice with AMD AGS, using adapter:
[2022.11.30-19.14.44:975][  0]LogD3D11RHI:     Description : AMD Radeon RX 6600 XT
[2022.11.30-19.14.44:975][  0]LogD3D11RHI:     VendorId    : 1002
[2022.11.30-19.14.44:975][  0]LogD3D11RHI:     DeviceId    : 73ff
[2022.11.30-19.14.44:975][  0]LogD3D11RHI:     SubSysId    : e4481da2
[2022.11.30-19.14.44:975][  0]LogD3D11RHI:     Revision    : 00c1
[2022.11.30-19.14.44:975][  0]LogD3D11RHI:     DedicatedVideoMemory : 8542978048 bytes
[2022.11.30-19.14.44:975][  0]LogD3D11RHI:     DedicatedSystemMemory : 0 bytes
[2022.11.30-19.14.44:975][  0]LogD3D11RHI:     SharedSystemMemory : 34314801152 bytes
[2022.11.30-19.14.44:975][  0]LogD3D11RHI:     AdapterLuid : 0 72297
[2022.11.30-19.14.45:009][  0]LogD3D11RHI: Created device via AGS, feature level 11_0, supported extensions 1fffffbf.
[2022.11.30-19.14.45:009][  0]LogD3D11RHI: RHI has support for 64 bit atomics
[2022.11.30-19.14.45:009][  0]LogD3D11RHI: Async texture creation enabled
[2022.11.30-19.14.45:009][  0]LogD3D11RHI: Array index from any shader is supported
[2022.11.30-19.14.45:024][  0]LogD3D11RHI: GPU Timing Frequency: 100.000000 (Debug: 2 1)
[2022.11.30-19.14.45:262][  0]LogTargetPlatformManager: Display: Loaded TargetPlatform 'AllDesktop'
[2022.11.30-19.14.45:278][  0]LogTargetPlatformManager: Display: Loaded TargetPlatform 'Android'
[2022.11.30-19.14.45:278][  0]LogTargetPlatformManager: Display: Loaded TargetPlatform 'Android_ASTC'
[2022.11.30-19.14.45:278][  0]LogTargetPlatformManager: Display: Loaded TargetPlatform 'Android_DXT'
[2022.11.30-19.14.45:278][  0]LogTargetPlatformManager: Display: Loaded TargetPlatform 'Android_ETC2'
[2022.11.30-19.14.45:278][  0]LogTargetPlatformManager: Display: Loaded TargetPlatform 'AndroidClient'
[2022.11.30-19.14.45:278][  0]LogTargetPlatformManager: Display: Loaded TargetPlatform 'Android_ASTCClient'
[2022.11.30-19.14.45:278][  0]LogTargetPlatformManager: Display: Loaded TargetPlatform 'Android_DXTClient'
[2022.11.30-19.14.45:278][  0]LogTargetPlatformManager: Display: Loaded TargetPlatform 'Android_ETC2Client'
[2022.11.30-19.14.45:278][  0]LogTargetPlatformManager: Display: Loaded TargetPlatform 'Android_Multi'
[2022.11.30-19.14.45:278][  0]LogTargetPlatformManager: Display: Loaded TargetPlatform 'Android_MultiClient'
[2022.11.30-19.14.45:292][  0]LogTargetPlatformManager: Display: Loaded TargetPlatform 'IOSClient'
[2022.11.30-19.14.45:292][  0]LogTargetPlatformManager: Display: Loaded TargetPlatform 'IOS'
[2022.11.30-19.14.45:299][  0]LogTargetPlatformManager: Display: Loaded TargetPlatform 'Linux'
[2022.11.30-19.14.45:302][  0]LogTargetPlatformManager: Display: Loaded TargetPlatform 'LinuxNoEditor'
[2022.11.30-19.14.45:306][  0]LogTargetPlatformManager: Display: Loaded TargetPlatform 'LinuxClient'
[2022.11.30-19.14.45:309][  0]LogTargetPlatformManager: Display: Loaded TargetPlatform 'LinuxServer'
[2022.11.30-19.14.45:316][  0]LogTargetPlatformManager: Display: Loaded TargetPlatform 'LinuxAArch64NoEditor'
[2022.11.30-19.14.45:320][  0]LogTargetPlatformManager: Display: Loaded TargetPlatform 'LinuxAArch64Client'
[2022.11.30-19.14.45:323][  0]LogTargetPlatformManager: Display: Loaded TargetPlatform 'LinuxAArch64Server'
[2022.11.30-19.14.45:339][  0]LogTargetPlatformManager: Display: Loaded TargetPlatform 'Lumin'
[2022.11.30-19.14.45:339][  0]LogTargetPlatformManager: Display: Loaded TargetPlatform 'LuminClient'
[2022.11.30-19.14.45:345][  0]LogTargetPlatformManager: Display: Loaded TargetPlatform 'MacNoEditor'
[2022.11.30-19.14.45:349][  0]LogTargetPlatformManager: Display: Loaded TargetPlatform 'Mac'
[2022.11.30-19.14.45:352][  0]LogTargetPlatformManager: Display: Loaded TargetPlatform 'MacClient'
[2022.11.30-19.14.45:356][  0]LogTargetPlatformManager: Display: Loaded TargetPlatform 'MacServer'
[2022.11.30-19.14.45:363][  0]LogTargetPlatformManager: Display: Loaded TargetPlatform 'TVOSClient'
[2022.11.30-19.14.45:363][  0]LogTargetPlatformManager: Display: Loaded TargetPlatform 'TVOS'
[2022.11.30-19.14.45:370][  0]LogTargetPlatformManager: Display: Loaded TargetPlatform 'WindowsNoEditor'
[2022.11.30-19.14.45:374][  0]LogTargetPlatformManager: Display: Loaded TargetPlatform 'Windows'
[2022.11.30-19.14.45:378][  0]LogTargetPlatformManager: Display: Loaded TargetPlatform 'WindowsClient'
[2022.11.30-19.14.45:381][  0]LogTargetPlatformManager: Display: Loaded TargetPlatform 'WindowsServer'
[2022.11.30-19.14.45:381][  0]LogTargetPlatformManager: Display: Building Assets For Windows
[2022.11.30-19.14.45:388][  0]LogAudioDebug: Display: Lib vorbis DLL was dynamically loaded.
[2022.11.30-19.14.45:416][  0]LogTextureFormatOodle: Display: Oodle Texture 2.9.0 init RDO Off
[2022.11.30-19.14.45:444][  0]LogRendererCore: Ray tracing is disabled. Reason: r.RayTracing=0.
[2022.11.30-19.14.45:444][  0]LogShaderCompilers: Guid format shader working directory is -51 characters bigger than the processId version (../../../../../Git_Horizontally Scrolling Shooter Repository/UE4_Portfolio2_SL/UE4_Portfolio2_SL/Intermediate/Shaders/WorkingDirectory/31140/).
[2022.11.30-19.14.45:445][  0]LogShaderCompilers: Cleaned the shader compiler working directory 'C:/Users/decja/AppData/Local/Temp/UnrealShaderWorkingDir/1D9AC0454AB44E4D261A3EA96238C2AB/'.
[2022.11.30-19.14.45:445][  0]LogXGEController: Cannot use XGE Controller as Incredibuild is not installed on this machine.
[2022.11.30-19.14.45:445][  0]LogShaderCompilers: Cannot use XGE Shader Compiler as Incredibuild is not installed on this machine.
[2022.11.30-19.14.45:445][  0]LogShaderCompilers: Display: Using Local Shader Compiler.
[2022.11.30-19.14.45:968][  0]LogDerivedDataCache: Display: Max Cache Size: 512 MB
[2022.11.30-19.14.46:005][  0]LogDerivedDataCache: Loaded boot cache 0.04s 103MB C:/Users/decja/AppData/Local/UnrealEngine/4.27/DerivedDataCache/Boot.ddc.
[2022.11.30-19.14.46:005][  0]LogDerivedDataCache: Display: Loaded Boot cache: C:/Users/decja/AppData/Local/UnrealEngine/4.27/DerivedDataCache/Boot.ddc
[2022.11.30-19.14.46:005][  0]LogDerivedDataCache: FDerivedDataBackendGraph:  Pak pak cache file ../../../../../Git_Horizontally Scrolling Shooter Repository/UE4_Portfolio2_SL/UE4_Portfolio2_SL/DerivedDataCache/DDC.ddp not found, will not use a pak cache.
[2022.11.30-19.14.46:006][  0]LogDerivedDataCache: Unable to find inner node Pak for hierarchical cache Hierarchy.
[2022.11.30-19.14.46:006][  0]LogDerivedDataCache: FDerivedDataBackendGraph:  CompressedPak pak cache file ../../../../../Git_Horizontally Scrolling Shooter Repository/UE4_Portfolio2_SL/UE4_Portfolio2_SL/DerivedDataCache/Compressed.ddp not found, will not use a pak cache.
[2022.11.30-19.14.46:006][  0]LogDerivedDataCache: Unable to find inner node CompressedPak for hierarchical cache Hierarchy.
[2022.11.30-19.14.46:019][  0]LogDerivedDataCache: Display: Pak cache opened for reading ../../../Engine/DerivedDataCache/Compressed.ddp.
[2022.11.30-19.14.46:019][  0]LogDerivedDataCache: FDerivedDataBackendGraph:  EnterprisePak pak cache file ../../../Enterprise/DerivedDataCache/Compressed.ddp not found, will not use a pak cache.
[2022.11.30-19.14.46:019][  0]LogDerivedDataCache: Unable to find inner node EnterprisePak for hierarchical cache Hierarchy.
[2022.11.30-19.14.46:027][  0]LogDerivedDataCache: Speed tests for C:/Users/decja/AppData/Local/UnrealEngine/Common/DerivedDataCache took 0.01 seconds
[2022.11.30-19.14.46:027][  0]LogDerivedDataCache: Display: Performance to C:/Users/decja/AppData/Local/UnrealEngine/Common/DerivedDataCache: Latency=0.09ms. RandomReadSpeed=725.52MBs, RandomWriteSpeed=161.27MBs. Assigned SpeedClass 'Local'
[2022.11.30-19.14.46:028][  0]LogDerivedDataCache: Using Local data cache path C:/Users/decja/AppData/Local/UnrealEngine/Common/DerivedDataCache: Writable
[2022.11.30-19.14.46:028][  0]LogDerivedDataCache: Shared data cache path not found in *engine.ini, will not use an Shared cache.
[2022.11.30-19.14.46:028][  0]LogDerivedDataCache: Unable to find inner node Shared for hierarchical cache Hierarchy.
[2022.11.30-19.14.46:061][  0]LogSlate: Using FreeType 2.10.0
[2022.11.30-19.14.46:061][  0]LogSlate: SlateFontServices - WITH_FREETYPE: 1, WITH_HARFBUZZ: 1
[2022.11.30-19.14.46:083][  0]LogAssetRegistry: FAssetRegistry took 0.0019 seconds to start up
[2022.11.30-19.14.46:262][  0]LogInit: Selected Device Profile: [Windows]
[2022.11.30-19.14.46:262][  0]LogInit: Active device profile: [0000027E41DDB100][0000027E40066B80 49] Windows
[2022.11.30-19.14.46:262][  0]LogInit: Profiles: [0000027E41DDB100][0000027E40066B80 49] Windows, [0000027E41DD5200][0000027E4006AE40 49] WindowsNoEditor, [0000027E41DD9100][0000027E4006F100 49] WindowsServer, [0000027E41DD6F00][0000027E400733C0 49] WindowsClient, [0000027E41DDB000][0000027E40077680 49] IOS, [0000027E41DD5600][0000027E4007B940 49] iPadAir, [0000027E41DD9500][0000027E4224FC00 49] iPadAir2, [0000027E41D78100][0000027E422625C0 49] IPadPro, [0000027E41D67F00][0000027E42252600 49] iPadAir3, [0000027E41DDAA00][0000027E4225A8C0 49] iPadAir4, [0000027E41D65600][0000027E40062B40 49] iPadMini2, [0000027E41DD9700][0000027E42256DC0 49] iPadMini3, [0000027E41D66A00][0000027E42267080 49] iPadMini4, [0000027E41DDA700][0000027E4226B340 49] iPadMini5, [0000027E41DD6C00][0000027E4229F880 49] iPhone6, [0000027E41DD6B00][0000027E422878C0 49] iPodTouch6, [0000027E41D64500][0000027E422D6280 49] iPhone7, [0000027E41D64400][0000027E422922C0 49] iPodTouch7, [0000027E41DD7700][0000027E4229A580 49] iPhone5S, [0000027E41D66800][0000027E4228E840 49] iPhone6Plus, [0000027E41DD4600][0000027E422D2B00 49] iPhone6S, [0000027E41D66F00][0000027E4225ED80 49] iPhone6SPlus, [0000027E41DD6900][0000027E42363000 49] iPhone7Plus, [0000027E41D67C00][0000027E423EF2C0 49] iPhoneSE, [0000027E41DD6400][0000027E423F3580 49] iPhone8, [0000027E41D66E00][0000027E42409840 49] iPhone8Plus, [0000027E41DD5D00][0000027E4240DB00 49] iPhoneX, [0000027E41D65100][0000027E42410240 49] iPhoneXS, [0000027E41DD6A00][0000027E42488500 49] iPhoneXSMax, [0000027E41D66200][0000027E434BA7C0 49] iPhoneXR, [0000027E41DD5400][0000027E434BEA80 49] iPhone11, [0000027E41D64E00][0000027E434C2D40 49] iPhone11Pro, [0000027E41DD6300][0000027E423EAFC0 49] iPhone11ProMax, [0000027E41D67700][0000027E434CF240 49] iPhoneSE2, [0000027E41DD6800][0000027E434D7500 49] iPhone12Mini, [0000027E41D65B00][0000027E434DB7C0 49] iPhone12, [0000027E41DD5100][0000027E43525A80 49] iPhone12Pro, [0000027E41D64200][0000027E435AE1C0 49] iPhone12ProMax, [0000027E41DD4C00][0000027E435CC480 49] iPadPro105, [0000027E41D65900][0000027E435D0740 49] iPadPro129, [0000027E41DD5E00][0000027E435D4A00 49] iPadPro97, [0000027E41D66600][0000027E435DCCC0 49] iPadPro2_129, [0000027E41DD7E00][0000027E435E0F80 49] iPad5, [0000027E41D64F00][0000027E434D3200 49] iPad6, [0000027E41DD6600][0000027E435E5480 49] iPad7, [0000027E41D66400][0000027E435ED740 49] iPad8, [0000027E41DD5700][0000027E435F1A00 49] iPadPro11, [0000027E41D67300][0000027E435F4140 49] iPadPro2_11, [0000027E41DD7100][0000027E435F8400 49] iPadPro3_129, [0000027E41D64700][0000027E422DA6C0 49] iPadPro4_129, [0000027E41DD6200][0000027E422DE980 49] AppleTV, [0000027E41D67100][0000027E422E2C40 49] AppleTV4K, [0000027E41DD7C00][0000027E422E6F00 49] TVOS, [0000027E41D64300][0000027E422EB1C0 49] Mac, [0000027E41DD5800][0000027E435E9440 49] MacClient, [0000027E41E5C800][0000027E422F36C0 49] MacNoEditor, [0000027E41D79B00][0000027E3C293980 49] MacServer, [0000027E41E5D400][0000027E3C6300C0 49] Linux, [0000027E41D7AC00][0000027E3C674380 49] LinuxAArch64, [0000027E41E5C100][0000027E3C690640 49] LinuxNoEditor, [0000027E41D7BB00][0000027E3DADC900 49] LinuxAArch64NoEditor, [0000027E41E5D100][0000027E43698BC0 49] LinuxClient, [0000027E41D78E00][0000027E436FCE80 49] LinuxAArch64Client, [0000027E41E5CA00][0000027E43711140 49] LinuxServer, [0000027E41D7A400][0000027E3C73F400 49] LinuxAArch64Server, [0000027E41E5CF00][0000027E3C28F680 49] Android, [0000027E41D79D00][0000027E3C75B900 49] Android_Low, [0000027E41E5DB00][0000027E3C77BBC0 49] Android_Mid, [0000027E41D7AB00][0000027E43804300 49] Android_High, [0000027E41E5E000][0000027E4381C5C0 49] Android_Default, [0000027E41D79200][0000027E43898880 49] Android_Adreno4xx, [0000027E41E5C500][0000027E440F8B40 49] Android_Adreno5xx_Low, [0000027E41D7BF00][0000027E44164E00 49] Android_Adreno5xx, [0000027E41E5CB00][0000027E441810C0 49] Android_Adreno6xx, [0000027E41D7AF00][0000027E441E9380 49] Android_Adreno6xx_Vulkan, [0000027E41E5DD00][0000027E4420D640 49] Android_Mali_T6xx, [0000027E41D78300][0000027E3C7738C0 49] Android_Mali_T7xx, [0000027E41DD5C00][0000027E4431DB40 49] Android_Mali_T8xx, [0000027E41D65500][0000027E44324280 49] Android_Mali_G71, [0000027E41DD4B00][0000027E44328540 49] Android_Mali_G72, [0000027E41D65E00][0000027E4434E800 49] Android_Mali_G72_Vulkan, [0000027E41DD7D00][0000027E4444EAC0 49] Android_Mali_G76, [0000027E41D65D00][0000027E44452D80 49] Android_Mali_G76_Vulkan, [0000027E41DD4D00][0000027E44457040 49] Android_Mali_G77, [0000027E41D65200][0000027E4445B300 49] Android_Mali_G77_Vulkan, [0000027E41DD4500][0000027E4445F5C0 49] Android_Mali_G78, [0000027E41D64B00][0000027E44463880 49] Android_Mali_G78_Vulkan, [0000027E41DD7200][0000027E44321B00 49] Android_Mali_G710, [0000027E41D66C00][0000027E44466200 49] Android_Mali_G710_Vulkan, [0000027E41DD7600][0000027E4446E4C0 49] Android_Vulkan_SM5, [0000027E41D64A00][0000027E44472780 49] Android_PowerVR_G6xxx, [0000027E41DD4100][0000027E44476A40 49] Android_PowerVR_GT7xxx, [0000027E41D67600][0000027E4447AD00 49] Android_PowerVR_GE8xxx, [0000027E41DD7800][0000027E4447EFC0 49] Android_PowerVR_GM9xxx, [0000027E41D66700][0000027E44483280 49] Android_PowerVR_GM9xxx_Vulkan, [0000027E41DD6D00][0000027E44487540 49] Android_TegraK1, [0000027E41E5DA00][0000027E4448B800 49] Android_Unknown_Vulkan, [0000027E41DD4800][0000027E4448FAC0 49] Lumin, [0000027E41E5D300][0000027E4446A1C0 49] Lumin_Desktop, [0000027E41DD4A00][0000027E44492440 49] HoloLens, 
[2022.11.30-19.14.46:366][  0]LogMeshReduction: Using QuadricMeshReduction for automatic static mesh reduction
[2022.11.30-19.14.46:366][  0]LogMeshReduction: Using SimplygonMeshReduction for automatic skeletal mesh reduction
[2022.11.30-19.14.46:366][  0]LogMeshReduction: Using ProxyLODMeshReduction for automatic mesh merging
[2022.11.30-19.14.46:366][  0]LogMeshReduction: No distributed automatic mesh merging module available
[2022.11.30-19.14.46:366][  0]LogMeshMerging: No distributed automatic mesh merging module available
[2022.11.30-19.14.46:380][  0]LogNetVersion: UE4_Portfolio2_SL 1.0.0, NetCL: 17155196, EngineNetVer: 17, GameNetVer: 0 (Checksum: 2867686067)
[2022.11.30-19.14.46:683][  0]LogTexture: Default maximum texture size for cubemaps generated from long-lat sources has been changed from 512 to unlimited. In order to preserve old behaiour for '/Engine/MapTemplates/Sky/DaylightAmbientCubemap.DaylightAmbientCubemap', its maximum texture size has been explicitly set to 512.
[2022.11.30-19.14.46:727][  0]LogHMD: PokeAHoleMaterial loaded successfully
[2022.11.30-19.14.46:731][  0]LogUObjectArray: 17178 objects as part of root set at end of initial load.
[2022.11.30-19.14.46:731][  0]LogUObjectAllocator: 4302048 out of 0 bytes used by permanent object pool.
[2022.11.30-19.14.46:731][  0]LogUObjectArray: CloseDisregardForGC: 0/0 objects in disregard for GC pool
[2022.11.30-19.14.46:950][  0]LogPython: Using Python 3.7.7
[2022.11.30-19.14.47:287][  0]LogNiagaraDebuggerClient: Niagara Debugger Client Initialized | Session: DF03E8B641C78AA9BB21069C152EC2F8 | Instance: 688898C44A3B311D5DFE4B9B602F01BF (DESKTOP-37S8SED-31140).
[2022.11.30-19.14.47:400][  0]LogTcpMessaging: Initializing TcpMessaging bridge
[2022.11.30-19.14.47:404][  0]LogUdpMessaging: Initializing bridge on interface 0.0.0.0:0 to multicast group 230.0.0.1:6666.
[2022.11.30-19.14.47:646][  0]SourceControl: 소스 컨트롤이 꺼졌습니다.
[2022.11.30-19.14.47:646][  0]SourceControl: 소스 컨트롤이 꺼졌습니다.
[2022.11.30-19.14.47:661][  0]SourceControl: 소스 컨트롤이 꺼졌습니다.
[2022.11.30-19.14.47:664][  0]SourceControl: 소스 컨트롤이 꺼졌습니다.
[2022.11.30-19.14.47:669][  0]SourceControl: 소스 컨트롤이 꺼졌습니다.
[2022.11.30-19.14.47:675][  0]LogUProjectInfo: Found projects:
[2022.11.30-19.14.47:825][  0]LogOpenImageDenoise: OIDN starting up
[2022.11.30-19.14.47:882][  0]LogAndroidPermission: UAndroidPermissionCallbackProxy::GetInstance
[2022.11.30-19.14.47:901][  0]LogAudioCaptureCore: Display: No Audio Capture implementations found. Audio input will be silent.
[2022.11.30-19.14.47:901][  0]LogAudioCaptureCore: Display: No Audio Capture implementations found. Audio input will be silent.
[2022.11.30-19.14.47:996][  0]LogCollectionManager: Loaded 0 collections in 0.000857 seconds
[2022.11.30-19.14.48:015][  0]LogFileCache: Scanning file cache for directory 'G:/Git_Horizontally Scrolling Shooter Repository/UE4_Portfolio2_SL/UE4_Portfolio2_SL/Saved/Collections/' took 0.00s
[2022.11.30-19.14.48:015][  0]LogFileCache: Scanning file cache for directory 'G:/Git_Horizontally Scrolling Shooter Repository/UE4_Portfolio2_SL/UE4_Portfolio2_SL/Content/Developers/decja/Collections/' took 0.00s
[2022.11.30-19.14.48:015][  0]LogFileCache: Scanning file cache for directory 'G:/Git_Horizontally Scrolling Shooter Repository/UE4_Portfolio2_SL/UE4_Portfolio2_SL/Content/Collections/' took 0.00s
[2022.11.30-19.14.48:015][  0]LogOcInput: OculusInput pre-init called
[2022.11.30-19.14.48:200][  0]LogEngine: Initializing Engine...
[2022.11.30-19.14.48:202][  0]LogHMD: Failed to enumerate extensions. Please check that you have a valid OpenXR runtime installed.
[2022.11.30-19.14.48:202][  0]LogHMD: Failed to initialize OpenVR with code 110
[2022.11.30-19.14.48:202][  0]LogMagicLeap: Warning: VR disabled because ZI is not enabled.  To enable, in the editor, Edit -> Project Settings -> Plugins -> Magic Leap Plugin -> Enable Zero Iteration
[2022.11.30-19.14.48:203][  0]LogStats: UGameplayTagsManager::InitializeManager -  0.000 s
[2022.11.30-19.14.48:287][  0]LogInit: Initializing FReadOnlyCVARCache
[2022.11.30-19.14.48:294][  0]LogAIModule: Creating AISystem for world Untitled
[2022.11.30-19.14.48:303][  0]LogAudio: Display: Initializing Audio Device Manager...
[2022.11.30-19.14.48:306][  0]LogAudio: Display: Loading Default Audio Settings Objects...
[2022.11.30-19.14.48:307][  0]LogAudio: Display: No default SoundConcurrencyObject specified (or failed to load).
[2022.11.30-19.14.48:307][  0]LogAudio: Display: Audio Device Manager Initialized
[2022.11.30-19.14.48:307][  0]LogAudio: Display: Creating Audio Device:                 Id: 1, Scope: Shared, Realtime: True
[2022.11.30-19.14.48:307][  0]LogAudioMixer: Display: Audio Mixer Platform Settings:
[2022.11.30-19.14.48:307][  0]LogAudioMixer: Display: 	Sample Rate:						  48000
[2022.11.30-19.14.48:307][  0]LogAudioMixer: Display: 	Callback Buffer Frame Size Requested: 1024
[2022.11.30-19.14.48:307][  0]LogAudioMixer: Display: 	Callback Buffer Frame Size To Use:	  1024
[2022.11.30-19.14.48:307][  0]LogAudioMixer: Display: 	Number of buffers to queue:			  2
[2022.11.30-19.14.48:307][  0]LogAudioMixer: Display: 	Max Channels (voices):				  32
[2022.11.30-19.14.48:307][  0]LogAudioMixer: Display: 	Number of Async Source Workers:		  0
[2022.11.30-19.14.48:307][  0]LogAudio: Display: AudioDevice MaxSources: 32
[2022.11.30-19.14.48:307][  0]LogAudio: Display: Audio Spatialization Plugin: None (built-in).
[2022.11.30-19.14.48:307][  0]LogAudio: Display: Audio Reverb Plugin: None (built-in).
[2022.11.30-19.14.48:307][  0]LogAudio: Display: Audio Occlusion Plugin: None (built-in).
[2022.11.30-19.14.48:307][  0]LogAudioMixer: Display: Initializing audio mixer.
[2022.11.30-19.14.48:317][  0]LogAudioMixer: Display: 0: FrontLeft
[2022.11.30-19.14.48:317][  0]LogAudioMixer: Display: 1: FrontRight
[2022.11.30-19.14.48:347][  0]LogAudioMixer: Display: Using Audio Device 스피커(Realtek(R) Audio)
[2022.11.30-19.14.48:348][  0]LogAudioMixer: Display: Initializing Sound Submixes...
[2022.11.30-19.14.48:351][  0]LogAudioMixer: Display: Creating Master Submix 'MasterSubmixDefault'
[2022.11.30-19.14.48:351][  0]LogAudioMixer: Display: Creating Master Submix 'MasterReverbSubmixDefault'
[2022.11.30-19.14.48:351][  0]LogAudioMixer: Display: Creating Master Submix 'MasterEQSubmixDefault'
[2022.11.30-19.14.48:351][  0]LogAudioMixer: FMixerPlatformXAudio2::StartAudioStream() called
[2022.11.30-19.14.48:351][  0]LogAudioMixer: Display: Output buffers initialized: Frames=1024, Channels=2, Samples=2048
[2022.11.30-19.14.48:352][  0]LogAudioMixer: Display: Starting AudioMixerPlatformInterface::RunInternal()
[2022.11.30-19.14.48:352][  0]LogAudioMixer: Display: FMixerPlatformXAudio2::SubmitBuffer() called for the first time
[2022.11.30-19.14.48:352][  0]LogInit: FAudioDevice initialized.
[2022.11.30-19.14.48:352][  0]LogAudio: Display: Audio Device (ID: 1) registered with world 'Untitled'.
[2022.11.30-19.14.48:352][  0]LogNetVersion: Set ProjectVersion to 1.0.0.0. Version Checksum will be recalculated on next use.
[2022.11.30-19.14.48:420][  0]LogDerivedDataCache: Saved boot cache 0.07s 103MB C:/Users/decja/AppData/Local/UnrealEngine/4.27/DerivedDataCache/Boot.ddc.
[2022.11.30-19.14.48:421][  0]LogInit: Texture streaming: Enabled
[2022.11.30-19.14.48:432][  0]LogAnalytics: Display: [UEEditor.Rocket.Release] APIServer = https://datarouter.ol.epicgames.com/. AppVersion = 4.27.2-18319896+++UE4+Release-4.27
[2022.11.30-19.14.48:435][  0]LogEngineSessionManager: EngineSessionManager initialized
[2022.11.30-19.14.48:435][  0]LogEditorSessionSummary: Verbose: Initializing EditorSessionSummaryWriter for editor session tracking
[2022.11.30-19.14.48:436][  0]LogEditorSessionSummary: EditorSessionSummaryWriter initialized
[2022.11.30-19.14.48:458][  0]LogInit: Transaction tracking system initialized
[2022.11.30-19.14.48:477][  0]BlueprintLog: New page: 에디터 로드
[2022.11.30-19.14.48:527][  0]LocalizationService: 현지화 서비스가 비활성화되었습니다.
[2022.11.30-19.14.48:547][  0]TimingProfiler: Initialize
[2022.11.30-19.14.48:547][  0]TimingProfiler: OnSessionChanged
[2022.11.30-19.14.48:547][  0]LoadingProfiler: Initialize
[2022.11.30-19.14.48:547][  0]LoadingProfiler: OnSessionChanged
[2022.11.30-19.14.48:547][  0]NetworkingProfiler: Initialize
[2022.11.30-19.14.48:547][  0]NetworkingProfiler: OnSessionChanged
[2022.11.30-19.14.48:547][  0]MemoryProfiler: Initialize
[2022.11.30-19.14.48:547][  0]MemoryProfiler: OnSessionChanged
[2022.11.30-19.14.48:659][  0]LogCook: Display: CookSettings for Memory: MemoryMaxUsedVirtual 0MiB, MemoryMaxUsedPhysical 16384MiB, MemoryMinFreeVirtual 0MiB, MemoryMinFreePhysical 1024MiB
[2022.11.30-19.14.48:659][  0]LogCook: Display: Mobile HDR setting 1
[2022.11.30-19.14.48:811][  0]LogFileCache: Scanning file cache for directory 'G:/Git_Horizontally Scrolling Shooter Repository/UE4_Portfolio2_SL/UE4_Portfolio2_SL/Content/' took 0.03s
[2022.11.30-19.14.48:960][  0]LogInit: Display: Engine is initialized. Leaving FEngineLoop::Init()
[2022.11.30-19.14.48:962][  0]SourceControl: 소스 컨트롤이 꺼졌습니다.
[2022.11.30-19.14.48:962][  0]LogUnrealEdMisc: Loading editor; pre map load, took 5.434
[2022.11.30-19.14.48:963][  0]LightingResults: New page: 라이팅 빌드
[2022.11.30-19.14.48:964][  0]LogWorld: UWorld::CleanupWorld for Untitled, bSessionEnded=true, bCleanupResources=true
[2022.11.30-19.14.48:964][  0]LogSlate: InvalidateAllWidgets triggered.  All widgets were invalidated
[2022.11.30-19.14.48:964][  0]MapCheck: New page: 맵 체크
[2022.11.30-19.14.48:964][  0]LightingResults: New page: 라이팅 빌드
[2022.11.30-19.14.48:967][  0]LogAudio: Display: Audio Device unregistered from world 'None'.
[2022.11.30-19.14.48:969][  0]LogUObjectHash: Compacting FUObjectHashTables data took   0.66ms
[2022.11.30-19.14.49:018][  0]LogAudio: Display: Audio Device (ID: 1) registered with world 'ThirdPersonExampleMap'.
[2022.11.30-19.14.49:019][  0]LogAIModule: Creating AISystem for world ThirdPersonExampleMap
[2022.11.30-19.14.49:037][  0]LogEditorServer: Finished looking for orphan Actors (0.000 secs)
[2022.11.30-19.14.49:055][  0]LogUObjectHash: Compacting FUObjectHashTables data took   0.63ms
[2022.11.30-19.14.49:055][  0]Cmd: MAP CHECKDEP NOCLEARLOG
[2022.11.30-19.14.49:055][  0]MapCheck: 맵 체크 완료: 오류 0 회, 경고 0 회, 소요 시간 0.063ms.
[2022.11.30-19.14.49:055][  0]LogFileHelpers: Loading map 'ThirdPersonExampleMap' took 0.093
[2022.11.30-19.14.49:057][  0]LogUnrealEdMisc: Total Editor Startup Time, took 5.528
[2022.11.30-19.14.49:169][  0]LogSlate: Updating window title bar state: overlay mode, drag disabled, window buttons hidden, title bar hidden
[2022.11.30-19.14.49:173][  0]LogSlate: Updating window title bar state: overlay mode, drag disabled, window buttons hidden, title bar hidden
[2022.11.30-19.14.49:177][  0]LogSlate: Updating window title bar state: overlay mode, drag disabled, window buttons hidden, title bar hidden
[2022.11.30-19.14.49:181][  0]LogSlate: Updating window title bar state: overlay mode, drag disabled, window buttons hidden, title bar hidden
[2022.11.30-19.14.49:191][  0]LogNativeClassHierarchy: Verbose: Native class hierarchy populated in 0.0073 seconds. Added 3824 classes and 930 folders.
[2022.11.30-19.14.49:194][  0]LogNativeClassHierarchy: Verbose: Native class hierarchy updated for 'WidgetCarousel' in 0.0002 seconds. Added 0 classes and 0 folders.
[2022.11.30-19.14.49:196][  0]LogPakFile: PakFile PrimaryIndexSize=187
[2022.11.30-19.14.49:196][  0]LogPakFile: PakFile PathHashIndexSize=101
[2022.11.30-19.14.49:196][  0]LogPakFile: PakFile FullDirectoryIndexSize=148
[2022.11.30-19.14.49:196][  0]LogShaderLibrary: Display: ShaderCodeLibraryPakFileMountedCallback: PakFile 'G:/Unreal Engine/UE_4.27/FeaturePacks/FP_FirstPerson.upack' (chunk index -1, root 'root:/') mounted
[2022.11.30-19.14.49:196][  0]LogShaderLibrary: Display: ShaderCodeLibraryPakFileMountedCallback: pending pak file info (ChunkID:-1 Root:root:/ File:G:/Unreal Engine/UE_4.27/FeaturePacks/FP_FirstPerson.upack)
[2022.11.30-19.14.49:196][  0]LogPakFile: OnPakFileMounted2Time == 0.000039
[2022.11.30-19.14.49:196][  0]LogPakFile: PakFile PrimaryIndexSize=189
[2022.11.30-19.14.49:196][  0]LogPakFile: PakFile PathHashIndexSize=101
[2022.11.30-19.14.49:196][  0]LogPakFile: PakFile FullDirectoryIndexSize=152
[2022.11.30-19.14.49:196][  0]LogShaderLibrary: Display: ShaderCodeLibraryPakFileMountedCallback: PakFile 'G:/Unreal Engine/UE_4.27/FeaturePacks/FP_FirstPersonBP.upack' (chunk index -1, root 'root:/') mounted
[2022.11.30-19.14.49:196][  0]LogShaderLibrary: Display: ShaderCodeLibraryPakFileMountedCallback: pending pak file info (ChunkID:-1 Root:root:/ File:G:/Unreal Engine/UE_4.27/FeaturePacks/FP_FirstPersonBP.upack)
[2022.11.30-19.14.49:196][  0]LogPakFile: OnPakFileMounted2Time == 0.000027
[2022.11.30-19.14.49:197][  0]LogPakFile: PakFile PrimaryIndexSize=191
[2022.11.30-19.14.49:197][  0]LogPakFile: PakFile PathHashIndexSize=101
[2022.11.30-19.14.49:197][  0]LogPakFile: PakFile FullDirectoryIndexSize=160
[2022.11.30-19.14.49:197][  0]LogShaderLibrary: Display: ShaderCodeLibraryPakFileMountedCallback: PakFile 'G:/Unreal Engine/UE_4.27/FeaturePacks/MobileStarterContent.upack' (chunk index -1, root 'root:/') mounted
[2022.11.30-19.14.49:197][  0]LogShaderLibrary: Display: ShaderCodeLibraryPakFileMountedCallback: pending pak file info (ChunkID:-1 Root:root:/ File:G:/Unreal Engine/UE_4.27/FeaturePacks/MobileStarterContent.upack)
[2022.11.30-19.14.49:197][  0]LogPakFile: OnPakFileMounted2Time == 0.000023
[2022.11.30-19.14.49:198][  0]LogPakFile: PakFile PrimaryIndexSize=185
[2022.11.30-19.14.49:198][  0]LogPakFile: PakFile PathHashIndexSize=101
[2022.11.30-19.14.49:198][  0]LogPakFile: PakFile FullDirectoryIndexSize=148
[2022.11.30-19.14.49:198][  0]LogShaderLibrary: Display: ShaderCodeLibraryPakFileMountedCallback: PakFile 'G:/Unreal Engine/UE_4.27/FeaturePacks/StarterContent.upack' (chunk index -1, root 'root:/') mounted
[2022.11.30-19.14.49:198][  0]LogShaderLibrary: Display: ShaderCodeLibraryPakFileMountedCallback: pending pak file info (ChunkID:-1 Root:root:/ File:G:/Unreal Engine/UE_4.27/FeaturePacks/StarterContent.upack)
[2022.11.30-19.14.49:198][  0]LogPakFile: OnPakFileMounted2Time == 0.000024
[2022.11.30-19.14.49:199][  0]LogPakFile: PakFile PrimaryIndexSize=190
[2022.11.30-19.14.49:199][  0]LogPakFile: PakFile PathHashIndexSize=101
[2022.11.30-19.14.49:199][  0]LogPakFile: PakFile FullDirectoryIndexSize=154
[2022.11.30-19.14.49:199][  0]LogShaderLibrary: Display: ShaderCodeLibraryPakFileMountedCallback: PakFile 'G:/Unreal Engine/UE_4.27/FeaturePacks/TP_2DSideScroller.upack' (chunk index -1, root 'root:/') mounted
[2022.11.30-19.14.49:199][  0]LogShaderLibrary: Display: ShaderCodeLibraryPakFileMountedCallback: pending pak file info (ChunkID:-1 Root:root:/ File:G:/Unreal Engine/UE_4.27/FeaturePacks/TP_2DSideScroller.upack)
[2022.11.30-19.14.49:199][  0]LogPakFile: OnPakFileMounted2Time == 0.000024
[2022.11.30-19.14.49:199][  0]LogPakFile: PakFile PrimaryIndexSize=192
[2022.11.30-19.14.49:199][  0]LogPakFile: PakFile PathHashIndexSize=101
[2022.11.30-19.14.49:199][  0]LogPakFile: PakFile FullDirectoryIndexSize=158
[2022.11.30-19.14.49:199][  0]LogShaderLibrary: Display: ShaderCodeLibraryPakFileMountedCallback: PakFile 'G:/Unreal Engine/UE_4.27/FeaturePacks/TP_2DSideScrollerBP.upack' (chunk index -1, root 'root:/') mounted
[2022.11.30-19.14.49:199][  0]LogShaderLibrary: Display: ShaderCodeLibraryPakFileMountedCallback: pending pak file info (ChunkID:-1 Root:root:/ File:G:/Unreal Engine/UE_4.27/FeaturePacks/TP_2DSideScrollerBP.upack)
[2022.11.30-19.14.49:199][  0]LogPakFile: OnPakFileMounted2Time == 0.000022
[2022.11.30-19.14.49:200][  0]LogPakFile: PakFile PrimaryIndexSize=182
[2022.11.30-19.14.49:200][  0]LogPakFile: PakFile PathHashIndexSize=101
[2022.11.30-19.14.49:200][  0]LogPakFile: PakFile FullDirectoryIndexSize=138
[2022.11.30-19.14.49:200][  0]LogShaderLibrary: Display: ShaderCodeLibraryPakFileMountedCallback: PakFile 'G:/Unreal Engine/UE_4.27/FeaturePacks/TP_Flying.upack' (chunk index -1, root 'root:/') mounted
[2022.11.30-19.14.49:200][  0]LogShaderLibrary: Display: ShaderCodeLibraryPakFileMountedCallback: pending pak file info (ChunkID:-1 Root:root:/ File:G:/Unreal Engine/UE_4.27/FeaturePacks/TP_Flying.upack)
[2022.11.30-19.14.49:200][  0]LogPakFile: OnPakFileMounted2Time == 0.000021
[2022.11.30-19.14.49:201][  0]LogPakFile: PakFile PrimaryIndexSize=184
[2022.11.30-19.14.49:201][  0]LogPakFile: PakFile PathHashIndexSize=101
[2022.11.30-19.14.49:201][  0]LogPakFile: PakFile FullDirectoryIndexSize=142
[2022.11.30-19.14.49:201][  0]LogShaderLibrary: Display: ShaderCodeLibraryPakFileMountedCallback: PakFile 'G:/Unreal Engine/UE_4.27/FeaturePacks/TP_FlyingBP.upack' (chunk index -1, root 'root:/') mounted
[2022.11.30-19.14.49:201][  0]LogShaderLibrary: Display: ShaderCodeLibraryPakFileMountedCallback: pending pak file info (ChunkID:-1 Root:root:/ File:G:/Unreal Engine/UE_4.27/FeaturePacks/TP_FlyingBP.upack)
[2022.11.30-19.14.49:201][  0]LogPakFile: OnPakFileMounted2Time == 0.000028
[2022.11.30-19.14.49:202][  0]LogPakFile: PakFile PrimaryIndexSize=188
[2022.11.30-19.14.49:202][  0]LogPakFile: PakFile PathHashIndexSize=101
[2022.11.30-19.14.49:202][  0]LogPakFile: PakFile FullDirectoryIndexSize=150
[2022.11.30-19.14.49:202][  0]LogShaderLibrary: Display: ShaderCodeLibraryPakFileMountedCallback: PakFile 'G:/Unreal Engine/UE_4.27/FeaturePacks/TP_HandheldARBP.upack' (chunk index -1, root 'root:/') mounted
[2022.11.30-19.14.49:202][  0]LogShaderLibrary: Display: ShaderCodeLibraryPakFileMountedCallback: pending pak file info (ChunkID:-1 Root:root:/ File:G:/Unreal Engine/UE_4.27/FeaturePacks/TP_HandheldARBP.upack)
[2022.11.30-19.14.49:202][  0]LogPakFile: OnPakFileMounted2Time == 0.000029
[2022.11.30-19.14.49:203][  0]LogPakFile: PakFile PrimaryIndexSize=182
[2022.11.30-19.14.49:203][  0]LogPakFile: PakFile PathHashIndexSize=101
[2022.11.30-19.14.49:203][  0]LogPakFile: PakFile FullDirectoryIndexSize=138
[2022.11.30-19.14.49:203][  0]LogShaderLibrary: Display: ShaderCodeLibraryPakFileMountedCallback: PakFile 'G:/Unreal Engine/UE_4.27/FeaturePacks/TP_Puzzle.upack' (chunk index -1, root 'root:/') mounted
[2022.11.30-19.14.49:203][  0]LogShaderLibrary: Display: ShaderCodeLibraryPakFileMountedCallback: pending pak file info (ChunkID:-1 Root:root:/ File:G:/Unreal Engine/UE_4.27/FeaturePacks/TP_Puzzle.upack)
[2022.11.30-19.14.49:203][  0]LogPakFile: OnPakFileMounted2Time == 0.000028
[2022.11.30-19.14.49:204][  0]LogPakFile: PakFile PrimaryIndexSize=184
[2022.11.30-19.14.49:204][  0]LogPakFile: PakFile PathHashIndexSize=101
[2022.11.30-19.14.49:204][  0]LogPakFile: PakFile FullDirectoryIndexSize=142
[2022.11.30-19.14.49:204][  0]LogShaderLibrary: Display: ShaderCodeLibraryPakFileMountedCallback: PakFile 'G:/Unreal Engine/UE_4.27/FeaturePacks/TP_PuzzleBP.upack' (chunk index -1, root 'root:/') mounted
[2022.11.30-19.14.49:204][  0]LogShaderLibrary: Display: ShaderCodeLibraryPakFileMountedCallback: pending pak file info (ChunkID:-1 Root:root:/ File:G:/Unreal Engine/UE_4.27/FeaturePacks/TP_PuzzleBP.upack)
[2022.11.30-19.14.49:204][  0]LogPakFile: OnPakFileMounted2Time == 0.000027
[2022.11.30-19.14.49:205][  0]LogPakFile: PakFile PrimaryIndexSize=183
[2022.11.30-19.14.49:205][  0]LogPakFile: PakFile PathHashIndexSize=101
[2022.11.30-19.14.49:205][  0]LogPakFile: PakFile FullDirectoryIndexSize=140
[2022.11.30-19.14.49:205][  0]LogShaderLibrary: Display: ShaderCodeLibraryPakFileMountedCallback: PakFile 'G:/Unreal Engine/UE_4.27/FeaturePacks/TP_Rolling.upack' (chunk index -1, root 'root:/') mounted
[2022.11.30-19.14.49:205][  0]LogShaderLibrary: Display: ShaderCodeLibraryPakFileMountedCallback: pending pak file info (ChunkID:-1 Root:root:/ File:G:/Unreal Engine/UE_4.27/FeaturePacks/TP_Rolling.upack)
[2022.11.30-19.14.49:205][  0]LogPakFile: OnPakFileMounted2Time == 0.000022
[2022.11.30-19.14.49:206][  0]LogPakFile: PakFile PrimaryIndexSize=185
[2022.11.30-19.14.49:206][  0]LogPakFile: PakFile PathHashIndexSize=101
[2022.11.30-19.14.49:206][  0]LogPakFile: PakFile FullDirectoryIndexSize=144
[2022.11.30-19.14.49:206][  0]LogShaderLibrary: Display: ShaderCodeLibraryPakFileMountedCallback: PakFile 'G:/Unreal Engine/UE_4.27/FeaturePacks/TP_RollingBP.upack' (chunk index -1, root 'root:/') mounted
[2022.11.30-19.14.49:206][  0]LogShaderLibrary: Display: ShaderCodeLibraryPakFileMountedCallback: pending pak file info (ChunkID:-1 Root:root:/ File:G:/Unreal Engine/UE_4.27/FeaturePacks/TP_RollingBP.upack)
[2022.11.30-19.14.49:206][  0]LogPakFile: OnPakFileMounted2Time == 0.000022
[2022.11.30-19.14.49:206][  0]LogPakFile: PakFile PrimaryIndexSize=188
[2022.11.30-19.14.49:206][  0]LogPakFile: PakFile PathHashIndexSize=101
[2022.11.30-19.14.49:206][  0]LogPakFile: PakFile FullDirectoryIndexSize=150
[2022.11.30-19.14.49:207][  0]LogShaderLibrary: Display: ShaderCodeLibraryPakFileMountedCallback: PakFile 'G:/Unreal Engine/UE_4.27/FeaturePacks/TP_SideScroller.upack' (chunk index -1, root 'root:/') mounted
[2022.11.30-19.14.49:207][  0]LogShaderLibrary: Display: ShaderCodeLibraryPakFileMountedCallback: pending pak file info (ChunkID:-1 Root:root:/ File:G:/Unreal Engine/UE_4.27/FeaturePacks/TP_SideScroller.upack)
[2022.11.30-19.14.49:207][  0]LogPakFile: OnPakFileMounted2Time == 0.000025
[2022.11.30-19.14.49:207][  0]LogPakFile: PakFile PrimaryIndexSize=190
[2022.11.30-19.14.49:207][  0]LogPakFile: PakFile PathHashIndexSize=101
[2022.11.30-19.14.49:207][  0]LogPakFile: PakFile FullDirectoryIndexSize=154
[2022.11.30-19.14.49:207][  0]LogShaderLibrary: Display: ShaderCodeLibraryPakFileMountedCallback: PakFile 'G:/Unreal Engine/UE_4.27/FeaturePacks/TP_SideScrollerBP.upack' (chunk index -1, root 'root:/') mounted
[2022.11.30-19.14.49:207][  0]LogShaderLibrary: Display: ShaderCodeLibraryPakFileMountedCallback: pending pak file info (ChunkID:-1 Root:root:/ File:G:/Unreal Engine/UE_4.27/FeaturePacks/TP_SideScrollerBP.upack)
[2022.11.30-19.14.49:207][  0]LogPakFile: OnPakFileMounted2Time == 0.000022
[2022.11.30-19.14.49:208][  0]LogPakFile: PakFile PrimaryIndexSize=187
[2022.11.30-19.14.49:208][  0]LogPakFile: PakFile PathHashIndexSize=101
[2022.11.30-19.14.49:208][  0]LogPakFile: PakFile FullDirectoryIndexSize=148
[2022.11.30-19.14.49:208][  0]LogShaderLibrary: Display: ShaderCodeLibraryPakFileMountedCallback: PakFile 'G:/Unreal Engine/UE_4.27/FeaturePacks/TP_ThirdPerson.upack' (chunk index -1, root 'root:/') mounted
[2022.11.30-19.14.49:208][  0]LogShaderLibrary: Display: ShaderCodeLibraryPakFileMountedCallback: pending pak file info (ChunkID:-1 Root:root:/ File:G:/Unreal Engine/UE_4.27/FeaturePacks/TP_ThirdPerson.upack)
[2022.11.30-19.14.49:208][  0]LogPakFile: OnPakFileMounted2Time == 0.000023
[2022.11.30-19.14.49:209][  0]LogPakFile: PakFile PrimaryIndexSize=189
[2022.11.30-19.14.49:209][  0]LogPakFile: PakFile PathHashIndexSize=101
[2022.11.30-19.14.49:209][  0]LogPakFile: PakFile FullDirectoryIndexSize=152
[2022.11.30-19.14.49:209][  0]LogShaderLibrary: Display: ShaderCodeLibraryPakFileMountedCallback: PakFile 'G:/Unreal Engine/UE_4.27/FeaturePacks/TP_ThirdPersonBP.upack' (chunk index -1, root 'root:/') mounted
[2022.11.30-19.14.49:209][  0]LogShaderLibrary: Display: ShaderCodeLibraryPakFileMountedCallback: pending pak file info (ChunkID:-1 Root:root:/ File:G:/Unreal Engine/UE_4.27/FeaturePacks/TP_ThirdPersonBP.upack)
[2022.11.30-19.14.49:209][  0]LogPakFile: OnPakFileMounted2Time == 0.000023
[2022.11.30-19.14.49:209][  0]LogPakFile: PakFile PrimaryIndexSize=183
[2022.11.30-19.14.49:209][  0]LogPakFile: PakFile PathHashIndexSize=101
[2022.11.30-19.14.49:209][  0]LogPakFile: PakFile FullDirectoryIndexSize=140
[2022.11.30-19.14.49:209][  0]LogShaderLibrary: Display: ShaderCodeLibraryPakFileMountedCallback: PakFile 'G:/Unreal Engine/UE_4.27/FeaturePacks/TP_TopDown.upack' (chunk index -1, root 'root:/') mounted
[2022.11.30-19.14.49:209][  0]LogShaderLibrary: Display: ShaderCodeLibraryPakFileMountedCallback: pending pak file info (ChunkID:-1 Root:root:/ File:G:/Unreal Engine/UE_4.27/FeaturePacks/TP_TopDown.upack)
[2022.11.30-19.14.49:210][  0]LogPakFile: OnPakFileMounted2Time == 0.000036
[2022.11.30-19.14.49:210][  0]LogPakFile: PakFile PrimaryIndexSize=185
[2022.11.30-19.14.49:210][  0]LogPakFile: PakFile PathHashIndexSize=101
[2022.11.30-19.14.49:210][  0]LogPakFile: PakFile FullDirectoryIndexSize=144
[2022.11.30-19.14.49:210][  0]LogShaderLibrary: Display: ShaderCodeLibraryPakFileMountedCallback: PakFile 'G:/Unreal Engine/UE_4.27/FeaturePacks/TP_TopDownBP.upack' (chunk index -1, root 'root:/') mounted
[2022.11.30-19.14.49:210][  0]LogShaderLibrary: Display: ShaderCodeLibraryPakFileMountedCallback: pending pak file info (ChunkID:-1 Root:root:/ File:G:/Unreal Engine/UE_4.27/FeaturePacks/TP_TopDownBP.upack)
[2022.11.30-19.14.49:210][  0]LogPakFile: OnPakFileMounted2Time == 0.000022
[2022.11.30-19.14.49:211][  0]LogPakFile: PakFile PrimaryIndexSize=185
[2022.11.30-19.14.49:211][  0]LogPakFile: PakFile PathHashIndexSize=101
[2022.11.30-19.14.49:211][  0]LogPakFile: PakFile FullDirectoryIndexSize=144
[2022.11.30-19.14.49:211][  0]LogShaderLibrary: Display: ShaderCodeLibraryPakFileMountedCallback: PakFile 'G:/Unreal Engine/UE_4.27/FeaturePacks/TP_TwinStick.upack' (chunk index -1, root 'root:/') mounted
[2022.11.30-19.14.49:211][  0]LogShaderLibrary: Display: ShaderCodeLibraryPakFileMountedCallback: pending pak file info (ChunkID:-1 Root:root:/ File:G:/Unreal Engine/UE_4.27/FeaturePacks/TP_TwinStick.upack)
[2022.11.30-19.14.49:211][  0]LogPakFile: OnPakFileMounted2Time == 0.000023
[2022.11.30-19.14.49:212][  0]LogPakFile: PakFile PrimaryIndexSize=187
[2022.11.30-19.14.49:212][  0]LogPakFile: PakFile PathHashIndexSize=101
[2022.11.30-19.14.49:212][  0]LogPakFile: PakFile FullDirectoryIndexSize=148
[2022.11.30-19.14.49:212][  0]LogShaderLibrary: Display: ShaderCodeLibraryPakFileMountedCallback: PakFile 'G:/Unreal Engine/UE_4.27/FeaturePacks/TP_TwinStickBP.upack' (chunk index -1, root 'root:/') mounted
[2022.11.30-19.14.49:212][  0]LogShaderLibrary: Display: ShaderCodeLibraryPakFileMountedCallback: pending pak file info (ChunkID:-1 Root:root:/ File:G:/Unreal Engine/UE_4.27/FeaturePacks/TP_TwinStickBP.upack)
[2022.11.30-19.14.49:212][  0]LogPakFile: OnPakFileMounted2Time == 0.000022
[2022.11.30-19.14.49:212][  0]LogPakFile: PakFile PrimaryIndexSize=183
[2022.11.30-19.14.49:212][  0]LogPakFile: PakFile PathHashIndexSize=101
[2022.11.30-19.14.49:212][  0]LogPakFile: PakFile FullDirectoryIndexSize=140
[2022.11.30-19.14.49:212][  0]LogShaderLibrary: Display: ShaderCodeLibraryPakFileMountedCallback: PakFile 'G:/Unreal Engine/UE_4.27/FeaturePacks/TP_Vehicle.upack' (chunk index -1, root 'root:/') mounted
[2022.11.30-19.14.49:212][  0]LogShaderLibrary: Display: ShaderCodeLibraryPakFileMountedCallback: pending pak file info (ChunkID:-1 Root:root:/ File:G:/Unreal Engine/UE_4.27/FeaturePacks/TP_Vehicle.upack)
[2022.11.30-19.14.49:212][  0]LogPakFile: OnPakFileMounted2Time == 0.000022
[2022.11.30-19.14.49:213][  0]LogPakFile: PakFile PrimaryIndexSize=186
[2022.11.30-19.14.49:213][  0]LogPakFile: PakFile PathHashIndexSize=101
[2022.11.30-19.14.49:213][  0]LogPakFile: PakFile FullDirectoryIndexSize=146
[2022.11.30-19.14.49:213][  0]LogShaderLibrary: Display: ShaderCodeLibraryPakFileMountedCallback: PakFile 'G:/Unreal Engine/UE_4.27/FeaturePacks/TP_VehicleAdv.upack' (chunk index -1, root 'root:/') mounted
[2022.11.30-19.14.49:213][  0]LogShaderLibrary: Display: ShaderCodeLibraryPakFileMountedCallback: pending pak file info (ChunkID:-1 Root:root:/ File:G:/Unreal Engine/UE_4.27/FeaturePacks/TP_VehicleAdv.upack)
[2022.11.30-19.14.49:213][  0]LogPakFile: OnPakFileMounted2Time == 0.000023
[2022.11.30-19.14.49:214][  0]LogPakFile: PakFile PrimaryIndexSize=188
[2022.11.30-19.14.49:214][  0]LogPakFile: PakFile PathHashIndexSize=101
[2022.11.30-19.14.49:214][  0]LogPakFile: PakFile FullDirectoryIndexSize=150
[2022.11.30-19.14.49:214][  0]LogShaderLibrary: Display: ShaderCodeLibraryPakFileMountedCallback: PakFile 'G:/Unreal Engine/UE_4.27/FeaturePacks/TP_VehicleAdvBP.upack' (chunk index -1, root 'root:/') mounted
[2022.11.30-19.14.49:214][  0]LogShaderLibrary: Display: ShaderCodeLibraryPakFileMountedCallback: pending pak file info (ChunkID:-1 Root:root:/ File:G:/Unreal Engine/UE_4.27/FeaturePacks/TP_VehicleAdvBP.upack)
[2022.11.30-19.14.49:214][  0]LogPakFile: OnPakFileMounted2Time == 0.000023
[2022.11.30-19.14.49:215][  0]LogPakFile: PakFile PrimaryIndexSize=185
[2022.11.30-19.14.49:215][  0]LogPakFile: PakFile PathHashIndexSize=101
[2022.11.30-19.14.49:215][  0]LogPakFile: PakFile FullDirectoryIndexSize=144
[2022.11.30-19.14.49:215][  0]LogShaderLibrary: Display: ShaderCodeLibraryPakFileMountedCallback: PakFile 'G:/Unreal Engine/UE_4.27/FeaturePacks/TP_VehicleBP.upack' (chunk index -1, root 'root:/') mounted
[2022.11.30-19.14.49:215][  0]LogShaderLibrary: Display: ShaderCodeLibraryPakFileMountedCallback: pending pak file info (ChunkID:-1 Root:root:/ File:G:/Unreal Engine/UE_4.27/FeaturePacks/TP_VehicleBP.upack)
[2022.11.30-19.14.49:215][  0]LogPakFile: OnPakFileMounted2Time == 0.000023
[2022.11.30-19.14.49:215][  0]LogPakFile: PakFile PrimaryIndexSize=192
[2022.11.30-19.14.49:215][  0]LogPakFile: PakFile PathHashIndexSize=101
[2022.11.30-19.14.49:215][  0]LogPakFile: PakFile FullDirectoryIndexSize=158
[2022.11.30-19.14.49:215][  0]LogShaderLibrary: Display: ShaderCodeLibraryPakFileMountedCallback: PakFile 'G:/Unreal Engine/UE_4.27/FeaturePacks/TP_VirtualRealityBP.upack' (chunk index -1, root 'root:/') mounted
[2022.11.30-19.14.49:216][  0]LogShaderLibrary: Display: ShaderCodeLibraryPakFileMountedCallback: pending pak file info (ChunkID:-1 Root:root:/ File:G:/Unreal Engine/UE_4.27/FeaturePacks/TP_VirtualRealityBP.upack)
[2022.11.30-19.14.49:216][  0]LogPakFile: OnPakFileMounted2Time == 0.000028
[2022.11.30-19.14.49:288][  0]LogNativeClassHierarchy: Verbose: Native class hierarchy updated for 'AddContentDialog' in 0.0003 seconds. Added 0 classes and 0 folders.
[2022.11.30-19.14.49:292][  0]LogNativeClassHierarchy: Verbose: Native class hierarchy updated for 'SceneOutliner' in 0.0002 seconds. Added 2 classes and 0 folders.
[2022.11.30-19.14.49:362][  0]LogSlate: Took 0.000170 seconds to synchronously load lazily loaded font '../../../Engine/Content/Slate/Fonts/Roboto-Regular.ttf' (155K)
[2022.11.30-19.14.49:363][  0]LogSlate: Took 0.000159 seconds to synchronously load lazily loaded font '../../../Engine/Content/Editor/Slate/Fonts/FontAwesome.ttf' (139K)
[2022.11.30-19.14.49:364][  0]LogSlate: Took 0.000926 seconds to synchronously load lazily loaded font '../../../Engine/Content/Editor/Slate/Fonts/NanumGothic.ttf' (4243K)
[2022.11.30-19.14.49:365][  0]LogSlate: Took 0.000807 seconds to synchronously load lazily loaded font '../../../Engine/Content/Editor/Slate/Fonts/NanumGothicBold.ttf' (4188K)
[2022.11.30-19.14.49:366][  0]LogSlate: Took 0.000123 seconds to synchronously load lazily loaded font '../../../Engine/Content/Slate/Fonts/Roboto-Bold.ttf' (160K)
[2022.11.30-19.14.49:422][  0]LogRenderer: Reallocating scene render targets to support 1192x620 Format 10 NumSamples 1 (Frame:1).
[2022.11.30-19.14.49:799][  0]LogSlate: Took 0.000157 seconds to synchronously load lazily loaded font '../../../Engine/Content/Slate/Fonts/Roboto-Light.ttf' (167K)
[2022.11.30-19.14.49:916][  0]LogNativeClassHierarchy: Verbose: Native class hierarchy updated for 'HierarchicalLODOutliner' in 0.0002 seconds. Added 0 classes and 0 folders.
[2022.11.30-19.14.49:916][  0]LogInput: Warning: Action Jump uses invalid key OculusGo_Left_Trigger_Click.
[2022.11.30-19.14.49:916][  0]LogInput: Warning: Action ResetVR uses invalid key OculusGo_Left_Trackpad_Click.
[2022.11.30-19.14.49:916][  0]LogInput: Warning: Use -RemoveInvalidKeys to remove instances of these keys from the action mapping.
[2022.11.30-19.14.49:916][  0]LogLoad: (Engine Initialization) Total time: 6.39 seconds
[2022.11.30-19.14.49:916][  0]LogLoad: (Engine Initialization) Total Blueprint compile time: 0.00 seconds
[2022.11.30-19.14.49:974][  0]LogAssetRegistry: Asset discovery search completed in 3.8901 seconds
[2022.11.30-19.14.49:978][  0]LogCollectionManager: Fixed up redirectors for 0 collections in 0.000003 seconds (updated 0 objects)
[2022.11.30-19.14.49:979][  0]LogContentStreaming: Texture pool size now 1000 MB
[2022.11.30-19.14.52:948][301]LogSlate: Took 0.000155 seconds to synchronously load lazily loaded font '../../../Engine/Content/Slate/Fonts/Roboto-Light.ttf' (167K)
[2022.11.30-19.14.55:048][499]LogFileCache: Retrieving MD5 hashes for directory 'G:/Git_Horizontally Scrolling Shooter Repository/UE4_Portfolio2_SL/UE4_Portfolio2_SL/Content/' took 5.12s
[2022.11.30-19.15.15:139][848]AssetReimport: New page: 처리중인 소스 콘텐츠 변경사항 오후 1:15:15
[2022.11.30-19.15.15:320][848]LogFactory: FactoryCreateFile: StaticMesh with FbxFactory (0 0 G:/Git_Horizontally Scrolling Shooter Repository/UE4_Portfolio2_SL/UE4_Portfolio2_SL/Content/SnSAnimsetPro/SourceFiles/SnSAnimset_RobotMan3.fbx)
[2022.11.30-19.15.15:530][848]LogFbx: Loading FBX Scene from G:/Git_Horizontally Scrolling Shooter Repository/UE4_Portfolio2_SL/UE4_Portfolio2_SL/Content/SnSAnimsetPro/SourceFiles/SnSAnimset_RobotMan3.fbx
[2022.11.30-19.15.27:263][848]LogFbx: FBX Scene Loaded Succesfully
[2022.11.30-19.15.44:197][848]LogSlate: Window 'FBX 임포트 옵션' being destroyed
