Log file open, 12/07/22 14:08:22
LogWindows: Failed to load 'aqProf.dll' (GetLastError=126)
LogWindows: File 'aqProf.dll' does not exist
LogWindows: Failed to load 'VtuneApi.dll' (GetLastError=126)
LogWindows: File 'VtuneApi.dll' does not exist
LogWindows: Failed to load 'VtuneApi32e.dll' (GetLastError=126)
LogWindows: File 'VtuneApi32e.dll' does not exist
LogConsoleResponse: Display: Failed to find resolution value strings in scalability ini. Falling back to default.
LogConsoleResponse: Display: Failed to find resolution value strings in scalability ini. Falling back to default.
LogInit: Display: Running engine for game: UE4_Portfolio2_SL
LogPlatformFile: Not using cached read wrapper
LogTaskGraph: Started task graph with 5 named threads and 71 total threads with 3 sets of task threads.
LogStats: Stats thread started at 0.216508
LogICUInternationalization: ICU TimeZone Detection - Raw Offset: +9:00, Platform Override: ''
LogInit: Display: Loading text-based GConfig....
LogPluginManager: Mounting plugin MeshPainting
LogPluginManager: Mounting plugin XGEController
LogPluginManager: Mounting plugin Paper2D
LogPluginManager: Mounting plugin AISupport
LogPluginManager: Mounting plugin LiveLink
LogPluginManager: Mounting plugin GameplayCameras
LogPluginManager: Mounting plugin EnvironmentQueryEditor
LogPluginManager: Mounting plugin CameraShakePreviewer
LogPluginManager: Mounting plugin CLionSourceCodeAccess
LogPluginManager: Mounting plugin LightPropagationVolume
LogPluginManager: Mounting plugin OodleNetwork
LogPluginManager: Mounting plugin AnimationSharing
LogPluginManager: Mounting plugin OodleData
LogPluginManager: Mounting plugin CodeLiteSourceCodeAccess
LogPluginManager: Mounting plugin KDevelopSourceCodeAccess
LogPluginManager: Mounting plugin GitSourceControl
LogPluginManager: Mounting plugin NullSourceCodeAccess
LogPluginManager: Mounting plugin AssetManagerEditor
LogPluginManager: Mounting plugin PerforceSourceControl
LogPluginManager: Mounting plugin CryptoKeys
LogPluginManager: Mounting plugin CurveEditorTools
LogPluginManager: Mounting plugin DataValidation
LogPluginManager: Mounting plugin PixWinPlugin
LogPluginManager: Mounting plugin PlasticSourceControl
LogPluginManager: Mounting plugin PluginUtils
LogPluginManager: Mounting plugin PropertyAccessNode
LogPluginManager: Mounting plugin RiderSourceCodeAccess
LogPluginManager: Mounting plugin FacialAnimation
LogPluginManager: Mounting plugin SubversionSourceControl
LogPluginManager: Mounting plugin TextureFormatOodle
LogPluginManager: Mounting plugin UObjectPlugin
LogPluginManager: Mounting plugin VisualStudioCodeSourceCodeAccess
LogPluginManager: Mounting plugin XCodeSourceCodeAccess
LogPluginManager: Mounting plugin VisualStudioSourceCodeAccess
LogPluginManager: Mounting plugin GameplayTagsEditor
LogPluginManager: Mounting plugin GeometryMode
LogPluginManager: Mounting plugin MacGraphicsSwitching
LogPluginManager: Mounting plugin MaterialAnalyzer
LogPluginManager: Mounting plugin MobileLauncherProfileWizard
LogPluginManager: Mounting plugin SpeedTreeImporter
LogPluginManager: Mounting plugin PluginBrowser
LogPluginManager: Mounting plugin DatasmithContent
LogPluginManager: Mounting plugin VariantManagerContent
LogPluginManager: Mounting plugin AlembicImporter
LogPluginManager: Mounting plugin AutomationUtils
LogPluginManager: Mounting plugin BackChannel
LogPluginManager: Mounting plugin ChaosCloth
LogPluginManager: Mounting plugin ChaosEditor
LogPluginManager: Mounting plugin ChaosClothEditor
LogPluginManager: Mounting plugin Niagara
LogPluginManager: Mounting plugin ChaosNiagara
LogPluginManager: Mounting plugin ChaosSolverPlugin
LogPluginManager: Mounting plugin CharacterAI
LogPluginManager: Mounting plugin GeometryCache
LogPluginManager: Mounting plugin GeometryCollectionPlugin
LogPluginManager: Mounting plugin GeometryProcessing
LogPluginManager: Mounting plugin MotoSynth
LogPluginManager: Mounting plugin OpenImageDenoise
LogPluginManager: Mounting plugin PlanarCut
LogPluginManager: Mounting plugin ProxyLODPlugin
LogPluginManager: Mounting plugin PlatformCrypto
LogPluginManager: Mounting plugin PythonScriptPlugin
LogPluginManager: Mounting plugin SkeletalReduction
LogPluginManager: Mounting plugin LuminPlatformFeatures
LogPluginManager: Mounting plugin MagicLeap
LogPluginManager: Mounting plugin AndroidMedia
LogPluginManager: Mounting plugin AvfMedia
LogPluginManager: Mounting plugin MagicLeapLightEstimation
LogPluginManager: Mounting plugin MagicLeapMedia
LogPluginManager: Mounting plugin MagicLeapPassableWorld
LogPluginManager: Mounting plugin MLSDK
LogPluginManager: Mounting plugin TcpMessaging
LogPluginManager: Mounting plugin UdpMessaging
LogPluginManager: Mounting plugin ImgMedia
LogPluginManager: Mounting plugin ActorSequence
LogPluginManager: Mounting plugin MediaCompositing
LogPluginManager: Mounting plugin LevelSequenceEditor
LogPluginManager: Mounting plugin MatineeToLevelSequence
LogPluginManager: Mounting plugin MediaPlayerEditor
LogPluginManager: Mounting plugin WebMMedia
LogPluginManager: Mounting plugin WmfMedia
LogPluginManager: Mounting plugin TemplateSequence
LogPluginManager: Mounting plugin OnlineSubsystem
LogPluginManager: Mounting plugin ActorLayerUtilities
LogPluginManager: Mounting plugin AndroidDeviceProfileSelector
LogPluginManager: Mounting plugin AndroidMoviePlayer
LogPluginManager: Mounting plugin OnlineSubsystemNull
LogPluginManager: Mounting plugin AndroidPermission
LogPluginManager: Mounting plugin OnlineSubsystemUtils
LogPluginManager: Mounting plugin AppleImageUtils
LogPluginManager: Mounting plugin AppleMoviePlayer
LogPluginManager: Mounting plugin LauncherChunkInstaller
LogPluginManager: Mounting plugin AssetTags
LogPluginManager: Mounting plugin ArchVisCharacter
LogPluginManager: Mounting plugin AudioCapture
LogPluginManager: Mounting plugin AudioSynesthesia
LogPluginManager: Mounting plugin CableComponent
LogPluginManager: Mounting plugin ChunkDownloader
LogPluginManager: Mounting plugin CustomMeshComponent
LogPluginManager: Mounting plugin EditableMesh
LogPluginManager: Mounting plugin ExampleDeviceProfileSelector
LogPluginManager: Mounting plugin GoogleCloudMessaging
LogPluginManager: Mounting plugin GooglePAD
LogPluginManager: Mounting plugin IOSDeviceProfileSelector
LogPluginManager: Mounting plugin LinuxDeviceProfileSelector
LogPluginManager: Mounting plugin LocationServicesBPLibrary
LogPluginManager: Mounting plugin MobilePatchingUtils
LogPluginManager: Mounting plugin OpenXREyeTracker
LogPluginManager: Mounting plugin OpenXR
LogPluginManager: Mounting plugin OpenXRHandTracking
LogPluginManager: Mounting plugin PhysXVehicles
LogPluginManager: Mounting plugin PostSplashScreen
LogPluginManager: Mounting plugin ProceduralMeshComponent
LogPluginManager: Mounting plugin PropertyAccessEditor
LogPluginManager: Mounting plugin RuntimePhysXCooking
LogPluginManager: Mounting plugin SignificanceManager
LogPluginManager: Mounting plugin SoundFields
LogPluginManager: Mounting plugin Synthesis
LogPluginManager: Mounting plugin WebMMoviePlayer
LogPluginManager: Mounting plugin WindowsMoviePlayer
LogPluginManager: Mounting plugin ScreenshotTools
LogPluginManager: Mounting plugin Takes
LogPluginManager: Mounting plugin ContentBrowserAssetDataSource
LogPluginManager: Mounting plugin ContentBrowserClassDataSource
LogPluginManager: Mounting plugin ContentBrowserFileDataSource
LogPluginManager: Mounting plugin OnlineSubsystemGooglePlay
LogPluginManager: Mounting plugin OnlineSubsystemIOS
LogPluginManager: Mounting plugin OculusVR
LogPluginManager: Mounting plugin SteamVR
PixWinPlugin: PIX capture plugin failed to initialize! Check that the process is launched from PIX.
LogInit: Using libcurl 7.55.1-DEV
LogInit:  - built for x86_64-pc-win32
LogInit:  - supports SSL with OpenSSL/1.1.1
LogInit:  - supports HTTP deflate (compression) using libz 1.2.8
LogInit:  - other features:
LogInit:      CURL_VERSION_SSL
LogInit:      CURL_VERSION_LIBZ
LogInit:      CURL_VERSION_IPV6
LogInit:      CURL_VERSION_ASYNCHDNS
LogInit:      CURL_VERSION_LARGEFILE
LogInit:      CURL_VERSION_IDN
LogInit:  CurlRequestOptions (configurable via config and command line):
LogInit:  - bVerifyPeer = true  - Libcurl will verify peer certificate
LogInit:  - bUseHttpProxy = false  - Libcurl will NOT use HTTP proxy
LogInit:  - bDontReuseConnections = false  - Libcurl will reuse connections
LogInit:  - MaxHostConnections = 16  - Libcurl will limit the number of connections to a host
LogInit:  - LocalHostAddr = Default
LogInit:  - BufferSize = 65536
LogOnline: OSS: Creating online subsystem instance for: NULL
LogInit: WinSock: version 1.1 (2.2), MaxSocks=32767, MaxUdp=65467
LogOnline: OSS: TryLoadSubsystemAndSetDefault: Loaded subsystem for module [NULL]
LogOculusPluginWrapper: OculusPlugin initialized successfully
LogHMD: Failed initializing OVRPlugin 1.59.0
LogInit: Build: ++UE4+Release-4.27-CL-18319896
LogInit: Engine Version: 4.27.2-18319896+++UE4+Release-4.27
LogInit: Compatible Engine Version: 4.27.0-17155196+++UE4+Release-4.27
LogInit: Net CL: 17155196
LogInit: OS: Windows 10 (Release 2009) (), CPU: AMD Ryzen 9 5900X 12-Core Processor            , GPU: AMD Radeon RX 6600 XT
LogInit: Compiled (64-bit): Nov 30 2021 07:12:08
LogInit: Compiled with Visual C++: 19.24.28315.00
LogInit: Build Configuration: Development
LogInit: Branch Name: ++UE4+Release-4.27
LogInit: Command Line: 
LogInit: Base Directory: G:/Unreal Engine/UE_4.27/Engine/Binaries/Win64/
LogInit: Allocator: TBB
LogInit: Installed Engine Build: 1
LogDevObjectVersion: Number of dev versions registered: 29
LogDevObjectVersion:   Dev-Blueprints (B0D832E4-1F89-4F0D-ACCF-7EB736FD4AA2): 10
LogDevObjectVersion:   Dev-Build (E1C64328-A22C-4D53-A36C-8E866417BD8C): 0
LogDevObjectVersion:   Dev-Core (375EC13C-06E4-48FB-B500-84F0262A717E): 4
LogDevObjectVersion:   Dev-Editor (E4B068ED-F494-42E9-A231-DA0B2E46BB41): 40
LogDevObjectVersion:   Dev-Framework (CFFC743F-43B0-4480-9391-14DF171D2073): 37
LogDevObjectVersion:   Dev-Mobile (B02B49B5-BB20-44E9-A304-32B752E40360): 3
LogDevObjectVersion:   Dev-Networking (A4E4105C-59A1-49B5-A7C5-40C4547EDFEE): 0
LogDevObjectVersion:   Dev-Online (39C831C9-5AE6-47DC-9A44-9C173E1C8E7C): 0
LogDevObjectVersion:   Dev-Physics (78F01B33-EBEA-4F98-B9B4-84EACCB95AA2): 14
LogDevObjectVersion:   Dev-Platform (6631380F-2D4D-43E0-8009-CF276956A95A): 0
LogDevObjectVersion:   Dev-Rendering (12F88B9F-8875-4AFC-A67C-D90C383ABD29): 45
LogDevObjectVersion:   Dev-Sequencer (7B5AE74C-D270-4C10-A958-57980B212A5A): 13
LogDevObjectVersion:   Dev-VR (D7296918-1DD6-4BDD-9DE2-64A83CC13884): 3
LogDevObjectVersion:   Dev-LoadTimes (C2A15278-BFE7-4AFE-6C17-90FF531DF755): 1
LogDevObjectVersion:   Private-Geometry (6EACA3D4-40EC-4CC1-B786-8BED09428FC5): 3
LogDevObjectVersion:   Dev-AnimPhys (29E575DD-E0A3-4627-9D10-D276232CDCEA): 17
LogDevObjectVersion:   Dev-Anim (AF43A65D-7FD3-4947-9873-3E8ED9C1BB05): 15
LogDevObjectVersion:   Dev-ReflectionCapture (6B266CEC-1EC7-4B8F-A30B-E4D90942FC07): 1
LogDevObjectVersion:   Dev-Automation (0DF73D61-A23F-47EA-B727-89E90C41499A): 1
LogDevObjectVersion:   FortniteMain (601D1886-AC64-4F84-AA16-D3DE0DEAC7D6): 47
LogDevObjectVersion:   FortniteRelease (E7086368-6B23-4C58-8439-1B7016265E91): 1
LogDevObjectVersion:   Dev-Enterprise (9DFFBCD6-494F-0158-E221-12823C92A888): 10
LogDevObjectVersion:   Dev-Niagara (F2AED0AC-9AFE-416F-8664-AA7FFA26D6FC): 1
LogDevObjectVersion:   Dev-Destruction (174F1F0B-B4C6-45A5-B13F-2EE8D0FB917D): 10
LogDevObjectVersion:   Dev-Physics-Ext (35F94A83-E258-406C-A318-09F59610247C): 41
LogDevObjectVersion:   Dev-PhysicsMaterial-Chaos (B68FC16E-8B1B-42E2-B453-215C058844FE): 1
LogDevObjectVersion:   Dev-CineCamera (B2E18506-4273-CFC2-A54E-F4BB758BBA07): 1
LogDevObjectVersion:   Dev-VirtualProduction (64F58936-FD1B-42BA-BA96-7289D5D0FA4E): 1
LogDevObjectVersion:   Dev-MediaFramework (6F0ED827-A609-4895-9C91-998D90180EA4): 2
LogInit: Presizing for max 25165824 objects, including 0 objects not considered by GC, pre-allocating 0 bytes for permanent pool.
LogConfig: Applying CVar settings from Section [/Script/Engine.StreamingSettings] File [G:/Git_Horizontally Scrolling Shooter Repository/UE4_Portfolio2_SL/UE4_Portfolio2_SL/Saved/Config/Windows/Engine.ini]
LogConfig: Setting CVar [[s.MinBulkDataSizeForAsyncLoading:131072]]
LogConfig: Setting CVar [[s.AsyncLoadingThreadEnabled:0]]
LogConfig: Setting CVar [[s.EventDrivenLoaderEnabled:1]]
LogConfig: Setting CVar [[s.WarnIfTimeLimitExceeded:0]]
LogConfig: Setting CVar [[s.TimeLimitExceededMultiplier:1.5]]
LogConfig: Setting CVar [[s.TimeLimitExceededMinTime:0.005]]
LogConfig: Setting CVar [[s.UseBackgroundLevelStreaming:1]]
LogConfig: Setting CVar [[s.PriorityAsyncLoadingExtraTime:15.0]]
LogConfig: Setting CVar [[s.LevelStreamingActorsUpdateTimeLimit:5.0]]
LogConfig: Setting CVar [[s.PriorityLevelStreamingActorsUpdateExtraTime:5.0]]
LogConfig: Setting CVar [[s.LevelStreamingComponentsRegistrationGranularity:10]]
LogConfig: Setting CVar [[s.UnregisterComponentsTimeLimit:1.0]]
LogConfig: Setting CVar [[s.LevelStreamingComponentsUnregistrationGranularity:5]]
LogConfig: Setting CVar [[s.FlushStreamingOnExit:1]]
LogInit: Object subsystem initialized
LogConfig: Setting CVar [[con.DebugEarlyDefault:1]]
LogConfig: Setting CVar [[r.setres:1280x720]]
[2022.12.07-05.08.22:814][  0]LogConfig: Setting CVar [[r.VSync:0]]
[2022.12.07-05.08.22:814][  0]LogConfig: Setting CVar [[r.RHICmdBypass:0]]
[2022.12.07-05.08.22:814][  0]LogConfig: Applying CVar settings from Section [/Script/Engine.RendererSettings] File [G:/Git_Horizontally Scrolling Shooter Repository/UE4_Portfolio2_SL/UE4_Portfolio2_SL/Saved/Config/Windows/Engine.ini]
[2022.12.07-05.08.22:814][  0]LogConfig: Setting CVar [[r.GPUCrashDebugging:0]]
[2022.12.07-05.08.22:814][  0]LogConfig: Applying CVar settings from Section [/Script/Engine.RendererOverrideSettings] File [G:/Git_Horizontally Scrolling Shooter Repository/UE4_Portfolio2_SL/UE4_Portfolio2_SL/Saved/Config/Windows/Engine.ini]
[2022.12.07-05.08.22:814][  0]LogConfig: Applying CVar settings from Section [/Script/Engine.StreamingSettings] File [G:/Git_Horizontally Scrolling Shooter Repository/UE4_Portfolio2_SL/UE4_Portfolio2_SL/Saved/Config/Windows/Engine.ini]
[2022.12.07-05.08.22:814][  0]LogConfig: Setting CVar [[s.MinBulkDataSizeForAsyncLoading:131072]]
[2022.12.07-05.08.22:814][  0]LogConfig: Setting CVar [[s.AsyncLoadingThreadEnabled:0]]
[2022.12.07-05.08.22:814][  0]LogConfig: Setting CVar [[s.EventDrivenLoaderEnabled:1]]
[2022.12.07-05.08.22:814][  0]LogConfig: Setting CVar [[s.WarnIfTimeLimitExceeded:0]]
[2022.12.07-05.08.22:814][  0]LogConfig: Setting CVar [[s.TimeLimitExceededMultiplier:1.5]]
[2022.12.07-05.08.22:814][  0]LogConfig: Setting CVar [[s.TimeLimitExceededMinTime:0.005]]
[2022.12.07-05.08.22:814][  0]LogConfig: Setting CVar [[s.UseBackgroundLevelStreaming:1]]
[2022.12.07-05.08.22:814][  0]LogConfig: Setting CVar [[s.PriorityAsyncLoadingExtraTime:15.0]]
[2022.12.07-05.08.22:814][  0]LogConfig: Setting CVar [[s.LevelStreamingActorsUpdateTimeLimit:5.0]]
[2022.12.07-05.08.22:814][  0]LogConfig: Setting CVar [[s.PriorityLevelStreamingActorsUpdateExtraTime:5.0]]
[2022.12.07-05.08.22:814][  0]LogConfig: Setting CVar [[s.LevelStreamingComponentsRegistrationGranularity:10]]
[2022.12.07-05.08.22:814][  0]LogConfig: Setting CVar [[s.UnregisterComponentsTimeLimit:1.0]]
[2022.12.07-05.08.22:814][  0]LogConfig: Setting CVar [[s.LevelStreamingComponentsUnregistrationGranularity:5]]
[2022.12.07-05.08.22:814][  0]LogConfig: Setting CVar [[s.FlushStreamingOnExit:1]]
[2022.12.07-05.08.22:814][  0]LogConfig: Applying CVar settings from Section [/Script/Engine.GarbageCollectionSettings] File [G:/Git_Horizontally Scrolling Shooter Repository/UE4_Portfolio2_SL/UE4_Portfolio2_SL/Saved/Config/Windows/Engine.ini]
[2022.12.07-05.08.22:814][  0]LogConfig: Setting CVar [[gc.MaxObjectsNotConsideredByGC:1]]
[2022.12.07-05.08.22:814][  0]LogConfig: Setting CVar [[gc.SizeOfPermanentObjectPool:0]]
[2022.12.07-05.08.22:814][  0]LogConfig: Setting CVar [[gc.FlushStreamingOnGC:0]]
[2022.12.07-05.08.22:814][  0]LogConfig: Setting CVar [[gc.NumRetriesBeforeForcingGC:10]]
[2022.12.07-05.08.22:814][  0]LogConfig: Setting CVar [[gc.AllowParallelGC:1]]
[2022.12.07-05.08.22:814][  0]LogConfig: Setting CVar [[gc.TimeBetweenPurgingPendingKillObjects:61.1]]
[2022.12.07-05.08.22:814][  0]LogConfig: Setting CVar [[gc.MaxObjectsInEditor:25165824]]
[2022.12.07-05.08.22:814][  0]LogConfig: Setting CVar [[gc.IncrementalBeginDestroyEnabled:1]]
[2022.12.07-05.08.22:814][  0]LogConfig: Setting CVar [[gc.CreateGCClusters:1]]
[2022.12.07-05.08.22:814][  0]LogConfig: Setting CVar [[gc.MinGCClusterSize:5]]
[2022.12.07-05.08.22:814][  0]LogConfig: Setting CVar [[gc.ActorClusteringEnabled:0]]
[2022.12.07-05.08.22:814][  0]LogConfig: Setting CVar [[gc.BlueprintClusteringEnabled:0]]
[2022.12.07-05.08.22:814][  0]LogConfig: Setting CVar [[gc.UseDisregardForGCOnDedicatedServers:0]]
[2022.12.07-05.08.22:814][  0]LogConfig: Setting CVar [[gc.MultithreadedDestructionEnabled:1]]
[2022.12.07-05.08.22:814][  0]LogConfig: Applying CVar settings from Section [/Script/Engine.NetworkSettings] File [G:/Git_Horizontally Scrolling Shooter Repository/UE4_Portfolio2_SL/UE4_Portfolio2_SL/Saved/Config/Windows/Engine.ini]
[2022.12.07-05.08.22:814][  0]LogConfig: Applying CVar settings from Section [/Script/UnrealEd.CookerSettings] File [G:/Git_Horizontally Scrolling Shooter Repository/UE4_Portfolio2_SL/UE4_Portfolio2_SL/Saved/Config/Windows/Engine.ini]
[2022.12.07-05.08.22:822][  0]LogConfig: Applying CVar settings from Section [ViewDistanceQuality@3] File [G:/Git_Horizontally Scrolling Shooter Repository/UE4_Portfolio2_SL/UE4_Portfolio2_SL/Saved/Config/Windows/Scalability.ini]
[2022.12.07-05.08.22:822][  0]LogConfig: Setting CVar [[r.SkeletalMeshLODBias:0]]
[2022.12.07-05.08.22:822][  0]LogConfig: Setting CVar [[r.ViewDistanceScale:1.0]]
[2022.12.07-05.08.22:822][  0]LogConfig: Applying CVar settings from Section [AntiAliasingQuality@3] File [G:/Git_Horizontally Scrolling Shooter Repository/UE4_Portfolio2_SL/UE4_Portfolio2_SL/Saved/Config/Windows/Scalability.ini]
[2022.12.07-05.08.22:822][  0]LogConfig: Setting CVar [[r.PostProcessAAQuality:4]]
[2022.12.07-05.08.22:822][  0]LogConfig: Applying CVar settings from Section [ShadowQuality@3] File [G:/Git_Horizontally Scrolling Shooter Repository/UE4_Portfolio2_SL/UE4_Portfolio2_SL/Saved/Config/Windows/Scalability.ini]
[2022.12.07-05.08.22:822][  0]LogConfig: Setting CVar [[r.LightFunctionQuality:1]]
[2022.12.07-05.08.22:822][  0]LogConfig: Setting CVar [[r.ShadowQuality:5]]
[2022.12.07-05.08.22:822][  0]LogConfig: Setting CVar [[r.Shadow.CSM.MaxCascades:10]]
[2022.12.07-05.08.22:822][  0]LogConfig: Setting CVar [[r.Shadow.MaxResolution:2048]]
[2022.12.07-05.08.22:822][  0]LogConfig: Setting CVar [[r.Shadow.MaxCSMResolution:2048]]
[2022.12.07-05.08.22:822][  0]LogConfig: Setting CVar [[r.Shadow.RadiusThreshold:0.01]]
[2022.12.07-05.08.22:822][  0]LogConfig: Setting CVar [[r.Shadow.DistanceScale:1.0]]
[2022.12.07-05.08.22:822][  0]LogConfig: Setting CVar [[r.Shadow.CSM.TransitionScale:1.0]]
[2022.12.07-05.08.22:822][  0]LogConfig: Setting CVar [[r.Shadow.PreShadowResolutionFactor:1.0]]
[2022.12.07-05.08.22:822][  0]LogConfig: Setting CVar [[r.DistanceFieldShadowing:1]]
[2022.12.07-05.08.22:822][  0]LogConfig: Setting CVar [[r.DistanceFieldAO:1]]
[2022.12.07-05.08.22:822][  0]LogConfig: Setting CVar [[r.AOQuality:2]]
[2022.12.07-05.08.22:822][  0]LogConfig: Setting CVar [[r.VolumetricFog:1]]
[2022.12.07-05.08.22:822][  0]LogConfig: Setting CVar [[r.VolumetricFog.GridPixelSize:8]]
[2022.12.07-05.08.22:822][  0]LogConfig: Setting CVar [[r.VolumetricFog.GridSizeZ:128]]
[2022.12.07-05.08.22:822][  0]LogConfig: Setting CVar [[r.VolumetricFog.HistoryMissSupersampleCount:4]]
[2022.12.07-05.08.22:822][  0]LogConfig: Setting CVar [[r.LightMaxDrawDistanceScale:1]]
[2022.12.07-05.08.22:822][  0]LogConfig: Setting CVar [[r.CapsuleShadows:1]]
[2022.12.07-05.08.22:822][  0]LogConfig: Applying CVar settings from Section [PostProcessQuality@3] File [G:/Git_Horizontally Scrolling Shooter Repository/UE4_Portfolio2_SL/UE4_Portfolio2_SL/Saved/Config/Windows/Scalability.ini]
[2022.12.07-05.08.22:822][  0]LogConfig: Setting CVar [[r.MotionBlurQuality:4]]
[2022.12.07-05.08.22:822][  0]LogConfig: Setting CVar [[r.AmbientOcclusionMipLevelFactor:0.4]]
[2022.12.07-05.08.22:822][  0]LogConfig: Setting CVar [[r.AmbientOcclusionMaxQuality:100]]
[2022.12.07-05.08.22:822][  0]LogConfig: Setting CVar [[r.AmbientOcclusionLevels:-1]]
[2022.12.07-05.08.22:822][  0]LogConfig: Setting CVar [[r.AmbientOcclusionRadiusScale:1.0]]
[2022.12.07-05.08.22:822][  0]LogConfig: Setting CVar [[r.DepthOfFieldQuality:2]]
[2022.12.07-05.08.22:822][  0]LogConfig: Setting CVar [[r.RenderTargetPoolMin:400]]
[2022.12.07-05.08.22:822][  0]LogConfig: Setting CVar [[r.LensFlareQuality:2]]
[2022.12.07-05.08.22:822][  0]LogConfig: Setting CVar [[r.SceneColorFringeQuality:1]]
[2022.12.07-05.08.22:822][  0]LogConfig: Setting CVar [[r.EyeAdaptationQuality:2]]
[2022.12.07-05.08.22:822][  0]LogConfig: Setting CVar [[r.BloomQuality:5]]
[2022.12.07-05.08.22:822][  0]LogConfig: Setting CVar [[r.FastBlurThreshold:100]]
[2022.12.07-05.08.22:822][  0]LogConfig: Setting CVar [[r.Upscale.Quality:3]]
[2022.12.07-05.08.22:822][  0]LogConfig: Setting CVar [[r.Tonemapper.GrainQuantization:1]]
[2022.12.07-05.08.22:822][  0]LogConfig: Setting CVar [[r.LightShaftQuality:1]]
[2022.12.07-05.08.22:822][  0]LogConfig: Setting CVar [[r.Filter.SizeScale:1]]
[2022.12.07-05.08.22:822][  0]LogConfig: Setting CVar [[r.Tonemapper.Quality:5]]
[2022.12.07-05.08.22:822][  0]LogConfig: Setting CVar [[r.DOF.Gather.AccumulatorQuality:1        ; higher gathering accumulator quality]]
[2022.12.07-05.08.22:822][  0]LogConfig: Setting CVar [[r.DOF.Gather.PostfilterMethod:1          ; Median3x3 postfilering method]]
[2022.12.07-05.08.22:822][  0]LogConfig: Setting CVar [[r.DOF.Gather.EnableBokehSettings:0       ; no bokeh simulation when gathering]]
[2022.12.07-05.08.22:822][  0]LogConfig: Setting CVar [[r.DOF.Gather.RingCount:4                 ; medium number of samples when gathering]]
[2022.12.07-05.08.22:822][  0]LogConfig: Setting CVar [[r.DOF.Scatter.ForegroundCompositing:1    ; additive foreground scattering]]
[2022.12.07-05.08.22:822][  0]LogConfig: Setting CVar [[r.DOF.Scatter.BackgroundCompositing:2    ; additive background scattering]]
[2022.12.07-05.08.22:822][  0]LogConfig: Setting CVar [[r.DOF.Scatter.EnableBokehSettings:1      ; bokeh simulation when scattering]]
[2022.12.07-05.08.22:822][  0]LogConfig: Setting CVar [[r.DOF.Scatter.MaxSpriteRatio:0.1         ; only a maximum of 10% of scattered bokeh]]
[2022.12.07-05.08.22:822][  0]LogConfig: Setting CVar [[r.DOF.Recombine.Quality:1                ; cheap slight out of focus]]
[2022.12.07-05.08.22:822][  0]LogConfig: Setting CVar [[r.DOF.Recombine.EnableBokehSettings:0    ; no bokeh simulation on slight out of focus]]
[2022.12.07-05.08.22:822][  0]LogConfig: Setting CVar [[r.DOF.TemporalAAQuality:1                ; more stable temporal accumulation]]
[2022.12.07-05.08.22:822][  0]LogConfig: Setting CVar [[r.DOF.Kernel.MaxForegroundRadius:0.025]]
[2022.12.07-05.08.22:822][  0]LogConfig: Setting CVar [[r.DOF.Kernel.MaxBackgroundRadius:0.025]]
[2022.12.07-05.08.22:822][  0]LogConfig: Applying CVar settings from Section [TextureQuality@3] File [G:/Git_Horizontally Scrolling Shooter Repository/UE4_Portfolio2_SL/UE4_Portfolio2_SL/Saved/Config/Windows/Scalability.ini]
[2022.12.07-05.08.22:822][  0]LogConfig: Setting CVar [[r.Streaming.MipBias:0]]
[2022.12.07-05.08.22:822][  0]LogConfig: Setting CVar [[r.Streaming.AmortizeCPUToGPUCopy:0]]
[2022.12.07-05.08.22:822][  0]LogConfig: Setting CVar [[r.Streaming.MaxNumTexturesToStreamPerFrame:0]]
[2022.12.07-05.08.22:822][  0]LogConfig: Setting CVar [[r.Streaming.Boost:1]]
[2022.12.07-05.08.22:822][  0]LogConfig: Setting CVar [[r.MaxAnisotropy:8]]
[2022.12.07-05.08.22:822][  0]LogConfig: Setting CVar [[r.VT.MaxAnisotropy:8]]
[2022.12.07-05.08.22:822][  0]LogConfig: Setting CVar [[r.Streaming.LimitPoolSizeToVRAM:0]]
[2022.12.07-05.08.22:822][  0]LogConfig: Setting CVar [[r.Streaming.PoolSize:1000]]
[2022.12.07-05.08.22:822][  0]LogConfig: Setting CVar [[r.Streaming.MaxEffectiveScreenSize:0]]
[2022.12.07-05.08.22:822][  0]LogConfig: Applying CVar settings from Section [EffectsQuality@3] File [G:/Git_Horizontally Scrolling Shooter Repository/UE4_Portfolio2_SL/UE4_Portfolio2_SL/Saved/Config/Windows/Scalability.ini]
[2022.12.07-05.08.22:822][  0]LogConfig: Setting CVar [[r.TranslucencyLightingVolumeDim:64]]
[2022.12.07-05.08.22:822][  0]LogConfig: Setting CVar [[r.RefractionQuality:2]]
[2022.12.07-05.08.22:822][  0]LogConfig: Setting CVar [[r.SSR.Quality:3]]
[2022.12.07-05.08.22:822][  0]LogConfig: Setting CVar [[r.SSR.HalfResSceneColor:0]]
[2022.12.07-05.08.22:822][  0]LogConfig: Setting CVar [[r.SceneColorFormat:4]]
[2022.12.07-05.08.22:822][  0]LogConfig: Setting CVar [[r.DetailMode:2]]
[2022.12.07-05.08.22:822][  0]LogConfig: Setting CVar [[r.TranslucencyVolumeBlur:1]]
[2022.12.07-05.08.22:822][  0]LogConfig: Setting CVar [[r.MaterialQualityLevel:1 ; High quality]]
[2022.12.07-05.08.22:822][  0]LogConfig: Setting CVar [[r.AnisotropicMaterials:1]]
[2022.12.07-05.08.22:822][  0]LogConfig: Setting CVar [[r.SSS.Scale:1]]
[2022.12.07-05.08.22:822][  0]LogConfig: Setting CVar [[r.SSS.SampleSet:2]]
[2022.12.07-05.08.22:822][  0]LogConfig: Setting CVar [[r.SSS.Quality:1]]
[2022.12.07-05.08.22:822][  0]LogConfig: Setting CVar [[r.SSS.HalfRes:0]]
[2022.12.07-05.08.22:822][  0]LogConfig: Setting CVar [[r.SSGI.Quality:3]]
[2022.12.07-05.08.22:822][  0]LogConfig: Setting CVar [[r.EmitterSpawnRateScale:1.0]]
[2022.12.07-05.08.22:822][  0]LogConfig: Setting CVar [[r.ParticleLightQuality:2]]
[2022.12.07-05.08.22:822][  0]LogConfig: Setting CVar [[r.SkyAtmosphere.AerialPerspectiveLUT.FastApplyOnOpaque:1 ; Always have FastSkyLUT 1 in this case to avoid wrong sky]]
[2022.12.07-05.08.22:822][  0]LogConfig: Setting CVar [[r.SkyAtmosphere.AerialPerspectiveLUT.SampleCountMaxPerSlice:4]]
[2022.12.07-05.08.22:822][  0]LogConfig: Setting CVar [[r.SkyAtmosphere.AerialPerspectiveLUT.DepthResolution:16.0]]
[2022.12.07-05.08.22:822][  0]LogConfig: Setting CVar [[r.SkyAtmosphere.FastSkyLUT:1]]
[2022.12.07-05.08.22:822][  0]LogConfig: Setting CVar [[r.SkyAtmosphere.FastSkyLUT.SampleCountMin:4.0]]
[2022.12.07-05.08.22:822][  0]LogConfig: Setting CVar [[r.SkyAtmosphere.FastSkyLUT.SampleCountMax:128.0]]
[2022.12.07-05.08.22:822][  0]LogConfig: Setting CVar [[r.SkyAtmosphere.SampleCountMin:4.0]]
[2022.12.07-05.08.22:822][  0]LogConfig: Setting CVar [[r.SkyAtmosphere.SampleCountMax:128.0]]
[2022.12.07-05.08.22:822][  0]LogConfig: Setting CVar [[r.SkyAtmosphere.TransmittanceLUT.UseSmallFormat:0]]
[2022.12.07-05.08.22:822][  0]LogConfig: Setting CVar [[r.SkyAtmosphere.TransmittanceLUT.SampleCount:10.0]]
[2022.12.07-05.08.22:822][  0]LogConfig: Setting CVar [[r.SkyAtmosphere.MultiScatteringLUT.SampleCount:15.0]]
[2022.12.07-05.08.22:822][  0]LogConfig: Setting CVar [[r.SkyLight.RealTimeReflectionCapture:1]]
[2022.12.07-05.08.22:822][  0]LogConfig: Applying CVar settings from Section [FoliageQuality@3] File [G:/Git_Horizontally Scrolling Shooter Repository/UE4_Portfolio2_SL/UE4_Portfolio2_SL/Saved/Config/Windows/Scalability.ini]
[2022.12.07-05.08.22:822][  0]LogConfig: Setting CVar [[foliage.DensityScale:1.0]]
[2022.12.07-05.08.22:822][  0]LogConfig: Setting CVar [[grass.DensityScale:1.0]]
[2022.12.07-05.08.22:822][  0]LogConfig: Applying CVar settings from Section [ShadingQuality@3] File [G:/Git_Horizontally Scrolling Shooter Repository/UE4_Portfolio2_SL/UE4_Portfolio2_SL/Saved/Config/Windows/Scalability.ini]
[2022.12.07-05.08.22:822][  0]LogConfig: Setting CVar [[r.HairStrands.SkyLighting.IntegrationType:2]]
[2022.12.07-05.08.22:822][  0]LogConfig: Setting CVar [[r.HairStrands.SkyAO.SampleCount:4]]
[2022.12.07-05.08.22:822][  0]LogConfig: Setting CVar [[r.HairStrands.Visibility.MSAA.SamplePerPixel:4]]
[2022.12.07-05.08.22:822][  0]LogInit: Selected Device Profile: [Windows]
[2022.12.07-05.08.22:822][  0]LogInit: Applying CVar settings loaded from the selected device profile: [Windows]
[2022.12.07-05.08.22:822][  0]LogHAL: Display: Platform has ~ 64 GB [68629602304 / 68719476736 / 64], which maps to Largest [LargestMinGB=32, LargerMinGB=12, DefaultMinGB=8, SmallerMinGB=6, SmallestMinGB=0)
[2022.12.07-05.08.22:822][  0]LogInit: Going up to parent DeviceProfile []
[2022.12.07-05.08.22:822][  0]LogConfig: Applying CVar settings from Section [ViewDistanceQuality@3] File [G:/Git_Horizontally Scrolling Shooter Repository/UE4_Portfolio2_SL/UE4_Portfolio2_SL/Saved/Config/Windows/Scalability.ini]
[2022.12.07-05.08.22:822][  0]LogConfig: Setting CVar [[r.SkeletalMeshLODBias:0]]
[2022.12.07-05.08.22:822][  0]LogConfig: Setting CVar [[r.ViewDistanceScale:1.0]]
[2022.12.07-05.08.22:822][  0]LogConfig: Applying CVar settings from Section [AntiAliasingQuality@3] File [G:/Git_Horizontally Scrolling Shooter Repository/UE4_Portfolio2_SL/UE4_Portfolio2_SL/Saved/Config/Windows/Scalability.ini]
[2022.12.07-05.08.22:822][  0]LogConfig: Setting CVar [[r.PostProcessAAQuality:4]]
[2022.12.07-05.08.22:822][  0]LogConfig: Applying CVar settings from Section [ShadowQuality@3] File [G:/Git_Horizontally Scrolling Shooter Repository/UE4_Portfolio2_SL/UE4_Portfolio2_SL/Saved/Config/Windows/Scalability.ini]
[2022.12.07-05.08.22:822][  0]LogConfig: Setting CVar [[r.LightFunctionQuality:1]]
[2022.12.07-05.08.22:822][  0]LogConfig: Setting CVar [[r.ShadowQuality:5]]
[2022.12.07-05.08.22:822][  0]LogConfig: Setting CVar [[r.Shadow.CSM.MaxCascades:10]]
[2022.12.07-05.08.22:822][  0]LogConfig: Setting CVar [[r.Shadow.MaxResolution:2048]]
[2022.12.07-05.08.22:823][  0]LogConfig: Setting CVar [[r.Shadow.MaxCSMResolution:2048]]
[2022.12.07-05.08.22:823][  0]LogConfig: Setting CVar [[r.Shadow.RadiusThreshold:0.01]]
[2022.12.07-05.08.22:823][  0]LogConfig: Setting CVar [[r.Shadow.DistanceScale:1.0]]
[2022.12.07-05.08.22:823][  0]LogConfig: Setting CVar [[r.Shadow.CSM.TransitionScale:1.0]]
[2022.12.07-05.08.22:823][  0]LogConfig: Setting CVar [[r.Shadow.PreShadowResolutionFactor:1.0]]
[2022.12.07-05.08.22:823][  0]LogConfig: Setting CVar [[r.DistanceFieldShadowing:1]]
[2022.12.07-05.08.22:823][  0]LogConfig: Setting CVar [[r.DistanceFieldAO:1]]
[2022.12.07-05.08.22:823][  0]LogConfig: Setting CVar [[r.AOQuality:2]]
[2022.12.07-05.08.22:823][  0]LogConfig: Setting CVar [[r.VolumetricFog:1]]
[2022.12.07-05.08.22:823][  0]LogConfig: Setting CVar [[r.VolumetricFog.GridPixelSize:8]]
[2022.12.07-05.08.22:823][  0]LogConfig: Setting CVar [[r.VolumetricFog.GridSizeZ:128]]
[2022.12.07-05.08.22:823][  0]LogConfig: Setting CVar [[r.VolumetricFog.HistoryMissSupersampleCount:4]]
[2022.12.07-05.08.22:823][  0]LogConfig: Setting CVar [[r.LightMaxDrawDistanceScale:1]]
[2022.12.07-05.08.22:823][  0]LogConfig: Setting CVar [[r.CapsuleShadows:1]]
[2022.12.07-05.08.22:823][  0]LogConfig: Applying CVar settings from Section [PostProcessQuality@3] File [G:/Git_Horizontally Scrolling Shooter Repository/UE4_Portfolio2_SL/UE4_Portfolio2_SL/Saved/Config/Windows/Scalability.ini]
[2022.12.07-05.08.22:823][  0]LogConfig: Setting CVar [[r.MotionBlurQuality:4]]
[2022.12.07-05.08.22:823][  0]LogConfig: Setting CVar [[r.AmbientOcclusionMipLevelFactor:0.4]]
[2022.12.07-05.08.22:823][  0]LogConfig: Setting CVar [[r.AmbientOcclusionMaxQuality:100]]
[2022.12.07-05.08.22:823][  0]LogConfig: Setting CVar [[r.AmbientOcclusionLevels:-1]]
[2022.12.07-05.08.22:823][  0]LogConfig: Setting CVar [[r.AmbientOcclusionRadiusScale:1.0]]
[2022.12.07-05.08.22:823][  0]LogConfig: Setting CVar [[r.DepthOfFieldQuality:2]]
[2022.12.07-05.08.22:823][  0]LogConfig: Setting CVar [[r.RenderTargetPoolMin:400]]
[2022.12.07-05.08.22:823][  0]LogConfig: Setting CVar [[r.LensFlareQuality:2]]
[2022.12.07-05.08.22:823][  0]LogConfig: Setting CVar [[r.SceneColorFringeQuality:1]]
[2022.12.07-05.08.22:823][  0]LogConfig: Setting CVar [[r.EyeAdaptationQuality:2]]
[2022.12.07-05.08.22:823][  0]LogConfig: Setting CVar [[r.BloomQuality:5]]
[2022.12.07-05.08.22:823][  0]LogConfig: Setting CVar [[r.FastBlurThreshold:100]]
[2022.12.07-05.08.22:823][  0]LogConfig: Setting CVar [[r.Upscale.Quality:3]]
[2022.12.07-05.08.22:823][  0]LogConfig: Setting CVar [[r.Tonemapper.GrainQuantization:1]]
[2022.12.07-05.08.22:823][  0]LogConfig: Setting CVar [[r.LightShaftQuality:1]]
[2022.12.07-05.08.22:823][  0]LogConfig: Setting CVar [[r.Filter.SizeScale:1]]
[2022.12.07-05.08.22:823][  0]LogConfig: Setting CVar [[r.Tonemapper.Quality:5]]
[2022.12.07-05.08.22:823][  0]LogConfig: Setting CVar [[r.DOF.Gather.AccumulatorQuality:1        ; higher gathering accumulator quality]]
[2022.12.07-05.08.22:823][  0]LogConfig: Setting CVar [[r.DOF.Gather.PostfilterMethod:1          ; Median3x3 postfilering method]]
[2022.12.07-05.08.22:823][  0]LogConfig: Setting CVar [[r.DOF.Gather.EnableBokehSettings:0       ; no bokeh simulation when gathering]]
[2022.12.07-05.08.22:823][  0]LogConfig: Setting CVar [[r.DOF.Gather.RingCount:4                 ; medium number of samples when gathering]]
[2022.12.07-05.08.22:823][  0]LogConfig: Setting CVar [[r.DOF.Scatter.ForegroundCompositing:1    ; additive foreground scattering]]
[2022.12.07-05.08.22:823][  0]LogConfig: Setting CVar [[r.DOF.Scatter.BackgroundCompositing:2    ; additive background scattering]]
[2022.12.07-05.08.22:823][  0]LogConfig: Setting CVar [[r.DOF.Scatter.EnableBokehSettings:1      ; bokeh simulation when scattering]]
[2022.12.07-05.08.22:823][  0]LogConfig: Setting CVar [[r.DOF.Scatter.MaxSpriteRatio:0.1         ; only a maximum of 10% of scattered bokeh]]
[2022.12.07-05.08.22:823][  0]LogConfig: Setting CVar [[r.DOF.Recombine.Quality:1                ; cheap slight out of focus]]
[2022.12.07-05.08.22:823][  0]LogConfig: Setting CVar [[r.DOF.Recombine.EnableBokehSettings:0    ; no bokeh simulation on slight out of focus]]
[2022.12.07-05.08.22:823][  0]LogConfig: Setting CVar [[r.DOF.TemporalAAQuality:1                ; more stable temporal accumulation]]
[2022.12.07-05.08.22:823][  0]LogConfig: Setting CVar [[r.DOF.Kernel.MaxForegroundRadius:0.025]]
[2022.12.07-05.08.22:823][  0]LogConfig: Setting CVar [[r.DOF.Kernel.MaxBackgroundRadius:0.025]]
[2022.12.07-05.08.22:823][  0]LogConfig: Applying CVar settings from Section [TextureQuality@3] File [G:/Git_Horizontally Scrolling Shooter Repository/UE4_Portfolio2_SL/UE4_Portfolio2_SL/Saved/Config/Windows/Scalability.ini]
[2022.12.07-05.08.22:823][  0]LogConfig: Setting CVar [[r.Streaming.MipBias:0]]
[2022.12.07-05.08.22:823][  0]LogConfig: Setting CVar [[r.Streaming.AmortizeCPUToGPUCopy:0]]
[2022.12.07-05.08.22:823][  0]LogConfig: Setting CVar [[r.Streaming.MaxNumTexturesToStreamPerFrame:0]]
[2022.12.07-05.08.22:823][  0]LogConfig: Setting CVar [[r.Streaming.Boost:1]]
[2022.12.07-05.08.22:823][  0]LogConfig: Setting CVar [[r.MaxAnisotropy:8]]
[2022.12.07-05.08.22:823][  0]LogConfig: Setting CVar [[r.VT.MaxAnisotropy:8]]
[2022.12.07-05.08.22:823][  0]LogConfig: Setting CVar [[r.Streaming.LimitPoolSizeToVRAM:0]]
[2022.12.07-05.08.22:823][  0]LogConfig: Setting CVar [[r.Streaming.PoolSize:1000]]
[2022.12.07-05.08.22:823][  0]LogConfig: Setting CVar [[r.Streaming.MaxEffectiveScreenSize:0]]
[2022.12.07-05.08.22:823][  0]LogConfig: Applying CVar settings from Section [EffectsQuality@3] File [G:/Git_Horizontally Scrolling Shooter Repository/UE4_Portfolio2_SL/UE4_Portfolio2_SL/Saved/Config/Windows/Scalability.ini]
[2022.12.07-05.08.22:823][  0]LogConfig: Setting CVar [[r.TranslucencyLightingVolumeDim:64]]
[2022.12.07-05.08.22:823][  0]LogConfig: Setting CVar [[r.RefractionQuality:2]]
[2022.12.07-05.08.22:823][  0]LogConfig: Setting CVar [[r.SSR.Quality:3]]
[2022.12.07-05.08.22:823][  0]LogConfig: Setting CVar [[r.SSR.HalfResSceneColor:0]]
[2022.12.07-05.08.22:823][  0]LogConfig: Setting CVar [[r.SceneColorFormat:4]]
[2022.12.07-05.08.22:823][  0]LogConfig: Setting CVar [[r.DetailMode:2]]
[2022.12.07-05.08.22:823][  0]LogConfig: Setting CVar [[r.TranslucencyVolumeBlur:1]]
[2022.12.07-05.08.22:823][  0]LogConfig: Setting CVar [[r.MaterialQualityLevel:1 ; High quality]]
[2022.12.07-05.08.22:823][  0]LogConfig: Setting CVar [[r.AnisotropicMaterials:1]]
[2022.12.07-05.08.22:823][  0]LogConfig: Setting CVar [[r.SSS.Scale:1]]
[2022.12.07-05.08.22:823][  0]LogConfig: Setting CVar [[r.SSS.SampleSet:2]]
[2022.12.07-05.08.22:823][  0]LogConfig: Setting CVar [[r.SSS.Quality:1]]
[2022.12.07-05.08.22:823][  0]LogConfig: Setting CVar [[r.SSS.HalfRes:0]]
[2022.12.07-05.08.22:823][  0]LogConfig: Setting CVar [[r.SSGI.Quality:3]]
[2022.12.07-05.08.22:823][  0]LogConfig: Setting CVar [[r.EmitterSpawnRateScale:1.0]]
[2022.12.07-05.08.22:823][  0]LogConfig: Setting CVar [[r.ParticleLightQuality:2]]
[2022.12.07-05.08.22:823][  0]LogConfig: Setting CVar [[r.SkyAtmosphere.AerialPerspectiveLUT.FastApplyOnOpaque:1 ; Always have FastSkyLUT 1 in this case to avoid wrong sky]]
[2022.12.07-05.08.22:823][  0]LogConfig: Setting CVar [[r.SkyAtmosphere.AerialPerspectiveLUT.SampleCountMaxPerSlice:4]]
[2022.12.07-05.08.22:823][  0]LogConfig: Setting CVar [[r.SkyAtmosphere.AerialPerspectiveLUT.DepthResolution:16.0]]
[2022.12.07-05.08.22:823][  0]LogConfig: Setting CVar [[r.SkyAtmosphere.FastSkyLUT:1]]
[2022.12.07-05.08.22:823][  0]LogConfig: Setting CVar [[r.SkyAtmosphere.FastSkyLUT.SampleCountMin:4.0]]
[2022.12.07-05.08.22:823][  0]LogConfig: Setting CVar [[r.SkyAtmosphere.FastSkyLUT.SampleCountMax:128.0]]
[2022.12.07-05.08.22:823][  0]LogConfig: Setting CVar [[r.SkyAtmosphere.SampleCountMin:4.0]]
[2022.12.07-05.08.22:823][  0]LogConfig: Setting CVar [[r.SkyAtmosphere.SampleCountMax:128.0]]
[2022.12.07-05.08.22:823][  0]LogConfig: Setting CVar [[r.SkyAtmosphere.TransmittanceLUT.UseSmallFormat:0]]
[2022.12.07-05.08.22:823][  0]LogConfig: Setting CVar [[r.SkyAtmosphere.TransmittanceLUT.SampleCount:10.0]]
[2022.12.07-05.08.22:823][  0]LogConfig: Setting CVar [[r.SkyAtmosphere.MultiScatteringLUT.SampleCount:15.0]]
[2022.12.07-05.08.22:823][  0]LogConfig: Setting CVar [[r.SkyLight.RealTimeReflectionCapture:1]]
[2022.12.07-05.08.22:823][  0]LogConfig: Applying CVar settings from Section [FoliageQuality@3] File [G:/Git_Horizontally Scrolling Shooter Repository/UE4_Portfolio2_SL/UE4_Portfolio2_SL/Saved/Config/Windows/Scalability.ini]
[2022.12.07-05.08.22:823][  0]LogConfig: Setting CVar [[foliage.DensityScale:1.0]]
[2022.12.07-05.08.22:823][  0]LogConfig: Setting CVar [[grass.DensityScale:1.0]]
[2022.12.07-05.08.22:823][  0]LogConfig: Applying CVar settings from Section [ShadingQuality@3] File [G:/Git_Horizontally Scrolling Shooter Repository/UE4_Portfolio2_SL/UE4_Portfolio2_SL/Saved/Config/Windows/Scalability.ini]
[2022.12.07-05.08.22:823][  0]LogConfig: Setting CVar [[r.HairStrands.SkyLighting.IntegrationType:2]]
[2022.12.07-05.08.22:823][  0]LogConfig: Setting CVar [[r.HairStrands.SkyAO.SampleCount:4]]
[2022.12.07-05.08.22:823][  0]LogConfig: Setting CVar [[r.HairStrands.Visibility.MSAA.SamplePerPixel:4]]
[2022.12.07-05.08.22:823][  0]LogConfig: Applying CVar settings from Section [Startup] File [../../../Engine/Config/ConsoleVariables.ini]
[2022.12.07-05.08.22:823][  0]LogConfig: Setting CVar [[net.UseAdaptiveNetUpdateFrequency:0]]
[2022.12.07-05.08.22:823][  0]LogConfig: Setting CVar [[p.chaos.AllowCreatePhysxBodies:1]]
[2022.12.07-05.08.22:823][  0]LogConfig: Setting CVar [[fx.SkipVectorVMBackendOptimizations:1]]
[2022.12.07-05.08.22:823][  0]LogConfig: Applying CVar settings from Section [ConsoleVariables] File [G:/Git_Horizontally Scrolling Shooter Repository/UE4_Portfolio2_SL/UE4_Portfolio2_SL/Saved/Config/Windows/Engine.ini]
[2022.12.07-05.08.22:823][  0]LogConfig: Applying CVar settings from Section [ConsoleVariables] File [G:/Git_Horizontally Scrolling Shooter Repository/UE4_Portfolio2_SL/UE4_Portfolio2_SL/Saved/Config/Windows/Editor.ini]
[2022.12.07-05.08.22:823][  0]LogInit: Computer: DESKTOP-37S8SED
[2022.12.07-05.08.22:823][  0]LogInit: User: decja
[2022.12.07-05.08.22:823][  0]LogInit: CPU Page size=4096, Cores=12
[2022.12.07-05.08.22:823][  0]LogInit: High frequency timer resolution =10.000000 MHz
[2022.12.07-05.08.22:823][  0]LogMemory: Memory total: Physical=63.9GB (64GB approx)
[2022.12.07-05.08.22:823][  0]LogMemory: Platform Memory Stats for Windows
[2022.12.07-05.08.22:823][  0]LogMemory: Process Physical Memory: 151.45 MB used, 151.46 MB peak
[2022.12.07-05.08.22:824][  0]LogMemory: Process Virtual Memory: 134.21 MB used, 134.21 MB peak
[2022.12.07-05.08.22:824][  0]LogMemory: Physical Memory: 13292.67 MB used,  52157.62 MB free, 65450.29 MB total
[2022.12.07-05.08.22:824][  0]LogMemory: Virtual Memory: 134158912.00 MB used,  58811.95 MB free, 134217728.00 MB total
[2022.12.07-05.08.22:830][  0]LogWindows: WindowsPlatformFeatures enabled
[2022.12.07-05.08.22:855][  0]LogInit: Physics initialised using underlying interface: PhysX
[2022.12.07-05.08.22:856][  0]LogInit: Using OS detected language (ko-KR).
[2022.12.07-05.08.22:856][  0]LogInit: Using OS detected locale (ko-KR).
[2022.12.07-05.08.22:858][  0]LogTextLocalizationManager: No specific localization for 'ko-KR' exists, so the 'ko' localization will be used.
[2022.12.07-05.08.22:936][  0]LogInit: Setting process to per monitor DPI aware
[2022.12.07-05.08.22:953][  0]LogWindowsTextInputMethodSystem: Display: IME system deactivated.
[2022.12.07-05.08.22:964][  0]LogSlate: New Slate User Created.  User Index 0, Is Virtual User: 0
[2022.12.07-05.08.22:964][  0]LogSlate: Slate User Registered.  User Index 0, Is Virtual User: 0
[2022.12.07-05.08.23:132][  0]LogD3D11RHI: Loaded GFSDK_Aftermath_Lib.x64.dll
[2022.12.07-05.08.23:135][  0]LogHMD: Failed to initialize OpenVR with code 110
[2022.12.07-05.08.23:135][  0]LogD3D11RHI: D3D11 min allowed feature level: 11_0
[2022.12.07-05.08.23:135][  0]LogD3D11RHI: D3D11 max allowed feature level: 11_0
[2022.12.07-05.08.23:135][  0]LogD3D11RHI: D3D11 adapters:
[2022.12.07-05.08.23:175][  0]LogD3D11RHI:    0. 'AMD Radeon RX 6600 XT' (Feature Level 11_0)
[2022.12.07-05.08.23:175][  0]LogD3D11RHI:       8147/0/32725 MB DedicatedVideo/DedicatedSystem/SharedSystem, Outputs:2, VendorId:0x1002
[2022.12.07-05.08.23:177][  0]LogD3D11RHI:    1. 'Microsoft Basic Render Driver' (Feature Level 11_0)
[2022.12.07-05.08.23:177][  0]LogD3D11RHI:       0/0/32725 MB DedicatedVideo/DedicatedSystem/SharedSystem, Outputs:0, VendorId:0x1414
[2022.12.07-05.08.23:177][  0]LogD3D11RHI: Chosen D3D11 Adapter:
[2022.12.07-05.08.23:177][  0]LogD3D11RHI:     Description : AMD Radeon RX 6600 XT
[2022.12.07-05.08.23:177][  0]LogD3D11RHI:     VendorId    : 1002
[2022.12.07-05.08.23:177][  0]LogD3D11RHI:     DeviceId    : 73ff
[2022.12.07-05.08.23:177][  0]LogD3D11RHI:     SubSysId    : e4481da2
[2022.12.07-05.08.23:177][  0]LogD3D11RHI:     Revision    : 00c1
[2022.12.07-05.08.23:177][  0]LogD3D11RHI:     DedicatedVideoMemory : 8542978048 bytes
[2022.12.07-05.08.23:177][  0]LogD3D11RHI:     DedicatedSystemMemory : 0 bytes
[2022.12.07-05.08.23:177][  0]LogD3D11RHI:     SharedSystemMemory : 34314801152 bytes
[2022.12.07-05.08.23:177][  0]LogD3D11RHI:     AdapterLuid : 0 72863
[2022.12.07-05.08.23:184][  0]LogD3D11RHI: Creating new Direct3DDevice
[2022.12.07-05.08.23:184][  0]LogD3D11RHI:     GPU DeviceId: 0x73ff (for the marketing name, search the web for "GPU Device Id")
[2022.12.07-05.08.23:184][  0]LogWindows: EnumDisplayDevices:
[2022.12.07-05.08.23:184][  0]LogWindows:    0. 'AMD Radeon RX 6600 XT' (P:0 D:1)
[2022.12.07-05.08.23:184][  0]LogWindows:    1. 'AMD Radeon RX 6600 XT' (P:1 D:1)
[2022.12.07-05.08.23:184][  0]LogWindows:    2. 'AMD Radeon RX 6600 XT' (P:0 D:0)
[2022.12.07-05.08.23:184][  0]LogWindows:    3. 'AMD Radeon RX 6600 XT' (P:0 D:0)
[2022.12.07-05.08.23:185][  0]LogWindows:    4. 'AMD Radeon RX 6600 XT' (P:0 D:0)
[2022.12.07-05.08.23:185][  0]LogWindows:    5. 'AMD Radeon RX 6600 XT' (P:0 D:0)
[2022.12.07-05.08.23:185][  0]LogWindows: DebugString: FoundDriverCount:6 
[2022.12.07-05.08.23:185][  0]LogD3D11RHI:     Adapter Name: AMD Radeon RX 6600 XT
[2022.12.07-05.08.23:185][  0]LogD3D11RHI:   Driver Version: AMD Software: Adrenalin Edition 22.5.1 (internal:30.0.15021.11005, unified:30.0.15021.11005)
[2022.12.07-05.08.23:185][  0]LogD3D11RHI:      Driver Date: 4-28-2022
[2022.12.07-05.08.23:185][  0]LogRHI: Texture pool is 5165 MB (70% of 7379 MB)
[2022.12.07-05.08.23:205][  0]LogD3D11RHI: Creating D3DDevice with AMD AGS, using adapter:
[2022.12.07-05.08.23:205][  0]LogD3D11RHI:     Description : AMD Radeon RX 6600 XT
[2022.12.07-05.08.23:205][  0]LogD3D11RHI:     VendorId    : 1002
[2022.12.07-05.08.23:205][  0]LogD3D11RHI:     DeviceId    : 73ff
[2022.12.07-05.08.23:205][  0]LogD3D11RHI:     SubSysId    : e4481da2
[2022.12.07-05.08.23:205][  0]LogD3D11RHI:     Revision    : 00c1
[2022.12.07-05.08.23:205][  0]LogD3D11RHI:     DedicatedVideoMemory : 8542978048 bytes
[2022.12.07-05.08.23:205][  0]LogD3D11RHI:     DedicatedSystemMemory : 0 bytes
[2022.12.07-05.08.23:205][  0]LogD3D11RHI:     SharedSystemMemory : 34314801152 bytes
[2022.12.07-05.08.23:205][  0]LogD3D11RHI:     AdapterLuid : 0 72863
[2022.12.07-05.08.23:239][  0]LogD3D11RHI: Created device via AGS, feature level 11_0, supported extensions 1fffffbf.
[2022.12.07-05.08.23:239][  0]LogD3D11RHI: RHI has support for 64 bit atomics
[2022.12.07-05.08.23:239][  0]LogD3D11RHI: Async texture creation enabled
[2022.12.07-05.08.23:239][  0]LogD3D11RHI: Array index from any shader is supported
[2022.12.07-05.08.23:255][  0]LogD3D11RHI: GPU Timing Frequency: 100.000000 (Debug: 2 1)
[2022.12.07-05.08.23:482][  0]LogTargetPlatformManager: Display: Loaded TargetPlatform 'AllDesktop'
[2022.12.07-05.08.23:501][  0]LogTargetPlatformManager: Display: Loaded TargetPlatform 'Android'
[2022.12.07-05.08.23:501][  0]LogTargetPlatformManager: Display: Loaded TargetPlatform 'Android_ASTC'
[2022.12.07-05.08.23:501][  0]LogTargetPlatformManager: Display: Loaded TargetPlatform 'Android_DXT'
[2022.12.07-05.08.23:501][  0]LogTargetPlatformManager: Display: Loaded TargetPlatform 'Android_ETC2'
[2022.12.07-05.08.23:501][  0]LogTargetPlatformManager: Display: Loaded TargetPlatform 'AndroidClient'
[2022.12.07-05.08.23:501][  0]LogTargetPlatformManager: Display: Loaded TargetPlatform 'Android_ASTCClient'
[2022.12.07-05.08.23:501][  0]LogTargetPlatformManager: Display: Loaded TargetPlatform 'Android_DXTClient'
[2022.12.07-05.08.23:501][  0]LogTargetPlatformManager: Display: Loaded TargetPlatform 'Android_ETC2Client'
[2022.12.07-05.08.23:501][  0]LogTargetPlatformManager: Display: Loaded TargetPlatform 'Android_Multi'
[2022.12.07-05.08.23:501][  0]LogTargetPlatformManager: Display: Loaded TargetPlatform 'Android_MultiClient'
[2022.12.07-05.08.23:515][  0]LogTargetPlatformManager: Display: Loaded TargetPlatform 'IOSClient'
[2022.12.07-05.08.23:515][  0]LogTargetPlatformManager: Display: Loaded TargetPlatform 'IOS'
[2022.12.07-05.08.23:523][  0]LogTargetPlatformManager: Display: Loaded TargetPlatform 'Linux'
[2022.12.07-05.08.23:526][  0]LogTargetPlatformManager: Display: Loaded TargetPlatform 'LinuxNoEditor'
[2022.12.07-05.08.23:530][  0]LogTargetPlatformManager: Display: Loaded TargetPlatform 'LinuxClient'
[2022.12.07-05.08.23:534][  0]LogTargetPlatformManager: Display: Loaded TargetPlatform 'LinuxServer'
[2022.12.07-05.08.23:541][  0]LogTargetPlatformManager: Display: Loaded TargetPlatform 'LinuxAArch64NoEditor'
[2022.12.07-05.08.23:545][  0]LogTargetPlatformManager: Display: Loaded TargetPlatform 'LinuxAArch64Client'
[2022.12.07-05.08.23:549][  0]LogTargetPlatformManager: Display: Loaded TargetPlatform 'LinuxAArch64Server'
[2022.12.07-05.08.23:565][  0]LogTargetPlatformManager: Display: Loaded TargetPlatform 'Lumin'
[2022.12.07-05.08.23:565][  0]LogTargetPlatformManager: Display: Loaded TargetPlatform 'LuminClient'
[2022.12.07-05.08.23:572][  0]LogTargetPlatformManager: Display: Loaded TargetPlatform 'MacNoEditor'
[2022.12.07-05.08.23:575][  0]LogTargetPlatformManager: Display: Loaded TargetPlatform 'Mac'
[2022.12.07-05.08.23:579][  0]LogTargetPlatformManager: Display: Loaded TargetPlatform 'MacClient'
[2022.12.07-05.08.23:582][  0]LogTargetPlatformManager: Display: Loaded TargetPlatform 'MacServer'
[2022.12.07-05.08.23:590][  0]LogTargetPlatformManager: Display: Loaded TargetPlatform 'TVOSClient'
[2022.12.07-05.08.23:590][  0]LogTargetPlatformManager: Display: Loaded TargetPlatform 'TVOS'
[2022.12.07-05.08.23:599][  0]LogTargetPlatformManager: Display: Loaded TargetPlatform 'WindowsNoEditor'
[2022.12.07-05.08.23:603][  0]LogTargetPlatformManager: Display: Loaded TargetPlatform 'Windows'
[2022.12.07-05.08.23:607][  0]LogTargetPlatformManager: Display: Loaded TargetPlatform 'WindowsClient'
[2022.12.07-05.08.23:610][  0]LogTargetPlatformManager: Display: Loaded TargetPlatform 'WindowsServer'
[2022.12.07-05.08.23:610][  0]LogTargetPlatformManager: Display: Building Assets For Windows
[2022.12.07-05.08.23:617][  0]LogAudioDebug: Display: Lib vorbis DLL was dynamically loaded.
[2022.12.07-05.08.23:646][  0]LogTextureFormatOodle: Display: Oodle Texture 2.9.0 init RDO Off
[2022.12.07-05.08.23:676][  0]LogRendererCore: Ray tracing is disabled. Reason: r.RayTracing=0.
[2022.12.07-05.08.23:676][  0]LogShaderCompilers: Guid format shader working directory is -51 characters bigger than the processId version (../../../../../Git_Horizontally Scrolling Shooter Repository/UE4_Portfolio2_SL/UE4_Portfolio2_SL/Intermediate/Shaders/WorkingDirectory/28528/).
[2022.12.07-05.08.23:677][  0]LogShaderCompilers: Cleaned the shader compiler working directory 'C:/Users/decja/AppData/Local/Temp/UnrealShaderWorkingDir/FA3CADB54AB38030B92838A94FF90C57/'.
[2022.12.07-05.08.23:677][  0]LogXGEController: Cannot use XGE Controller as Incredibuild is not installed on this machine.
[2022.12.07-05.08.23:677][  0]LogShaderCompilers: Cannot use XGE Shader Compiler as Incredibuild is not installed on this machine.
[2022.12.07-05.08.23:677][  0]LogShaderCompilers: Display: Using Local Shader Compiler.
[2022.12.07-05.08.24:201][  0]LogDerivedDataCache: Display: Max Cache Size: 512 MB
[2022.12.07-05.08.24:243][  0]LogDerivedDataCache: Loaded boot cache 0.04s 110MB C:/Users/decja/AppData/Local/UnrealEngine/4.27/DerivedDataCache/Boot.ddc.
[2022.12.07-05.08.24:243][  0]LogDerivedDataCache: Display: Loaded Boot cache: C:/Users/decja/AppData/Local/UnrealEngine/4.27/DerivedDataCache/Boot.ddc
[2022.12.07-05.08.24:243][  0]LogDerivedDataCache: FDerivedDataBackendGraph:  Pak pak cache file ../../../../../Git_Horizontally Scrolling Shooter Repository/UE4_Portfolio2_SL/UE4_Portfolio2_SL/DerivedDataCache/DDC.ddp not found, will not use a pak cache.
[2022.12.07-05.08.24:243][  0]LogDerivedDataCache: Unable to find inner node Pak for hierarchical cache Hierarchy.
[2022.12.07-05.08.24:243][  0]LogDerivedDataCache: FDerivedDataBackendGraph:  CompressedPak pak cache file ../../../../../Git_Horizontally Scrolling Shooter Repository/UE4_Portfolio2_SL/UE4_Portfolio2_SL/DerivedDataCache/Compressed.ddp not found, will not use a pak cache.
[2022.12.07-05.08.24:243][  0]LogDerivedDataCache: Unable to find inner node CompressedPak for hierarchical cache Hierarchy.
[2022.12.07-05.08.24:256][  0]LogDerivedDataCache: Display: Pak cache opened for reading ../../../Engine/DerivedDataCache/Compressed.ddp.
[2022.12.07-05.08.24:256][  0]LogDerivedDataCache: FDerivedDataBackendGraph:  EnterprisePak pak cache file ../../../Enterprise/DerivedDataCache/Compressed.ddp not found, will not use a pak cache.
[2022.12.07-05.08.24:256][  0]LogDerivedDataCache: Unable to find inner node EnterprisePak for hierarchical cache Hierarchy.
[2022.12.07-05.08.24:264][  0]LogDerivedDataCache: Speed tests for C:/Users/decja/AppData/Local/UnrealEngine/Common/DerivedDataCache took 0.01 seconds
[2022.12.07-05.08.24:264][  0]LogDerivedDataCache: Display: Performance to C:/Users/decja/AppData/Local/UnrealEngine/Common/DerivedDataCache: Latency=0.09ms. RandomReadSpeed=719.46MBs, RandomWriteSpeed=171.90MBs. Assigned SpeedClass 'Local'
[2022.12.07-05.08.24:265][  0]LogDerivedDataCache: Using Local data cache path C:/Users/decja/AppData/Local/UnrealEngine/Common/DerivedDataCache: Writable
[2022.12.07-05.08.24:265][  0]LogDerivedDataCache: Shared data cache path not found in *engine.ini, will not use an Shared cache.
[2022.12.07-05.08.24:265][  0]LogDerivedDataCache: Unable to find inner node Shared for hierarchical cache Hierarchy.
[2022.12.07-05.08.24:298][  0]LogSlate: Using FreeType 2.10.0
[2022.12.07-05.08.24:298][  0]LogSlate: SlateFontServices - WITH_FREETYPE: 1, WITH_HARFBUZZ: 1
[2022.12.07-05.08.24:320][  0]LogAssetRegistry: FAssetRegistry took 0.0020 seconds to start up
[2022.12.07-05.08.24:486][  0]LogInit: Selected Device Profile: [Windows]
[2022.12.07-05.08.24:486][  0]LogInit: Active device profile: [000001AAF353EC00][000001AAE87562C0 49] Windows
[2022.12.07-05.08.24:486][  0]LogInit: Profiles: [000001AAF353EC00][000001AAE87562C0 49] Windows, [000001AAF34D0C00][000001AAE875E580 49] WindowsNoEditor, [000001AAF353E800][000001AAE8762840 49] WindowsServer, [000001AAF353D700][000001AAE8766B00 49] WindowsClient, [000001AAF353E900][000001AAE875AD80 49] IOS, [000001AAF34D2200][000001AAE876F040 49] iPadAir, [000001AAF34E4300][000001AAE8773300 49] iPadAir2, [000001AAF3481300][000001AAE8787840 49] IPadPro, [000001AAF3481400][000001AAE8777880 49] iPadAir3, [000001AAF34E4200][000001AAE877FB40 49] iPadAir4, [000001AAF3480200][000001AAE877A280 49] iPadMini2, [000001AAF34E4100][000001AAE8782540 49] iPadMini3, [000001AAF3482C00][000001AAE878A800 49] iPadMini4, [000001AAF34E7B00][000001AAE878EAC0 49] iPadMini5, [000001AAF34D3700][000001AAF10EEF80 49] iPhone6, [000001AAF34D3000][000001AAE876AFC0 49] iPodTouch6, [000001AAF3483C00][000001AAF10FB500 49] iPhone7, [000001AAF3483B00][000001AAF10EB540 49] iPodTouch7, [000001AAF34D0300][000001AAF10F3800 49] iPhone5S, [000001AAF3480A00][000001AAF10E7AC0 49] iPhone6Plus, [000001AAF34D3300][000001AAF10F6200 49] iPhone6S, [000001AAF3483800][000001AAF10FE4C0 49] iPhone6SPlus, [000001AAF34D3F00][000001AAF1102780 49] iPhone7Plus, [000001AAF3481000][000001AAF1106A40 49] iPhoneSE, [000001AAF34D0200][000001AAF110AD00 49] iPhone8, [000001AAF3481F00][000001AAF10E2F80 49] iPhone8Plus, [000001AAF34D1200][000001AAF110F200 49] iPhoneX, [000001AAF3481C00][000001AAF11174C0 49] iPhoneXS, [000001AAF34D2900][000001AAF111B780 49] iPhoneXSMax, [000001AAF3483200][000001AAF111FA40 49] iPhoneXR, [000001AAF34D1400][000001AAF1122180 49] iPhone11, [000001AAF3481B00][000001AAF1126440 49] iPhone11Pro, [000001AAF34D2300][000001AAF112A700 49] iPhone11ProMax, [000001AAF3481700][000001AAF1F389C0 49] iPhoneSE2, [000001AAF34D1E00][000001AAF1F3CC80 49] iPhone12Mini, [000001AAF3482500][000001AAF1F40F40 49] iPhone12, [000001AAF34D3100][000001AAF11131C0 49] iPhone12Pro, [000001AAF3483F00][000001AAF1F45440 49] iPhone12ProMax, [000001AAF34D0700][000001AAF1F7F700 49] iPadPro105, [000001AAF3480E00][000001AAF1F839C0 49] iPadPro129, [000001AAF34D3800][000001AAF1F90100 49] iPadPro97, [000001AAF3480600][000001AAF1F943C0 49] iPadPro2_129, [000001AAF34D0F00][000001AAF1F98680 49] iPad5, [000001AAF3481600][000001AAF1F9C940 49] iPad6, [000001AAF34D2600][000001AAF1790C00 49] iPad7, [000001AAF3483400][000001AAF1794EC0 49] iPad8, [000001AAF34D1D00][000001AAF1799180 49] iPadPro11, [000001AAF3481900][000001AAF1F49400 49] iPadPro2_11, [000001AAF34D1800][000001AAF179D680 49] iPadPro3_129, [000001AAF3481800][000001AAF17A5940 49] iPadPro4_129, [000001AAF34D2C00][000001AAF17A9C00 49] AppleTV, [000001AAF3483D00][000001AAE825E340 49] AppleTV4K, [000001AAF34D0600][000001AAE8262600 49] TVOS, [000001AAF3483E00][000001AAE82E88C0 49] Mac, [000001AAF34D0B00][000001AAE82F0B80 49] MacClient, [000001AAF3483A00][000001AAE8310E40 49] MacNoEditor, [000001AAF34D1500][000001AAE8315100 49] MacServer, [000001AAF3482100][000001AAE83193C0 49] Linux, [000001AAF34D3600][000001AAF17A1640 49] LinuxAArch64, [000001AAF3480100][000001AAE82518C0 49] LinuxNoEditor, [000001AAF34D3E00][000001AAE8259B80 49] LinuxAArch64NoEditor, [000001AAF3482E00][000001AAE8AB02C0 49] LinuxClient, [000001AAF34D2D00][000001AAE8AE4580 49] LinuxAArch64Client, [000001AAF3480900][000001AAE8AE8840 49] LinuxServer, [000001AAF34D1900][000001AAF1B82B00 49] LinuxAArch64Server, [000001AAF3483000][000001AAF1B8ADC0 49] Android, [000001AAF34D1F00][000001AAE8AED080 49] Android_Low, [000001AAF3483300][000001AAE8AF5340 49] Android_Mid, [000001AAF34D3D00][000001AAE8AF9600 49] Android_High, [000001AAF353C200][000001AAE8255880 49] Android_Default, [000001AAF34E6400][000001AAF1167B00 49] Android_Adreno4xx, [000001AAF353E000][000001AAF1182240 49] Android_Adreno5xx_Low, [000001AAF34E4F00][000001AAF1186500 49] Android_Adreno5xx, [000001AAF353D300][000001AAF1B587C0 49] Android_Adreno6xx, [000001AAF34E4800][000001AAF1B68A80 49] Android_Adreno6xx_Vulkan, [000001AAF353D100][000001AAF1B70D40 49] Android_Mali_T6xx, [000001AAF34E7100][000001AAF1B79000 49] Android_Mali_T7xx, [000001AAF353C500][000001AAF173F2C0 49] Android_Mali_T8xx, [000001AAF34E7D00][000001AAF1743580 49] Android_Mali_G71, [000001AAF353C300][000001AAF18A9840 49] Android_Mali_G72, [000001AAF34E5A00][000001AAF117BAC0 49] Android_Mali_G72_Vulkan, [000001AAF353D500][000001AAF18B41C0 49] Android_Mali_G76, [000001AAF34E4600][000001AAE81F6480 49] Android_Mali_G76_Vulkan, [000001AAF353C600][000001AAE8234740 49] Android_Mali_G77, [000001AAF34E6000][000001AAE8238A00 49] Android_Mali_G77_Vulkan, [000001AAF353DB00][000001AAE82DACC0 49] Android_Mali_G78, [000001AAF34E4C00][000001AAE82DEF80 49] Android_Mali_G78_Vulkan, [000001AAF353CB00][000001AAF194F240 49] Android_Mali_G710, [000001AAF34E6600][000001AAF1961500 49] Android_Mali_G710_Vulkan, [000001AAF353C700][000001AAF18AD7C0 49] Android_Vulkan_SM5, [000001AAF34E7800][000001AAF18A5A80 49] Android_PowerVR_G6xxx, [000001AAF353E200][000001AAE81F2180 49] Android_PowerVR_GT7xxx, [000001AAF34E7000][000001AAF1A3A400 49] Android_PowerVR_GE8xxx, [000001AAF34D3200][000001AAF14866C0 49] Android_PowerVR_GM9xxx, [000001AAF3482800][000001AAF148A980 49] Android_PowerVR_GM9xxx_Vulkan, [000001AAF34E7900][000001AAF1492C40 49] Android_TegraK1, [000001AAF3482300][000001AAF1496F00 49] Android_Unknown_Vulkan, [000001AAF34E6900][000001AAF149F1C0 49] Lumin, [000001AAF353ED00][000001AAF14CB480 49] Lumin_Desktop, [000001AAF34D1700][000001AAF1543740 49] HoloLens, 
[2022.12.07-05.08.24:581][  0]LogMeshReduction: Using QuadricMeshReduction for automatic static mesh reduction
[2022.12.07-05.08.24:581][  0]LogMeshReduction: Using SimplygonMeshReduction for automatic skeletal mesh reduction
[2022.12.07-05.08.24:581][  0]LogMeshReduction: Using ProxyLODMeshReduction for automatic mesh merging
[2022.12.07-05.08.24:581][  0]LogMeshReduction: No distributed automatic mesh merging module available
[2022.12.07-05.08.24:581][  0]LogMeshMerging: No distributed automatic mesh merging module available
[2022.12.07-05.08.24:594][  0]LogNetVersion: UE4_Portfolio2_SL 1.0.0, NetCL: 17155196, EngineNetVer: 17, GameNetVer: 0 (Checksum: 2867686067)
[2022.12.07-05.08.24:902][  0]LogTexture: Default maximum texture size for cubemaps generated from long-lat sources has been changed from 512 to unlimited. In order to preserve old behaiour for '/Engine/MapTemplates/Sky/DaylightAmbientCubemap.DaylightAmbientCubemap', its maximum texture size has been explicitly set to 512.
[2022.12.07-05.08.24:943][  0]LogHMD: PokeAHoleMaterial loaded successfully
[2022.12.07-05.08.24:947][  0]LogUObjectArray: 17178 objects as part of root set at end of initial load.
[2022.12.07-05.08.24:947][  0]LogUObjectAllocator: 4302048 out of 0 bytes used by permanent object pool.
[2022.12.07-05.08.24:947][  0]LogUObjectArray: CloseDisregardForGC: 0/0 objects in disregard for GC pool
[2022.12.07-05.08.25:174][  0]LogNiagaraDebuggerClient: Niagara Debugger Client Initialized | Session: D80365C745A26BB2B39CEAACD1F42CFA | Instance: B2C84EC64EB2201743382AA771E38B2A (DESKTOP-37S8SED-28528).
[2022.12.07-05.08.25:201][  0]LogPython: Using Python 3.7.7
[2022.12.07-05.08.25:624][  0]LogTcpMessaging: Initializing TcpMessaging bridge
[2022.12.07-05.08.25:628][  0]LogUdpMessaging: Initializing bridge on interface 0.0.0.0:0 to multicast group 230.0.0.1:6666.
[2022.12.07-05.08.27:312][  0]LogWindows: Error: === Critical error: ===
[2022.12.07-05.08.27:312][  0]LogWindows: Error: 
[2022.12.07-05.08.27:312][  0]LogWindows: Error: Fatal error!
[2022.12.07-05.08.27:312][  0]LogWindows: Error: 
[2022.12.07-05.08.27:312][  0]LogWindows: Error: Unhandled Exception: EXCEPTION_ACCESS_VIOLATION reading address 0x00000000000001b8
[2022.12.07-05.08.27:312][  0]LogWindows: Error: 
[2022.12.07-05.08.27:312][  0]LogWindows: Error: [Callstack] 0x00007ffe89338ad9 UE4Editor-Engine.dll!UWorld::SpawnActor() [D:\Build\++UE4\Sync\Engine\Source\Runtime\Engine\Private\LevelActor.cpp:314]
[2022.12.07-05.08.27:312][  0]LogWindows: Error: [Callstack] 0x00007ffe8933a908 UE4Editor-Engine.dll!UWorld::SpawnActor() [D:\Build\++UE4\Sync\Engine\Source\Runtime\Engine\Private\LevelActor.cpp:304]
[2022.12.07-05.08.27:312][  0]LogWindows: Error: [Callstack] 0x00007ffe76704a45 UE4Editor-UE4_Portfolio2_SL.dll!APlayerCharacter::APlayerCharacter() [G:\Git_Horizontally Scrolling Shooter Repository\UE4_Portfolio2_SL\UE4_Portfolio2_SL\Source\UE4_Portfolio2_SL\PlayerCharacter.cpp:65]
[2022.12.07-05.08.27:312][  0]LogWindows: Error: [Callstack] 0x00007ffecd7161d3 UE4Editor-CoreUObject.dll!UClass::CreateDefaultObject() [D:\Build\++UE4\Sync\Engine\Source\Runtime\CoreUObject\Private\UObject\Class.cpp:3791]
[2022.12.07-05.08.27:312][  0]LogWindows: Error: [Callstack] 0x00007ffecda38faf UE4Editor-CoreUObject.dll!UObjectLoadAllCompiledInDefaultProperties() [D:\Build\++UE4\Sync\Engine\Source\Runtime\CoreUObject\Private\UObject\UObjectBase.cpp:911]
[2022.12.07-05.08.27:312][  0]LogWindows: Error: [Callstack] 0x00007ffecda15411 UE4Editor-CoreUObject.dll!ProcessNewlyLoadedUObjects() [D:\Build\++UE4\Sync\Engine\Source\Runtime\CoreUObject\Private\UObject\UObjectBase.cpp:1003]
[2022.12.07-05.08.27:312][  0]LogWindows: Error: [Callstack] 0x00007ffecd8dddc5 UE4Editor-CoreUObject.dll!TBaseStaticDelegateInstance<void __cdecl(FName,bool),FDefaultDelegateUserPolicy>::ExecuteIfSafe() [D:\Build\++UE4\Sync\Engine\Source\Runtime\Core\Public\Delegates\DelegateInstancesImpl.h:731]
[2022.12.07-05.08.27:312][  0]LogWindows: Error: [Callstack] 0x00007ffea0451bea UE4Editor-Core.dll!TMulticastDelegate<void __cdecl(FName,bool),FDefaultDelegateUserPolicy>::Broadcast() [D:\Build\++UE4\Sync\Engine\Source\Runtime\Core\Public\Delegates\DelegateSignatureImpl.inl:955]
[2022.12.07-05.08.27:312][  0]LogWindows: Error: [Callstack] 0x00007ffea04715a3 UE4Editor-Core.dll!FModuleManager::LoadModuleWithFailureReason() [D:\Build\++UE4\Sync\Engine\Source\Runtime\Core\Private\Modules\ModuleManager.cpp:519]
[2022.12.07-05.08.27:312][  0]LogWindows: Error: [Callstack] 0x00007fff19016433 UE4Editor-Projects.dll!FModuleDescriptor::LoadModulesForPhase() [D:\Build\++UE4\Sync\Engine\Source\Runtime\Projects\Private\ModuleDescriptor.cpp:643]
[2022.12.07-05.08.27:312][  0]LogWindows: Error: [Callstack] 0x00007fff1901674f UE4Editor-Projects.dll!FProjectManager::LoadModulesForProject() [D:\Build\++UE4\Sync\Engine\Source\Runtime\Projects\Private\ProjectManager.cpp:62]
[2022.12.07-05.08.27:312][  0]LogWindows: Error: [Callstack] 0x00007ff70fae5642 UE4Editor.exe!FEngineLoop::LoadStartupModules() [D:\Build\++UE4\Sync\Engine\Source\Runtime\Launch\Private\LaunchEngineLoop.cpp:3880]
[2022.12.07-05.08.27:312][  0]LogWindows: Error: [Callstack] 0x00007ff70fae9000 UE4Editor.exe!FEngineLoop::PreInitPostStartupScreen() [D:\Build\++UE4\Sync\Engine\Source\Runtime\Launch\Private\LaunchEngineLoop.cpp:3263]
[2022.12.07-05.08.27:312][  0]LogWindows: Error: [Callstack] 0x00007ff70fae0d2c UE4Editor.exe!GuardedMain() [D:\Build\++UE4\Sync\Engine\Source\Runtime\Launch\Private\Launch.cpp:132]
[2022.12.07-05.08.27:312][  0]LogWindows: Error: [Callstack] 0x00007ff70fae10ba UE4Editor.exe!GuardedMainWrapper() [D:\Build\++UE4\Sync\Engine\Source\Runtime\Launch\Private\Windows\LaunchWindows.cpp:137]
[2022.12.07-05.08.27:312][  0]LogWindows: Error: [Callstack] 0x00007ff70fae40dd UE4Editor.exe!LaunchWindowsStartup() [D:\Build\++UE4\Sync\Engine\Source\Runtime\Launch\Private\Windows\LaunchWindows.cpp:273]
[2022.12.07-05.08.27:312][  0]LogWindows: Error: [Callstack] 0x00007ff70faf5984 UE4Editor.exe!WinMain() [D:\Build\++UE4\Sync\Engine\Source\Runtime\Launch\Private\Windows\LaunchWindows.cpp:320]
[2022.12.07-05.08.27:312][  0]LogWindows: Error: [Callstack] 0x00007ff70faf853a UE4Editor.exe!__scrt_common_main_seh() [d:\agent\_work\5\s\src\vctools\crt\vcstartup\src\startup\exe_common.inl:288]
[2022.12.07-05.08.27:312][  0]LogWindows: Error: [Callstack] 0x00007fff386474b4 KERNEL32.DLL!UnknownFunction []
[2022.12.07-05.08.27:313][  0]LogWindows: Error: [Callstack] 0x00007fff3a1026a1 ntdll.dll!UnknownFunction []
[2022.12.07-05.08.27:313][  0]LogWindows: Error: 
[2022.12.07-05.08.27:318][  0]LogExit: Executing StaticShutdownAfterError
[2022.12.07-05.08.27:319][  0]LogWindows: FPlatformMisc::RequestExit(1)
[2022.12.07-05.08.27:319][  0]LogWindows: FPlatformMisc::RequestExitWithStatus(1, 3)
[2022.12.07-05.08.27:319][  0]LogCore: Engine exit requested (reason: Win RequestExit)
[2022.12.07-05.08.27:330][  0]Log file closed, 12/07/22 14:08:27
