Log file open, 01/04/23 18:24:31
LogWindows: Failed to load 'aqProf.dll' (GetLastError=126)
LogWindows: File 'aqProf.dll' does not exist
LogWindows: Failed to load 'VtuneApi.dll' (GetLastError=126)
LogWindows: File 'VtuneApi.dll' does not exist
LogWindows: Failed to load 'VtuneApi32e.dll' (GetLastError=126)
LogWindows: File 'VtuneApi32e.dll' does not exist
LogConsoleResponse: Display: Failed to find resolution value strings in scalability ini. Falling back to default.
LogConsoleResponse: Display: Failed to find resolution value strings in scalability ini. Falling back to default.
LogInit: Display: Running engine for game: UE4_Portfolio2_SL
LogPlatformFile: Not using cached read wrapper
LogTaskGraph: Started task graph with 5 named threads and 71 total threads with 3 sets of task threads.
LogStats: Stats thread started at 0.193392
LogICUInternationalization: ICU TimeZone Detection - Raw Offset: +9:00, Platform Override: ''
LogInit: Display: Loading text-based GConfig....
LogPluginManager: Mounting plugin MeshPainting
LogPluginManager: Mounting plugin XGEController
LogPluginManager: Mounting plugin Paper2D
LogPluginManager: Mounting plugin LiveLink
LogPluginManager: Mounting plugin AISupport
LogPluginManager: Mounting plugin EnvironmentQueryEditor
LogPluginManager: Mounting plugin CameraShakePreviewer
LogPluginManager: Mounting plugin GameplayCameras
LogPluginManager: Mounting plugin LightPropagationVolume
LogPluginManager: Mounting plugin OodleData
LogPluginManager: Mounting plugin OodleNetwork
LogPluginManager: Mounting plugin AnimationSharing
LogPluginManager: Mounting plugin CLionSourceCodeAccess
LogPluginManager: Mounting plugin CodeLiteSourceCodeAccess
LogPluginManager: Mounting plugin GitSourceControl
LogPluginManager: Mounting plugin AssetManagerEditor
LogPluginManager: Mounting plugin NullSourceCodeAccess
LogPluginManager: Mounting plugin KDevelopSourceCodeAccess
LogPluginManager: Mounting plugin PlasticSourceControl
LogPluginManager: Mounting plugin PerforceSourceControl
LogPluginManager: Mounting plugin PixWinPlugin
LogPluginManager: Mounting plugin PluginUtils
LogPluginManager: Mounting plugin PropertyAccessNode
LogPluginManager: Mounting plugin RiderSourceCodeAccess
LogPluginManager: Mounting plugin TextureFormatOodle
LogPluginManager: Mounting plugin SubversionSourceControl
LogPluginManager: Mounting plugin UObjectPlugin
LogPluginManager: Mounting plugin VisualStudioCodeSourceCodeAccess
LogPluginManager: Mounting plugin CryptoKeys
LogPluginManager: Mounting plugin XCodeSourceCodeAccess
LogPluginManager: Mounting plugin VisualStudioSourceCodeAccess
LogPluginManager: Mounting plugin CurveEditorTools
LogPluginManager: Mounting plugin DataValidation
LogPluginManager: Mounting plugin FacialAnimation
LogPluginManager: Mounting plugin GameplayTagsEditor
LogPluginManager: Mounting plugin GeometryMode
LogPluginManager: Mounting plugin MaterialAnalyzer
LogPluginManager: Mounting plugin MacGraphicsSwitching
LogPluginManager: Mounting plugin AlembicImporter
LogPluginManager: Mounting plugin MobileLauncherProfileWizard
LogPluginManager: Mounting plugin PluginBrowser
LogPluginManager: Mounting plugin SpeedTreeImporter
LogPluginManager: Mounting plugin DatasmithContent
LogPluginManager: Mounting plugin AutomationUtils
LogPluginManager: Mounting plugin VariantManagerContent
LogPluginManager: Mounting plugin BackChannel
LogPluginManager: Mounting plugin ChaosCloth
LogPluginManager: Mounting plugin ChaosClothEditor
LogPluginManager: Mounting plugin ChaosEditor
LogPluginManager: Mounting plugin ChaosNiagara
LogPluginManager: Mounting plugin ChaosSolverPlugin
LogPluginManager: Mounting plugin CharacterAI
LogPluginManager: Mounting plugin GeometryCache
LogPluginManager: Mounting plugin GeometryProcessing
LogPluginManager: Mounting plugin GeometryCollectionPlugin
LogPluginManager: Mounting plugin MotoSynth
LogPluginManager: Mounting plugin OpenImageDenoise
LogPluginManager: Mounting plugin PlanarCut
LogPluginManager: Mounting plugin PlatformCrypto
LogPluginManager: Mounting plugin Niagara
LogPluginManager: Mounting plugin ProxyLODPlugin
LogPluginManager: Mounting plugin PythonScriptPlugin
LogPluginManager: Mounting plugin LuminPlatformFeatures
LogPluginManager: Mounting plugin MagicLeap
LogPluginManager: Mounting plugin SkeletalReduction
LogPluginManager: Mounting plugin MixamoAnimationRetargeting
LogPluginManager: Mounting plugin MagicLeapLightEstimation
LogPluginManager: Mounting plugin MagicLeapMedia
LogPluginManager: Mounting plugin MagicLeapPassableWorld
LogPluginManager: Mounting plugin MLSDK
LogPluginManager: Mounting plugin AndroidMedia
LogPluginManager: Mounting plugin AvfMedia
LogPluginManager: Mounting plugin TcpMessaging
LogPluginManager: Mounting plugin UdpMessaging
LogPluginManager: Mounting plugin ActorSequence
LogPluginManager: Mounting plugin ImgMedia
LogPluginManager: Mounting plugin MediaCompositing
LogPluginManager: Mounting plugin MediaPlayerEditor
LogPluginManager: Mounting plugin WebMMedia
LogPluginManager: Mounting plugin WmfMedia
LogPluginManager: Mounting plugin LevelSequenceEditor
LogPluginManager: Mounting plugin MatineeToLevelSequence
LogPluginManager: Mounting plugin TemplateSequence
LogPluginManager: Mounting plugin LauncherChunkInstaller
LogPluginManager: Mounting plugin ActorLayerUtilities
LogPluginManager: Mounting plugin AndroidDeviceProfileSelector
LogPluginManager: Mounting plugin OnlineSubsystem
LogPluginManager: Mounting plugin AndroidMoviePlayer
LogPluginManager: Mounting plugin AndroidPermission
LogPluginManager: Mounting plugin OnlineSubsystemNull
LogPluginManager: Mounting plugin AppleImageUtils
LogPluginManager: Mounting plugin OnlineSubsystemUtils
LogPluginManager: Mounting plugin AppleMoviePlayer
LogPluginManager: Mounting plugin ArchVisCharacter
LogPluginManager: Mounting plugin AssetTags
LogPluginManager: Mounting plugin AudioCapture
LogPluginManager: Mounting plugin AudioSynesthesia
LogPluginManager: Mounting plugin CableComponent
LogPluginManager: Mounting plugin ChunkDownloader
LogPluginManager: Mounting plugin CustomMeshComponent
LogPluginManager: Mounting plugin EditableMesh
LogPluginManager: Mounting plugin ExampleDeviceProfileSelector
LogPluginManager: Mounting plugin GoogleCloudMessaging
LogPluginManager: Mounting plugin GooglePAD
LogPluginManager: Mounting plugin IOSDeviceProfileSelector
LogPluginManager: Mounting plugin LinuxDeviceProfileSelector
LogPluginManager: Mounting plugin LocationServicesBPLibrary
LogPluginManager: Mounting plugin MobilePatchingUtils
LogPluginManager: Mounting plugin OpenXR
LogPluginManager: Mounting plugin OpenXREyeTracker
LogPluginManager: Mounting plugin OpenXRHandTracking
LogPluginManager: Mounting plugin PostSplashScreen
LogPluginManager: Mounting plugin PhysXVehicles
LogPluginManager: Mounting plugin ProceduralMeshComponent
LogPluginManager: Mounting plugin PropertyAccessEditor
LogPluginManager: Mounting plugin RuntimePhysXCooking
LogPluginManager: Mounting plugin SignificanceManager
LogPluginManager: Mounting plugin SoundFields
LogPluginManager: Mounting plugin Synthesis
LogPluginManager: Mounting plugin WebMMoviePlayer
LogPluginManager: Mounting plugin WindowsMoviePlayer
LogPluginManager: Mounting plugin ScreenshotTools
LogPluginManager: Mounting plugin Takes
LogPluginManager: Mounting plugin ContentBrowserAssetDataSource
LogPluginManager: Mounting plugin ContentBrowserFileDataSource
LogPluginManager: Mounting plugin ContentBrowserClassDataSource
LogPluginManager: Mounting plugin OnlineSubsystemIOS
LogPluginManager: Mounting plugin OnlineSubsystemGooglePlay
LogPluginManager: Mounting plugin OculusVR
LogPluginManager: Mounting plugin SteamVR
PixWinPlugin: PIX capture plugin failed to initialize! Check that the process is launched from PIX.
LogInit: Using libcurl 7.55.1-DEV
LogInit:  - built for x86_64-pc-win32
LogInit:  - supports SSL with OpenSSL/1.1.1
LogInit:  - supports HTTP deflate (compression) using libz 1.2.8
LogInit:  - other features:
LogInit:      CURL_VERSION_SSL
LogInit:      CURL_VERSION_LIBZ
LogInit:      CURL_VERSION_IPV6
LogInit:      CURL_VERSION_ASYNCHDNS
LogInit:      CURL_VERSION_LARGEFILE
LogInit:      CURL_VERSION_IDN
LogInit:  CurlRequestOptions (configurable via config and command line):
LogInit:  - bVerifyPeer = true  - Libcurl will verify peer certificate
LogInit:  - bUseHttpProxy = false  - Libcurl will NOT use HTTP proxy
LogInit:  - bDontReuseConnections = false  - Libcurl will reuse connections
LogInit:  - MaxHostConnections = 16  - Libcurl will limit the number of connections to a host
LogInit:  - LocalHostAddr = Default
LogInit:  - BufferSize = 65536
LogOnline: OSS: Creating online subsystem instance for: NULL
LogInit: WinSock: version 1.1 (2.2), MaxSocks=32767, MaxUdp=65467
LogOnline: OSS: TryLoadSubsystemAndSetDefault: Loaded subsystem for module [NULL]
LogOculusPluginWrapper: OculusPlugin initialized successfully
LogHMD: Failed initializing OVRPlugin 1.59.0
LogInit: Build: ++UE4+Release-4.27-CL-18319896
LogInit: Engine Version: 4.27.2-18319896+++UE4+Release-4.27
LogInit: Compatible Engine Version: 4.27.0-17155196+++UE4+Release-4.27
LogInit: Net CL: 17155196
LogInit: OS: Windows 10 (Release 2009) (), CPU: AMD Ryzen 9 5900X 12-Core Processor            , GPU: AMD Radeon RX 6600 XT
LogInit: Compiled (64-bit): Nov 30 2021 07:12:08
LogInit: Compiled with Visual C++: 19.24.28315.00
LogInit: Build Configuration: Development
LogInit: Branch Name: ++UE4+Release-4.27
LogInit: Command Line: 
LogInit: Base Directory: G:/Unreal Engine/UE_4.27/Engine/Binaries/Win64/
LogInit: Allocator: TBB
LogInit: Installed Engine Build: 1
LogDevObjectVersion: Number of dev versions registered: 29
LogDevObjectVersion:   Dev-Blueprints (B0D832E4-1F89-4F0D-ACCF-7EB736FD4AA2): 10
LogDevObjectVersion:   Dev-Build (E1C64328-A22C-4D53-A36C-8E866417BD8C): 0
LogDevObjectVersion:   Dev-Core (375EC13C-06E4-48FB-B500-84F0262A717E): 4
LogDevObjectVersion:   Dev-Editor (E4B068ED-F494-42E9-A231-DA0B2E46BB41): 40
LogDevObjectVersion:   Dev-Framework (CFFC743F-43B0-4480-9391-14DF171D2073): 37
LogDevObjectVersion:   Dev-Mobile (B02B49B5-BB20-44E9-A304-32B752E40360): 3
LogDevObjectVersion:   Dev-Networking (A4E4105C-59A1-49B5-A7C5-40C4547EDFEE): 0
LogDevObjectVersion:   Dev-Online (39C831C9-5AE6-47DC-9A44-9C173E1C8E7C): 0
LogDevObjectVersion:   Dev-Physics (78F01B33-EBEA-4F98-B9B4-84EACCB95AA2): 14
LogDevObjectVersion:   Dev-Platform (6631380F-2D4D-43E0-8009-CF276956A95A): 0
LogDevObjectVersion:   Dev-Rendering (12F88B9F-8875-4AFC-A67C-D90C383ABD29): 45
LogDevObjectVersion:   Dev-Sequencer (7B5AE74C-D270-4C10-A958-57980B212A5A): 13
LogDevObjectVersion:   Dev-VR (D7296918-1DD6-4BDD-9DE2-64A83CC13884): 3
LogDevObjectVersion:   Dev-LoadTimes (C2A15278-BFE7-4AFE-6C17-90FF531DF755): 1
LogDevObjectVersion:   Private-Geometry (6EACA3D4-40EC-4CC1-B786-8BED09428FC5): 3
LogDevObjectVersion:   Dev-AnimPhys (29E575DD-E0A3-4627-9D10-D276232CDCEA): 17
LogDevObjectVersion:   Dev-Anim (AF43A65D-7FD3-4947-9873-3E8ED9C1BB05): 15
LogDevObjectVersion:   Dev-ReflectionCapture (6B266CEC-1EC7-4B8F-A30B-E4D90942FC07): 1
LogDevObjectVersion:   Dev-Automation (0DF73D61-A23F-47EA-B727-89E90C41499A): 1
LogDevObjectVersion:   FortniteMain (601D1886-AC64-4F84-AA16-D3DE0DEAC7D6): 47
LogDevObjectVersion:   FortniteRelease (E7086368-6B23-4C58-8439-1B7016265E91): 1
LogDevObjectVersion:   Dev-Enterprise (9DFFBCD6-494F-0158-E221-12823C92A888): 10
LogDevObjectVersion:   Dev-Niagara (F2AED0AC-9AFE-416F-8664-AA7FFA26D6FC): 1
LogDevObjectVersion:   Dev-Destruction (174F1F0B-B4C6-45A5-B13F-2EE8D0FB917D): 10
LogDevObjectVersion:   Dev-Physics-Ext (35F94A83-E258-406C-A318-09F59610247C): 41
LogDevObjectVersion:   Dev-PhysicsMaterial-Chaos (B68FC16E-8B1B-42E2-B453-215C058844FE): 1
LogDevObjectVersion:   Dev-CineCamera (B2E18506-4273-CFC2-A54E-F4BB758BBA07): 1
LogDevObjectVersion:   Dev-VirtualProduction (64F58936-FD1B-42BA-BA96-7289D5D0FA4E): 1
LogDevObjectVersion:   Dev-MediaFramework (6F0ED827-A609-4895-9C91-998D90180EA4): 2
LogInit: Presizing for max 25165824 objects, including 0 objects not considered by GC, pre-allocating 0 bytes for permanent pool.
LogConfig: Applying CVar settings from Section [/Script/Engine.StreamingSettings] File [G:/Git_Horizontally Scrolling Shooter Repository/UE4_Portfolio2_SL/UE4_Portfolio2_SL/Saved/Config/Windows/Engine.ini]
LogConfig: Setting CVar [[s.MinBulkDataSizeForAsyncLoading:131072]]
LogConfig: Setting CVar [[s.AsyncLoadingThreadEnabled:0]]
LogConfig: Setting CVar [[s.EventDrivenLoaderEnabled:1]]
LogConfig: Setting CVar [[s.WarnIfTimeLimitExceeded:0]]
LogConfig: Setting CVar [[s.TimeLimitExceededMultiplier:1.5]]
LogConfig: Setting CVar [[s.TimeLimitExceededMinTime:0.005]]
LogConfig: Setting CVar [[s.UseBackgroundLevelStreaming:1]]
LogConfig: Setting CVar [[s.PriorityAsyncLoadingExtraTime:15.0]]
LogConfig: Setting CVar [[s.LevelStreamingActorsUpdateTimeLimit:5.0]]
LogConfig: Setting CVar [[s.PriorityLevelStreamingActorsUpdateExtraTime:5.0]]
LogConfig: Setting CVar [[s.LevelStreamingComponentsRegistrationGranularity:10]]
LogConfig: Setting CVar [[s.UnregisterComponentsTimeLimit:1.0]]
LogConfig: Setting CVar [[s.LevelStreamingComponentsUnregistrationGranularity:5]]
LogConfig: Setting CVar [[s.FlushStreamingOnExit:1]]
LogInit: Object subsystem initialized
LogConfig: Setting CVar [[con.DebugEarlyDefault:1]]
LogConfig: Setting CVar [[r.setres:1280x720]]
[2023.01.04-09.24.31:928][  0]LogConfig: Setting CVar [[r.VSync:0]]
[2023.01.04-09.24.31:928][  0]LogConfig: Setting CVar [[r.RHICmdBypass:0]]
[2023.01.04-09.24.31:928][  0]LogConfig: Applying CVar settings from Section [/Script/Engine.RendererSettings] File [G:/Git_Horizontally Scrolling Shooter Repository/UE4_Portfolio2_SL/UE4_Portfolio2_SL/Saved/Config/Windows/Engine.ini]
[2023.01.04-09.24.31:928][  0]LogConfig: Setting CVar [[r.GPUCrashDebugging:0]]
[2023.01.04-09.24.31:928][  0]LogConfig: Applying CVar settings from Section [/Script/Engine.RendererOverrideSettings] File [G:/Git_Horizontally Scrolling Shooter Repository/UE4_Portfolio2_SL/UE4_Portfolio2_SL/Saved/Config/Windows/Engine.ini]
[2023.01.04-09.24.31:928][  0]LogConfig: Applying CVar settings from Section [/Script/Engine.StreamingSettings] File [G:/Git_Horizontally Scrolling Shooter Repository/UE4_Portfolio2_SL/UE4_Portfolio2_SL/Saved/Config/Windows/Engine.ini]
[2023.01.04-09.24.31:928][  0]LogConfig: Setting CVar [[s.MinBulkDataSizeForAsyncLoading:131072]]
[2023.01.04-09.24.31:928][  0]LogConfig: Setting CVar [[s.AsyncLoadingThreadEnabled:0]]
[2023.01.04-09.24.31:928][  0]LogConfig: Setting CVar [[s.EventDrivenLoaderEnabled:1]]
[2023.01.04-09.24.31:928][  0]LogConfig: Setting CVar [[s.WarnIfTimeLimitExceeded:0]]
[2023.01.04-09.24.31:928][  0]LogConfig: Setting CVar [[s.TimeLimitExceededMultiplier:1.5]]
[2023.01.04-09.24.31:928][  0]LogConfig: Setting CVar [[s.TimeLimitExceededMinTime:0.005]]
[2023.01.04-09.24.31:928][  0]LogConfig: Setting CVar [[s.UseBackgroundLevelStreaming:1]]
[2023.01.04-09.24.31:928][  0]LogConfig: Setting CVar [[s.PriorityAsyncLoadingExtraTime:15.0]]
[2023.01.04-09.24.31:928][  0]LogConfig: Setting CVar [[s.LevelStreamingActorsUpdateTimeLimit:5.0]]
[2023.01.04-09.24.31:928][  0]LogConfig: Setting CVar [[s.PriorityLevelStreamingActorsUpdateExtraTime:5.0]]
[2023.01.04-09.24.31:928][  0]LogConfig: Setting CVar [[s.LevelStreamingComponentsRegistrationGranularity:10]]
[2023.01.04-09.24.31:928][  0]LogConfig: Setting CVar [[s.UnregisterComponentsTimeLimit:1.0]]
[2023.01.04-09.24.31:928][  0]LogConfig: Setting CVar [[s.LevelStreamingComponentsUnregistrationGranularity:5]]
[2023.01.04-09.24.31:928][  0]LogConfig: Setting CVar [[s.FlushStreamingOnExit:1]]
[2023.01.04-09.24.31:928][  0]LogConfig: Applying CVar settings from Section [/Script/Engine.GarbageCollectionSettings] File [G:/Git_Horizontally Scrolling Shooter Repository/UE4_Portfolio2_SL/UE4_Portfolio2_SL/Saved/Config/Windows/Engine.ini]
[2023.01.04-09.24.31:928][  0]LogConfig: Setting CVar [[gc.MaxObjectsNotConsideredByGC:1]]
[2023.01.04-09.24.31:928][  0]LogConfig: Setting CVar [[gc.SizeOfPermanentObjectPool:0]]
[2023.01.04-09.24.31:928][  0]LogConfig: Setting CVar [[gc.FlushStreamingOnGC:0]]
[2023.01.04-09.24.31:928][  0]LogConfig: Setting CVar [[gc.NumRetriesBeforeForcingGC:10]]
[2023.01.04-09.24.31:928][  0]LogConfig: Setting CVar [[gc.AllowParallelGC:1]]
[2023.01.04-09.24.31:928][  0]LogConfig: Setting CVar [[gc.TimeBetweenPurgingPendingKillObjects:61.1]]
[2023.01.04-09.24.31:928][  0]LogConfig: Setting CVar [[gc.MaxObjectsInEditor:25165824]]
[2023.01.04-09.24.31:928][  0]LogConfig: Setting CVar [[gc.IncrementalBeginDestroyEnabled:1]]
[2023.01.04-09.24.31:928][  0]LogConfig: Setting CVar [[gc.CreateGCClusters:1]]
[2023.01.04-09.24.31:928][  0]LogConfig: Setting CVar [[gc.MinGCClusterSize:5]]
[2023.01.04-09.24.31:928][  0]LogConfig: Setting CVar [[gc.ActorClusteringEnabled:0]]
[2023.01.04-09.24.31:928][  0]LogConfig: Setting CVar [[gc.BlueprintClusteringEnabled:0]]
[2023.01.04-09.24.31:928][  0]LogConfig: Setting CVar [[gc.UseDisregardForGCOnDedicatedServers:0]]
[2023.01.04-09.24.31:928][  0]LogConfig: Setting CVar [[gc.MultithreadedDestructionEnabled:1]]
[2023.01.04-09.24.31:928][  0]LogConfig: Applying CVar settings from Section [/Script/Engine.NetworkSettings] File [G:/Git_Horizontally Scrolling Shooter Repository/UE4_Portfolio2_SL/UE4_Portfolio2_SL/Saved/Config/Windows/Engine.ini]
[2023.01.04-09.24.31:928][  0]LogConfig: Applying CVar settings from Section [/Script/UnrealEd.CookerSettings] File [G:/Git_Horizontally Scrolling Shooter Repository/UE4_Portfolio2_SL/UE4_Portfolio2_SL/Saved/Config/Windows/Engine.ini]
[2023.01.04-09.24.31:938][  0]LogConfig: Applying CVar settings from Section [ViewDistanceQuality@3] File [G:/Git_Horizontally Scrolling Shooter Repository/UE4_Portfolio2_SL/UE4_Portfolio2_SL/Saved/Config/Windows/Scalability.ini]
[2023.01.04-09.24.31:938][  0]LogConfig: Setting CVar [[r.SkeletalMeshLODBias:0]]
[2023.01.04-09.24.31:938][  0]LogConfig: Setting CVar [[r.ViewDistanceScale:1.0]]
[2023.01.04-09.24.31:938][  0]LogConfig: Applying CVar settings from Section [AntiAliasingQuality@3] File [G:/Git_Horizontally Scrolling Shooter Repository/UE4_Portfolio2_SL/UE4_Portfolio2_SL/Saved/Config/Windows/Scalability.ini]
[2023.01.04-09.24.31:938][  0]LogConfig: Setting CVar [[r.PostProcessAAQuality:4]]
[2023.01.04-09.24.31:938][  0]LogConfig: Applying CVar settings from Section [ShadowQuality@3] File [G:/Git_Horizontally Scrolling Shooter Repository/UE4_Portfolio2_SL/UE4_Portfolio2_SL/Saved/Config/Windows/Scalability.ini]
[2023.01.04-09.24.31:938][  0]LogConfig: Setting CVar [[r.LightFunctionQuality:1]]
[2023.01.04-09.24.31:938][  0]LogConfig: Setting CVar [[r.ShadowQuality:5]]
[2023.01.04-09.24.31:938][  0]LogConfig: Setting CVar [[r.Shadow.CSM.MaxCascades:10]]
[2023.01.04-09.24.31:938][  0]LogConfig: Setting CVar [[r.Shadow.MaxResolution:2048]]
[2023.01.04-09.24.31:938][  0]LogConfig: Setting CVar [[r.Shadow.MaxCSMResolution:2048]]
[2023.01.04-09.24.31:938][  0]LogConfig: Setting CVar [[r.Shadow.RadiusThreshold:0.01]]
[2023.01.04-09.24.31:938][  0]LogConfig: Setting CVar [[r.Shadow.DistanceScale:1.0]]
[2023.01.04-09.24.31:938][  0]LogConfig: Setting CVar [[r.Shadow.CSM.TransitionScale:1.0]]
[2023.01.04-09.24.31:938][  0]LogConfig: Setting CVar [[r.Shadow.PreShadowResolutionFactor:1.0]]
[2023.01.04-09.24.31:938][  0]LogConfig: Setting CVar [[r.DistanceFieldShadowing:1]]
[2023.01.04-09.24.31:938][  0]LogConfig: Setting CVar [[r.DistanceFieldAO:1]]
[2023.01.04-09.24.31:938][  0]LogConfig: Setting CVar [[r.AOQuality:2]]
[2023.01.04-09.24.31:938][  0]LogConfig: Setting CVar [[r.VolumetricFog:1]]
[2023.01.04-09.24.31:938][  0]LogConfig: Setting CVar [[r.VolumetricFog.GridPixelSize:8]]
[2023.01.04-09.24.31:938][  0]LogConfig: Setting CVar [[r.VolumetricFog.GridSizeZ:128]]
[2023.01.04-09.24.31:938][  0]LogConfig: Setting CVar [[r.VolumetricFog.HistoryMissSupersampleCount:4]]
[2023.01.04-09.24.31:939][  0]LogConfig: Setting CVar [[r.LightMaxDrawDistanceScale:1]]
[2023.01.04-09.24.31:939][  0]LogConfig: Setting CVar [[r.CapsuleShadows:1]]
[2023.01.04-09.24.31:939][  0]LogConfig: Applying CVar settings from Section [PostProcessQuality@3] File [G:/Git_Horizontally Scrolling Shooter Repository/UE4_Portfolio2_SL/UE4_Portfolio2_SL/Saved/Config/Windows/Scalability.ini]
[2023.01.04-09.24.31:939][  0]LogConfig: Setting CVar [[r.MotionBlurQuality:4]]
[2023.01.04-09.24.31:939][  0]LogConfig: Setting CVar [[r.AmbientOcclusionMipLevelFactor:0.4]]
[2023.01.04-09.24.31:939][  0]LogConfig: Setting CVar [[r.AmbientOcclusionMaxQuality:100]]
[2023.01.04-09.24.31:939][  0]LogConfig: Setting CVar [[r.AmbientOcclusionLevels:-1]]
[2023.01.04-09.24.31:939][  0]LogConfig: Setting CVar [[r.AmbientOcclusionRadiusScale:1.0]]
[2023.01.04-09.24.31:939][  0]LogConfig: Setting CVar [[r.DepthOfFieldQuality:2]]
[2023.01.04-09.24.31:939][  0]LogConfig: Setting CVar [[r.RenderTargetPoolMin:400]]
[2023.01.04-09.24.31:939][  0]LogConfig: Setting CVar [[r.LensFlareQuality:2]]
[2023.01.04-09.24.31:939][  0]LogConfig: Setting CVar [[r.SceneColorFringeQuality:1]]
[2023.01.04-09.24.31:939][  0]LogConfig: Setting CVar [[r.EyeAdaptationQuality:2]]
[2023.01.04-09.24.31:939][  0]LogConfig: Setting CVar [[r.BloomQuality:5]]
[2023.01.04-09.24.31:939][  0]LogConfig: Setting CVar [[r.FastBlurThreshold:100]]
[2023.01.04-09.24.31:939][  0]LogConfig: Setting CVar [[r.Upscale.Quality:3]]
[2023.01.04-09.24.31:939][  0]LogConfig: Setting CVar [[r.Tonemapper.GrainQuantization:1]]
[2023.01.04-09.24.31:939][  0]LogConfig: Setting CVar [[r.LightShaftQuality:1]]
[2023.01.04-09.24.31:939][  0]LogConfig: Setting CVar [[r.Filter.SizeScale:1]]
[2023.01.04-09.24.31:939][  0]LogConfig: Setting CVar [[r.Tonemapper.Quality:5]]
[2023.01.04-09.24.31:939][  0]LogConfig: Setting CVar [[r.DOF.Gather.AccumulatorQuality:1        ; higher gathering accumulator quality]]
[2023.01.04-09.24.31:939][  0]LogConfig: Setting CVar [[r.DOF.Gather.PostfilterMethod:1          ; Median3x3 postfilering method]]
[2023.01.04-09.24.31:939][  0]LogConfig: Setting CVar [[r.DOF.Gather.EnableBokehSettings:0       ; no bokeh simulation when gathering]]
[2023.01.04-09.24.31:939][  0]LogConfig: Setting CVar [[r.DOF.Gather.RingCount:4                 ; medium number of samples when gathering]]
[2023.01.04-09.24.31:939][  0]LogConfig: Setting CVar [[r.DOF.Scatter.ForegroundCompositing:1    ; additive foreground scattering]]
[2023.01.04-09.24.31:939][  0]LogConfig: Setting CVar [[r.DOF.Scatter.BackgroundCompositing:2    ; additive background scattering]]
[2023.01.04-09.24.31:939][  0]LogConfig: Setting CVar [[r.DOF.Scatter.EnableBokehSettings:1      ; bokeh simulation when scattering]]
[2023.01.04-09.24.31:939][  0]LogConfig: Setting CVar [[r.DOF.Scatter.MaxSpriteRatio:0.1         ; only a maximum of 10% of scattered bokeh]]
[2023.01.04-09.24.31:939][  0]LogConfig: Setting CVar [[r.DOF.Recombine.Quality:1                ; cheap slight out of focus]]
[2023.01.04-09.24.31:939][  0]LogConfig: Setting CVar [[r.DOF.Recombine.EnableBokehSettings:0    ; no bokeh simulation on slight out of focus]]
[2023.01.04-09.24.31:939][  0]LogConfig: Setting CVar [[r.DOF.TemporalAAQuality:1                ; more stable temporal accumulation]]
[2023.01.04-09.24.31:939][  0]LogConfig: Setting CVar [[r.DOF.Kernel.MaxForegroundRadius:0.025]]
[2023.01.04-09.24.31:939][  0]LogConfig: Setting CVar [[r.DOF.Kernel.MaxBackgroundRadius:0.025]]
[2023.01.04-09.24.31:939][  0]LogConfig: Applying CVar settings from Section [TextureQuality@3] File [G:/Git_Horizontally Scrolling Shooter Repository/UE4_Portfolio2_SL/UE4_Portfolio2_SL/Saved/Config/Windows/Scalability.ini]
[2023.01.04-09.24.31:939][  0]LogConfig: Setting CVar [[r.Streaming.MipBias:0]]
[2023.01.04-09.24.31:939][  0]LogConfig: Setting CVar [[r.Streaming.AmortizeCPUToGPUCopy:0]]
[2023.01.04-09.24.31:939][  0]LogConfig: Setting CVar [[r.Streaming.MaxNumTexturesToStreamPerFrame:0]]
[2023.01.04-09.24.31:939][  0]LogConfig: Setting CVar [[r.Streaming.Boost:1]]
[2023.01.04-09.24.31:939][  0]LogConfig: Setting CVar [[r.MaxAnisotropy:8]]
[2023.01.04-09.24.31:939][  0]LogConfig: Setting CVar [[r.VT.MaxAnisotropy:8]]
[2023.01.04-09.24.31:939][  0]LogConfig: Setting CVar [[r.Streaming.LimitPoolSizeToVRAM:0]]
[2023.01.04-09.24.31:939][  0]LogConfig: Setting CVar [[r.Streaming.PoolSize:1000]]
[2023.01.04-09.24.31:939][  0]LogConfig: Setting CVar [[r.Streaming.MaxEffectiveScreenSize:0]]
[2023.01.04-09.24.31:939][  0]LogConfig: Applying CVar settings from Section [EffectsQuality@3] File [G:/Git_Horizontally Scrolling Shooter Repository/UE4_Portfolio2_SL/UE4_Portfolio2_SL/Saved/Config/Windows/Scalability.ini]
[2023.01.04-09.24.31:939][  0]LogConfig: Setting CVar [[r.TranslucencyLightingVolumeDim:64]]
[2023.01.04-09.24.31:939][  0]LogConfig: Setting CVar [[r.RefractionQuality:2]]
[2023.01.04-09.24.31:939][  0]LogConfig: Setting CVar [[r.SSR.Quality:3]]
[2023.01.04-09.24.31:939][  0]LogConfig: Setting CVar [[r.SSR.HalfResSceneColor:0]]
[2023.01.04-09.24.31:939][  0]LogConfig: Setting CVar [[r.SceneColorFormat:4]]
[2023.01.04-09.24.31:939][  0]LogConfig: Setting CVar [[r.DetailMode:2]]
[2023.01.04-09.24.31:939][  0]LogConfig: Setting CVar [[r.TranslucencyVolumeBlur:1]]
[2023.01.04-09.24.31:939][  0]LogConfig: Setting CVar [[r.MaterialQualityLevel:1 ; High quality]]
[2023.01.04-09.24.31:939][  0]LogConfig: Setting CVar [[r.AnisotropicMaterials:1]]
[2023.01.04-09.24.31:939][  0]LogConfig: Setting CVar [[r.SSS.Scale:1]]
[2023.01.04-09.24.31:939][  0]LogConfig: Setting CVar [[r.SSS.SampleSet:2]]
[2023.01.04-09.24.31:939][  0]LogConfig: Setting CVar [[r.SSS.Quality:1]]
[2023.01.04-09.24.31:939][  0]LogConfig: Setting CVar [[r.SSS.HalfRes:0]]
[2023.01.04-09.24.31:939][  0]LogConfig: Setting CVar [[r.SSGI.Quality:3]]
[2023.01.04-09.24.31:939][  0]LogConfig: Setting CVar [[r.EmitterSpawnRateScale:1.0]]
[2023.01.04-09.24.31:939][  0]LogConfig: Setting CVar [[r.ParticleLightQuality:2]]
[2023.01.04-09.24.31:939][  0]LogConfig: Setting CVar [[r.SkyAtmosphere.AerialPerspectiveLUT.FastApplyOnOpaque:1 ; Always have FastSkyLUT 1 in this case to avoid wrong sky]]
[2023.01.04-09.24.31:939][  0]LogConfig: Setting CVar [[r.SkyAtmosphere.AerialPerspectiveLUT.SampleCountMaxPerSlice:4]]
[2023.01.04-09.24.31:939][  0]LogConfig: Setting CVar [[r.SkyAtmosphere.AerialPerspectiveLUT.DepthResolution:16.0]]
[2023.01.04-09.24.31:939][  0]LogConfig: Setting CVar [[r.SkyAtmosphere.FastSkyLUT:1]]
[2023.01.04-09.24.31:939][  0]LogConfig: Setting CVar [[r.SkyAtmosphere.FastSkyLUT.SampleCountMin:4.0]]
[2023.01.04-09.24.31:939][  0]LogConfig: Setting CVar [[r.SkyAtmosphere.FastSkyLUT.SampleCountMax:128.0]]
[2023.01.04-09.24.31:939][  0]LogConfig: Setting CVar [[r.SkyAtmosphere.SampleCountMin:4.0]]
[2023.01.04-09.24.31:939][  0]LogConfig: Setting CVar [[r.SkyAtmosphere.SampleCountMax:128.0]]
[2023.01.04-09.24.31:939][  0]LogConfig: Setting CVar [[r.SkyAtmosphere.TransmittanceLUT.UseSmallFormat:0]]
[2023.01.04-09.24.31:939][  0]LogConfig: Setting CVar [[r.SkyAtmosphere.TransmittanceLUT.SampleCount:10.0]]
[2023.01.04-09.24.31:939][  0]LogConfig: Setting CVar [[r.SkyAtmosphere.MultiScatteringLUT.SampleCount:15.0]]
[2023.01.04-09.24.31:939][  0]LogConfig: Setting CVar [[r.SkyLight.RealTimeReflectionCapture:1]]
[2023.01.04-09.24.31:939][  0]LogConfig: Applying CVar settings from Section [FoliageQuality@3] File [G:/Git_Horizontally Scrolling Shooter Repository/UE4_Portfolio2_SL/UE4_Portfolio2_SL/Saved/Config/Windows/Scalability.ini]
[2023.01.04-09.24.31:939][  0]LogConfig: Setting CVar [[foliage.DensityScale:1.0]]
[2023.01.04-09.24.31:939][  0]LogConfig: Setting CVar [[grass.DensityScale:1.0]]
[2023.01.04-09.24.31:939][  0]LogConfig: Applying CVar settings from Section [ShadingQuality@3] File [G:/Git_Horizontally Scrolling Shooter Repository/UE4_Portfolio2_SL/UE4_Portfolio2_SL/Saved/Config/Windows/Scalability.ini]
[2023.01.04-09.24.31:939][  0]LogConfig: Setting CVar [[r.HairStrands.SkyLighting.IntegrationType:2]]
[2023.01.04-09.24.31:939][  0]LogConfig: Setting CVar [[r.HairStrands.SkyAO.SampleCount:4]]
[2023.01.04-09.24.31:939][  0]LogConfig: Setting CVar [[r.HairStrands.Visibility.MSAA.SamplePerPixel:4]]
[2023.01.04-09.24.31:939][  0]LogInit: Selected Device Profile: [Windows]
[2023.01.04-09.24.31:939][  0]LogInit: Applying CVar settings loaded from the selected device profile: [Windows]
[2023.01.04-09.24.31:939][  0]LogHAL: Display: Platform has ~ 64 GB [68629602304 / 68719476736 / 64], which maps to Largest [LargestMinGB=32, LargerMinGB=12, DefaultMinGB=8, SmallerMinGB=6, SmallestMinGB=0)
[2023.01.04-09.24.31:939][  0]LogInit: Going up to parent DeviceProfile []
[2023.01.04-09.24.31:939][  0]LogConfig: Applying CVar settings from Section [ViewDistanceQuality@3] File [G:/Git_Horizontally Scrolling Shooter Repository/UE4_Portfolio2_SL/UE4_Portfolio2_SL/Saved/Config/Windows/Scalability.ini]
[2023.01.04-09.24.31:939][  0]LogConfig: Setting CVar [[r.SkeletalMeshLODBias:0]]
[2023.01.04-09.24.31:939][  0]LogConfig: Setting CVar [[r.ViewDistanceScale:1.0]]
[2023.01.04-09.24.31:939][  0]LogConfig: Applying CVar settings from Section [AntiAliasingQuality@3] File [G:/Git_Horizontally Scrolling Shooter Repository/UE4_Portfolio2_SL/UE4_Portfolio2_SL/Saved/Config/Windows/Scalability.ini]
[2023.01.04-09.24.31:939][  0]LogConfig: Setting CVar [[r.PostProcessAAQuality:4]]
[2023.01.04-09.24.31:939][  0]LogConfig: Applying CVar settings from Section [ShadowQuality@3] File [G:/Git_Horizontally Scrolling Shooter Repository/UE4_Portfolio2_SL/UE4_Portfolio2_SL/Saved/Config/Windows/Scalability.ini]
[2023.01.04-09.24.31:939][  0]LogConfig: Setting CVar [[r.LightFunctionQuality:1]]
[2023.01.04-09.24.31:939][  0]LogConfig: Setting CVar [[r.ShadowQuality:5]]
[2023.01.04-09.24.31:939][  0]LogConfig: Setting CVar [[r.Shadow.CSM.MaxCascades:10]]
[2023.01.04-09.24.31:939][  0]LogConfig: Setting CVar [[r.Shadow.MaxResolution:2048]]
[2023.01.04-09.24.31:939][  0]LogConfig: Setting CVar [[r.Shadow.MaxCSMResolution:2048]]
[2023.01.04-09.24.31:939][  0]LogConfig: Setting CVar [[r.Shadow.RadiusThreshold:0.01]]
[2023.01.04-09.24.31:939][  0]LogConfig: Setting CVar [[r.Shadow.DistanceScale:1.0]]
[2023.01.04-09.24.31:939][  0]LogConfig: Setting CVar [[r.Shadow.CSM.TransitionScale:1.0]]
[2023.01.04-09.24.31:939][  0]LogConfig: Setting CVar [[r.Shadow.PreShadowResolutionFactor:1.0]]
[2023.01.04-09.24.31:939][  0]LogConfig: Setting CVar [[r.DistanceFieldShadowing:1]]
[2023.01.04-09.24.31:939][  0]LogConfig: Setting CVar [[r.DistanceFieldAO:1]]
[2023.01.04-09.24.31:939][  0]LogConfig: Setting CVar [[r.AOQuality:2]]
[2023.01.04-09.24.31:939][  0]LogConfig: Setting CVar [[r.VolumetricFog:1]]
[2023.01.04-09.24.31:939][  0]LogConfig: Setting CVar [[r.VolumetricFog.GridPixelSize:8]]
[2023.01.04-09.24.31:939][  0]LogConfig: Setting CVar [[r.VolumetricFog.GridSizeZ:128]]
[2023.01.04-09.24.31:939][  0]LogConfig: Setting CVar [[r.VolumetricFog.HistoryMissSupersampleCount:4]]
[2023.01.04-09.24.31:939][  0]LogConfig: Setting CVar [[r.LightMaxDrawDistanceScale:1]]
[2023.01.04-09.24.31:939][  0]LogConfig: Setting CVar [[r.CapsuleShadows:1]]
[2023.01.04-09.24.31:939][  0]LogConfig: Applying CVar settings from Section [PostProcessQuality@3] File [G:/Git_Horizontally Scrolling Shooter Repository/UE4_Portfolio2_SL/UE4_Portfolio2_SL/Saved/Config/Windows/Scalability.ini]
[2023.01.04-09.24.31:939][  0]LogConfig: Setting CVar [[r.MotionBlurQuality:4]]
[2023.01.04-09.24.31:939][  0]LogConfig: Setting CVar [[r.AmbientOcclusionMipLevelFactor:0.4]]
[2023.01.04-09.24.31:939][  0]LogConfig: Setting CVar [[r.AmbientOcclusionMaxQuality:100]]
[2023.01.04-09.24.31:939][  0]LogConfig: Setting CVar [[r.AmbientOcclusionLevels:-1]]
[2023.01.04-09.24.31:939][  0]LogConfig: Setting CVar [[r.AmbientOcclusionRadiusScale:1.0]]
[2023.01.04-09.24.31:939][  0]LogConfig: Setting CVar [[r.DepthOfFieldQuality:2]]
[2023.01.04-09.24.31:939][  0]LogConfig: Setting CVar [[r.RenderTargetPoolMin:400]]
[2023.01.04-09.24.31:939][  0]LogConfig: Setting CVar [[r.LensFlareQuality:2]]
[2023.01.04-09.24.31:939][  0]LogConfig: Setting CVar [[r.SceneColorFringeQuality:1]]
[2023.01.04-09.24.31:939][  0]LogConfig: Setting CVar [[r.EyeAdaptationQuality:2]]
[2023.01.04-09.24.31:939][  0]LogConfig: Setting CVar [[r.BloomQuality:5]]
[2023.01.04-09.24.31:939][  0]LogConfig: Setting CVar [[r.FastBlurThreshold:100]]
[2023.01.04-09.24.31:939][  0]LogConfig: Setting CVar [[r.Upscale.Quality:3]]
[2023.01.04-09.24.31:939][  0]LogConfig: Setting CVar [[r.Tonemapper.GrainQuantization:1]]
[2023.01.04-09.24.31:939][  0]LogConfig: Setting CVar [[r.LightShaftQuality:1]]
[2023.01.04-09.24.31:939][  0]LogConfig: Setting CVar [[r.Filter.SizeScale:1]]
[2023.01.04-09.24.31:939][  0]LogConfig: Setting CVar [[r.Tonemapper.Quality:5]]
[2023.01.04-09.24.31:939][  0]LogConfig: Setting CVar [[r.DOF.Gather.AccumulatorQuality:1        ; higher gathering accumulator quality]]
[2023.01.04-09.24.31:939][  0]LogConfig: Setting CVar [[r.DOF.Gather.PostfilterMethod:1          ; Median3x3 postfilering method]]
[2023.01.04-09.24.31:939][  0]LogConfig: Setting CVar [[r.DOF.Gather.EnableBokehSettings:0       ; no bokeh simulation when gathering]]
[2023.01.04-09.24.31:940][  0]LogConfig: Setting CVar [[r.DOF.Gather.RingCount:4                 ; medium number of samples when gathering]]
[2023.01.04-09.24.31:940][  0]LogConfig: Setting CVar [[r.DOF.Scatter.ForegroundCompositing:1    ; additive foreground scattering]]
[2023.01.04-09.24.31:940][  0]LogConfig: Setting CVar [[r.DOF.Scatter.BackgroundCompositing:2    ; additive background scattering]]
[2023.01.04-09.24.31:940][  0]LogConfig: Setting CVar [[r.DOF.Scatter.EnableBokehSettings:1      ; bokeh simulation when scattering]]
[2023.01.04-09.24.31:940][  0]LogConfig: Setting CVar [[r.DOF.Scatter.MaxSpriteRatio:0.1         ; only a maximum of 10% of scattered bokeh]]
[2023.01.04-09.24.31:940][  0]LogConfig: Setting CVar [[r.DOF.Recombine.Quality:1                ; cheap slight out of focus]]
[2023.01.04-09.24.31:940][  0]LogConfig: Setting CVar [[r.DOF.Recombine.EnableBokehSettings:0    ; no bokeh simulation on slight out of focus]]
[2023.01.04-09.24.31:940][  0]LogConfig: Setting CVar [[r.DOF.TemporalAAQuality:1                ; more stable temporal accumulation]]
[2023.01.04-09.24.31:940][  0]LogConfig: Setting CVar [[r.DOF.Kernel.MaxForegroundRadius:0.025]]
[2023.01.04-09.24.31:940][  0]LogConfig: Setting CVar [[r.DOF.Kernel.MaxBackgroundRadius:0.025]]
[2023.01.04-09.24.31:940][  0]LogConfig: Applying CVar settings from Section [TextureQuality@3] File [G:/Git_Horizontally Scrolling Shooter Repository/UE4_Portfolio2_SL/UE4_Portfolio2_SL/Saved/Config/Windows/Scalability.ini]
[2023.01.04-09.24.31:940][  0]LogConfig: Setting CVar [[r.Streaming.MipBias:0]]
[2023.01.04-09.24.31:940][  0]LogConfig: Setting CVar [[r.Streaming.AmortizeCPUToGPUCopy:0]]
[2023.01.04-09.24.31:940][  0]LogConfig: Setting CVar [[r.Streaming.MaxNumTexturesToStreamPerFrame:0]]
[2023.01.04-09.24.31:940][  0]LogConfig: Setting CVar [[r.Streaming.Boost:1]]
[2023.01.04-09.24.31:940][  0]LogConfig: Setting CVar [[r.MaxAnisotropy:8]]
[2023.01.04-09.24.31:940][  0]LogConfig: Setting CVar [[r.VT.MaxAnisotropy:8]]
[2023.01.04-09.24.31:940][  0]LogConfig: Setting CVar [[r.Streaming.LimitPoolSizeToVRAM:0]]
[2023.01.04-09.24.31:940][  0]LogConfig: Setting CVar [[r.Streaming.PoolSize:1000]]
[2023.01.04-09.24.31:940][  0]LogConfig: Setting CVar [[r.Streaming.MaxEffectiveScreenSize:0]]
[2023.01.04-09.24.31:940][  0]LogConfig: Applying CVar settings from Section [EffectsQuality@3] File [G:/Git_Horizontally Scrolling Shooter Repository/UE4_Portfolio2_SL/UE4_Portfolio2_SL/Saved/Config/Windows/Scalability.ini]
[2023.01.04-09.24.31:940][  0]LogConfig: Setting CVar [[r.TranslucencyLightingVolumeDim:64]]
[2023.01.04-09.24.31:940][  0]LogConfig: Setting CVar [[r.RefractionQuality:2]]
[2023.01.04-09.24.31:940][  0]LogConfig: Setting CVar [[r.SSR.Quality:3]]
[2023.01.04-09.24.31:940][  0]LogConfig: Setting CVar [[r.SSR.HalfResSceneColor:0]]
[2023.01.04-09.24.31:940][  0]LogConfig: Setting CVar [[r.SceneColorFormat:4]]
[2023.01.04-09.24.31:940][  0]LogConfig: Setting CVar [[r.DetailMode:2]]
[2023.01.04-09.24.31:940][  0]LogConfig: Setting CVar [[r.TranslucencyVolumeBlur:1]]
[2023.01.04-09.24.31:940][  0]LogConfig: Setting CVar [[r.MaterialQualityLevel:1 ; High quality]]
[2023.01.04-09.24.31:940][  0]LogConfig: Setting CVar [[r.AnisotropicMaterials:1]]
[2023.01.04-09.24.31:940][  0]LogConfig: Setting CVar [[r.SSS.Scale:1]]
[2023.01.04-09.24.31:940][  0]LogConfig: Setting CVar [[r.SSS.SampleSet:2]]
[2023.01.04-09.24.31:940][  0]LogConfig: Setting CVar [[r.SSS.Quality:1]]
[2023.01.04-09.24.31:940][  0]LogConfig: Setting CVar [[r.SSS.HalfRes:0]]
[2023.01.04-09.24.31:940][  0]LogConfig: Setting CVar [[r.SSGI.Quality:3]]
[2023.01.04-09.24.31:940][  0]LogConfig: Setting CVar [[r.EmitterSpawnRateScale:1.0]]
[2023.01.04-09.24.31:940][  0]LogConfig: Setting CVar [[r.ParticleLightQuality:2]]
[2023.01.04-09.24.31:940][  0]LogConfig: Setting CVar [[r.SkyAtmosphere.AerialPerspectiveLUT.FastApplyOnOpaque:1 ; Always have FastSkyLUT 1 in this case to avoid wrong sky]]
[2023.01.04-09.24.31:940][  0]LogConfig: Setting CVar [[r.SkyAtmosphere.AerialPerspectiveLUT.SampleCountMaxPerSlice:4]]
[2023.01.04-09.24.31:940][  0]LogConfig: Setting CVar [[r.SkyAtmosphere.AerialPerspectiveLUT.DepthResolution:16.0]]
[2023.01.04-09.24.31:940][  0]LogConfig: Setting CVar [[r.SkyAtmosphere.FastSkyLUT:1]]
[2023.01.04-09.24.31:940][  0]LogConfig: Setting CVar [[r.SkyAtmosphere.FastSkyLUT.SampleCountMin:4.0]]
[2023.01.04-09.24.31:940][  0]LogConfig: Setting CVar [[r.SkyAtmosphere.FastSkyLUT.SampleCountMax:128.0]]
[2023.01.04-09.24.31:940][  0]LogConfig: Setting CVar [[r.SkyAtmosphere.SampleCountMin:4.0]]
[2023.01.04-09.24.31:940][  0]LogConfig: Setting CVar [[r.SkyAtmosphere.SampleCountMax:128.0]]
[2023.01.04-09.24.31:940][  0]LogConfig: Setting CVar [[r.SkyAtmosphere.TransmittanceLUT.UseSmallFormat:0]]
[2023.01.04-09.24.31:940][  0]LogConfig: Setting CVar [[r.SkyAtmosphere.TransmittanceLUT.SampleCount:10.0]]
[2023.01.04-09.24.31:940][  0]LogConfig: Setting CVar [[r.SkyAtmosphere.MultiScatteringLUT.SampleCount:15.0]]
[2023.01.04-09.24.31:940][  0]LogConfig: Setting CVar [[r.SkyLight.RealTimeReflectionCapture:1]]
[2023.01.04-09.24.31:940][  0]LogConfig: Applying CVar settings from Section [FoliageQuality@3] File [G:/Git_Horizontally Scrolling Shooter Repository/UE4_Portfolio2_SL/UE4_Portfolio2_SL/Saved/Config/Windows/Scalability.ini]
[2023.01.04-09.24.31:940][  0]LogConfig: Setting CVar [[foliage.DensityScale:1.0]]
[2023.01.04-09.24.31:940][  0]LogConfig: Setting CVar [[grass.DensityScale:1.0]]
[2023.01.04-09.24.31:940][  0]LogConfig: Applying CVar settings from Section [ShadingQuality@3] File [G:/Git_Horizontally Scrolling Shooter Repository/UE4_Portfolio2_SL/UE4_Portfolio2_SL/Saved/Config/Windows/Scalability.ini]
[2023.01.04-09.24.31:940][  0]LogConfig: Setting CVar [[r.HairStrands.SkyLighting.IntegrationType:2]]
[2023.01.04-09.24.31:940][  0]LogConfig: Setting CVar [[r.HairStrands.SkyAO.SampleCount:4]]
[2023.01.04-09.24.31:940][  0]LogConfig: Setting CVar [[r.HairStrands.Visibility.MSAA.SamplePerPixel:4]]
[2023.01.04-09.24.31:940][  0]LogConfig: Applying CVar settings from Section [Startup] File [../../../Engine/Config/ConsoleVariables.ini]
[2023.01.04-09.24.31:940][  0]LogConfig: Setting CVar [[net.UseAdaptiveNetUpdateFrequency:0]]
[2023.01.04-09.24.31:940][  0]LogConfig: Setting CVar [[p.chaos.AllowCreatePhysxBodies:1]]
[2023.01.04-09.24.31:940][  0]LogConfig: Setting CVar [[fx.SkipVectorVMBackendOptimizations:1]]
[2023.01.04-09.24.31:940][  0]LogConfig: Applying CVar settings from Section [ConsoleVariables] File [G:/Git_Horizontally Scrolling Shooter Repository/UE4_Portfolio2_SL/UE4_Portfolio2_SL/Saved/Config/Windows/Engine.ini]
[2023.01.04-09.24.31:940][  0]LogConfig: Applying CVar settings from Section [ConsoleVariables] File [G:/Git_Horizontally Scrolling Shooter Repository/UE4_Portfolio2_SL/UE4_Portfolio2_SL/Saved/Config/Windows/Editor.ini]
[2023.01.04-09.24.31:940][  0]LogInit: Computer: DESKTOP-37S8SED
[2023.01.04-09.24.31:940][  0]LogInit: User: decja
[2023.01.04-09.24.31:940][  0]LogInit: CPU Page size=4096, Cores=12
[2023.01.04-09.24.31:940][  0]LogInit: High frequency timer resolution =10.000000 MHz
[2023.01.04-09.24.31:940][  0]LogMemory: Memory total: Physical=63.9GB (64GB approx)
[2023.01.04-09.24.31:940][  0]LogMemory: Platform Memory Stats for Windows
[2023.01.04-09.24.31:940][  0]LogMemory: Process Physical Memory: 150.66 MB used, 150.66 MB peak
[2023.01.04-09.24.31:940][  0]LogMemory: Process Virtual Memory: 136.49 MB used, 136.49 MB peak
[2023.01.04-09.24.31:940][  0]LogMemory: Physical Memory: 19098.92 MB used,  46351.37 MB free, 65450.29 MB total
[2023.01.04-09.24.31:940][  0]LogMemory: Virtual Memory: 134159800.00 MB used,  57931.18 MB free, 134217728.00 MB total
[2023.01.04-09.24.31:948][  0]LogWindows: WindowsPlatformFeatures enabled
[2023.01.04-09.24.31:974][  0]LogInit: Physics initialised using underlying interface: PhysX
[2023.01.04-09.24.31:976][  0]LogInit: Using OS detected language (ko-KR).
[2023.01.04-09.24.31:976][  0]LogInit: Using OS detected locale (ko-KR).
[2023.01.04-09.24.31:978][  0]LogTextLocalizationManager: No specific localization for 'ko-KR' exists, so the 'ko' localization will be used.
[2023.01.04-09.24.32:056][  0]LogInit: Setting process to per monitor DPI aware
[2023.01.04-09.24.32:076][  0]LogWindowsTextInputMethodSystem: Display: IME system deactivated.
[2023.01.04-09.24.32:088][  0]LogSlate: New Slate User Created.  User Index 0, Is Virtual User: 0
[2023.01.04-09.24.32:088][  0]LogSlate: Slate User Registered.  User Index 0, Is Virtual User: 0
[2023.01.04-09.24.32:261][  0]LogD3D11RHI: Loaded GFSDK_Aftermath_Lib.x64.dll
[2023.01.04-09.24.32:263][  0]LogHMD: Failed to initialize OpenVR with code 110
[2023.01.04-09.24.32:263][  0]LogD3D11RHI: D3D11 min allowed feature level: 11_0
[2023.01.04-09.24.32:263][  0]LogD3D11RHI: D3D11 max allowed feature level: 11_0
[2023.01.04-09.24.32:263][  0]LogD3D11RHI: D3D11 adapters:
[2023.01.04-09.24.32:444][  0]LogD3D11RHI:    0. 'AMD Radeon RX 6600 XT' (Feature Level 11_0)
[2023.01.04-09.24.32:444][  0]LogD3D11RHI:       8147/0/32725 MB DedicatedVideo/DedicatedSystem/SharedSystem, Outputs:2, VendorId:0x1002
[2023.01.04-09.24.32:446][  0]LogD3D11RHI:    1. 'Microsoft Basic Render Driver' (Feature Level 11_0)
[2023.01.04-09.24.32:446][  0]LogD3D11RHI:       0/0/32725 MB DedicatedVideo/DedicatedSystem/SharedSystem, Outputs:0, VendorId:0x1414
[2023.01.04-09.24.32:446][  0]LogD3D11RHI: Chosen D3D11 Adapter:
[2023.01.04-09.24.32:446][  0]LogD3D11RHI:     Description : AMD Radeon RX 6600 XT
[2023.01.04-09.24.32:446][  0]LogD3D11RHI:     VendorId    : 1002
[2023.01.04-09.24.32:446][  0]LogD3D11RHI:     DeviceId    : 73ff
[2023.01.04-09.24.32:446][  0]LogD3D11RHI:     SubSysId    : e4481da2
[2023.01.04-09.24.32:446][  0]LogD3D11RHI:     Revision    : 00c1
[2023.01.04-09.24.32:446][  0]LogD3D11RHI:     DedicatedVideoMemory : 8542969856 bytes
[2023.01.04-09.24.32:446][  0]LogD3D11RHI:     DedicatedSystemMemory : 0 bytes
[2023.01.04-09.24.32:446][  0]LogD3D11RHI:     SharedSystemMemory : 34314801152 bytes
[2023.01.04-09.24.32:446][  0]LogD3D11RHI:     AdapterLuid : 0 72678
[2023.01.04-09.24.32:453][  0]LogD3D11RHI: Creating new Direct3DDevice
[2023.01.04-09.24.32:453][  0]LogD3D11RHI:     GPU DeviceId: 0x73ff (for the marketing name, search the web for "GPU Device Id")
[2023.01.04-09.24.32:453][  0]LogWindows: EnumDisplayDevices:
[2023.01.04-09.24.32:454][  0]LogWindows:    0. 'AMD Radeon RX 6600 XT' (P:1 D:1)
[2023.01.04-09.24.32:454][  0]LogWindows:    1. 'AMD Radeon RX 6600 XT' (P:0 D:1)
[2023.01.04-09.24.32:454][  0]LogWindows:    2. 'AMD Radeon RX 6600 XT' (P:0 D:0)
[2023.01.04-09.24.32:454][  0]LogWindows:    3. 'AMD Radeon RX 6600 XT' (P:0 D:0)
[2023.01.04-09.24.32:454][  0]LogWindows:    4. 'AMD Radeon RX 6600 XT' (P:0 D:0)
[2023.01.04-09.24.32:455][  0]LogWindows:    5. 'AMD Radeon RX 6600 XT' (P:0 D:0)
[2023.01.04-09.24.32:455][  0]LogWindows: DebugString: FoundDriverCount:6 
[2023.01.04-09.24.32:455][  0]LogD3D11RHI:     Adapter Name: AMD Radeon RX 6600 XT
[2023.01.04-09.24.32:455][  0]LogD3D11RHI:   Driver Version: AMD Software: Adrenalin Edition 22.11.2 (internal:31.0.12029.10015, unified:31.0.12029.10015)
[2023.01.04-09.24.32:455][  0]LogD3D11RHI:      Driver Date: 11-30-2022
[2023.01.04-09.24.32:455][  0]LogRHI: Texture pool is 5165 MB (70% of 7379 MB)
[2023.01.04-09.24.32:485][  0]LogD3D11RHI: Creating D3DDevice with AMD AGS, using adapter:
[2023.01.04-09.24.32:485][  0]LogD3D11RHI:     Description : AMD Radeon RX 6600 XT
[2023.01.04-09.24.32:485][  0]LogD3D11RHI:     VendorId    : 1002
[2023.01.04-09.24.32:485][  0]LogD3D11RHI:     DeviceId    : 73ff
[2023.01.04-09.24.32:485][  0]LogD3D11RHI:     SubSysId    : e4481da2
[2023.01.04-09.24.32:486][  0]LogD3D11RHI:     Revision    : 00c1
[2023.01.04-09.24.32:486][  0]LogD3D11RHI:     DedicatedVideoMemory : 8542969856 bytes
[2023.01.04-09.24.32:486][  0]LogD3D11RHI:     DedicatedSystemMemory : 0 bytes
[2023.01.04-09.24.32:486][  0]LogD3D11RHI:     SharedSystemMemory : 34314801152 bytes
[2023.01.04-09.24.32:486][  0]LogD3D11RHI:     AdapterLuid : 0 72678
[2023.01.04-09.24.32:666][  0]LogD3D11RHI: Created device via AGS, feature level 11_0, supported extensions 1fffffbf.
[2023.01.04-09.24.32:666][  0]LogD3D11RHI: RHI has support for 64 bit atomics
[2023.01.04-09.24.32:666][  0]LogD3D11RHI: Async texture creation enabled
[2023.01.04-09.24.32:666][  0]LogD3D11RHI: Array index from any shader is supported
[2023.01.04-09.24.32:678][  0]LogD3D11RHI: GPU Timing Frequency: 100.000000 (Debug: 2 1)
[2023.01.04-09.24.32:891][  0]LogTargetPlatformManager: Display: Loaded TargetPlatform 'AllDesktop'
[2023.01.04-09.24.32:908][  0]LogTargetPlatformManager: Display: Loaded TargetPlatform 'Android'
[2023.01.04-09.24.32:908][  0]LogTargetPlatformManager: Display: Loaded TargetPlatform 'Android_ASTC'
[2023.01.04-09.24.32:908][  0]LogTargetPlatformManager: Display: Loaded TargetPlatform 'Android_DXT'
[2023.01.04-09.24.32:908][  0]LogTargetPlatformManager: Display: Loaded TargetPlatform 'Android_ETC2'
[2023.01.04-09.24.32:908][  0]LogTargetPlatformManager: Display: Loaded TargetPlatform 'AndroidClient'
[2023.01.04-09.24.32:908][  0]LogTargetPlatformManager: Display: Loaded TargetPlatform 'Android_ASTCClient'
[2023.01.04-09.24.32:908][  0]LogTargetPlatformManager: Display: Loaded TargetPlatform 'Android_DXTClient'
[2023.01.04-09.24.32:908][  0]LogTargetPlatformManager: Display: Loaded TargetPlatform 'Android_ETC2Client'
[2023.01.04-09.24.32:908][  0]LogTargetPlatformManager: Display: Loaded TargetPlatform 'Android_Multi'
[2023.01.04-09.24.32:908][  0]LogTargetPlatformManager: Display: Loaded TargetPlatform 'Android_MultiClient'
[2023.01.04-09.24.32:925][  0]LogTargetPlatformManager: Display: Loaded TargetPlatform 'IOSClient'
[2023.01.04-09.24.32:925][  0]LogTargetPlatformManager: Display: Loaded TargetPlatform 'IOS'
[2023.01.04-09.24.32:933][  0]LogTargetPlatformManager: Display: Loaded TargetPlatform 'Linux'
[2023.01.04-09.24.32:937][  0]LogTargetPlatformManager: Display: Loaded TargetPlatform 'LinuxNoEditor'
[2023.01.04-09.24.32:941][  0]LogTargetPlatformManager: Display: Loaded TargetPlatform 'LinuxClient'
[2023.01.04-09.24.32:946][  0]LogTargetPlatformManager: Display: Loaded TargetPlatform 'LinuxServer'
[2023.01.04-09.24.32:953][  0]LogTargetPlatformManager: Display: Loaded TargetPlatform 'LinuxAArch64NoEditor'
[2023.01.04-09.24.32:958][  0]LogTargetPlatformManager: Display: Loaded TargetPlatform 'LinuxAArch64Client'
[2023.01.04-09.24.32:962][  0]LogTargetPlatformManager: Display: Loaded TargetPlatform 'LinuxAArch64Server'
[2023.01.04-09.24.32:980][  0]LogTargetPlatformManager: Display: Loaded TargetPlatform 'Lumin'
[2023.01.04-09.24.32:980][  0]LogTargetPlatformManager: Display: Loaded TargetPlatform 'LuminClient'
[2023.01.04-09.24.32:988][  0]LogTargetPlatformManager: Display: Loaded TargetPlatform 'MacNoEditor'
[2023.01.04-09.24.32:992][  0]LogTargetPlatformManager: Display: Loaded TargetPlatform 'Mac'
[2023.01.04-09.24.32:996][  0]LogTargetPlatformManager: Display: Loaded TargetPlatform 'MacClient'
[2023.01.04-09.24.33:000][  0]LogTargetPlatformManager: Display: Loaded TargetPlatform 'MacServer'
[2023.01.04-09.24.33:009][  0]LogTargetPlatformManager: Display: Loaded TargetPlatform 'TVOSClient'
[2023.01.04-09.24.33:009][  0]LogTargetPlatformManager: Display: Loaded TargetPlatform 'TVOS'
[2023.01.04-09.24.33:016][  0]LogTargetPlatformManager: Display: Loaded TargetPlatform 'WindowsNoEditor'
[2023.01.04-09.24.33:021][  0]LogTargetPlatformManager: Display: Loaded TargetPlatform 'Windows'
[2023.01.04-09.24.33:025][  0]LogTargetPlatformManager: Display: Loaded TargetPlatform 'WindowsClient'
[2023.01.04-09.24.33:030][  0]LogTargetPlatformManager: Display: Loaded TargetPlatform 'WindowsServer'
[2023.01.04-09.24.33:030][  0]LogTargetPlatformManager: Display: Building Assets For Windows
[2023.01.04-09.24.33:038][  0]LogAudioDebug: Display: Lib vorbis DLL was dynamically loaded.
[2023.01.04-09.24.33:070][  0]LogTextureFormatOodle: Display: Oodle Texture 2.9.0 init RDO Off
[2023.01.04-09.24.33:104][  0]LogRendererCore: Ray tracing is disabled. Reason: r.RayTracing=0.
[2023.01.04-09.24.33:104][  0]LogShaderCompilers: Guid format shader working directory is -51 characters bigger than the processId version (../../../../../Git_Horizontally Scrolling Shooter Repository/UE4_Portfolio2_SL/UE4_Portfolio2_SL/Intermediate/Shaders/WorkingDirectory/37428/).
[2023.01.04-09.24.33:104][  0]LogShaderCompilers: Cleaned the shader compiler working directory 'C:/Users/decja/AppData/Local/Temp/UnrealShaderWorkingDir/4E63CE7749234A74647F3DAADAD3E2FB/'.
[2023.01.04-09.24.33:105][  0]LogXGEController: Cannot use XGE Controller as Incredibuild is not installed on this machine.
[2023.01.04-09.24.33:105][  0]LogShaderCompilers: Cannot use XGE Shader Compiler as Incredibuild is not installed on this machine.
[2023.01.04-09.24.33:105][  0]LogShaderCompilers: Display: Using Local Shader Compiler.
[2023.01.04-09.24.33:669][  0]LogDerivedDataCache: Display: Max Cache Size: 512 MB
[2023.01.04-09.24.33:718][  0]LogDerivedDataCache: Loaded boot cache 0.05s 135MB C:/Users/decja/AppData/Local/UnrealEngine/4.27/DerivedDataCache/Boot.ddc.
[2023.01.04-09.24.33:718][  0]LogDerivedDataCache: Display: Loaded Boot cache: C:/Users/decja/AppData/Local/UnrealEngine/4.27/DerivedDataCache/Boot.ddc
[2023.01.04-09.24.33:718][  0]LogDerivedDataCache: FDerivedDataBackendGraph:  Pak pak cache file ../../../../../Git_Horizontally Scrolling Shooter Repository/UE4_Portfolio2_SL/UE4_Portfolio2_SL/DerivedDataCache/DDC.ddp not found, will not use a pak cache.
[2023.01.04-09.24.33:718][  0]LogDerivedDataCache: Unable to find inner node Pak for hierarchical cache Hierarchy.
[2023.01.04-09.24.33:718][  0]LogDerivedDataCache: FDerivedDataBackendGraph:  CompressedPak pak cache file ../../../../../Git_Horizontally Scrolling Shooter Repository/UE4_Portfolio2_SL/UE4_Portfolio2_SL/DerivedDataCache/Compressed.ddp not found, will not use a pak cache.
[2023.01.04-09.24.33:718][  0]LogDerivedDataCache: Unable to find inner node CompressedPak for hierarchical cache Hierarchy.
[2023.01.04-09.24.33:732][  0]LogDerivedDataCache: Display: Pak cache opened for reading ../../../Engine/DerivedDataCache/Compressed.ddp.
[2023.01.04-09.24.33:732][  0]LogDerivedDataCache: FDerivedDataBackendGraph:  EnterprisePak pak cache file ../../../Enterprise/DerivedDataCache/Compressed.ddp not found, will not use a pak cache.
[2023.01.04-09.24.33:732][  0]LogDerivedDataCache: Unable to find inner node EnterprisePak for hierarchical cache Hierarchy.
[2023.01.04-09.24.33:740][  0]LogDerivedDataCache: Speed tests for C:/Users/decja/AppData/Local/UnrealEngine/Common/DerivedDataCache took 0.01 seconds
[2023.01.04-09.24.33:740][  0]LogDerivedDataCache: Display: Performance to C:/Users/decja/AppData/Local/UnrealEngine/Common/DerivedDataCache: Latency=0.09ms. RandomReadSpeed=669.90MBs, RandomWriteSpeed=165.32MBs. Assigned SpeedClass 'Local'
[2023.01.04-09.24.33:741][  0]LogDerivedDataCache: Using Local data cache path C:/Users/decja/AppData/Local/UnrealEngine/Common/DerivedDataCache: Writable
[2023.01.04-09.24.33:741][  0]LogDerivedDataCache: Shared data cache path not found in *engine.ini, will not use an Shared cache.
[2023.01.04-09.24.33:741][  0]LogDerivedDataCache: Unable to find inner node Shared for hierarchical cache Hierarchy.
[2023.01.04-09.24.33:774][  0]LogSlate: Using FreeType 2.10.0
[2023.01.04-09.24.33:775][  0]LogSlate: SlateFontServices - WITH_FREETYPE: 1, WITH_HARFBUZZ: 1
[2023.01.04-09.24.33:794][  0]LogAssetRegistry: FAssetRegistry took 0.0021 seconds to start up
[2023.01.04-09.24.33:915][  0]LogCollisionProfile: Warning: Profile (Pawn) - Custom Channel Name = 'TestTrace' hasn't been found
[2023.01.04-09.24.33:915][  0]LogCollisionProfile: Warning: Profile (EnemyCharacter) - Custom Channel Name = 'TestTrace' hasn't been found
[2023.01.04-09.24.33:915][  0]LogCollisionProfile: Warning: Profile (PlayerCharacter) - Custom Channel Name = 'TestTrace' hasn't been found
[2023.01.04-09.24.33:915][  0]LogCollisionProfile: Warning: Profile (PlayerPhysicsActor) - Custom Channel Name = 'TestTrace' hasn't been found
[2023.01.04-09.24.33:915][  0]LogCollisionProfile: Warning: Profile (EnemyPhysicsActor) - Custom Channel Name = 'TestTrace' hasn't been found
[2023.01.04-09.24.33:969][  0]LogInit: Selected Device Profile: [Windows]
[2023.01.04-09.24.33:969][  0]LogInit: Active device profile: [0000016E2694AC00][0000016E2627D500 49] Windows
[2023.01.04-09.24.33:969][  0]LogInit: Profiles: [0000016E2694AC00][0000016E2627D500 49] Windows, [0000016E268DE200][0000016E262857C0 49] WindowsNoEditor, [0000016E26949F00][0000016E26289A80 49] WindowsServer, [0000016E268DEF00][0000016E2628C1C0 49] WindowsClient, [0000016E26949200][0000016E1B44A480 49] IOS, [0000016E268DE400][0000016E1B44E740 49] iPadAir, [0000016E2694A400][0000016E1B452A00 49] iPadAir2, [0000016E26849E00][0000016E1B466F40 49] IPadPro, [0000016E26849F00][0000016E1B456F80 49] iPadAir3, [0000016E268DF500][0000016E26281200 49] iPadAir4, [0000016E2684AE00][0000016E1B45B4C0 49] iPadMini2, [0000016E268DED00][0000016E1B463780 49] iPadMini3, [0000016E2684BB00][0000016E1B46BA40 49] iPadMini4, [0000016E268DDD00][0000016E2745E180 49] iPadMini5, [0000016E26869400][0000016E274726C0 49] iPhone6, [0000016E26869500][0000016E27462700 49] iPodTouch6, [0000016E2694B200][0000016E2747AC40 49] iPhone7, [0000016E2694AA00][0000016E2746AC80 49] iPodTouch7, [0000016E2684BE00][0000016E2746EF40 49] iPhone5S, [0000016E2694A800][0000016E1B45F1C0 49] iPhone6Plus, [0000016E2684AF00][0000016E27467440 49] iPhone6S, [0000016E2694A200][0000016E2747F700 49] iPhone6SPlus, [0000016E26849600][0000016E274839C0 49] iPhone7Plus, [0000016E2684A000][0000016E27486100 49] iPhoneSE, [0000016E26868E00][0000016E2748A3C0 49] iPhone8, [0000016E2684A600][0000016E2748E680 49] iPhone8Plus, [0000016E2686BA00][0000016E27492940 49] iPhoneX, [0000016E26848800][0000016E27496C00 49] iPhoneXS, [0000016E2686B300][0000016E2749AEC0 49] iPhoneXSMax, [0000016E26848600][0000016E274D1180 49] iPhoneXR, [0000016E2686AE00][0000016E27477400 49] iPhone11, [0000016E2684A400][0000016E274D5680 49] iPhone11Pro, [0000016E2686AB00][0000016E274DD940 49] iPhone11ProMax, [0000016E26848E00][0000016E274E1C00 49] iPhoneSE2, [0000016E2686B100][0000016E274E4340 49] iPhone12Mini, [0000016E26849000][0000016E274E8600 49] iPhone12, [0000016E2686A600][0000016E274EC8C0 49] iPhone12Pro, [0000016E2694A600][0000016E274F0B80 49] iPhone12ProMax, [0000016E2686B800][0000016E274F4E40 49] iPadPro105, [0000016E2694A500][0000016E274F9100 49] iPadPro129, [0000016E26869200][0000016E274FD3C0 49] iPadPro97, [0000016E26948D00][0000016E274D9640 49] iPadPro2_129, [0000016E2686B600][0000016E275018C0 49] iPad5, [0000016E26949100][0000016E27509B80 49] iPad6, [0000016E2686A000][0000016E2750C2C0 49] iPad7, [0000016E26948500][0000016E27510580 49] iPad8, [0000016E26868500][0000016E27514840 49] iPadPro11, [0000016E26949300][0000016E27518B00 49] iPadPro2_11, [0000016E2686AA00][0000016E2751CDC0 49] iPadPro3_129, [0000016E26948800][0000016E27521080 49] iPadPro4_129, [0000016E26869D00][0000016E27525340 49] AppleTV, [0000016E2694BE00][0000016E27529600 49] AppleTV4K, [0000016E2686A200][0000016E27505880 49] TVOS, [0000016E26949B00][0000016E2752DB00 49] Mac, [0000016E2686A500][0000016E27534240 49] MacClient, [0000016E2694B500][0000016E27538500 49] MacNoEditor, [0000016E26868D00][0000016E275467C0 49] MacServer, [0000016E2694A100][0000016E2754AA80 49] Linux, [0000016E2686BD00][0000016E27552D40 49] LinuxAArch64, [0000016E2694B600][0000016E275C3000 49] LinuxNoEditor, [0000016E26868400][0000016E276492C0 49] LinuxAArch64NoEditor, [0000016E26948700][0000016E2764D580 49] LinuxClient, [0000016E26869F00][0000016E27659840 49] LinuxAArch64Client, [0000016E2694AB00][0000016E27531AC0 49] LinuxServer, [0000016E2686BB00][0000016E278001C0 49] LinuxAArch64Server, [0000016E2694A700][0000016E278B8480 49] Android, [0000016E26869A00][0000016E278BC740 49] Android_Low, [0000016E26948F00][0000016E26138A00 49] Android_Mid, [0000016E2686A400][0000016E26144CC0 49] Android_High, [0000016E26948B00][0000016E26148F80 49] Android_Default, [0000016E26869700][0000016E27A7D240 49] Android_Adreno4xx, [0000016E26948600][0000016E27A8D500 49] Android_Adreno5xx_Low, [0000016E26869B00][0000016E27A917C0 49] Android_Adreno5xx, [0000016E26948E00][0000016E27A95A80 49] Android_Adreno6xx, [0000016E26869600][0000016E278B4180 49] Android_Adreno6xx_Vulkan, [0000016E26949000][0000016E27A9C400 49] Android_Mali_T6xx, [0000016E2686A900][0000016E28EBC6C0 49] Android_Mali_T7xx, [0000016E26949A00][0000016E1BAF2980 49] Android_Mali_T8xx, [0000016E2686B400][0000016E1BAF6C40 49] Android_Mali_G71, [0000016E2694B100][0000016E27A1CF00 49] Android_Mali_G72, [0000016E268DF100][0000016E27A2D1C0 49] Android_Mali_G72_Vulkan, [0000016E2684AC00][0000016E27A35480 49] Android_Mali_G76, [0000016E268DFE00][0000016E27A41740 49] Android_Mali_G76_Vulkan, [0000016E26849800][0000016E2757BA00 49] Android_Mali_G77, [0000016E268DD200][0000016E275BE140 49] Android_Mali_G77_Vulkan, [0000016E26848D00][0000016E28EB83C0 49] Android_Mali_G78, [0000016E268DFC00][0000016E28C52640 49] Android_Mali_G78_Vulkan, [0000016E2684A500][0000016E28C5E900 49] Android_Mali_G710, [0000016E268DFF00][0000016E28C74BC0 49] Android_Mali_G710_Vulkan, [0000016E2684B300][0000016E28C7CE80 49] Android_Vulkan_SM5, [0000016E268DEA00][0000016E28C81140 49] Android_PowerVR_G6xxx, [0000016E2684A300][0000016E28C89400 49] Android_PowerVR_GT7xxx, [0000016E268DDB00][0000016E277AD6C0 49] Android_PowerVR_GE8xxx, [0000016E2684AD00][0000016E277B9980 49] Android_PowerVR_GM9xxx, [0000016E268DCE00][0000016E277BC0C0 49] Android_PowerVR_GM9xxx_Vulkan, [0000016E26848300][0000016E27638380 49] Android_TegraK1, [0000016E268DE300][0000016E28C5A600 49] Android_Unknown_Vulkan, [0000016E2684BD00][0000016E2763C8C0 49] Lumin, [0000016E268DC600][0000016E28C84B80 49] Lumin_Desktop, [0000016E26848200][0000016E27640E40 49] HoloLens, 
[2023.01.04-09.24.34:069][  0]LogMeshReduction: Using QuadricMeshReduction for automatic static mesh reduction
[2023.01.04-09.24.34:069][  0]LogMeshReduction: Using SimplygonMeshReduction for automatic skeletal mesh reduction
[2023.01.04-09.24.34:069][  0]LogMeshReduction: Using ProxyLODMeshReduction for automatic mesh merging
[2023.01.04-09.24.34:069][  0]LogMeshReduction: No distributed automatic mesh merging module available
[2023.01.04-09.24.34:069][  0]LogMeshMerging: No distributed automatic mesh merging module available
[2023.01.04-09.24.34:084][  0]LogNetVersion: UE4_Portfolio2_SL 1.0.0, NetCL: 17155196, EngineNetVer: 17, GameNetVer: 0 (Checksum: 2867686067)
[2023.01.04-09.24.34:382][  0]LogTexture: Default maximum texture size for cubemaps generated from long-lat sources has been changed from 512 to unlimited. In order to preserve old behaiour for '/Engine/MapTemplates/Sky/DaylightAmbientCubemap.DaylightAmbientCubemap', its maximum texture size has been explicitly set to 512.
[2023.01.04-09.24.34:418][  0]LogHMD: PokeAHoleMaterial loaded successfully
[2023.01.04-09.24.34:422][  0]LogUObjectArray: 17178 objects as part of root set at end of initial load.
[2023.01.04-09.24.34:422][  0]LogUObjectAllocator: 4302048 out of 0 bytes used by permanent object pool.
[2023.01.04-09.24.34:422][  0]LogUObjectArray: CloseDisregardForGC: 0/0 objects in disregard for GC pool
[2023.01.04-09.24.34:675][  0]LogNiagaraDebuggerClient: Niagara Debugger Client Initialized | Session: 97D62F0641E6930CCA7603B34BC8BB01 | Instance: F760CAF6414CD145113F6F8A7B4A5D0D (DESKTOP-37S8SED-37428).
[2023.01.04-09.24.34:704][  0]LogPython: Using Python 3.7.7
[2023.01.04-09.24.35:145][  0]LogTcpMessaging: Initializing TcpMessaging bridge
[2023.01.04-09.24.35:149][  0]LogUdpMessaging: Initializing bridge on interface 0.0.0.0:0 to multicast group 230.0.0.1:6666.
[2023.01.04-09.24.36:723][  0]LogWindows: Error: === Critical error: ===
[2023.01.04-09.24.36:723][  0]LogWindows: Error: 
[2023.01.04-09.24.36:723][  0]LogWindows: Error: Fatal error!
[2023.01.04-09.24.36:723][  0]LogWindows: Error: 
[2023.01.04-09.24.36:723][  0]LogWindows: Error: Unhandled Exception: EXCEPTION_ACCESS_VIOLATION reading address 0x000000000000016c
[2023.01.04-09.24.36:723][  0]LogWindows: Error: 
[2023.01.04-09.24.36:723][  0]LogWindows: Error: [Callstack] 0x00007fffab3449ae UE4Editor-Engine.dll!USceneComponent::SetVisibility() [D:\Build\++UE4\Sync\Engine\Source\Runtime\Engine\Private\Components\SceneComponent.cpp:3028]
[2023.01.04-09.24.36:723][  0]LogWindows: Error: [Callstack] 0x00007fff943a4c45 UE4Editor-UE4_Portfolio2_SL-2717.dll!AEnemy_Base::AEnemy_Base() [G:\Git_Horizontally Scrolling Shooter Repository\UE4_Portfolio2_SL\UE4_Portfolio2_SL\Source\UE4_Portfolio2_SL\Enemy_Base.cpp:15]
[2023.01.04-09.24.36:723][  0]LogWindows: Error: [Callstack] 0x00007ffff91661d3 UE4Editor-CoreUObject.dll!UClass::CreateDefaultObject() [D:\Build\++UE4\Sync\Engine\Source\Runtime\CoreUObject\Private\UObject\Class.cpp:3791]
[2023.01.04-09.24.36:723][  0]LogWindows: Error: [Callstack] 0x00007ffff9488faf UE4Editor-CoreUObject.dll!UObjectLoadAllCompiledInDefaultProperties() [D:\Build\++UE4\Sync\Engine\Source\Runtime\CoreUObject\Private\UObject\UObjectBase.cpp:911]
[2023.01.04-09.24.36:723][  0]LogWindows: Error: [Callstack] 0x00007ffff9465411 UE4Editor-CoreUObject.dll!ProcessNewlyLoadedUObjects() [D:\Build\++UE4\Sync\Engine\Source\Runtime\CoreUObject\Private\UObject\UObjectBase.cpp:1003]
[2023.01.04-09.24.36:723][  0]LogWindows: Error: [Callstack] 0x00007ffff932ddc5 UE4Editor-CoreUObject.dll!TBaseStaticDelegateInstance<void __cdecl(FName,bool),FDefaultDelegateUserPolicy>::ExecuteIfSafe() [D:\Build\++UE4\Sync\Engine\Source\Runtime\Core\Public\Delegates\DelegateInstancesImpl.h:731]
[2023.01.04-09.24.36:723][  0]LogWindows: Error: [Callstack] 0x00007ffff7ec1bea UE4Editor-Core.dll!TMulticastDelegate<void __cdecl(FName,bool),FDefaultDelegateUserPolicy>::Broadcast() [D:\Build\++UE4\Sync\Engine\Source\Runtime\Core\Public\Delegates\DelegateSignatureImpl.inl:955]
[2023.01.04-09.24.36:723][  0]LogWindows: Error: [Callstack] 0x00007ffff7ee15a3 UE4Editor-Core.dll!FModuleManager::LoadModuleWithFailureReason() [D:\Build\++UE4\Sync\Engine\Source\Runtime\Core\Private\Modules\ModuleManager.cpp:519]
[2023.01.04-09.24.36:724][  0]LogWindows: Error: [Callstack] 0x00007ff8277d6433 UE4Editor-Projects.dll!FModuleDescriptor::LoadModulesForPhase() [D:\Build\++UE4\Sync\Engine\Source\Runtime\Projects\Private\ModuleDescriptor.cpp:643]
[2023.01.04-09.24.36:724][  0]LogWindows: Error: [Callstack] 0x00007ff8277d674f UE4Editor-Projects.dll!FProjectManager::LoadModulesForProject() [D:\Build\++UE4\Sync\Engine\Source\Runtime\Projects\Private\ProjectManager.cpp:62]
[2023.01.04-09.24.36:724][  0]LogWindows: Error: [Callstack] 0x00007ff7dd1e5642 UE4Editor.exe!FEngineLoop::LoadStartupModules() [D:\Build\++UE4\Sync\Engine\Source\Runtime\Launch\Private\LaunchEngineLoop.cpp:3880]
[2023.01.04-09.24.36:724][  0]LogWindows: Error: [Callstack] 0x00007ff7dd1e9000 UE4Editor.exe!FEngineLoop::PreInitPostStartupScreen() [D:\Build\++UE4\Sync\Engine\Source\Runtime\Launch\Private\LaunchEngineLoop.cpp:3263]
[2023.01.04-09.24.36:724][  0]LogWindows: Error: [Callstack] 0x00007ff7dd1e0d2c UE4Editor.exe!GuardedMain() [D:\Build\++UE4\Sync\Engine\Source\Runtime\Launch\Private\Launch.cpp:132]
[2023.01.04-09.24.36:724][  0]LogWindows: Error: [Callstack] 0x00007ff7dd1e10ba UE4Editor.exe!GuardedMainWrapper() [D:\Build\++UE4\Sync\Engine\Source\Runtime\Launch\Private\Windows\LaunchWindows.cpp:137]
[2023.01.04-09.24.36:724][  0]LogWindows: Error: [Callstack] 0x00007ff7dd1e40dd UE4Editor.exe!LaunchWindowsStartup() [D:\Build\++UE4\Sync\Engine\Source\Runtime\Launch\Private\Windows\LaunchWindows.cpp:273]
[2023.01.04-09.24.36:724][  0]LogWindows: Error: [Callstack] 0x00007ff7dd1f5984 UE4Editor.exe!WinMain() [D:\Build\++UE4\Sync\Engine\Source\Runtime\Launch\Private\Windows\LaunchWindows.cpp:320]
[2023.01.04-09.24.36:724][  0]LogWindows: Error: [Callstack] 0x00007ff7dd1f853a UE4Editor.exe!__scrt_common_main_seh() [d:\agent\_work\5\s\src\vctools\crt\vcstartup\src\startup\exe_common.inl:288]
[2023.01.04-09.24.36:724][  0]LogWindows: Error: [Callstack] 0x00007ff84c8a7614 KERNEL32.DLL!UnknownFunction []
[2023.01.04-09.24.36:724][  0]LogWindows: Error: [Callstack] 0x00007ff84d2a26a1 ntdll.dll!UnknownFunction []
[2023.01.04-09.24.36:724][  0]LogWindows: Error: 
[2023.01.04-09.24.36:728][  0]LogExit: Executing StaticShutdownAfterError
[2023.01.04-09.24.36:729][  0]LogWindows: FPlatformMisc::RequestExit(1)
[2023.01.04-09.24.36:729][  0]LogWindows: FPlatformMisc::RequestExitWithStatus(1, 3)
[2023.01.04-09.24.36:729][  0]LogCore: Engine exit requested (reason: Win RequestExit)
[2023.01.04-09.24.36:739][  0]Log file closed, 01/04/23 18:24:36
