Log file open, 12/03/22 04:58:00
LogWindows: Failed to load 'aqProf.dll' (GetLastError=126)
LogWindows: File 'aqProf.dll' does not exist
LogWindows: Failed to load 'VtuneApi.dll' (GetLastError=126)
LogWindows: File 'VtuneApi.dll' does not exist
LogWindows: Failed to load 'VtuneApi32e.dll' (GetLastError=126)
LogWindows: File 'VtuneApi32e.dll' does not exist
LogConsoleResponse: Display: Failed to find resolution value strings in scalability ini. Falling back to default.
LogConsoleResponse: Display: Failed to find resolution value strings in scalability ini. Falling back to default.
LogInit: Display: Running engine for game: UE4_Portfolio2_SL
LogPlatformFile: Not using cached read wrapper
LogTaskGraph: Started task graph with 5 named threads and 71 total threads with 3 sets of task threads.
LogStats: Stats thread started at 0.196952
LogICUInternationalization: ICU TimeZone Detection - Raw Offset: +9:00, Platform Override: ''
LogInit: Display: Loading text-based GConfig....
LogPluginManager: Mounting plugin MeshPainting
LogPluginManager: Mounting plugin XGEController
LogPluginManager: Mounting plugin Paper2D
LogPluginManager: Mounting plugin LightPropagationVolume
LogPluginManager: Mounting plugin LiveLink
LogPluginManager: Mounting plugin AISupport
LogPluginManager: Mounting plugin EnvironmentQueryEditor
LogPluginManager: Mounting plugin CameraShakePreviewer
LogPluginManager: Mounting plugin OodleData
LogPluginManager: Mounting plugin GameplayCameras
LogPluginManager: Mounting plugin OodleNetwork
LogPluginManager: Mounting plugin AnimationSharing
LogPluginManager: Mounting plugin CLionSourceCodeAccess
LogPluginManager: Mounting plugin GitSourceControl
LogPluginManager: Mounting plugin AssetManagerEditor
LogPluginManager: Mounting plugin CodeLiteSourceCodeAccess
LogPluginManager: Mounting plugin KDevelopSourceCodeAccess
LogPluginManager: Mounting plugin CryptoKeys
LogPluginManager: Mounting plugin NullSourceCodeAccess
LogPluginManager: Mounting plugin CurveEditorTools
LogPluginManager: Mounting plugin DataValidation
LogPluginManager: Mounting plugin FacialAnimation
LogPluginManager: Mounting plugin PerforceSourceControl
LogPluginManager: Mounting plugin PixWinPlugin
LogPluginManager: Mounting plugin PlasticSourceControl
LogPluginManager: Mounting plugin GeometryMode
LogPluginManager: Mounting plugin GameplayTagsEditor
LogPluginManager: Mounting plugin PluginUtils
LogPluginManager: Mounting plugin PropertyAccessNode
LogPluginManager: Mounting plugin MacGraphicsSwitching
LogPluginManager: Mounting plugin RiderSourceCodeAccess
LogPluginManager: Mounting plugin TextureFormatOodle
LogPluginManager: Mounting plugin SubversionSourceControl
LogPluginManager: Mounting plugin VisualStudioSourceCodeAccess
LogPluginManager: Mounting plugin UObjectPlugin
LogPluginManager: Mounting plugin XCodeSourceCodeAccess
LogPluginManager: Mounting plugin VisualStudioCodeSourceCodeAccess
LogPluginManager: Mounting plugin MaterialAnalyzer
LogPluginManager: Mounting plugin DatasmithContent
LogPluginManager: Mounting plugin MobileLauncherProfileWizard
LogPluginManager: Mounting plugin PluginBrowser
LogPluginManager: Mounting plugin SpeedTreeImporter
LogPluginManager: Mounting plugin Niagara
LogPluginManager: Mounting plugin VariantManagerContent
LogPluginManager: Mounting plugin AlembicImporter
LogPluginManager: Mounting plugin AutomationUtils
LogPluginManager: Mounting plugin BackChannel
LogPluginManager: Mounting plugin ChaosCloth
LogPluginManager: Mounting plugin ChaosClothEditor
LogPluginManager: Mounting plugin ChaosNiagara
LogPluginManager: Mounting plugin ChaosEditor
LogPluginManager: Mounting plugin ChaosSolverPlugin
LogPluginManager: Mounting plugin CharacterAI
LogPluginManager: Mounting plugin GeometryCache
LogPluginManager: Mounting plugin GeometryCollectionPlugin
LogPluginManager: Mounting plugin GeometryProcessing
LogPluginManager: Mounting plugin MotoSynth
LogPluginManager: Mounting plugin OpenImageDenoise
LogPluginManager: Mounting plugin PlanarCut
LogPluginManager: Mounting plugin LuminPlatformFeatures
LogPluginManager: Mounting plugin PlatformCrypto
LogPluginManager: Mounting plugin MagicLeap
LogPluginManager: Mounting plugin ProxyLODPlugin
LogPluginManager: Mounting plugin PythonScriptPlugin
LogPluginManager: Mounting plugin SkeletalReduction
LogPluginManager: Mounting plugin MagicLeapLightEstimation
LogPluginManager: Mounting plugin MagicLeapMedia
LogPluginManager: Mounting plugin MagicLeapPassableWorld
LogPluginManager: Mounting plugin MLSDK
LogPluginManager: Mounting plugin AndroidMedia
LogPluginManager: Mounting plugin AvfMedia
LogPluginManager: Mounting plugin TcpMessaging
LogPluginManager: Mounting plugin UdpMessaging
LogPluginManager: Mounting plugin ActorSequence
LogPluginManager: Mounting plugin ImgMedia
LogPluginManager: Mounting plugin MediaCompositing
LogPluginManager: Mounting plugin MediaPlayerEditor
LogPluginManager: Mounting plugin WebMMedia
LogPluginManager: Mounting plugin LevelSequenceEditor
LogPluginManager: Mounting plugin WmfMedia
LogPluginManager: Mounting plugin MatineeToLevelSequence
LogPluginManager: Mounting plugin TemplateSequence
LogPluginManager: Mounting plugin ActorLayerUtilities
LogPluginManager: Mounting plugin OnlineSubsystem
LogPluginManager: Mounting plugin AndroidDeviceProfileSelector
LogPluginManager: Mounting plugin AndroidMoviePlayer
LogPluginManager: Mounting plugin OnlineSubsystemNull
LogPluginManager: Mounting plugin OnlineSubsystemUtils
LogPluginManager: Mounting plugin AndroidPermission
LogPluginManager: Mounting plugin LauncherChunkInstaller
LogPluginManager: Mounting plugin AppleImageUtils
LogPluginManager: Mounting plugin AppleMoviePlayer
LogPluginManager: Mounting plugin ArchVisCharacter
LogPluginManager: Mounting plugin AssetTags
LogPluginManager: Mounting plugin AudioCapture
LogPluginManager: Mounting plugin AudioSynesthesia
LogPluginManager: Mounting plugin CableComponent
LogPluginManager: Mounting plugin ChunkDownloader
LogPluginManager: Mounting plugin CustomMeshComponent
LogPluginManager: Mounting plugin EditableMesh
LogPluginManager: Mounting plugin ExampleDeviceProfileSelector
LogPluginManager: Mounting plugin GooglePAD
LogPluginManager: Mounting plugin GoogleCloudMessaging
LogPluginManager: Mounting plugin IOSDeviceProfileSelector
LogPluginManager: Mounting plugin LinuxDeviceProfileSelector
LogPluginManager: Mounting plugin LocationServicesBPLibrary
LogPluginManager: Mounting plugin MobilePatchingUtils
LogPluginManager: Mounting plugin OpenXR
LogPluginManager: Mounting plugin OpenXREyeTracker
LogPluginManager: Mounting plugin OpenXRHandTracking
LogPluginManager: Mounting plugin PhysXVehicles
LogPluginManager: Mounting plugin PostSplashScreen
LogPluginManager: Mounting plugin ProceduralMeshComponent
LogPluginManager: Mounting plugin PropertyAccessEditor
LogPluginManager: Mounting plugin RuntimePhysXCooking
LogPluginManager: Mounting plugin SignificanceManager
LogPluginManager: Mounting plugin SoundFields
LogPluginManager: Mounting plugin Synthesis
LogPluginManager: Mounting plugin WebMMoviePlayer
LogPluginManager: Mounting plugin WindowsMoviePlayer
LogPluginManager: Mounting plugin ScreenshotTools
LogPluginManager: Mounting plugin Takes
LogPluginManager: Mounting plugin ContentBrowserClassDataSource
LogPluginManager: Mounting plugin ContentBrowserAssetDataSource
LogPluginManager: Mounting plugin ContentBrowserFileDataSource
LogPluginManager: Mounting plugin OnlineSubsystemGooglePlay
LogPluginManager: Mounting plugin OnlineSubsystemIOS
LogPluginManager: Mounting plugin OculusVR
LogPluginManager: Mounting plugin SteamVR
PixWinPlugin: PIX capture plugin failed to initialize! Check that the process is launched from PIX.
LogInit: Using libcurl 7.55.1-DEV
LogInit:  - built for x86_64-pc-win32
LogInit:  - supports SSL with OpenSSL/1.1.1
LogInit:  - supports HTTP deflate (compression) using libz 1.2.8
LogInit:  - other features:
LogInit:      CURL_VERSION_SSL
LogInit:      CURL_VERSION_LIBZ
LogInit:      CURL_VERSION_IPV6
LogInit:      CURL_VERSION_ASYNCHDNS
LogInit:      CURL_VERSION_LARGEFILE
LogInit:      CURL_VERSION_IDN
LogInit:  CurlRequestOptions (configurable via config and command line):
LogInit:  - bVerifyPeer = true  - Libcurl will verify peer certificate
LogInit:  - bUseHttpProxy = false  - Libcurl will NOT use HTTP proxy
LogInit:  - bDontReuseConnections = false  - Libcurl will reuse connections
LogInit:  - MaxHostConnections = 16  - Libcurl will limit the number of connections to a host
LogInit:  - LocalHostAddr = Default
LogInit:  - BufferSize = 65536
LogOnline: OSS: Creating online subsystem instance for: NULL
LogInit: WinSock: version 1.1 (2.2), MaxSocks=32767, MaxUdp=65467
LogOnline: OSS: TryLoadSubsystemAndSetDefault: Loaded subsystem for module [NULL]
LogOculusPluginWrapper: OculusPlugin initialized successfully
LogHMD: Failed initializing OVRPlugin 1.59.0
LogInit: Build: ++UE4+Release-4.27-CL-18319896
LogInit: Engine Version: 4.27.2-18319896+++UE4+Release-4.27
LogInit: Compatible Engine Version: 4.27.0-17155196+++UE4+Release-4.27
LogInit: Net CL: 17155196
LogInit: OS: Windows 10 (Release 2009) (), CPU: AMD Ryzen 9 5900X 12-Core Processor            , GPU: AMD Radeon RX 6600 XT
LogInit: Compiled (64-bit): Nov 30 2021 07:12:08
LogInit: Compiled with Visual C++: 19.24.28315.00
LogInit: Build Configuration: Development
LogInit: Branch Name: ++UE4+Release-4.27
LogInit: Command Line: 
LogInit: Base Directory: G:/Unreal Engine/UE_4.27/Engine/Binaries/Win64/
LogInit: Allocator: TBB
LogInit: Installed Engine Build: 1
LogDevObjectVersion: Number of dev versions registered: 29
LogDevObjectVersion:   Dev-Blueprints (B0D832E4-1F89-4F0D-ACCF-7EB736FD4AA2): 10
LogDevObjectVersion:   Dev-Build (E1C64328-A22C-4D53-A36C-8E866417BD8C): 0
LogDevObjectVersion:   Dev-Core (375EC13C-06E4-48FB-B500-84F0262A717E): 4
LogDevObjectVersion:   Dev-Editor (E4B068ED-F494-42E9-A231-DA0B2E46BB41): 40
LogDevObjectVersion:   Dev-Framework (CFFC743F-43B0-4480-9391-14DF171D2073): 37
LogDevObjectVersion:   Dev-Mobile (B02B49B5-BB20-44E9-A304-32B752E40360): 3
LogDevObjectVersion:   Dev-Networking (A4E4105C-59A1-49B5-A7C5-40C4547EDFEE): 0
LogDevObjectVersion:   Dev-Online (39C831C9-5AE6-47DC-9A44-9C173E1C8E7C): 0
LogDevObjectVersion:   Dev-Physics (78F01B33-EBEA-4F98-B9B4-84EACCB95AA2): 14
LogDevObjectVersion:   Dev-Platform (6631380F-2D4D-43E0-8009-CF276956A95A): 0
LogDevObjectVersion:   Dev-Rendering (12F88B9F-8875-4AFC-A67C-D90C383ABD29): 45
LogDevObjectVersion:   Dev-Sequencer (7B5AE74C-D270-4C10-A958-57980B212A5A): 13
LogDevObjectVersion:   Dev-VR (D7296918-1DD6-4BDD-9DE2-64A83CC13884): 3
LogDevObjectVersion:   Dev-LoadTimes (C2A15278-BFE7-4AFE-6C17-90FF531DF755): 1
LogDevObjectVersion:   Private-Geometry (6EACA3D4-40EC-4CC1-B786-8BED09428FC5): 3
LogDevObjectVersion:   Dev-AnimPhys (29E575DD-E0A3-4627-9D10-D276232CDCEA): 17
LogDevObjectVersion:   Dev-Anim (AF43A65D-7FD3-4947-9873-3E8ED9C1BB05): 15
LogDevObjectVersion:   Dev-ReflectionCapture (6B266CEC-1EC7-4B8F-A30B-E4D90942FC07): 1
LogDevObjectVersion:   Dev-Automation (0DF73D61-A23F-47EA-B727-89E90C41499A): 1
LogDevObjectVersion:   FortniteMain (601D1886-AC64-4F84-AA16-D3DE0DEAC7D6): 47
LogDevObjectVersion:   FortniteRelease (E7086368-6B23-4C58-8439-1B7016265E91): 1
LogDevObjectVersion:   Dev-Enterprise (9DFFBCD6-494F-0158-E221-12823C92A888): 10
LogDevObjectVersion:   Dev-Niagara (F2AED0AC-9AFE-416F-8664-AA7FFA26D6FC): 1
LogDevObjectVersion:   Dev-Destruction (174F1F0B-B4C6-45A5-B13F-2EE8D0FB917D): 10
LogDevObjectVersion:   Dev-Physics-Ext (35F94A83-E258-406C-A318-09F59610247C): 41
LogDevObjectVersion:   Dev-PhysicsMaterial-Chaos (B68FC16E-8B1B-42E2-B453-215C058844FE): 1
LogDevObjectVersion:   Dev-CineCamera (B2E18506-4273-CFC2-A54E-F4BB758BBA07): 1
LogDevObjectVersion:   Dev-VirtualProduction (64F58936-FD1B-42BA-BA96-7289D5D0FA4E): 1
LogDevObjectVersion:   Dev-MediaFramework (6F0ED827-A609-4895-9C91-998D90180EA4): 2
LogInit: Presizing for max 25165824 objects, including 0 objects not considered by GC, pre-allocating 0 bytes for permanent pool.
LogConfig: Applying CVar settings from Section [/Script/Engine.StreamingSettings] File [G:/Git_Horizontally Scrolling Shooter Repository/UE4_Portfolio2_SL/UE4_Portfolio2_SL/Saved/Config/Windows/Engine.ini]
LogConfig: Setting CVar [[s.MinBulkDataSizeForAsyncLoading:131072]]
LogConfig: Setting CVar [[s.AsyncLoadingThreadEnabled:0]]
LogConfig: Setting CVar [[s.EventDrivenLoaderEnabled:1]]
LogConfig: Setting CVar [[s.WarnIfTimeLimitExceeded:0]]
LogConfig: Setting CVar [[s.TimeLimitExceededMultiplier:1.5]]
LogConfig: Setting CVar [[s.TimeLimitExceededMinTime:0.005]]
LogConfig: Setting CVar [[s.UseBackgroundLevelStreaming:1]]
LogConfig: Setting CVar [[s.PriorityAsyncLoadingExtraTime:15.0]]
LogConfig: Setting CVar [[s.LevelStreamingActorsUpdateTimeLimit:5.0]]
LogConfig: Setting CVar [[s.PriorityLevelStreamingActorsUpdateExtraTime:5.0]]
LogConfig: Setting CVar [[s.LevelStreamingComponentsRegistrationGranularity:10]]
LogConfig: Setting CVar [[s.UnregisterComponentsTimeLimit:1.0]]
LogConfig: Setting CVar [[s.LevelStreamingComponentsUnregistrationGranularity:5]]
LogConfig: Setting CVar [[s.FlushStreamingOnExit:1]]
LogInit: Object subsystem initialized
LogConfig: Setting CVar [[con.DebugEarlyDefault:1]]
LogConfig: Setting CVar [[r.setres:1280x720]]
[2022.12.02-19.58.00:778][  0]LogConfig: Setting CVar [[r.VSync:0]]
[2022.12.02-19.58.00:778][  0]LogConfig: Setting CVar [[r.RHICmdBypass:0]]
[2022.12.02-19.58.00:778][  0]LogConfig: Applying CVar settings from Section [/Script/Engine.RendererSettings] File [G:/Git_Horizontally Scrolling Shooter Repository/UE4_Portfolio2_SL/UE4_Portfolio2_SL/Saved/Config/Windows/Engine.ini]
[2022.12.02-19.58.00:778][  0]LogConfig: Setting CVar [[r.GPUCrashDebugging:0]]
[2022.12.02-19.58.00:778][  0]LogConfig: Applying CVar settings from Section [/Script/Engine.RendererOverrideSettings] File [G:/Git_Horizontally Scrolling Shooter Repository/UE4_Portfolio2_SL/UE4_Portfolio2_SL/Saved/Config/Windows/Engine.ini]
[2022.12.02-19.58.00:778][  0]LogConfig: Applying CVar settings from Section [/Script/Engine.StreamingSettings] File [G:/Git_Horizontally Scrolling Shooter Repository/UE4_Portfolio2_SL/UE4_Portfolio2_SL/Saved/Config/Windows/Engine.ini]
[2022.12.02-19.58.00:778][  0]LogConfig: Setting CVar [[s.MinBulkDataSizeForAsyncLoading:131072]]
[2022.12.02-19.58.00:778][  0]LogConfig: Setting CVar [[s.AsyncLoadingThreadEnabled:0]]
[2022.12.02-19.58.00:778][  0]LogConfig: Setting CVar [[s.EventDrivenLoaderEnabled:1]]
[2022.12.02-19.58.00:778][  0]LogConfig: Setting CVar [[s.WarnIfTimeLimitExceeded:0]]
[2022.12.02-19.58.00:778][  0]LogConfig: Setting CVar [[s.TimeLimitExceededMultiplier:1.5]]
[2022.12.02-19.58.00:778][  0]LogConfig: Setting CVar [[s.TimeLimitExceededMinTime:0.005]]
[2022.12.02-19.58.00:778][  0]LogConfig: Setting CVar [[s.UseBackgroundLevelStreaming:1]]
[2022.12.02-19.58.00:778][  0]LogConfig: Setting CVar [[s.PriorityAsyncLoadingExtraTime:15.0]]
[2022.12.02-19.58.00:778][  0]LogConfig: Setting CVar [[s.LevelStreamingActorsUpdateTimeLimit:5.0]]
[2022.12.02-19.58.00:778][  0]LogConfig: Setting CVar [[s.PriorityLevelStreamingActorsUpdateExtraTime:5.0]]
[2022.12.02-19.58.00:778][  0]LogConfig: Setting CVar [[s.LevelStreamingComponentsRegistrationGranularity:10]]
[2022.12.02-19.58.00:778][  0]LogConfig: Setting CVar [[s.UnregisterComponentsTimeLimit:1.0]]
[2022.12.02-19.58.00:778][  0]LogConfig: Setting CVar [[s.LevelStreamingComponentsUnregistrationGranularity:5]]
[2022.12.02-19.58.00:778][  0]LogConfig: Setting CVar [[s.FlushStreamingOnExit:1]]
[2022.12.02-19.58.00:778][  0]LogConfig: Applying CVar settings from Section [/Script/Engine.GarbageCollectionSettings] File [G:/Git_Horizontally Scrolling Shooter Repository/UE4_Portfolio2_SL/UE4_Portfolio2_SL/Saved/Config/Windows/Engine.ini]
[2022.12.02-19.58.00:778][  0]LogConfig: Setting CVar [[gc.MaxObjectsNotConsideredByGC:1]]
[2022.12.02-19.58.00:778][  0]LogConfig: Setting CVar [[gc.SizeOfPermanentObjectPool:0]]
[2022.12.02-19.58.00:778][  0]LogConfig: Setting CVar [[gc.FlushStreamingOnGC:0]]
[2022.12.02-19.58.00:778][  0]LogConfig: Setting CVar [[gc.NumRetriesBeforeForcingGC:10]]
[2022.12.02-19.58.00:778][  0]LogConfig: Setting CVar [[gc.AllowParallelGC:1]]
[2022.12.02-19.58.00:778][  0]LogConfig: Setting CVar [[gc.TimeBetweenPurgingPendingKillObjects:61.1]]
[2022.12.02-19.58.00:778][  0]LogConfig: Setting CVar [[gc.MaxObjectsInEditor:25165824]]
[2022.12.02-19.58.00:778][  0]LogConfig: Setting CVar [[gc.IncrementalBeginDestroyEnabled:1]]
[2022.12.02-19.58.00:778][  0]LogConfig: Setting CVar [[gc.CreateGCClusters:1]]
[2022.12.02-19.58.00:778][  0]LogConfig: Setting CVar [[gc.MinGCClusterSize:5]]
[2022.12.02-19.58.00:778][  0]LogConfig: Setting CVar [[gc.ActorClusteringEnabled:0]]
[2022.12.02-19.58.00:779][  0]LogConfig: Setting CVar [[gc.BlueprintClusteringEnabled:0]]
[2022.12.02-19.58.00:779][  0]LogConfig: Setting CVar [[gc.UseDisregardForGCOnDedicatedServers:0]]
[2022.12.02-19.58.00:779][  0]LogConfig: Setting CVar [[gc.MultithreadedDestructionEnabled:1]]
[2022.12.02-19.58.00:779][  0]LogConfig: Applying CVar settings from Section [/Script/Engine.NetworkSettings] File [G:/Git_Horizontally Scrolling Shooter Repository/UE4_Portfolio2_SL/UE4_Portfolio2_SL/Saved/Config/Windows/Engine.ini]
[2022.12.02-19.58.00:779][  0]LogConfig: Applying CVar settings from Section [/Script/UnrealEd.CookerSettings] File [G:/Git_Horizontally Scrolling Shooter Repository/UE4_Portfolio2_SL/UE4_Portfolio2_SL/Saved/Config/Windows/Engine.ini]
[2022.12.02-19.58.00:786][  0]LogConfig: Applying CVar settings from Section [ViewDistanceQuality@3] File [G:/Git_Horizontally Scrolling Shooter Repository/UE4_Portfolio2_SL/UE4_Portfolio2_SL/Saved/Config/Windows/Scalability.ini]
[2022.12.02-19.58.00:786][  0]LogConfig: Setting CVar [[r.SkeletalMeshLODBias:0]]
[2022.12.02-19.58.00:786][  0]LogConfig: Setting CVar [[r.ViewDistanceScale:1.0]]
[2022.12.02-19.58.00:786][  0]LogConfig: Applying CVar settings from Section [AntiAliasingQuality@3] File [G:/Git_Horizontally Scrolling Shooter Repository/UE4_Portfolio2_SL/UE4_Portfolio2_SL/Saved/Config/Windows/Scalability.ini]
[2022.12.02-19.58.00:786][  0]LogConfig: Setting CVar [[r.PostProcessAAQuality:4]]
[2022.12.02-19.58.00:786][  0]LogConfig: Applying CVar settings from Section [ShadowQuality@3] File [G:/Git_Horizontally Scrolling Shooter Repository/UE4_Portfolio2_SL/UE4_Portfolio2_SL/Saved/Config/Windows/Scalability.ini]
[2022.12.02-19.58.00:786][  0]LogConfig: Setting CVar [[r.LightFunctionQuality:1]]
[2022.12.02-19.58.00:786][  0]LogConfig: Setting CVar [[r.ShadowQuality:5]]
[2022.12.02-19.58.00:786][  0]LogConfig: Setting CVar [[r.Shadow.CSM.MaxCascades:10]]
[2022.12.02-19.58.00:786][  0]LogConfig: Setting CVar [[r.Shadow.MaxResolution:2048]]
[2022.12.02-19.58.00:786][  0]LogConfig: Setting CVar [[r.Shadow.MaxCSMResolution:2048]]
[2022.12.02-19.58.00:786][  0]LogConfig: Setting CVar [[r.Shadow.RadiusThreshold:0.01]]
[2022.12.02-19.58.00:786][  0]LogConfig: Setting CVar [[r.Shadow.DistanceScale:1.0]]
[2022.12.02-19.58.00:786][  0]LogConfig: Setting CVar [[r.Shadow.CSM.TransitionScale:1.0]]
[2022.12.02-19.58.00:786][  0]LogConfig: Setting CVar [[r.Shadow.PreShadowResolutionFactor:1.0]]
[2022.12.02-19.58.00:786][  0]LogConfig: Setting CVar [[r.DistanceFieldShadowing:1]]
[2022.12.02-19.58.00:786][  0]LogConfig: Setting CVar [[r.DistanceFieldAO:1]]
[2022.12.02-19.58.00:786][  0]LogConfig: Setting CVar [[r.AOQuality:2]]
[2022.12.02-19.58.00:786][  0]LogConfig: Setting CVar [[r.VolumetricFog:1]]
[2022.12.02-19.58.00:786][  0]LogConfig: Setting CVar [[r.VolumetricFog.GridPixelSize:8]]
[2022.12.02-19.58.00:786][  0]LogConfig: Setting CVar [[r.VolumetricFog.GridSizeZ:128]]
[2022.12.02-19.58.00:786][  0]LogConfig: Setting CVar [[r.VolumetricFog.HistoryMissSupersampleCount:4]]
[2022.12.02-19.58.00:786][  0]LogConfig: Setting CVar [[r.LightMaxDrawDistanceScale:1]]
[2022.12.02-19.58.00:786][  0]LogConfig: Setting CVar [[r.CapsuleShadows:1]]
[2022.12.02-19.58.00:786][  0]LogConfig: Applying CVar settings from Section [PostProcessQuality@3] File [G:/Git_Horizontally Scrolling Shooter Repository/UE4_Portfolio2_SL/UE4_Portfolio2_SL/Saved/Config/Windows/Scalability.ini]
[2022.12.02-19.58.00:786][  0]LogConfig: Setting CVar [[r.MotionBlurQuality:4]]
[2022.12.02-19.58.00:786][  0]LogConfig: Setting CVar [[r.AmbientOcclusionMipLevelFactor:0.4]]
[2022.12.02-19.58.00:786][  0]LogConfig: Setting CVar [[r.AmbientOcclusionMaxQuality:100]]
[2022.12.02-19.58.00:786][  0]LogConfig: Setting CVar [[r.AmbientOcclusionLevels:-1]]
[2022.12.02-19.58.00:786][  0]LogConfig: Setting CVar [[r.AmbientOcclusionRadiusScale:1.0]]
[2022.12.02-19.58.00:786][  0]LogConfig: Setting CVar [[r.DepthOfFieldQuality:2]]
[2022.12.02-19.58.00:786][  0]LogConfig: Setting CVar [[r.RenderTargetPoolMin:400]]
[2022.12.02-19.58.00:786][  0]LogConfig: Setting CVar [[r.LensFlareQuality:2]]
[2022.12.02-19.58.00:786][  0]LogConfig: Setting CVar [[r.SceneColorFringeQuality:1]]
[2022.12.02-19.58.00:786][  0]LogConfig: Setting CVar [[r.EyeAdaptationQuality:2]]
[2022.12.02-19.58.00:786][  0]LogConfig: Setting CVar [[r.BloomQuality:5]]
[2022.12.02-19.58.00:786][  0]LogConfig: Setting CVar [[r.FastBlurThreshold:100]]
[2022.12.02-19.58.00:786][  0]LogConfig: Setting CVar [[r.Upscale.Quality:3]]
[2022.12.02-19.58.00:786][  0]LogConfig: Setting CVar [[r.Tonemapper.GrainQuantization:1]]
[2022.12.02-19.58.00:786][  0]LogConfig: Setting CVar [[r.LightShaftQuality:1]]
[2022.12.02-19.58.00:786][  0]LogConfig: Setting CVar [[r.Filter.SizeScale:1]]
[2022.12.02-19.58.00:786][  0]LogConfig: Setting CVar [[r.Tonemapper.Quality:5]]
[2022.12.02-19.58.00:786][  0]LogConfig: Setting CVar [[r.DOF.Gather.AccumulatorQuality:1        ; higher gathering accumulator quality]]
[2022.12.02-19.58.00:786][  0]LogConfig: Setting CVar [[r.DOF.Gather.PostfilterMethod:1          ; Median3x3 postfilering method]]
[2022.12.02-19.58.00:786][  0]LogConfig: Setting CVar [[r.DOF.Gather.EnableBokehSettings:0       ; no bokeh simulation when gathering]]
[2022.12.02-19.58.00:786][  0]LogConfig: Setting CVar [[r.DOF.Gather.RingCount:4                 ; medium number of samples when gathering]]
[2022.12.02-19.58.00:786][  0]LogConfig: Setting CVar [[r.DOF.Scatter.ForegroundCompositing:1    ; additive foreground scattering]]
[2022.12.02-19.58.00:786][  0]LogConfig: Setting CVar [[r.DOF.Scatter.BackgroundCompositing:2    ; additive background scattering]]
[2022.12.02-19.58.00:786][  0]LogConfig: Setting CVar [[r.DOF.Scatter.EnableBokehSettings:1      ; bokeh simulation when scattering]]
[2022.12.02-19.58.00:786][  0]LogConfig: Setting CVar [[r.DOF.Scatter.MaxSpriteRatio:0.1         ; only a maximum of 10% of scattered bokeh]]
[2022.12.02-19.58.00:786][  0]LogConfig: Setting CVar [[r.DOF.Recombine.Quality:1                ; cheap slight out of focus]]
[2022.12.02-19.58.00:786][  0]LogConfig: Setting CVar [[r.DOF.Recombine.EnableBokehSettings:0    ; no bokeh simulation on slight out of focus]]
[2022.12.02-19.58.00:786][  0]LogConfig: Setting CVar [[r.DOF.TemporalAAQuality:1                ; more stable temporal accumulation]]
[2022.12.02-19.58.00:786][  0]LogConfig: Setting CVar [[r.DOF.Kernel.MaxForegroundRadius:0.025]]
[2022.12.02-19.58.00:786][  0]LogConfig: Setting CVar [[r.DOF.Kernel.MaxBackgroundRadius:0.025]]
[2022.12.02-19.58.00:786][  0]LogConfig: Applying CVar settings from Section [TextureQuality@3] File [G:/Git_Horizontally Scrolling Shooter Repository/UE4_Portfolio2_SL/UE4_Portfolio2_SL/Saved/Config/Windows/Scalability.ini]
[2022.12.02-19.58.00:786][  0]LogConfig: Setting CVar [[r.Streaming.MipBias:0]]
[2022.12.02-19.58.00:786][  0]LogConfig: Setting CVar [[r.Streaming.AmortizeCPUToGPUCopy:0]]
[2022.12.02-19.58.00:786][  0]LogConfig: Setting CVar [[r.Streaming.MaxNumTexturesToStreamPerFrame:0]]
[2022.12.02-19.58.00:786][  0]LogConfig: Setting CVar [[r.Streaming.Boost:1]]
[2022.12.02-19.58.00:786][  0]LogConfig: Setting CVar [[r.MaxAnisotropy:8]]
[2022.12.02-19.58.00:786][  0]LogConfig: Setting CVar [[r.VT.MaxAnisotropy:8]]
[2022.12.02-19.58.00:786][  0]LogConfig: Setting CVar [[r.Streaming.LimitPoolSizeToVRAM:0]]
[2022.12.02-19.58.00:786][  0]LogConfig: Setting CVar [[r.Streaming.PoolSize:1000]]
[2022.12.02-19.58.00:786][  0]LogConfig: Setting CVar [[r.Streaming.MaxEffectiveScreenSize:0]]
[2022.12.02-19.58.00:786][  0]LogConfig: Applying CVar settings from Section [EffectsQuality@3] File [G:/Git_Horizontally Scrolling Shooter Repository/UE4_Portfolio2_SL/UE4_Portfolio2_SL/Saved/Config/Windows/Scalability.ini]
[2022.12.02-19.58.00:786][  0]LogConfig: Setting CVar [[r.TranslucencyLightingVolumeDim:64]]
[2022.12.02-19.58.00:787][  0]LogConfig: Setting CVar [[r.RefractionQuality:2]]
[2022.12.02-19.58.00:787][  0]LogConfig: Setting CVar [[r.SSR.Quality:3]]
[2022.12.02-19.58.00:787][  0]LogConfig: Setting CVar [[r.SSR.HalfResSceneColor:0]]
[2022.12.02-19.58.00:787][  0]LogConfig: Setting CVar [[r.SceneColorFormat:4]]
[2022.12.02-19.58.00:787][  0]LogConfig: Setting CVar [[r.DetailMode:2]]
[2022.12.02-19.58.00:787][  0]LogConfig: Setting CVar [[r.TranslucencyVolumeBlur:1]]
[2022.12.02-19.58.00:787][  0]LogConfig: Setting CVar [[r.MaterialQualityLevel:1 ; High quality]]
[2022.12.02-19.58.00:787][  0]LogConfig: Setting CVar [[r.AnisotropicMaterials:1]]
[2022.12.02-19.58.00:787][  0]LogConfig: Setting CVar [[r.SSS.Scale:1]]
[2022.12.02-19.58.00:787][  0]LogConfig: Setting CVar [[r.SSS.SampleSet:2]]
[2022.12.02-19.58.00:787][  0]LogConfig: Setting CVar [[r.SSS.Quality:1]]
[2022.12.02-19.58.00:787][  0]LogConfig: Setting CVar [[r.SSS.HalfRes:0]]
[2022.12.02-19.58.00:787][  0]LogConfig: Setting CVar [[r.SSGI.Quality:3]]
[2022.12.02-19.58.00:787][  0]LogConfig: Setting CVar [[r.EmitterSpawnRateScale:1.0]]
[2022.12.02-19.58.00:787][  0]LogConfig: Setting CVar [[r.ParticleLightQuality:2]]
[2022.12.02-19.58.00:787][  0]LogConfig: Setting CVar [[r.SkyAtmosphere.AerialPerspectiveLUT.FastApplyOnOpaque:1 ; Always have FastSkyLUT 1 in this case to avoid wrong sky]]
[2022.12.02-19.58.00:787][  0]LogConfig: Setting CVar [[r.SkyAtmosphere.AerialPerspectiveLUT.SampleCountMaxPerSlice:4]]
[2022.12.02-19.58.00:787][  0]LogConfig: Setting CVar [[r.SkyAtmosphere.AerialPerspectiveLUT.DepthResolution:16.0]]
[2022.12.02-19.58.00:787][  0]LogConfig: Setting CVar [[r.SkyAtmosphere.FastSkyLUT:1]]
[2022.12.02-19.58.00:787][  0]LogConfig: Setting CVar [[r.SkyAtmosphere.FastSkyLUT.SampleCountMin:4.0]]
[2022.12.02-19.58.00:787][  0]LogConfig: Setting CVar [[r.SkyAtmosphere.FastSkyLUT.SampleCountMax:128.0]]
[2022.12.02-19.58.00:787][  0]LogConfig: Setting CVar [[r.SkyAtmosphere.SampleCountMin:4.0]]
[2022.12.02-19.58.00:787][  0]LogConfig: Setting CVar [[r.SkyAtmosphere.SampleCountMax:128.0]]
[2022.12.02-19.58.00:787][  0]LogConfig: Setting CVar [[r.SkyAtmosphere.TransmittanceLUT.UseSmallFormat:0]]
[2022.12.02-19.58.00:787][  0]LogConfig: Setting CVar [[r.SkyAtmosphere.TransmittanceLUT.SampleCount:10.0]]
[2022.12.02-19.58.00:787][  0]LogConfig: Setting CVar [[r.SkyAtmosphere.MultiScatteringLUT.SampleCount:15.0]]
[2022.12.02-19.58.00:787][  0]LogConfig: Setting CVar [[r.SkyLight.RealTimeReflectionCapture:1]]
[2022.12.02-19.58.00:787][  0]LogConfig: Applying CVar settings from Section [FoliageQuality@3] File [G:/Git_Horizontally Scrolling Shooter Repository/UE4_Portfolio2_SL/UE4_Portfolio2_SL/Saved/Config/Windows/Scalability.ini]
[2022.12.02-19.58.00:787][  0]LogConfig: Setting CVar [[foliage.DensityScale:1.0]]
[2022.12.02-19.58.00:787][  0]LogConfig: Setting CVar [[grass.DensityScale:1.0]]
[2022.12.02-19.58.00:787][  0]LogConfig: Applying CVar settings from Section [ShadingQuality@3] File [G:/Git_Horizontally Scrolling Shooter Repository/UE4_Portfolio2_SL/UE4_Portfolio2_SL/Saved/Config/Windows/Scalability.ini]
[2022.12.02-19.58.00:787][  0]LogConfig: Setting CVar [[r.HairStrands.SkyLighting.IntegrationType:2]]
[2022.12.02-19.58.00:787][  0]LogConfig: Setting CVar [[r.HairStrands.SkyAO.SampleCount:4]]
[2022.12.02-19.58.00:787][  0]LogConfig: Setting CVar [[r.HairStrands.Visibility.MSAA.SamplePerPixel:4]]
[2022.12.02-19.58.00:787][  0]LogInit: Selected Device Profile: [Windows]
[2022.12.02-19.58.00:787][  0]LogInit: Applying CVar settings loaded from the selected device profile: [Windows]
[2022.12.02-19.58.00:787][  0]LogHAL: Display: Platform has ~ 64 GB [68629602304 / 68719476736 / 64], which maps to Largest [LargestMinGB=32, LargerMinGB=12, DefaultMinGB=8, SmallerMinGB=6, SmallestMinGB=0)
[2022.12.02-19.58.00:787][  0]LogInit: Going up to parent DeviceProfile []
[2022.12.02-19.58.00:787][  0]LogConfig: Applying CVar settings from Section [ViewDistanceQuality@3] File [G:/Git_Horizontally Scrolling Shooter Repository/UE4_Portfolio2_SL/UE4_Portfolio2_SL/Saved/Config/Windows/Scalability.ini]
[2022.12.02-19.58.00:787][  0]LogConfig: Setting CVar [[r.SkeletalMeshLODBias:0]]
[2022.12.02-19.58.00:787][  0]LogConfig: Setting CVar [[r.ViewDistanceScale:1.0]]
[2022.12.02-19.58.00:787][  0]LogConfig: Applying CVar settings from Section [AntiAliasingQuality@3] File [G:/Git_Horizontally Scrolling Shooter Repository/UE4_Portfolio2_SL/UE4_Portfolio2_SL/Saved/Config/Windows/Scalability.ini]
[2022.12.02-19.58.00:787][  0]LogConfig: Setting CVar [[r.PostProcessAAQuality:4]]
[2022.12.02-19.58.00:787][  0]LogConfig: Applying CVar settings from Section [ShadowQuality@3] File [G:/Git_Horizontally Scrolling Shooter Repository/UE4_Portfolio2_SL/UE4_Portfolio2_SL/Saved/Config/Windows/Scalability.ini]
[2022.12.02-19.58.00:787][  0]LogConfig: Setting CVar [[r.LightFunctionQuality:1]]
[2022.12.02-19.58.00:787][  0]LogConfig: Setting CVar [[r.ShadowQuality:5]]
[2022.12.02-19.58.00:787][  0]LogConfig: Setting CVar [[r.Shadow.CSM.MaxCascades:10]]
[2022.12.02-19.58.00:787][  0]LogConfig: Setting CVar [[r.Shadow.MaxResolution:2048]]
[2022.12.02-19.58.00:787][  0]LogConfig: Setting CVar [[r.Shadow.MaxCSMResolution:2048]]
[2022.12.02-19.58.00:787][  0]LogConfig: Setting CVar [[r.Shadow.RadiusThreshold:0.01]]
[2022.12.02-19.58.00:787][  0]LogConfig: Setting CVar [[r.Shadow.DistanceScale:1.0]]
[2022.12.02-19.58.00:787][  0]LogConfig: Setting CVar [[r.Shadow.CSM.TransitionScale:1.0]]
[2022.12.02-19.58.00:787][  0]LogConfig: Setting CVar [[r.Shadow.PreShadowResolutionFactor:1.0]]
[2022.12.02-19.58.00:787][  0]LogConfig: Setting CVar [[r.DistanceFieldShadowing:1]]
[2022.12.02-19.58.00:787][  0]LogConfig: Setting CVar [[r.DistanceFieldAO:1]]
[2022.12.02-19.58.00:787][  0]LogConfig: Setting CVar [[r.AOQuality:2]]
[2022.12.02-19.58.00:787][  0]LogConfig: Setting CVar [[r.VolumetricFog:1]]
[2022.12.02-19.58.00:787][  0]LogConfig: Setting CVar [[r.VolumetricFog.GridPixelSize:8]]
[2022.12.02-19.58.00:787][  0]LogConfig: Setting CVar [[r.VolumetricFog.GridSizeZ:128]]
[2022.12.02-19.58.00:787][  0]LogConfig: Setting CVar [[r.VolumetricFog.HistoryMissSupersampleCount:4]]
[2022.12.02-19.58.00:787][  0]LogConfig: Setting CVar [[r.LightMaxDrawDistanceScale:1]]
[2022.12.02-19.58.00:787][  0]LogConfig: Setting CVar [[r.CapsuleShadows:1]]
[2022.12.02-19.58.00:787][  0]LogConfig: Applying CVar settings from Section [PostProcessQuality@3] File [G:/Git_Horizontally Scrolling Shooter Repository/UE4_Portfolio2_SL/UE4_Portfolio2_SL/Saved/Config/Windows/Scalability.ini]
[2022.12.02-19.58.00:787][  0]LogConfig: Setting CVar [[r.MotionBlurQuality:4]]
[2022.12.02-19.58.00:787][  0]LogConfig: Setting CVar [[r.AmbientOcclusionMipLevelFactor:0.4]]
[2022.12.02-19.58.00:787][  0]LogConfig: Setting CVar [[r.AmbientOcclusionMaxQuality:100]]
[2022.12.02-19.58.00:787][  0]LogConfig: Setting CVar [[r.AmbientOcclusionLevels:-1]]
[2022.12.02-19.58.00:787][  0]LogConfig: Setting CVar [[r.AmbientOcclusionRadiusScale:1.0]]
[2022.12.02-19.58.00:787][  0]LogConfig: Setting CVar [[r.DepthOfFieldQuality:2]]
[2022.12.02-19.58.00:787][  0]LogConfig: Setting CVar [[r.RenderTargetPoolMin:400]]
[2022.12.02-19.58.00:787][  0]LogConfig: Setting CVar [[r.LensFlareQuality:2]]
[2022.12.02-19.58.00:787][  0]LogConfig: Setting CVar [[r.SceneColorFringeQuality:1]]
[2022.12.02-19.58.00:787][  0]LogConfig: Setting CVar [[r.EyeAdaptationQuality:2]]
[2022.12.02-19.58.00:787][  0]LogConfig: Setting CVar [[r.BloomQuality:5]]
[2022.12.02-19.58.00:787][  0]LogConfig: Setting CVar [[r.FastBlurThreshold:100]]
[2022.12.02-19.58.00:787][  0]LogConfig: Setting CVar [[r.Upscale.Quality:3]]
[2022.12.02-19.58.00:787][  0]LogConfig: Setting CVar [[r.Tonemapper.GrainQuantization:1]]
[2022.12.02-19.58.00:787][  0]LogConfig: Setting CVar [[r.LightShaftQuality:1]]
[2022.12.02-19.58.00:787][  0]LogConfig: Setting CVar [[r.Filter.SizeScale:1]]
[2022.12.02-19.58.00:787][  0]LogConfig: Setting CVar [[r.Tonemapper.Quality:5]]
[2022.12.02-19.58.00:787][  0]LogConfig: Setting CVar [[r.DOF.Gather.AccumulatorQuality:1        ; higher gathering accumulator quality]]
[2022.12.02-19.58.00:787][  0]LogConfig: Setting CVar [[r.DOF.Gather.PostfilterMethod:1          ; Median3x3 postfilering method]]
[2022.12.02-19.58.00:787][  0]LogConfig: Setting CVar [[r.DOF.Gather.EnableBokehSettings:0       ; no bokeh simulation when gathering]]
[2022.12.02-19.58.00:787][  0]LogConfig: Setting CVar [[r.DOF.Gather.RingCount:4                 ; medium number of samples when gathering]]
[2022.12.02-19.58.00:787][  0]LogConfig: Setting CVar [[r.DOF.Scatter.ForegroundCompositing:1    ; additive foreground scattering]]
[2022.12.02-19.58.00:787][  0]LogConfig: Setting CVar [[r.DOF.Scatter.BackgroundCompositing:2    ; additive background scattering]]
[2022.12.02-19.58.00:787][  0]LogConfig: Setting CVar [[r.DOF.Scatter.EnableBokehSettings:1      ; bokeh simulation when scattering]]
[2022.12.02-19.58.00:787][  0]LogConfig: Setting CVar [[r.DOF.Scatter.MaxSpriteRatio:0.1         ; only a maximum of 10% of scattered bokeh]]
[2022.12.02-19.58.00:787][  0]LogConfig: Setting CVar [[r.DOF.Recombine.Quality:1                ; cheap slight out of focus]]
[2022.12.02-19.58.00:787][  0]LogConfig: Setting CVar [[r.DOF.Recombine.EnableBokehSettings:0    ; no bokeh simulation on slight out of focus]]
[2022.12.02-19.58.00:787][  0]LogConfig: Setting CVar [[r.DOF.TemporalAAQuality:1                ; more stable temporal accumulation]]
[2022.12.02-19.58.00:787][  0]LogConfig: Setting CVar [[r.DOF.Kernel.MaxForegroundRadius:0.025]]
[2022.12.02-19.58.00:787][  0]LogConfig: Setting CVar [[r.DOF.Kernel.MaxBackgroundRadius:0.025]]
[2022.12.02-19.58.00:787][  0]LogConfig: Applying CVar settings from Section [TextureQuality@3] File [G:/Git_Horizontally Scrolling Shooter Repository/UE4_Portfolio2_SL/UE4_Portfolio2_SL/Saved/Config/Windows/Scalability.ini]
[2022.12.02-19.58.00:787][  0]LogConfig: Setting CVar [[r.Streaming.MipBias:0]]
[2022.12.02-19.58.00:787][  0]LogConfig: Setting CVar [[r.Streaming.AmortizeCPUToGPUCopy:0]]
[2022.12.02-19.58.00:787][  0]LogConfig: Setting CVar [[r.Streaming.MaxNumTexturesToStreamPerFrame:0]]
[2022.12.02-19.58.00:787][  0]LogConfig: Setting CVar [[r.Streaming.Boost:1]]
[2022.12.02-19.58.00:787][  0]LogConfig: Setting CVar [[r.MaxAnisotropy:8]]
[2022.12.02-19.58.00:787][  0]LogConfig: Setting CVar [[r.VT.MaxAnisotropy:8]]
[2022.12.02-19.58.00:787][  0]LogConfig: Setting CVar [[r.Streaming.LimitPoolSizeToVRAM:0]]
[2022.12.02-19.58.00:787][  0]LogConfig: Setting CVar [[r.Streaming.PoolSize:1000]]
[2022.12.02-19.58.00:787][  0]LogConfig: Setting CVar [[r.Streaming.MaxEffectiveScreenSize:0]]
[2022.12.02-19.58.00:787][  0]LogConfig: Applying CVar settings from Section [EffectsQuality@3] File [G:/Git_Horizontally Scrolling Shooter Repository/UE4_Portfolio2_SL/UE4_Portfolio2_SL/Saved/Config/Windows/Scalability.ini]
[2022.12.02-19.58.00:787][  0]LogConfig: Setting CVar [[r.TranslucencyLightingVolumeDim:64]]
[2022.12.02-19.58.00:787][  0]LogConfig: Setting CVar [[r.RefractionQuality:2]]
[2022.12.02-19.58.00:787][  0]LogConfig: Setting CVar [[r.SSR.Quality:3]]
[2022.12.02-19.58.00:787][  0]LogConfig: Setting CVar [[r.SSR.HalfResSceneColor:0]]
[2022.12.02-19.58.00:787][  0]LogConfig: Setting CVar [[r.SceneColorFormat:4]]
[2022.12.02-19.58.00:787][  0]LogConfig: Setting CVar [[r.DetailMode:2]]
[2022.12.02-19.58.00:787][  0]LogConfig: Setting CVar [[r.TranslucencyVolumeBlur:1]]
[2022.12.02-19.58.00:787][  0]LogConfig: Setting CVar [[r.MaterialQualityLevel:1 ; High quality]]
[2022.12.02-19.58.00:787][  0]LogConfig: Setting CVar [[r.AnisotropicMaterials:1]]
[2022.12.02-19.58.00:787][  0]LogConfig: Setting CVar [[r.SSS.Scale:1]]
[2022.12.02-19.58.00:787][  0]LogConfig: Setting CVar [[r.SSS.SampleSet:2]]
[2022.12.02-19.58.00:787][  0]LogConfig: Setting CVar [[r.SSS.Quality:1]]
[2022.12.02-19.58.00:787][  0]LogConfig: Setting CVar [[r.SSS.HalfRes:0]]
[2022.12.02-19.58.00:787][  0]LogConfig: Setting CVar [[r.SSGI.Quality:3]]
[2022.12.02-19.58.00:787][  0]LogConfig: Setting CVar [[r.EmitterSpawnRateScale:1.0]]
[2022.12.02-19.58.00:787][  0]LogConfig: Setting CVar [[r.ParticleLightQuality:2]]
[2022.12.02-19.58.00:787][  0]LogConfig: Setting CVar [[r.SkyAtmosphere.AerialPerspectiveLUT.FastApplyOnOpaque:1 ; Always have FastSkyLUT 1 in this case to avoid wrong sky]]
[2022.12.02-19.58.00:787][  0]LogConfig: Setting CVar [[r.SkyAtmosphere.AerialPerspectiveLUT.SampleCountMaxPerSlice:4]]
[2022.12.02-19.58.00:787][  0]LogConfig: Setting CVar [[r.SkyAtmosphere.AerialPerspectiveLUT.DepthResolution:16.0]]
[2022.12.02-19.58.00:787][  0]LogConfig: Setting CVar [[r.SkyAtmosphere.FastSkyLUT:1]]
[2022.12.02-19.58.00:787][  0]LogConfig: Setting CVar [[r.SkyAtmosphere.FastSkyLUT.SampleCountMin:4.0]]
[2022.12.02-19.58.00:787][  0]LogConfig: Setting CVar [[r.SkyAtmosphere.FastSkyLUT.SampleCountMax:128.0]]
[2022.12.02-19.58.00:787][  0]LogConfig: Setting CVar [[r.SkyAtmosphere.SampleCountMin:4.0]]
[2022.12.02-19.58.00:787][  0]LogConfig: Setting CVar [[r.SkyAtmosphere.SampleCountMax:128.0]]
[2022.12.02-19.58.00:787][  0]LogConfig: Setting CVar [[r.SkyAtmosphere.TransmittanceLUT.UseSmallFormat:0]]
[2022.12.02-19.58.00:787][  0]LogConfig: Setting CVar [[r.SkyAtmosphere.TransmittanceLUT.SampleCount:10.0]]
[2022.12.02-19.58.00:787][  0]LogConfig: Setting CVar [[r.SkyAtmosphere.MultiScatteringLUT.SampleCount:15.0]]
[2022.12.02-19.58.00:787][  0]LogConfig: Setting CVar [[r.SkyLight.RealTimeReflectionCapture:1]]
[2022.12.02-19.58.00:787][  0]LogConfig: Applying CVar settings from Section [FoliageQuality@3] File [G:/Git_Horizontally Scrolling Shooter Repository/UE4_Portfolio2_SL/UE4_Portfolio2_SL/Saved/Config/Windows/Scalability.ini]
[2022.12.02-19.58.00:787][  0]LogConfig: Setting CVar [[foliage.DensityScale:1.0]]
[2022.12.02-19.58.00:787][  0]LogConfig: Setting CVar [[grass.DensityScale:1.0]]
[2022.12.02-19.58.00:788][  0]LogConfig: Applying CVar settings from Section [ShadingQuality@3] File [G:/Git_Horizontally Scrolling Shooter Repository/UE4_Portfolio2_SL/UE4_Portfolio2_SL/Saved/Config/Windows/Scalability.ini]
[2022.12.02-19.58.00:788][  0]LogConfig: Setting CVar [[r.HairStrands.SkyLighting.IntegrationType:2]]
[2022.12.02-19.58.00:788][  0]LogConfig: Setting CVar [[r.HairStrands.SkyAO.SampleCount:4]]
[2022.12.02-19.58.00:788][  0]LogConfig: Setting CVar [[r.HairStrands.Visibility.MSAA.SamplePerPixel:4]]
[2022.12.02-19.58.00:788][  0]LogConfig: Applying CVar settings from Section [Startup] File [../../../Engine/Config/ConsoleVariables.ini]
[2022.12.02-19.58.00:788][  0]LogConfig: Setting CVar [[net.UseAdaptiveNetUpdateFrequency:0]]
[2022.12.02-19.58.00:788][  0]LogConfig: Setting CVar [[p.chaos.AllowCreatePhysxBodies:1]]
[2022.12.02-19.58.00:788][  0]LogConfig: Setting CVar [[fx.SkipVectorVMBackendOptimizations:1]]
[2022.12.02-19.58.00:788][  0]LogConfig: Applying CVar settings from Section [ConsoleVariables] File [G:/Git_Horizontally Scrolling Shooter Repository/UE4_Portfolio2_SL/UE4_Portfolio2_SL/Saved/Config/Windows/Engine.ini]
[2022.12.02-19.58.00:788][  0]LogConfig: Applying CVar settings from Section [ConsoleVariables] File [G:/Git_Horizontally Scrolling Shooter Repository/UE4_Portfolio2_SL/UE4_Portfolio2_SL/Saved/Config/Windows/Editor.ini]
[2022.12.02-19.58.00:788][  0]LogInit: Computer: DESKTOP-37S8SED
[2022.12.02-19.58.00:788][  0]LogInit: User: decja
[2022.12.02-19.58.00:788][  0]LogInit: CPU Page size=4096, Cores=12
[2022.12.02-19.58.00:788][  0]LogInit: High frequency timer resolution =10.000000 MHz
[2022.12.02-19.58.00:788][  0]LogMemory: Memory total: Physical=63.9GB (64GB approx)
[2022.12.02-19.58.00:788][  0]LogMemory: Platform Memory Stats for Windows
[2022.12.02-19.58.00:788][  0]LogMemory: Process Physical Memory: 150.27 MB used, 150.27 MB peak
[2022.12.02-19.58.00:788][  0]LogMemory: Process Virtual Memory: 132.36 MB used, 132.36 MB peak
[2022.12.02-19.58.00:788][  0]LogMemory: Physical Memory: 8713.24 MB used,  56737.05 MB free, 65450.29 MB total
[2022.12.02-19.58.00:788][  0]LogMemory: Virtual Memory: 134154872.00 MB used,  62852.08 MB free, 134217728.00 MB total
[2022.12.02-19.58.00:794][  0]LogWindows: WindowsPlatformFeatures enabled
[2022.12.02-19.58.00:817][  0]LogInit: Physics initialised using underlying interface: PhysX
[2022.12.02-19.58.00:818][  0]LogInit: Using OS detected language (ko-KR).
[2022.12.02-19.58.00:818][  0]LogInit: Using OS detected locale (ko-KR).
[2022.12.02-19.58.00:820][  0]LogTextLocalizationManager: No specific localization for 'ko-KR' exists, so the 'ko' localization will be used.
[2022.12.02-19.58.00:894][  0]LogInit: Setting process to per monitor DPI aware
[2022.12.02-19.58.00:911][  0]LogWindowsTextInputMethodSystem: Display: IME system deactivated.
[2022.12.02-19.58.00:920][  0]LogSlate: New Slate User Created.  User Index 0, Is Virtual User: 0
[2022.12.02-19.58.00:920][  0]LogSlate: Slate User Registered.  User Index 0, Is Virtual User: 0
[2022.12.02-19.58.01:102][  0]LogD3D11RHI: Loaded GFSDK_Aftermath_Lib.x64.dll
[2022.12.02-19.58.01:104][  0]LogHMD: Failed to initialize OpenVR with code 110
[2022.12.02-19.58.01:104][  0]LogD3D11RHI: D3D11 min allowed feature level: 11_0
[2022.12.02-19.58.01:104][  0]LogD3D11RHI: D3D11 max allowed feature level: 11_0
[2022.12.02-19.58.01:104][  0]LogD3D11RHI: D3D11 adapters:
[2022.12.02-19.58.01:142][  0]LogD3D11RHI:    0. 'AMD Radeon RX 6600 XT' (Feature Level 11_0)
[2022.12.02-19.58.01:142][  0]LogD3D11RHI:       8147/0/32725 MB DedicatedVideo/DedicatedSystem/SharedSystem, Outputs:2, VendorId:0x1002
[2022.12.02-19.58.01:144][  0]LogD3D11RHI:    1. 'Microsoft Basic Render Driver' (Feature Level 11_0)
[2022.12.02-19.58.01:144][  0]LogD3D11RHI:       0/0/32725 MB DedicatedVideo/DedicatedSystem/SharedSystem, Outputs:0, VendorId:0x1414
[2022.12.02-19.58.01:144][  0]LogD3D11RHI: Chosen D3D11 Adapter:
[2022.12.02-19.58.01:144][  0]LogD3D11RHI:     Description : AMD Radeon RX 6600 XT
[2022.12.02-19.58.01:144][  0]LogD3D11RHI:     VendorId    : 1002
[2022.12.02-19.58.01:144][  0]LogD3D11RHI:     DeviceId    : 73ff
[2022.12.02-19.58.01:144][  0]LogD3D11RHI:     SubSysId    : e4481da2
[2022.12.02-19.58.01:144][  0]LogD3D11RHI:     Revision    : 00c1
[2022.12.02-19.58.01:144][  0]LogD3D11RHI:     DedicatedVideoMemory : 8542978048 bytes
[2022.12.02-19.58.01:144][  0]LogD3D11RHI:     DedicatedSystemMemory : 0 bytes
[2022.12.02-19.58.01:144][  0]LogD3D11RHI:     SharedSystemMemory : 34314801152 bytes
[2022.12.02-19.58.01:144][  0]LogD3D11RHI:     AdapterLuid : 0 66625
[2022.12.02-19.58.01:149][  0]LogD3D11RHI: Creating new Direct3DDevice
[2022.12.02-19.58.01:149][  0]LogD3D11RHI:     GPU DeviceId: 0x73ff (for the marketing name, search the web for "GPU Device Id")
[2022.12.02-19.58.01:149][  0]LogWindows: EnumDisplayDevices:
[2022.12.02-19.58.01:150][  0]LogWindows:    0. 'AMD Radeon RX 6600 XT' (P:0 D:1)
[2022.12.02-19.58.01:150][  0]LogWindows:    1. 'AMD Radeon RX 6600 XT' (P:1 D:1)
[2022.12.02-19.58.01:150][  0]LogWindows:    2. 'AMD Radeon RX 6600 XT' (P:0 D:0)
[2022.12.02-19.58.01:150][  0]LogWindows:    3. 'AMD Radeon RX 6600 XT' (P:0 D:0)
[2022.12.02-19.58.01:150][  0]LogWindows:    4. 'AMD Radeon RX 6600 XT' (P:0 D:0)
[2022.12.02-19.58.01:150][  0]LogWindows:    5. 'AMD Radeon RX 6600 XT' (P:0 D:0)
[2022.12.02-19.58.01:151][  0]LogWindows: DebugString: FoundDriverCount:6 
[2022.12.02-19.58.01:151][  0]LogD3D11RHI:     Adapter Name: AMD Radeon RX 6600 XT
[2022.12.02-19.58.01:151][  0]LogD3D11RHI:   Driver Version: AMD Software: Adrenalin Edition 22.5.1 (internal:30.0.15021.11005, unified:30.0.15021.11005)
[2022.12.02-19.58.01:151][  0]LogD3D11RHI:      Driver Date: 4-28-2022
[2022.12.02-19.58.01:151][  0]LogRHI: Texture pool is 5165 MB (70% of 7379 MB)
[2022.12.02-19.58.01:173][  0]LogD3D11RHI: Creating D3DDevice with AMD AGS, using adapter:
[2022.12.02-19.58.01:173][  0]LogD3D11RHI:     Description : AMD Radeon RX 6600 XT
[2022.12.02-19.58.01:173][  0]LogD3D11RHI:     VendorId    : 1002
[2022.12.02-19.58.01:173][  0]LogD3D11RHI:     DeviceId    : 73ff
[2022.12.02-19.58.01:173][  0]LogD3D11RHI:     SubSysId    : e4481da2
[2022.12.02-19.58.01:173][  0]LogD3D11RHI:     Revision    : 00c1
[2022.12.02-19.58.01:173][  0]LogD3D11RHI:     DedicatedVideoMemory : 8542978048 bytes
[2022.12.02-19.58.01:173][  0]LogD3D11RHI:     DedicatedSystemMemory : 0 bytes
[2022.12.02-19.58.01:173][  0]LogD3D11RHI:     SharedSystemMemory : 34314801152 bytes
[2022.12.02-19.58.01:173][  0]LogD3D11RHI:     AdapterLuid : 0 66625
[2022.12.02-19.58.01:208][  0]LogD3D11RHI: Created device via AGS, feature level 11_0, supported extensions 1fffffbf.
[2022.12.02-19.58.01:208][  0]LogD3D11RHI: RHI has support for 64 bit atomics
[2022.12.02-19.58.01:208][  0]LogD3D11RHI: Async texture creation enabled
[2022.12.02-19.58.01:208][  0]LogD3D11RHI: Array index from any shader is supported
[2022.12.02-19.58.01:223][  0]LogD3D11RHI: GPU Timing Frequency: 100.000000 (Debug: 2 1)
[2022.12.02-19.58.01:461][  0]LogTargetPlatformManager: Display: Loaded TargetPlatform 'AllDesktop'
[2022.12.02-19.58.01:477][  0]LogTargetPlatformManager: Display: Loaded TargetPlatform 'Android'
[2022.12.02-19.58.01:477][  0]LogTargetPlatformManager: Display: Loaded TargetPlatform 'Android_ASTC'
[2022.12.02-19.58.01:477][  0]LogTargetPlatformManager: Display: Loaded TargetPlatform 'Android_DXT'
[2022.12.02-19.58.01:477][  0]LogTargetPlatformManager: Display: Loaded TargetPlatform 'Android_ETC2'
[2022.12.02-19.58.01:477][  0]LogTargetPlatformManager: Display: Loaded TargetPlatform 'AndroidClient'
[2022.12.02-19.58.01:477][  0]LogTargetPlatformManager: Display: Loaded TargetPlatform 'Android_ASTCClient'
[2022.12.02-19.58.01:477][  0]LogTargetPlatformManager: Display: Loaded TargetPlatform 'Android_DXTClient'
[2022.12.02-19.58.01:477][  0]LogTargetPlatformManager: Display: Loaded TargetPlatform 'Android_ETC2Client'
[2022.12.02-19.58.01:477][  0]LogTargetPlatformManager: Display: Loaded TargetPlatform 'Android_Multi'
[2022.12.02-19.58.01:477][  0]LogTargetPlatformManager: Display: Loaded TargetPlatform 'Android_MultiClient'
[2022.12.02-19.58.01:491][  0]LogTargetPlatformManager: Display: Loaded TargetPlatform 'IOSClient'
[2022.12.02-19.58.01:491][  0]LogTargetPlatformManager: Display: Loaded TargetPlatform 'IOS'
[2022.12.02-19.58.01:498][  0]LogTargetPlatformManager: Display: Loaded TargetPlatform 'Linux'
[2022.12.02-19.58.01:502][  0]LogTargetPlatformManager: Display: Loaded TargetPlatform 'LinuxNoEditor'
[2022.12.02-19.58.01:506][  0]LogTargetPlatformManager: Display: Loaded TargetPlatform 'LinuxClient'
[2022.12.02-19.58.01:509][  0]LogTargetPlatformManager: Display: Loaded TargetPlatform 'LinuxServer'
[2022.12.02-19.58.01:516][  0]LogTargetPlatformManager: Display: Loaded TargetPlatform 'LinuxAArch64NoEditor'
[2022.12.02-19.58.01:520][  0]LogTargetPlatformManager: Display: Loaded TargetPlatform 'LinuxAArch64Client'
[2022.12.02-19.58.01:523][  0]LogTargetPlatformManager: Display: Loaded TargetPlatform 'LinuxAArch64Server'
[2022.12.02-19.58.01:539][  0]LogTargetPlatformManager: Display: Loaded TargetPlatform 'Lumin'
[2022.12.02-19.58.01:539][  0]LogTargetPlatformManager: Display: Loaded TargetPlatform 'LuminClient'
[2022.12.02-19.58.01:545][  0]LogTargetPlatformManager: Display: Loaded TargetPlatform 'MacNoEditor'
[2022.12.02-19.58.01:549][  0]LogTargetPlatformManager: Display: Loaded TargetPlatform 'Mac'
[2022.12.02-19.58.01:552][  0]LogTargetPlatformManager: Display: Loaded TargetPlatform 'MacClient'
[2022.12.02-19.58.01:556][  0]LogTargetPlatformManager: Display: Loaded TargetPlatform 'MacServer'
[2022.12.02-19.58.01:563][  0]LogTargetPlatformManager: Display: Loaded TargetPlatform 'TVOSClient'
[2022.12.02-19.58.01:563][  0]LogTargetPlatformManager: Display: Loaded TargetPlatform 'TVOS'
[2022.12.02-19.58.01:570][  0]LogTargetPlatformManager: Display: Loaded TargetPlatform 'WindowsNoEditor'
[2022.12.02-19.58.01:573][  0]LogTargetPlatformManager: Display: Loaded TargetPlatform 'Windows'
[2022.12.02-19.58.01:577][  0]LogTargetPlatformManager: Display: Loaded TargetPlatform 'WindowsClient'
[2022.12.02-19.58.01:581][  0]LogTargetPlatformManager: Display: Loaded TargetPlatform 'WindowsServer'
[2022.12.02-19.58.01:581][  0]LogTargetPlatformManager: Display: Building Assets For Windows
[2022.12.02-19.58.01:588][  0]LogAudioDebug: Display: Lib vorbis DLL was dynamically loaded.
[2022.12.02-19.58.01:614][  0]LogTextureFormatOodle: Display: Oodle Texture 2.9.0 init RDO Off
[2022.12.02-19.58.01:643][  0]LogRendererCore: Ray tracing is disabled. Reason: r.RayTracing=0.
[2022.12.02-19.58.01:643][  0]LogShaderCompilers: Guid format shader working directory is -50 characters bigger than the processId version (../../../../../Git_Horizontally Scrolling Shooter Repository/UE4_Portfolio2_SL/UE4_Portfolio2_SL/Intermediate/Shaders/WorkingDirectory/1404/).
[2022.12.02-19.58.01:643][  0]LogShaderCompilers: Cleaned the shader compiler working directory 'C:/Users/decja/AppData/Local/Temp/UnrealShaderWorkingDir/B0C897754750F1BC9421CA94CBADC010/'.
[2022.12.02-19.58.01:643][  0]LogXGEController: Cannot use XGE Controller as Incredibuild is not installed on this machine.
[2022.12.02-19.58.01:644][  0]LogShaderCompilers: Cannot use XGE Shader Compiler as Incredibuild is not installed on this machine.
[2022.12.02-19.58.01:644][  0]LogShaderCompilers: Display: Using Local Shader Compiler.
[2022.12.02-19.58.02:168][  0]LogDerivedDataCache: Display: Max Cache Size: 512 MB
[2022.12.02-19.58.02:213][  0]LogDerivedDataCache: Loaded boot cache 0.05s 109MB C:/Users/decja/AppData/Local/UnrealEngine/4.27/DerivedDataCache/Boot.ddc.
[2022.12.02-19.58.02:213][  0]LogDerivedDataCache: Display: Loaded Boot cache: C:/Users/decja/AppData/Local/UnrealEngine/4.27/DerivedDataCache/Boot.ddc
[2022.12.02-19.58.02:213][  0]LogDerivedDataCache: FDerivedDataBackendGraph:  Pak pak cache file ../../../../../Git_Horizontally Scrolling Shooter Repository/UE4_Portfolio2_SL/UE4_Portfolio2_SL/DerivedDataCache/DDC.ddp not found, will not use a pak cache.
[2022.12.02-19.58.02:213][  0]LogDerivedDataCache: Unable to find inner node Pak for hierarchical cache Hierarchy.
[2022.12.02-19.58.02:213][  0]LogDerivedDataCache: FDerivedDataBackendGraph:  CompressedPak pak cache file ../../../../../Git_Horizontally Scrolling Shooter Repository/UE4_Portfolio2_SL/UE4_Portfolio2_SL/DerivedDataCache/Compressed.ddp not found, will not use a pak cache.
[2022.12.02-19.58.02:213][  0]LogDerivedDataCache: Unable to find inner node CompressedPak for hierarchical cache Hierarchy.
[2022.12.02-19.58.02:226][  0]LogDerivedDataCache: Display: Pak cache opened for reading ../../../Engine/DerivedDataCache/Compressed.ddp.
[2022.12.02-19.58.02:226][  0]LogDerivedDataCache: FDerivedDataBackendGraph:  EnterprisePak pak cache file ../../../Enterprise/DerivedDataCache/Compressed.ddp not found, will not use a pak cache.
[2022.12.02-19.58.02:226][  0]LogDerivedDataCache: Unable to find inner node EnterprisePak for hierarchical cache Hierarchy.
[2022.12.02-19.58.02:233][  0]LogDerivedDataCache: Speed tests for C:/Users/decja/AppData/Local/UnrealEngine/Common/DerivedDataCache took 0.01 seconds
[2022.12.02-19.58.02:233][  0]LogDerivedDataCache: Display: Performance to C:/Users/decja/AppData/Local/UnrealEngine/Common/DerivedDataCache: Latency=0.08ms. RandomReadSpeed=701.49MBs, RandomWriteSpeed=196.10MBs. Assigned SpeedClass 'Local'
[2022.12.02-19.58.02:234][  0]LogDerivedDataCache: Using Local data cache path C:/Users/decja/AppData/Local/UnrealEngine/Common/DerivedDataCache: Writable
[2022.12.02-19.58.02:234][  0]LogDerivedDataCache: Shared data cache path not found in *engine.ini, will not use an Shared cache.
[2022.12.02-19.58.02:234][  0]LogDerivedDataCache: Unable to find inner node Shared for hierarchical cache Hierarchy.
[2022.12.02-19.58.02:271][  0]LogSlate: Using FreeType 2.10.0
[2022.12.02-19.58.02:272][  0]LogSlate: SlateFontServices - WITH_FREETYPE: 1, WITH_HARFBUZZ: 1
[2022.12.02-19.58.02:300][  0]LogAssetRegistry: FAssetRegistry took 0.0031 seconds to start up
[2022.12.02-19.58.02:520][  0]LogInit: Selected Device Profile: [Windows]
[2022.12.02-19.58.02:520][  0]LogInit: Active device profile: [0000024B50B0BE00][0000024B51779640 49] Windows
[2022.12.02-19.58.02:520][  0]LogInit: Profiles: [0000024B50B0BE00][0000024B51779640 49] Windows, [0000024B50B17E00][0000024B51781900 49] WindowsNoEditor, [0000024B50B08300][0000024B51785BC0 49] WindowsServer, [0000024B50B15A00][0000024B51788300 49] WindowsClient, [0000024B50B0A600][0000024B5178C5C0 49] IOS, [0000024B50B17B00][0000024B51790880 49] iPadAir, [0000024B50B08600][0000024B51794B40 49] iPadAir2, [0000024B50AC8E00][0000024B517A9040 49] IPadPro, [0000024B50AC8F00][0000024B5177D080 49] iPadAir3, [0000024B50B0BA00][0000024B517A1340 49] iPadAir4, [0000024B50AC8700][0000024B5179D600 49] iPadMini2, [0000024B50B08700][0000024B517A58C0 49] iPadMini3, [0000024B50AC9600][0000024B517ADB80 49] iPadMini4, [0000024B50B0B600][0000024B517B02C0 49] iPadMini5, [0000024B50B15200][0000024B517C4800 49] iPhone6, [0000024B50B15300][0000024B517B4840 49] iPodTouch6, [0000024B50ACBB00][0000024B517C8D40 49] iPhone7, [0000024B50ACB700][0000024B517BCD80 49] iPodTouch7, [0000024B50B14F00][0000024B51799000 49] iPhone5S, [0000024B50AC8900][0000024B517B92C0 49] iPhone6Plus, [0000024B50B14300][0000024B517CD580 49] iPhone6S, [0000024B50AC8600][0000024B517D1840 49] iPhone6SPlus, [0000024B50B17D00][0000024B517D5B00 49] iPhone7Plus, [0000024B50AC9100][0000024B517D8240 49] iPhoneSE, [0000024B50B15C00][0000024B517DC500 49] iPhone8, [0000024B50ACAF00][0000024B517FA7C0 49] iPhone8Plus, [0000024B50B17000][0000024B517FEA80 49] iPhoneX, [0000024B50AC9C00][0000024B4CD8AD40 49] iPhoneXS, [0000024B50B15F00][0000024B517C0FC0 49] iPhoneXSMax, [0000024B50AC8C00][0000024B4CE0D240 49] iPhoneXR, [0000024B50B16B00][0000024B4CE19500 49] iPhone11, [0000024B50AC9E00][0000024B4CE397C0 49] iPhone11Pro, [0000024B50B16400][0000024B4CE3DA80 49] iPhone11ProMax, [0000024B50ACB600][0000024B4CE401C0 49] iPhoneSE2, [0000024B50B14D00][0000024B4CE44480 49] iPhone12Mini, [0000024B50AC9B00][0000024B4CE48740 49] iPhone12, [0000024B50B15900][0000024B4CE4CA00 49] iPhone12Pro, [0000024B50AC8400][0000024B4CD5ACC0 49] iPhone12ProMax, [0000024B50B17100][0000024B4CD5EF80 49] iPadPro105, [0000024B50AC8200][0000024B4CE15200 49] iPadPro129, [0000024B50B16C00][0000024B4D599480 49] iPadPro97, [0000024B50AC9000][0000024B4D5A1740 49] iPadPro2_129, [0000024B50B17400][0000024B4D5A5A00 49] iPad5, [0000024B50ACBA00][0000024B4D5DC140 49] iPad6, [0000024B50B14A00][0000024B50150400 49] iPad7, [0000024B50ACA800][0000024B501546C0 49] iPad8, [0000024B50B14100][0000024B5015C980 49] iPadPro11, [0000024B50ACA700][0000024B50160C40 49] iPadPro2_11, [0000024B50B17800][0000024B50168F00 49] iPadPro3_129, [0000024B50ACBD00][0000024B5016D1C0 49] iPadPro4_129, [0000024B50B15800][0000024B4D59D440 49] AppleTV, [0000024B50ACA100][0000024B501796C0 49] AppleTV4K, [0000024B50B15500][0000024B5192D980 49] TVOS, [0000024B50AC8100][0000024B519300C0 49] Mac, [0000024B50B16200][0000024B51934380 49] MacClient, [0000024B50AC8D00][0000024B51938640 49] MacNoEditor, [0000024B50B14B00][0000024B51948900 49] MacServer, [0000024B50ACA200][0000024B51950BC0 49] Linux, [0000024B50B17C00][0000024B51958E80 49] LinuxAArch64, [0000024B50ACAA00][0000024B52D2F140 49] LinuxNoEditor, [0000024B50B14E00][0000024B52D33400 49] LinuxAArch64NoEditor, [0000024B50AC9300][0000024B51929680 49] LinuxClient, [0000024B50B15600][0000024B52D65900 49] LinuxAArch64Client, [0000024B50ACAB00][0000024B53173BC0 49] LinuxServer, [0000024B50B17300][0000024B4CDE2300 49] LinuxAArch64Server, [0000024B50AC8B00][0000024B4CDE65C0 49] Android, [0000024B50B15400][0000024B4CDEA880 49] Android_Low, [0000024B50B7E800][0000024B4CD1EB40 49] Android_Mid, [0000024B50B08A00][0000024B4CD22E00 49] Android_High, [0000024B50B7D700][0000024B4CD270C0 49] Android_Default, [0000024B50B08200][0000024B4CD2B380 49] Android_Adreno4xx, [0000024B50B7C800][0000024B52D61640 49] Android_Adreno5xx_Low, [0000024B50B0A800][0000024B52D6D8C0 49] Android_Adreno5xx, [0000024B50B7C500][0000024B52D5DB40 49] Android_Adreno6xx, [0000024B50B0B100][0000024B4CDFC280 49] Android_Adreno6xx_Vulkan, [0000024B50B7E400][0000024B4CE04540 49] Android_Mali_T6xx, [0000024B50B0B800][0000024B52AB0800 49] Android_Mali_T7xx, [0000024B50B7CE00][0000024B52AB4AC0 49] Android_Mali_T8xx, [0000024B50B09200][0000024B52ABCD80 49] Android_Mali_G71, [0000024B50B7E500][0000024B52AC1040 49] Android_Mali_G72, [0000024B50B0A700][0000024B52AC9300 49] Android_Mali_G72_Vulkan, [0000024B50B7CF00][0000024B52B455C0 49] Android_Mali_G76, [0000024B50B09A00][0000024B52CBF880 49] Android_Mali_G76_Vulkan, [0000024B50B7D000][0000024B4CD2FB00 49] Android_Mali_G77, [0000024B50B0A100][0000024B533C4200 49] Android_Mali_G77_Vulkan, [0000024B50B7E700][0000024B53F444C0 49] Android_Mali_G78, [0000024B50B08C00][0000024B53484780 49] Android_Mali_G78_Vulkan, [0000024B50B16D00][0000024B414F2A40 49] Android_Mali_G710, [0000024B50ACBE00][0000024B53550D00 49] Android_Mali_G710_Vulkan, [0000024B50B15B00][0000024B535D8FC0 49] Android_Vulkan_SM5, [0000024B50AC9D00][0000024B536BD280 49] Android_PowerVR_G6xxx, [0000024B50B7E000][0000024B536C5540 49] Android_PowerVR_GT7xxx, [0000024B50ACB500][0000024B536C9800 49] Android_PowerVR_GE8xxx, [0000024B50B7D300][0000024B536CDAC0 49] Android_PowerVR_GM9xxx, [0000024B50AC9500][0000024B534401C0 49] Android_PowerVR_GM9xxx_Vulkan, [0000024B50B7C600][0000024B536D0440 49] Android_TegraK1, [0000024B50ACB100][0000024B536D8700 49] Android_Unknown_Vulkan, [0000024B50B7C900][0000024B536DC9C0 49] Lumin, [0000024B50AC9800][0000024B536E0C80 49] Lumin_Desktop, [0000024B50B7C100][0000024B536E4F40 49] HoloLens, 
[2022.12.02-19.58.02:616][  0]LogMeshReduction: Using QuadricMeshReduction for automatic static mesh reduction
[2022.12.02-19.58.02:616][  0]LogMeshReduction: Using SimplygonMeshReduction for automatic skeletal mesh reduction
[2022.12.02-19.58.02:616][  0]LogMeshReduction: Using ProxyLODMeshReduction for automatic mesh merging
[2022.12.02-19.58.02:616][  0]LogMeshReduction: No distributed automatic mesh merging module available
[2022.12.02-19.58.02:616][  0]LogMeshMerging: No distributed automatic mesh merging module available
[2022.12.02-19.58.02:631][  0]LogNetVersion: UE4_Portfolio2_SL 1.0.0, NetCL: 17155196, EngineNetVer: 17, GameNetVer: 0 (Checksum: 2867686067)
[2022.12.02-19.58.02:950][  0]LogTexture: Default maximum texture size for cubemaps generated from long-lat sources has been changed from 512 to unlimited. In order to preserve old behaiour for '/Engine/MapTemplates/Sky/DaylightAmbientCubemap.DaylightAmbientCubemap', its maximum texture size has been explicitly set to 512.
[2022.12.02-19.58.02:992][  0]LogHMD: PokeAHoleMaterial loaded successfully
[2022.12.02-19.58.02:997][  0]LogUObjectArray: 17178 objects as part of root set at end of initial load.
[2022.12.02-19.58.02:997][  0]LogUObjectAllocator: 4302048 out of 0 bytes used by permanent object pool.
[2022.12.02-19.58.02:997][  0]LogUObjectArray: CloseDisregardForGC: 0/0 objects in disregard for GC pool
[2022.12.02-19.58.03:228][  0]LogNiagaraDebuggerClient: Niagara Debugger Client Initialized | Session: 62172D1248FAFF288F822593D49F2FEE | Instance: FD853C004853D1781D19A6B76F69CDFF (DESKTOP-37S8SED-1404).
[2022.12.02-19.58.03:319][  0]LogPython: Using Python 3.7.7
[2022.12.02-19.58.03:676][  0]LogTcpMessaging: Initializing TcpMessaging bridge
[2022.12.02-19.58.03:680][  0]LogUdpMessaging: Initializing bridge on interface 0.0.0.0:0 to multicast group 230.0.0.1:6666.
[2022.12.02-19.58.04:195][  0]SourceControl: 소스 컨트롤이 꺼졌습니다.
[2022.12.02-19.58.04:195][  0]SourceControl: 소스 컨트롤이 꺼졌습니다.
[2022.12.02-19.58.04:210][  0]SourceControl: 소스 컨트롤이 꺼졌습니다.
[2022.12.02-19.58.04:212][  0]SourceControl: 소스 컨트롤이 꺼졌습니다.
[2022.12.02-19.58.04:221][  0]SourceControl: 소스 컨트롤이 꺼졌습니다.
[2022.12.02-19.58.04:223][  0]LogUProjectInfo: Found projects:
[2022.12.02-19.58.04:389][  0]LogOpenImageDenoise: OIDN starting up
[2022.12.02-19.58.04:425][  0]LogAndroidPermission: UAndroidPermissionCallbackProxy::GetInstance
[2022.12.02-19.58.04:443][  0]LogAudioCaptureCore: Display: No Audio Capture implementations found. Audio input will be silent.
[2022.12.02-19.58.04:443][  0]LogAudioCaptureCore: Display: No Audio Capture implementations found. Audio input will be silent.
[2022.12.02-19.58.04:538][  0]LogCollectionManager: Loaded 0 collections in 0.000891 seconds
[2022.12.02-19.58.04:558][  0]LogFileCache: Scanning file cache for directory 'G:/Git_Horizontally Scrolling Shooter Repository/UE4_Portfolio2_SL/UE4_Portfolio2_SL/Saved/Collections/' took 0.00s
[2022.12.02-19.58.04:558][  0]LogFileCache: Scanning file cache for directory 'G:/Git_Horizontally Scrolling Shooter Repository/UE4_Portfolio2_SL/UE4_Portfolio2_SL/Content/Developers/decja/Collections/' took 0.00s
[2022.12.02-19.58.04:558][  0]LogFileCache: Scanning file cache for directory 'G:/Git_Horizontally Scrolling Shooter Repository/UE4_Portfolio2_SL/UE4_Portfolio2_SL/Content/Collections/' took 0.00s
[2022.12.02-19.58.04:558][  0]LogOcInput: OculusInput pre-init called
[2022.12.02-19.58.04:751][  0]LogEngine: Initializing Engine...
[2022.12.02-19.58.04:765][  0]LogHMD: Failed to enumerate extensions. Please check that you have a valid OpenXR runtime installed.
[2022.12.02-19.58.04:766][  0]LogHMD: Failed to initialize OpenVR with code 110
[2022.12.02-19.58.04:766][  0]LogMagicLeap: Warning: VR disabled because ZI is not enabled.  To enable, in the editor, Edit -> Project Settings -> Plugins -> Magic Leap Plugin -> Enable Zero Iteration
[2022.12.02-19.58.04:767][  0]LogStats: UGameplayTagsManager::InitializeManager -  0.000 s
[2022.12.02-19.58.04:860][  0]LogInit: Initializing FReadOnlyCVARCache
[2022.12.02-19.58.04:866][  0]LogAIModule: Creating AISystem for world Untitled
[2022.12.02-19.58.04:866][  0]LogAudio: Display: Initializing Audio Device Manager...
[2022.12.02-19.58.04:869][  0]LogAudio: Display: Loading Default Audio Settings Objects...
[2022.12.02-19.58.04:870][  0]LogAudio: Display: No default SoundConcurrencyObject specified (or failed to load).
[2022.12.02-19.58.04:870][  0]LogAudio: Display: Audio Device Manager Initialized
[2022.12.02-19.58.04:870][  0]LogAudio: Display: Creating Audio Device:                 Id: 1, Scope: Shared, Realtime: True
[2022.12.02-19.58.04:870][  0]LogAudioMixer: Display: Audio Mixer Platform Settings:
[2022.12.02-19.58.04:870][  0]LogAudioMixer: Display: 	Sample Rate:						  48000
[2022.12.02-19.58.04:870][  0]LogAudioMixer: Display: 	Callback Buffer Frame Size Requested: 1024
[2022.12.02-19.58.04:870][  0]LogAudioMixer: Display: 	Callback Buffer Frame Size To Use:	  1024
[2022.12.02-19.58.04:870][  0]LogAudioMixer: Display: 	Number of buffers to queue:			  2
[2022.12.02-19.58.04:870][  0]LogAudioMixer: Display: 	Max Channels (voices):				  32
[2022.12.02-19.58.04:870][  0]LogAudioMixer: Display: 	Number of Async Source Workers:		  0
[2022.12.02-19.58.04:870][  0]LogAudio: Display: AudioDevice MaxSources: 32
[2022.12.02-19.58.04:870][  0]LogAudio: Display: Audio Spatialization Plugin: None (built-in).
[2022.12.02-19.58.04:870][  0]LogAudio: Display: Audio Reverb Plugin: None (built-in).
[2022.12.02-19.58.04:870][  0]LogAudio: Display: Audio Occlusion Plugin: None (built-in).
[2022.12.02-19.58.04:870][  0]LogAudioMixer: Display: Initializing audio mixer.
[2022.12.02-19.58.04:880][  0]LogAudioMixer: Display: 0: FrontLeft
[2022.12.02-19.58.04:880][  0]LogAudioMixer: Display: 1: FrontRight
[2022.12.02-19.58.04:967][  0]LogAudioMixer: Display: Using Audio Device 스피커(Realtek(R) Audio)
[2022.12.02-19.58.04:967][  0]LogAudioMixer: Display: Initializing Sound Submixes...
[2022.12.02-19.58.04:969][  0]LogAudioMixer: Display: Creating Master Submix 'MasterSubmixDefault'
[2022.12.02-19.58.04:969][  0]LogAudioMixer: Display: Creating Master Submix 'MasterReverbSubmixDefault'
[2022.12.02-19.58.04:970][  0]LogAudioMixer: Display: Creating Master Submix 'MasterEQSubmixDefault'
[2022.12.02-19.58.04:970][  0]LogAudioMixer: FMixerPlatformXAudio2::StartAudioStream() called
[2022.12.02-19.58.04:970][  0]LogAudioMixer: Display: Output buffers initialized: Frames=1024, Channels=2, Samples=2048
[2022.12.02-19.58.04:971][  0]LogAudioMixer: Display: Starting AudioMixerPlatformInterface::RunInternal()
[2022.12.02-19.58.04:971][  0]LogAudioMixer: Display: FMixerPlatformXAudio2::SubmitBuffer() called for the first time
[2022.12.02-19.58.04:971][  0]LogInit: FAudioDevice initialized.
[2022.12.02-19.58.04:971][  0]LogAudio: Display: Audio Device (ID: 1) registered with world 'Untitled'.
[2022.12.02-19.58.04:971][  0]LogNetVersion: Set ProjectVersion to 1.0.0.0. Version Checksum will be recalculated on next use.
[2022.12.02-19.58.05:043][  0]LogDerivedDataCache: Saved boot cache 0.07s 109MB C:/Users/decja/AppData/Local/UnrealEngine/4.27/DerivedDataCache/Boot.ddc.
[2022.12.02-19.58.05:044][  0]LogInit: Texture streaming: Enabled
[2022.12.02-19.58.05:056][  0]LogAnalytics: Display: [UEEditor.Rocket.Release] APIServer = https://datarouter.ol.epicgames.com/. AppVersion = 4.27.2-18319896+++UE4+Release-4.27
[2022.12.02-19.58.05:059][  0]LogEngineSessionManager: EngineSessionManager initialized
[2022.12.02-19.58.05:059][  0]LogEditorSessionSummary: Verbose: Initializing EditorSessionSummaryWriter for editor session tracking
[2022.12.02-19.58.05:060][  0]LogEditorSessionSummary: EditorSessionSummaryWriter initialized
[2022.12.02-19.58.05:082][  0]LogInit: Transaction tracking system initialized
[2022.12.02-19.58.05:100][  0]BlueprintLog: New page: 에디터 로드
[2022.12.02-19.58.05:152][  0]LocalizationService: 현지화 서비스가 비활성화되었습니다.
[2022.12.02-19.58.05:175][  0]TimingProfiler: Initialize
[2022.12.02-19.58.05:175][  0]TimingProfiler: OnSessionChanged
[2022.12.02-19.58.05:175][  0]LoadingProfiler: Initialize
[2022.12.02-19.58.05:175][  0]LoadingProfiler: OnSessionChanged
[2022.12.02-19.58.05:175][  0]NetworkingProfiler: Initialize
[2022.12.02-19.58.05:175][  0]NetworkingProfiler: OnSessionChanged
[2022.12.02-19.58.05:175][  0]MemoryProfiler: Initialize
[2022.12.02-19.58.05:175][  0]MemoryProfiler: OnSessionChanged
[2022.12.02-19.58.05:291][  0]LogCook: Display: CookSettings for Memory: MemoryMaxUsedVirtual 0MiB, MemoryMaxUsedPhysical 16384MiB, MemoryMinFreeVirtual 0MiB, MemoryMinFreePhysical 1024MiB
[2022.12.02-19.58.05:291][  0]LogCook: Display: Mobile HDR setting 1
[2022.12.02-19.58.05:450][  0]LogFileCache: Scanning file cache for directory 'G:/Git_Horizontally Scrolling Shooter Repository/UE4_Portfolio2_SL/UE4_Portfolio2_SL/Content/' took 0.03s
[2022.12.02-19.58.05:598][  0]LogInit: Display: Engine is initialized. Leaving FEngineLoop::Init()
[2022.12.02-19.58.05:601][  0]SourceControl: 소스 컨트롤이 꺼졌습니다.
[2022.12.02-19.58.05:601][  0]LogUnrealEdMisc: Loading editor; pre map load, took 5.895
[2022.12.02-19.58.05:603][  0]LightingResults: New page: 라이팅 빌드
[2022.12.02-19.58.05:604][  0]LogWorld: UWorld::CleanupWorld for Untitled, bSessionEnded=true, bCleanupResources=true
[2022.12.02-19.58.05:604][  0]LogSlate: InvalidateAllWidgets triggered.  All widgets were invalidated
[2022.12.02-19.58.05:604][  0]MapCheck: New page: 맵 체크
[2022.12.02-19.58.05:604][  0]LightingResults: New page: 라이팅 빌드
[2022.12.02-19.58.05:622][  0]LogAudio: Display: Audio Device unregistered from world 'None'.
[2022.12.02-19.58.05:625][  0]LogUObjectHash: Compacting FUObjectHashTables data took   0.76ms
[2022.12.02-19.58.05:706][  0]LogAudio: Display: Audio Device (ID: 1) registered with world 'ThirdPersonExampleMap'.
[2022.12.02-19.58.05:706][  0]LogAIModule: Creating AISystem for world ThirdPersonExampleMap
[2022.12.02-19.58.05:720][  0]LogEditorServer: Finished looking for orphan Actors (0.000 secs)
[2022.12.02-19.58.05:735][  0]LogUObjectHash: Compacting FUObjectHashTables data took   0.80ms
[2022.12.02-19.58.05:735][  0]Cmd: MAP CHECKDEP NOCLEARLOG
[2022.12.02-19.58.05:735][  0]MapCheck: 맵 체크 완료: 오류 0 회, 경고 0 회, 소요 시간 0.066ms.
[2022.12.02-19.58.05:735][  0]LogFileHelpers: Loading map 'ThirdPersonExampleMap' took 0.135
[2022.12.02-19.58.05:737][  0]LogUnrealEdMisc: Total Editor Startup Time, took 6.032
[2022.12.02-19.58.05:840][  0]LogSlate: Updating window title bar state: overlay mode, drag disabled, window buttons hidden, title bar hidden
[2022.12.02-19.58.05:844][  0]LogSlate: Updating window title bar state: overlay mode, drag disabled, window buttons hidden, title bar hidden
[2022.12.02-19.58.05:847][  0]LogSlate: Updating window title bar state: overlay mode, drag disabled, window buttons hidden, title bar hidden
[2022.12.02-19.58.05:851][  0]LogSlate: Updating window title bar state: overlay mode, drag disabled, window buttons hidden, title bar hidden
[2022.12.02-19.58.05:862][  0]LogNativeClassHierarchy: Verbose: Native class hierarchy populated in 0.0071 seconds. Added 3826 classes and 930 folders.
[2022.12.02-19.58.05:865][  0]LogNativeClassHierarchy: Verbose: Native class hierarchy updated for 'WidgetCarousel' in 0.0002 seconds. Added 0 classes and 0 folders.
[2022.12.02-19.58.05:870][  0]LogPakFile: PakFile PrimaryIndexSize=187
[2022.12.02-19.58.05:870][  0]LogPakFile: PakFile PathHashIndexSize=101
[2022.12.02-19.58.05:870][  0]LogPakFile: PakFile FullDirectoryIndexSize=148
[2022.12.02-19.58.05:870][  0]LogShaderLibrary: Display: ShaderCodeLibraryPakFileMountedCallback: PakFile 'G:/Unreal Engine/UE_4.27/FeaturePacks/FP_FirstPerson.upack' (chunk index -1, root 'root:/') mounted
[2022.12.02-19.58.05:870][  0]LogShaderLibrary: Display: ShaderCodeLibraryPakFileMountedCallback: pending pak file info (ChunkID:-1 Root:root:/ File:G:/Unreal Engine/UE_4.27/FeaturePacks/FP_FirstPerson.upack)
[2022.12.02-19.58.05:870][  0]LogPakFile: OnPakFileMounted2Time == 0.000038
[2022.12.02-19.58.05:872][  0]LogPakFile: PakFile PrimaryIndexSize=189
[2022.12.02-19.58.05:872][  0]LogPakFile: PakFile PathHashIndexSize=101
[2022.12.02-19.58.05:872][  0]LogPakFile: PakFile FullDirectoryIndexSize=152
[2022.12.02-19.58.05:872][  0]LogShaderLibrary: Display: ShaderCodeLibraryPakFileMountedCallback: PakFile 'G:/Unreal Engine/UE_4.27/FeaturePacks/FP_FirstPersonBP.upack' (chunk index -1, root 'root:/') mounted
[2022.12.02-19.58.05:872][  0]LogShaderLibrary: Display: ShaderCodeLibraryPakFileMountedCallback: pending pak file info (ChunkID:-1 Root:root:/ File:G:/Unreal Engine/UE_4.27/FeaturePacks/FP_FirstPersonBP.upack)
[2022.12.02-19.58.05:872][  0]LogPakFile: OnPakFileMounted2Time == 0.000028
[2022.12.02-19.58.05:874][  0]LogPakFile: PakFile PrimaryIndexSize=191
[2022.12.02-19.58.05:874][  0]LogPakFile: PakFile PathHashIndexSize=101
[2022.12.02-19.58.05:874][  0]LogPakFile: PakFile FullDirectoryIndexSize=160
[2022.12.02-19.58.05:874][  0]LogShaderLibrary: Display: ShaderCodeLibraryPakFileMountedCallback: PakFile 'G:/Unreal Engine/UE_4.27/FeaturePacks/MobileStarterContent.upack' (chunk index -1, root 'root:/') mounted
[2022.12.02-19.58.05:874][  0]LogShaderLibrary: Display: ShaderCodeLibraryPakFileMountedCallback: pending pak file info (ChunkID:-1 Root:root:/ File:G:/Unreal Engine/UE_4.27/FeaturePacks/MobileStarterContent.upack)
[2022.12.02-19.58.05:874][  0]LogPakFile: OnPakFileMounted2Time == 0.000027
[2022.12.02-19.58.05:875][  0]LogPakFile: PakFile PrimaryIndexSize=185
[2022.12.02-19.58.05:875][  0]LogPakFile: PakFile PathHashIndexSize=101
[2022.12.02-19.58.05:875][  0]LogPakFile: PakFile FullDirectoryIndexSize=148
[2022.12.02-19.58.05:875][  0]LogShaderLibrary: Display: ShaderCodeLibraryPakFileMountedCallback: PakFile 'G:/Unreal Engine/UE_4.27/FeaturePacks/StarterContent.upack' (chunk index -1, root 'root:/') mounted
[2022.12.02-19.58.05:875][  0]LogShaderLibrary: Display: ShaderCodeLibraryPakFileMountedCallback: pending pak file info (ChunkID:-1 Root:root:/ File:G:/Unreal Engine/UE_4.27/FeaturePacks/StarterContent.upack)
[2022.12.02-19.58.05:875][  0]LogPakFile: OnPakFileMounted2Time == 0.000029
[2022.12.02-19.58.05:877][  0]LogPakFile: PakFile PrimaryIndexSize=190
[2022.12.02-19.58.05:878][  0]LogPakFile: PakFile PathHashIndexSize=101
[2022.12.02-19.58.05:878][  0]LogPakFile: PakFile FullDirectoryIndexSize=154
[2022.12.02-19.58.05:878][  0]LogShaderLibrary: Display: ShaderCodeLibraryPakFileMountedCallback: PakFile 'G:/Unreal Engine/UE_4.27/FeaturePacks/TP_2DSideScroller.upack' (chunk index -1, root 'root:/') mounted
[2022.12.02-19.58.05:878][  0]LogShaderLibrary: Display: ShaderCodeLibraryPakFileMountedCallback: pending pak file info (ChunkID:-1 Root:root:/ File:G:/Unreal Engine/UE_4.27/FeaturePacks/TP_2DSideScroller.upack)
[2022.12.02-19.58.05:878][  0]LogPakFile: OnPakFileMounted2Time == 0.000023
[2022.12.02-19.58.05:879][  0]LogPakFile: PakFile PrimaryIndexSize=192
[2022.12.02-19.58.05:879][  0]LogPakFile: PakFile PathHashIndexSize=101
[2022.12.02-19.58.05:879][  0]LogPakFile: PakFile FullDirectoryIndexSize=158
[2022.12.02-19.58.05:879][  0]LogShaderLibrary: Display: ShaderCodeLibraryPakFileMountedCallback: PakFile 'G:/Unreal Engine/UE_4.27/FeaturePacks/TP_2DSideScrollerBP.upack' (chunk index -1, root 'root:/') mounted
[2022.12.02-19.58.05:879][  0]LogShaderLibrary: Display: ShaderCodeLibraryPakFileMountedCallback: pending pak file info (ChunkID:-1 Root:root:/ File:G:/Unreal Engine/UE_4.27/FeaturePacks/TP_2DSideScrollerBP.upack)
[2022.12.02-19.58.05:879][  0]LogPakFile: OnPakFileMounted2Time == 0.000022
[2022.12.02-19.58.05:881][  0]LogPakFile: PakFile PrimaryIndexSize=182
[2022.12.02-19.58.05:881][  0]LogPakFile: PakFile PathHashIndexSize=101
[2022.12.02-19.58.05:881][  0]LogPakFile: PakFile FullDirectoryIndexSize=138
[2022.12.02-19.58.05:881][  0]LogShaderLibrary: Display: ShaderCodeLibraryPakFileMountedCallback: PakFile 'G:/Unreal Engine/UE_4.27/FeaturePacks/TP_Flying.upack' (chunk index -1, root 'root:/') mounted
[2022.12.02-19.58.05:881][  0]LogShaderLibrary: Display: ShaderCodeLibraryPakFileMountedCallback: pending pak file info (ChunkID:-1 Root:root:/ File:G:/Unreal Engine/UE_4.27/FeaturePacks/TP_Flying.upack)
[2022.12.02-19.58.05:881][  0]LogPakFile: OnPakFileMounted2Time == 0.000021
[2022.12.02-19.58.05:883][  0]LogPakFile: PakFile PrimaryIndexSize=184
[2022.12.02-19.58.05:883][  0]LogPakFile: PakFile PathHashIndexSize=101
[2022.12.02-19.58.05:883][  0]LogPakFile: PakFile FullDirectoryIndexSize=142
[2022.12.02-19.58.05:883][  0]LogShaderLibrary: Display: ShaderCodeLibraryPakFileMountedCallback: PakFile 'G:/Unreal Engine/UE_4.27/FeaturePacks/TP_FlyingBP.upack' (chunk index -1, root 'root:/') mounted
[2022.12.02-19.58.05:883][  0]LogShaderLibrary: Display: ShaderCodeLibraryPakFileMountedCallback: pending pak file info (ChunkID:-1 Root:root:/ File:G:/Unreal Engine/UE_4.27/FeaturePacks/TP_FlyingBP.upack)
[2022.12.02-19.58.05:883][  0]LogPakFile: OnPakFileMounted2Time == 0.000021
[2022.12.02-19.58.05:884][  0]LogPakFile: PakFile PrimaryIndexSize=188
[2022.12.02-19.58.05:884][  0]LogPakFile: PakFile PathHashIndexSize=101
[2022.12.02-19.58.05:884][  0]LogPakFile: PakFile FullDirectoryIndexSize=150
[2022.12.02-19.58.05:884][  0]LogShaderLibrary: Display: ShaderCodeLibraryPakFileMountedCallback: PakFile 'G:/Unreal Engine/UE_4.27/FeaturePacks/TP_HandheldARBP.upack' (chunk index -1, root 'root:/') mounted
[2022.12.02-19.58.05:884][  0]LogShaderLibrary: Display: ShaderCodeLibraryPakFileMountedCallback: pending pak file info (ChunkID:-1 Root:root:/ File:G:/Unreal Engine/UE_4.27/FeaturePacks/TP_HandheldARBP.upack)
[2022.12.02-19.58.05:884][  0]LogPakFile: OnPakFileMounted2Time == 0.000027
[2022.12.02-19.58.05:886][  0]LogPakFile: PakFile PrimaryIndexSize=182
[2022.12.02-19.58.05:886][  0]LogPakFile: PakFile PathHashIndexSize=101
[2022.12.02-19.58.05:886][  0]LogPakFile: PakFile FullDirectoryIndexSize=138
[2022.12.02-19.58.05:886][  0]LogShaderLibrary: Display: ShaderCodeLibraryPakFileMountedCallback: PakFile 'G:/Unreal Engine/UE_4.27/FeaturePacks/TP_Puzzle.upack' (chunk index -1, root 'root:/') mounted
[2022.12.02-19.58.05:886][  0]LogShaderLibrary: Display: ShaderCodeLibraryPakFileMountedCallback: pending pak file info (ChunkID:-1 Root:root:/ File:G:/Unreal Engine/UE_4.27/FeaturePacks/TP_Puzzle.upack)
[2022.12.02-19.58.05:886][  0]LogPakFile: OnPakFileMounted2Time == 0.000021
[2022.12.02-19.58.05:888][  0]LogPakFile: PakFile PrimaryIndexSize=184
[2022.12.02-19.58.05:888][  0]LogPakFile: PakFile PathHashIndexSize=101
[2022.12.02-19.58.05:888][  0]LogPakFile: PakFile FullDirectoryIndexSize=142
[2022.12.02-19.58.05:888][  0]LogShaderLibrary: Display: ShaderCodeLibraryPakFileMountedCallback: PakFile 'G:/Unreal Engine/UE_4.27/FeaturePacks/TP_PuzzleBP.upack' (chunk index -1, root 'root:/') mounted
[2022.12.02-19.58.05:888][  0]LogShaderLibrary: Display: ShaderCodeLibraryPakFileMountedCallback: pending pak file info (ChunkID:-1 Root:root:/ File:G:/Unreal Engine/UE_4.27/FeaturePacks/TP_PuzzleBP.upack)
[2022.12.02-19.58.05:888][  0]LogPakFile: OnPakFileMounted2Time == 0.000030
[2022.12.02-19.58.05:889][  0]LogPakFile: PakFile PrimaryIndexSize=183
[2022.12.02-19.58.05:889][  0]LogPakFile: PakFile PathHashIndexSize=101
[2022.12.02-19.58.05:889][  0]LogPakFile: PakFile FullDirectoryIndexSize=140
[2022.12.02-19.58.05:889][  0]LogShaderLibrary: Display: ShaderCodeLibraryPakFileMountedCallback: PakFile 'G:/Unreal Engine/UE_4.27/FeaturePacks/TP_Rolling.upack' (chunk index -1, root 'root:/') mounted
[2022.12.02-19.58.05:889][  0]LogShaderLibrary: Display: ShaderCodeLibraryPakFileMountedCallback: pending pak file info (ChunkID:-1 Root:root:/ File:G:/Unreal Engine/UE_4.27/FeaturePacks/TP_Rolling.upack)
[2022.12.02-19.58.05:889][  0]LogPakFile: OnPakFileMounted2Time == 0.000030
[2022.12.02-19.58.05:891][  0]LogPakFile: PakFile PrimaryIndexSize=185
[2022.12.02-19.58.05:891][  0]LogPakFile: PakFile PathHashIndexSize=101
[2022.12.02-19.58.05:891][  0]LogPakFile: PakFile FullDirectoryIndexSize=144
[2022.12.02-19.58.05:891][  0]LogShaderLibrary: Display: ShaderCodeLibraryPakFileMountedCallback: PakFile 'G:/Unreal Engine/UE_4.27/FeaturePacks/TP_RollingBP.upack' (chunk index -1, root 'root:/') mounted
[2022.12.02-19.58.05:891][  0]LogShaderLibrary: Display: ShaderCodeLibraryPakFileMountedCallback: pending pak file info (ChunkID:-1 Root:root:/ File:G:/Unreal Engine/UE_4.27/FeaturePacks/TP_RollingBP.upack)
[2022.12.02-19.58.05:891][  0]LogPakFile: OnPakFileMounted2Time == 0.000027
[2022.12.02-19.58.05:893][  0]LogPakFile: PakFile PrimaryIndexSize=188
[2022.12.02-19.58.05:893][  0]LogPakFile: PakFile PathHashIndexSize=101
[2022.12.02-19.58.05:893][  0]LogPakFile: PakFile FullDirectoryIndexSize=150
[2022.12.02-19.58.05:893][  0]LogShaderLibrary: Display: ShaderCodeLibraryPakFileMountedCallback: PakFile 'G:/Unreal Engine/UE_4.27/FeaturePacks/TP_SideScroller.upack' (chunk index -1, root 'root:/') mounted
[2022.12.02-19.58.05:893][  0]LogShaderLibrary: Display: ShaderCodeLibraryPakFileMountedCallback: pending pak file info (ChunkID:-1 Root:root:/ File:G:/Unreal Engine/UE_4.27/FeaturePacks/TP_SideScroller.upack)
[2022.12.02-19.58.05:893][  0]LogPakFile: OnPakFileMounted2Time == 0.000021
[2022.12.02-19.58.05:895][  0]LogPakFile: PakFile PrimaryIndexSize=190
[2022.12.02-19.58.05:895][  0]LogPakFile: PakFile PathHashIndexSize=101
[2022.12.02-19.58.05:895][  0]LogPakFile: PakFile FullDirectoryIndexSize=154
[2022.12.02-19.58.05:895][  0]LogShaderLibrary: Display: ShaderCodeLibraryPakFileMountedCallback: PakFile 'G:/Unreal Engine/UE_4.27/FeaturePacks/TP_SideScrollerBP.upack' (chunk index -1, root 'root:/') mounted
[2022.12.02-19.58.05:895][  0]LogShaderLibrary: Display: ShaderCodeLibraryPakFileMountedCallback: pending pak file info (ChunkID:-1 Root:root:/ File:G:/Unreal Engine/UE_4.27/FeaturePacks/TP_SideScrollerBP.upack)
[2022.12.02-19.58.05:895][  0]LogPakFile: OnPakFileMounted2Time == 0.000022
[2022.12.02-19.58.05:897][  0]LogPakFile: PakFile PrimaryIndexSize=187
[2022.12.02-19.58.05:897][  0]LogPakFile: PakFile PathHashIndexSize=101
[2022.12.02-19.58.05:897][  0]LogPakFile: PakFile FullDirectoryIndexSize=148
[2022.12.02-19.58.05:897][  0]LogShaderLibrary: Display: ShaderCodeLibraryPakFileMountedCallback: PakFile 'G:/Unreal Engine/UE_4.27/FeaturePacks/TP_ThirdPerson.upack' (chunk index -1, root 'root:/') mounted
[2022.12.02-19.58.05:897][  0]LogShaderLibrary: Display: ShaderCodeLibraryPakFileMountedCallback: pending pak file info (ChunkID:-1 Root:root:/ File:G:/Unreal Engine/UE_4.27/FeaturePacks/TP_ThirdPerson.upack)
[2022.12.02-19.58.05:897][  0]LogPakFile: OnPakFileMounted2Time == 0.000021
[2022.12.02-19.58.05:899][  0]LogPakFile: PakFile PrimaryIndexSize=189
[2022.12.02-19.58.05:899][  0]LogPakFile: PakFile PathHashIndexSize=101
[2022.12.02-19.58.05:899][  0]LogPakFile: PakFile FullDirectoryIndexSize=152
[2022.12.02-19.58.05:899][  0]LogShaderLibrary: Display: ShaderCodeLibraryPakFileMountedCallback: PakFile 'G:/Unreal Engine/UE_4.27/FeaturePacks/TP_ThirdPersonBP.upack' (chunk index -1, root 'root:/') mounted
[2022.12.02-19.58.05:899][  0]LogShaderLibrary: Display: ShaderCodeLibraryPakFileMountedCallback: pending pak file info (ChunkID:-1 Root:root:/ File:G:/Unreal Engine/UE_4.27/FeaturePacks/TP_ThirdPersonBP.upack)
[2022.12.02-19.58.05:899][  0]LogPakFile: OnPakFileMounted2Time == 0.000022
[2022.12.02-19.58.05:900][  0]LogPakFile: PakFile PrimaryIndexSize=183
[2022.12.02-19.58.05:900][  0]LogPakFile: PakFile PathHashIndexSize=101
[2022.12.02-19.58.05:900][  0]LogPakFile: PakFile FullDirectoryIndexSize=140
[2022.12.02-19.58.05:900][  0]LogShaderLibrary: Display: ShaderCodeLibraryPakFileMountedCallback: PakFile 'G:/Unreal Engine/UE_4.27/FeaturePacks/TP_TopDown.upack' (chunk index -1, root 'root:/') mounted
[2022.12.02-19.58.05:900][  0]LogShaderLibrary: Display: ShaderCodeLibraryPakFileMountedCallback: pending pak file info (ChunkID:-1 Root:root:/ File:G:/Unreal Engine/UE_4.27/FeaturePacks/TP_TopDown.upack)
[2022.12.02-19.58.05:900][  0]LogPakFile: OnPakFileMounted2Time == 0.000032
[2022.12.02-19.58.05:902][  0]LogPakFile: PakFile PrimaryIndexSize=185
[2022.12.02-19.58.05:902][  0]LogPakFile: PakFile PathHashIndexSize=101
[2022.12.02-19.58.05:902][  0]LogPakFile: PakFile FullDirectoryIndexSize=144
[2022.12.02-19.58.05:902][  0]LogShaderLibrary: Display: ShaderCodeLibraryPakFileMountedCallback: PakFile 'G:/Unreal Engine/UE_4.27/FeaturePacks/TP_TopDownBP.upack' (chunk index -1, root 'root:/') mounted
[2022.12.02-19.58.05:902][  0]LogShaderLibrary: Display: ShaderCodeLibraryPakFileMountedCallback: pending pak file info (ChunkID:-1 Root:root:/ File:G:/Unreal Engine/UE_4.27/FeaturePacks/TP_TopDownBP.upack)
[2022.12.02-19.58.05:902][  0]LogPakFile: OnPakFileMounted2Time == 0.000029
[2022.12.02-19.58.05:904][  0]LogPakFile: PakFile PrimaryIndexSize=185
[2022.12.02-19.58.05:904][  0]LogPakFile: PakFile PathHashIndexSize=101
[2022.12.02-19.58.05:904][  0]LogPakFile: PakFile FullDirectoryIndexSize=144
[2022.12.02-19.58.05:904][  0]LogShaderLibrary: Display: ShaderCodeLibraryPakFileMountedCallback: PakFile 'G:/Unreal Engine/UE_4.27/FeaturePacks/TP_TwinStick.upack' (chunk index -1, root 'root:/') mounted
[2022.12.02-19.58.05:904][  0]LogShaderLibrary: Display: ShaderCodeLibraryPakFileMountedCallback: pending pak file info (ChunkID:-1 Root:root:/ File:G:/Unreal Engine/UE_4.27/FeaturePacks/TP_TwinStick.upack)
[2022.12.02-19.58.05:904][  0]LogPakFile: OnPakFileMounted2Time == 0.000022
[2022.12.02-19.58.05:906][  0]LogPakFile: PakFile PrimaryIndexSize=187
[2022.12.02-19.58.05:906][  0]LogPakFile: PakFile PathHashIndexSize=101
[2022.12.02-19.58.05:906][  0]LogPakFile: PakFile FullDirectoryIndexSize=148
[2022.12.02-19.58.05:906][  0]LogShaderLibrary: Display: ShaderCodeLibraryPakFileMountedCallback: PakFile 'G:/Unreal Engine/UE_4.27/FeaturePacks/TP_TwinStickBP.upack' (chunk index -1, root 'root:/') mounted
[2022.12.02-19.58.05:906][  0]LogShaderLibrary: Display: ShaderCodeLibraryPakFileMountedCallback: pending pak file info (ChunkID:-1 Root:root:/ File:G:/Unreal Engine/UE_4.27/FeaturePacks/TP_TwinStickBP.upack)
[2022.12.02-19.58.05:906][  0]LogPakFile: OnPakFileMounted2Time == 0.000024
[2022.12.02-19.58.05:907][  0]LogPakFile: PakFile PrimaryIndexSize=183
[2022.12.02-19.58.05:907][  0]LogPakFile: PakFile PathHashIndexSize=101
[2022.12.02-19.58.05:907][  0]LogPakFile: PakFile FullDirectoryIndexSize=140
[2022.12.02-19.58.05:907][  0]LogShaderLibrary: Display: ShaderCodeLibraryPakFileMountedCallback: PakFile 'G:/Unreal Engine/UE_4.27/FeaturePacks/TP_Vehicle.upack' (chunk index -1, root 'root:/') mounted
[2022.12.02-19.58.05:907][  0]LogShaderLibrary: Display: ShaderCodeLibraryPakFileMountedCallback: pending pak file info (ChunkID:-1 Root:root:/ File:G:/Unreal Engine/UE_4.27/FeaturePacks/TP_Vehicle.upack)
[2022.12.02-19.58.05:907][  0]LogPakFile: OnPakFileMounted2Time == 0.000026
[2022.12.02-19.58.05:909][  0]LogPakFile: PakFile PrimaryIndexSize=186
[2022.12.02-19.58.05:909][  0]LogPakFile: PakFile PathHashIndexSize=101
[2022.12.02-19.58.05:909][  0]LogPakFile: PakFile FullDirectoryIndexSize=146
[2022.12.02-19.58.05:909][  0]LogShaderLibrary: Display: ShaderCodeLibraryPakFileMountedCallback: PakFile 'G:/Unreal Engine/UE_4.27/FeaturePacks/TP_VehicleAdv.upack' (chunk index -1, root 'root:/') mounted
[2022.12.02-19.58.05:909][  0]LogShaderLibrary: Display: ShaderCodeLibraryPakFileMountedCallback: pending pak file info (ChunkID:-1 Root:root:/ File:G:/Unreal Engine/UE_4.27/FeaturePacks/TP_VehicleAdv.upack)
[2022.12.02-19.58.05:909][  0]LogPakFile: OnPakFileMounted2Time == 0.000030
[2022.12.02-19.58.05:911][  0]LogPakFile: PakFile PrimaryIndexSize=188
[2022.12.02-19.58.05:911][  0]LogPakFile: PakFile PathHashIndexSize=101
[2022.12.02-19.58.05:911][  0]LogPakFile: PakFile FullDirectoryIndexSize=150
[2022.12.02-19.58.05:911][  0]LogShaderLibrary: Display: ShaderCodeLibraryPakFileMountedCallback: PakFile 'G:/Unreal Engine/UE_4.27/FeaturePacks/TP_VehicleAdvBP.upack' (chunk index -1, root 'root:/') mounted
[2022.12.02-19.58.05:911][  0]LogShaderLibrary: Display: ShaderCodeLibraryPakFileMountedCallback: pending pak file info (ChunkID:-1 Root:root:/ File:G:/Unreal Engine/UE_4.27/FeaturePacks/TP_VehicleAdvBP.upack)
[2022.12.02-19.58.05:911][  0]LogPakFile: OnPakFileMounted2Time == 0.000022
[2022.12.02-19.58.05:913][  0]LogPakFile: PakFile PrimaryIndexSize=185
[2022.12.02-19.58.05:913][  0]LogPakFile: PakFile PathHashIndexSize=101
[2022.12.02-19.58.05:913][  0]LogPakFile: PakFile FullDirectoryIndexSize=144
[2022.12.02-19.58.05:913][  0]LogShaderLibrary: Display: ShaderCodeLibraryPakFileMountedCallback: PakFile 'G:/Unreal Engine/UE_4.27/FeaturePacks/TP_VehicleBP.upack' (chunk index -1, root 'root:/') mounted
[2022.12.02-19.58.05:913][  0]LogShaderLibrary: Display: ShaderCodeLibraryPakFileMountedCallback: pending pak file info (ChunkID:-1 Root:root:/ File:G:/Unreal Engine/UE_4.27/FeaturePacks/TP_VehicleBP.upack)
[2022.12.02-19.58.05:913][  0]LogPakFile: OnPakFileMounted2Time == 0.000022
[2022.12.02-19.58.05:914][  0]LogPakFile: PakFile PrimaryIndexSize=192
[2022.12.02-19.58.05:914][  0]LogPakFile: PakFile PathHashIndexSize=101
[2022.12.02-19.58.05:915][  0]LogPakFile: PakFile FullDirectoryIndexSize=158
[2022.12.02-19.58.05:915][  0]LogShaderLibrary: Display: ShaderCodeLibraryPakFileMountedCallback: PakFile 'G:/Unreal Engine/UE_4.27/FeaturePacks/TP_VirtualRealityBP.upack' (chunk index -1, root 'root:/') mounted
[2022.12.02-19.58.05:915][  0]LogShaderLibrary: Display: ShaderCodeLibraryPakFileMountedCallback: pending pak file info (ChunkID:-1 Root:root:/ File:G:/Unreal Engine/UE_4.27/FeaturePacks/TP_VirtualRealityBP.upack)
[2022.12.02-19.58.05:915][  0]LogPakFile: OnPakFileMounted2Time == 0.000027
[2022.12.02-19.58.06:088][  0]LogNativeClassHierarchy: Verbose: Native class hierarchy updated for 'AddContentDialog' in 0.0002 seconds. Added 0 classes and 0 folders.
[2022.12.02-19.58.06:091][  0]LogNativeClassHierarchy: Verbose: Native class hierarchy updated for 'SceneOutliner' in 0.0001 seconds. Added 2 classes and 0 folders.
[2022.12.02-19.58.06:162][  0]LogSlate: Took 0.000183 seconds to synchronously load lazily loaded font '../../../Engine/Content/Slate/Fonts/Roboto-Regular.ttf' (155K)
[2022.12.02-19.58.06:164][  0]LogSlate: Took 0.001502 seconds to synchronously load lazily loaded font '../../../Engine/Content/Editor/Slate/Fonts/FontAwesome.ttf' (139K)
[2022.12.02-19.58.06:165][  0]LogSlate: Took 0.000812 seconds to synchronously load lazily loaded font '../../../Engine/Content/Editor/Slate/Fonts/NanumGothic.ttf' (4243K)
[2022.12.02-19.58.06:167][  0]LogSlate: Took 0.000823 seconds to synchronously load lazily loaded font '../../../Engine/Content/Editor/Slate/Fonts/NanumGothicBold.ttf' (4188K)
[2022.12.02-19.58.06:167][  0]LogSlate: Took 0.000126 seconds to synchronously load lazily loaded font '../../../Engine/Content/Slate/Fonts/Roboto-Bold.ttf' (160K)
[2022.12.02-19.58.06:238][  0]LogRenderer: Reallocating scene render targets to support 1192x620 Format 10 NumSamples 1 (Frame:1).
[2022.12.02-19.58.06:617][  0]LogSlate: Took 0.001640 seconds to synchronously load lazily loaded font '../../../Engine/Content/Slate/Fonts/Roboto-Light.ttf' (167K)
[2022.12.02-19.58.06:697][  0]LogNativeClassHierarchy: Verbose: Native class hierarchy updated for 'HierarchicalLODOutliner' in 0.0002 seconds. Added 0 classes and 0 folders.
[2022.12.02-19.58.06:697][  0]LogLoad: (Engine Initialization) Total time: 6.99 seconds
[2022.12.02-19.58.06:697][  0]LogLoad: (Engine Initialization) Total Blueprint compile time: 0.00 seconds
[2022.12.02-19.58.06:759][  0]LogAssetRegistry: Asset discovery search completed in 4.4601 seconds
[2022.12.02-19.58.06:764][  0]LogCollectionManager: Fixed up redirectors for 0 collections in 0.000003 seconds (updated 0 objects)
[2022.12.02-19.58.06:764][  0]LogContentStreaming: Texture pool size now 1000 MB
[2022.12.02-19.58.07:070][  5]AnimBlueprintLog: Warning: 슬롯노드: ABP_PlayerCharacter_C 애니메이션 인스턴트 클래스의 'DefaultSlot' 는 이미 존재합니다. 이 클래스의 애니메이션 그래프에서 중복을 제거하세요.
[2022.12.02-19.58.07:070][  5]AnimBlueprintLog: Warning: 슬롯노드: ABP_PlayerCharacter_C 애니메이션 인스턴트 클래스의 'DefaultSlot' 는 이미 존재합니다. 이 클래스의 애니메이션 그래프에서 중복을 제거하세요.
