Log file open, 01/09/23 07:18:53
LogWindows: Failed to load 'aqProf.dll' (GetLastError=126)
LogWindows: File 'aqProf.dll' does not exist
LogWindows: Failed to load 'VtuneApi.dll' (GetLastError=126)
LogWindows: File 'VtuneApi.dll' does not exist
LogWindows: Failed to load 'VtuneApi32e.dll' (GetLastError=126)
LogWindows: File 'VtuneApi32e.dll' does not exist
LogConsoleResponse: Display: Failed to find resolution value strings in scalability ini. Falling back to default.
LogConsoleResponse: Display: Failed to find resolution value strings in scalability ini. Falling back to default.
LogInit: Display: Running engine for game: UE4_Portfolio2_SL
LogPlatformFile: Not using cached read wrapper
LogTaskGraph: Started task graph with 5 named threads and 71 total threads with 3 sets of task threads.
LogStats: Stats thread started at 0.187915
LogICUInternationalization: ICU TimeZone Detection - Raw Offset: +9:00, Platform Override: ''
LogInit: Display: Loading text-based GConfig....
LogPluginManager: Mounting plugin MeshPainting
LogPluginManager: Mounting plugin XGEController
LogPluginManager: Mounting plugin Paper2D
LogPluginManager: Mounting plugin EnvironmentQueryEditor
LogPluginManager: Mounting plugin AISupport
LogPluginManager: Mounting plugin CameraShakePreviewer
LogPluginManager: Mounting plugin GameplayCameras
LogPluginManager: Mounting plugin LiveLink
LogPluginManager: Mounting plugin OodleData
LogPluginManager: Mounting plugin OodleNetwork
LogPluginManager: Mounting plugin AnimationSharing
LogPluginManager: Mounting plugin CLionSourceCodeAccess
LogPluginManager: Mounting plugin CodeLiteSourceCodeAccess
LogPluginManager: Mounting plugin GitSourceControl
LogPluginManager: Mounting plugin KDevelopSourceCodeAccess
LogPluginManager: Mounting plugin NullSourceCodeAccess
LogPluginManager: Mounting plugin AssetManagerEditor
LogPluginManager: Mounting plugin PerforceSourceControl
LogPluginManager: Mounting plugin PixWinPlugin
LogPluginManager: Mounting plugin PlasticSourceControl
LogPluginManager: Mounting plugin PluginUtils
LogPluginManager: Mounting plugin DatasmithContent
LogPluginManager: Mounting plugin PropertyAccessNode
LogPluginManager: Mounting plugin RiderSourceCodeAccess
LogPluginManager: Mounting plugin TextureFormatOodle
LogPluginManager: Mounting plugin SubversionSourceControl
LogPluginManager: Mounting plugin VisualStudioSourceCodeAccess
LogPluginManager: Mounting plugin VisualStudioCodeSourceCodeAccess
LogPluginManager: Mounting plugin UObjectPlugin
LogPluginManager: Mounting plugin XCodeSourceCodeAccess
LogPluginManager: Mounting plugin CryptoKeys
LogPluginManager: Mounting plugin CurveEditorTools
LogPluginManager: Mounting plugin VariantManagerContent
LogPluginManager: Mounting plugin DataValidation
LogPluginManager: Mounting plugin FacialAnimation
LogPluginManager: Mounting plugin GameplayTagsEditor
LogPluginManager: Mounting plugin GeometryMode
LogPluginManager: Mounting plugin AlembicImporter
LogPluginManager: Mounting plugin MacGraphicsSwitching
LogPluginManager: Mounting plugin MaterialAnalyzer
LogPluginManager: Mounting plugin MobileLauncherProfileWizard
LogPluginManager: Mounting plugin PluginBrowser
LogPluginManager: Mounting plugin SpeedTreeImporter
LogPluginManager: Mounting plugin AutomationUtils
LogPluginManager: Mounting plugin BackChannel
LogPluginManager: Mounting plugin ChaosCloth
LogPluginManager: Mounting plugin ChaosClothEditor
LogPluginManager: Mounting plugin ChaosNiagara
LogPluginManager: Mounting plugin ChaosEditor
LogPluginManager: Mounting plugin ChaosSolverPlugin
LogPluginManager: Mounting plugin CharacterAI
LogPluginManager: Mounting plugin GeometryCache
LogPluginManager: Mounting plugin GeometryCollectionPlugin
LogPluginManager: Mounting plugin GeometryProcessing
LogPluginManager: Mounting plugin MotoSynth
LogPluginManager: Mounting plugin OpenImageDenoise
LogPluginManager: Mounting plugin PlanarCut
LogPluginManager: Mounting plugin PlatformCrypto
LogPluginManager: Mounting plugin Niagara
LogPluginManager: Mounting plugin ProxyLODPlugin
LogPluginManager: Mounting plugin PythonScriptPlugin
LogPluginManager: Mounting plugin SkeletalReduction
LogPluginManager: Mounting plugin LuminPlatformFeatures
LogPluginManager: Mounting plugin MagicLeap
LogPluginManager: Mounting plugin MagicLeapLightEstimation
LogPluginManager: Mounting plugin MagicLeapMedia
LogPluginManager: Mounting plugin MixamoAnimationRetargeting
LogPluginManager: Mounting plugin MagicLeapPassableWorld
LogPluginManager: Mounting plugin MLSDK
LogPluginManager: Mounting plugin AndroidMedia
LogPluginManager: Mounting plugin AvfMedia
LogPluginManager: Mounting plugin ImgMedia
LogPluginManager: Mounting plugin MediaCompositing
LogPluginManager: Mounting plugin MediaPlayerEditor
LogPluginManager: Mounting plugin WmfMedia
LogPluginManager: Mounting plugin WebMMedia
LogPluginManager: Mounting plugin TcpMessaging
LogPluginManager: Mounting plugin UdpMessaging
LogPluginManager: Mounting plugin ActorSequence
LogPluginManager: Mounting plugin OnlineSubsystem
LogPluginManager: Mounting plugin LauncherChunkInstaller
LogPluginManager: Mounting plugin LevelSequenceEditor
LogPluginManager: Mounting plugin ActorLayerUtilities
LogPluginManager: Mounting plugin OnlineSubsystemNull
LogPluginManager: Mounting plugin MatineeToLevelSequence
LogPluginManager: Mounting plugin AndroidDeviceProfileSelector
LogPluginManager: Mounting plugin OnlineSubsystemUtils
LogPluginManager: Mounting plugin TemplateSequence
LogPluginManager: Mounting plugin AndroidMoviePlayer
LogPluginManager: Mounting plugin AndroidPermission
LogPluginManager: Mounting plugin AppleImageUtils
LogPluginManager: Mounting plugin AppleMoviePlayer
LogPluginManager: Mounting plugin ArchVisCharacter
LogPluginManager: Mounting plugin AssetTags
LogPluginManager: Mounting plugin AudioCapture
LogPluginManager: Mounting plugin AudioSynesthesia
LogPluginManager: Mounting plugin ChunkDownloader
LogPluginManager: Mounting plugin CableComponent
LogPluginManager: Mounting plugin CustomMeshComponent
LogPluginManager: Mounting plugin EditableMesh
LogPluginManager: Mounting plugin ExampleDeviceProfileSelector
LogPluginManager: Mounting plugin GoogleCloudMessaging
LogPluginManager: Mounting plugin GooglePAD
LogPluginManager: Mounting plugin IOSDeviceProfileSelector
LogPluginManager: Mounting plugin LinuxDeviceProfileSelector
LogPluginManager: Mounting plugin LocationServicesBPLibrary
LogPluginManager: Mounting plugin MobilePatchingUtils
LogPluginManager: Mounting plugin OpenXR
LogPluginManager: Mounting plugin OpenXREyeTracker
LogPluginManager: Mounting plugin OpenXRHandTracking
LogPluginManager: Mounting plugin PhysXVehicles
LogPluginManager: Mounting plugin ScreenshotTools
LogPluginManager: Mounting plugin PostSplashScreen
LogPluginManager: Mounting plugin ProceduralMeshComponent
LogPluginManager: Mounting plugin PropertyAccessEditor
LogPluginManager: Mounting plugin RuntimePhysXCooking
LogPluginManager: Mounting plugin SignificanceManager
LogPluginManager: Mounting plugin SoundFields
LogPluginManager: Mounting plugin Synthesis
LogPluginManager: Mounting plugin WebMMoviePlayer
LogPluginManager: Mounting plugin WindowsMoviePlayer
LogPluginManager: Mounting plugin LightPropagationVolume
LogPluginManager: Mounting plugin Takes
LogPluginManager: Mounting plugin ContentBrowserAssetDataSource
LogPluginManager: Mounting plugin ContentBrowserClassDataSource
LogPluginManager: Mounting plugin ContentBrowserFileDataSource
LogPluginManager: Mounting plugin OnlineSubsystemGooglePlay
LogPluginManager: Mounting plugin OnlineSubsystemIOS
LogPluginManager: Mounting plugin OculusVR
LogPluginManager: Mounting plugin SteamVR
PixWinPlugin: PIX capture plugin failed to initialize! Check that the process is launched from PIX.
LogInit: Using libcurl 7.55.1-DEV
LogInit:  - built for x86_64-pc-win32
LogInit:  - supports SSL with OpenSSL/1.1.1
LogInit:  - supports HTTP deflate (compression) using libz 1.2.8
LogInit:  - other features:
LogInit:      CURL_VERSION_SSL
LogInit:      CURL_VERSION_LIBZ
LogInit:      CURL_VERSION_IPV6
LogInit:      CURL_VERSION_ASYNCHDNS
LogInit:      CURL_VERSION_LARGEFILE
LogInit:      CURL_VERSION_IDN
LogInit:  CurlRequestOptions (configurable via config and command line):
LogInit:  - bVerifyPeer = true  - Libcurl will verify peer certificate
LogInit:  - bUseHttpProxy = false  - Libcurl will NOT use HTTP proxy
LogInit:  - bDontReuseConnections = false  - Libcurl will reuse connections
LogInit:  - MaxHostConnections = 16  - Libcurl will limit the number of connections to a host
LogInit:  - LocalHostAddr = Default
LogInit:  - BufferSize = 65536
LogOnline: OSS: Creating online subsystem instance for: NULL
LogInit: WinSock: version 1.1 (2.2), MaxSocks=32767, MaxUdp=65467
LogOnline: OSS: TryLoadSubsystemAndSetDefault: Loaded subsystem for module [NULL]
LogOculusPluginWrapper: OculusPlugin initialized successfully
LogHMD: Failed initializing OVRPlugin 1.59.0
LogInit: Build: ++UE4+Release-4.27-CL-18319896
LogInit: Engine Version: 4.27.2-18319896+++UE4+Release-4.27
LogInit: Compatible Engine Version: 4.27.0-17155196+++UE4+Release-4.27
LogInit: Net CL: 17155196
LogInit: OS: Windows 10 (Release 2009) (), CPU: AMD Ryzen 9 5900X 12-Core Processor            , GPU: AMD Radeon RX 6600 XT
LogInit: Compiled (64-bit): Nov 30 2021 07:12:08
LogInit: Compiled with Visual C++: 19.24.28315.00
LogInit: Build Configuration: Development
LogInit: Branch Name: ++UE4+Release-4.27
LogInit: Command Line: 
LogInit: Base Directory: G:/Unreal Engine/UE_4.27/Engine/Binaries/Win64/
LogInit: Allocator: TBB
LogInit: Installed Engine Build: 1
LogDevObjectVersion: Number of dev versions registered: 29
LogDevObjectVersion:   Dev-Blueprints (B0D832E4-1F89-4F0D-ACCF-7EB736FD4AA2): 10
LogDevObjectVersion:   Dev-Build (E1C64328-A22C-4D53-A36C-8E866417BD8C): 0
LogDevObjectVersion:   Dev-Core (375EC13C-06E4-48FB-B500-84F0262A717E): 4
LogDevObjectVersion:   Dev-Editor (E4B068ED-F494-42E9-A231-DA0B2E46BB41): 40
LogDevObjectVersion:   Dev-Framework (CFFC743F-43B0-4480-9391-14DF171D2073): 37
LogDevObjectVersion:   Dev-Mobile (B02B49B5-BB20-44E9-A304-32B752E40360): 3
LogDevObjectVersion:   Dev-Networking (A4E4105C-59A1-49B5-A7C5-40C4547EDFEE): 0
LogDevObjectVersion:   Dev-Online (39C831C9-5AE6-47DC-9A44-9C173E1C8E7C): 0
LogDevObjectVersion:   Dev-Physics (78F01B33-EBEA-4F98-B9B4-84EACCB95AA2): 14
LogDevObjectVersion:   Dev-Platform (6631380F-2D4D-43E0-8009-CF276956A95A): 0
LogDevObjectVersion:   Dev-Rendering (12F88B9F-8875-4AFC-A67C-D90C383ABD29): 45
LogDevObjectVersion:   Dev-Sequencer (7B5AE74C-D270-4C10-A958-57980B212A5A): 13
LogDevObjectVersion:   Dev-VR (D7296918-1DD6-4BDD-9DE2-64A83CC13884): 3
LogDevObjectVersion:   Dev-LoadTimes (C2A15278-BFE7-4AFE-6C17-90FF531DF755): 1
LogDevObjectVersion:   Private-Geometry (6EACA3D4-40EC-4CC1-B786-8BED09428FC5): 3
LogDevObjectVersion:   Dev-AnimPhys (29E575DD-E0A3-4627-9D10-D276232CDCEA): 17
LogDevObjectVersion:   Dev-Anim (AF43A65D-7FD3-4947-9873-3E8ED9C1BB05): 15
LogDevObjectVersion:   Dev-ReflectionCapture (6B266CEC-1EC7-4B8F-A30B-E4D90942FC07): 1
LogDevObjectVersion:   Dev-Automation (0DF73D61-A23F-47EA-B727-89E90C41499A): 1
LogDevObjectVersion:   FortniteMain (601D1886-AC64-4F84-AA16-D3DE0DEAC7D6): 47
LogDevObjectVersion:   FortniteRelease (E7086368-6B23-4C58-8439-1B7016265E91): 1
LogDevObjectVersion:   Dev-Enterprise (9DFFBCD6-494F-0158-E221-12823C92A888): 10
LogDevObjectVersion:   Dev-Niagara (F2AED0AC-9AFE-416F-8664-AA7FFA26D6FC): 1
LogDevObjectVersion:   Dev-Destruction (174F1F0B-B4C6-45A5-B13F-2EE8D0FB917D): 10
LogDevObjectVersion:   Dev-Physics-Ext (35F94A83-E258-406C-A318-09F59610247C): 41
LogDevObjectVersion:   Dev-PhysicsMaterial-Chaos (B68FC16E-8B1B-42E2-B453-215C058844FE): 1
LogDevObjectVersion:   Dev-CineCamera (B2E18506-4273-CFC2-A54E-F4BB758BBA07): 1
LogDevObjectVersion:   Dev-VirtualProduction (64F58936-FD1B-42BA-BA96-7289D5D0FA4E): 1
LogDevObjectVersion:   Dev-MediaFramework (6F0ED827-A609-4895-9C91-998D90180EA4): 2
LogInit: Presizing for max 25165824 objects, including 0 objects not considered by GC, pre-allocating 0 bytes for permanent pool.
LogConfig: Applying CVar settings from Section [/Script/Engine.StreamingSettings] File [G:/Git_Horizontally Scrolling Shooter Repository/UE4_Portfolio2_SL/UE4_Portfolio2_SL/Saved/Config/Windows/Engine.ini]
LogConfig: Setting CVar [[s.MinBulkDataSizeForAsyncLoading:131072]]
LogConfig: Setting CVar [[s.AsyncLoadingThreadEnabled:0]]
LogConfig: Setting CVar [[s.EventDrivenLoaderEnabled:1]]
LogConfig: Setting CVar [[s.WarnIfTimeLimitExceeded:0]]
LogConfig: Setting CVar [[s.TimeLimitExceededMultiplier:1.5]]
LogConfig: Setting CVar [[s.TimeLimitExceededMinTime:0.005]]
LogConfig: Setting CVar [[s.UseBackgroundLevelStreaming:1]]
LogConfig: Setting CVar [[s.PriorityAsyncLoadingExtraTime:15.0]]
LogConfig: Setting CVar [[s.LevelStreamingActorsUpdateTimeLimit:5.0]]
LogConfig: Setting CVar [[s.PriorityLevelStreamingActorsUpdateExtraTime:5.0]]
LogConfig: Setting CVar [[s.LevelStreamingComponentsRegistrationGranularity:10]]
LogConfig: Setting CVar [[s.UnregisterComponentsTimeLimit:1.0]]
LogConfig: Setting CVar [[s.LevelStreamingComponentsUnregistrationGranularity:5]]
LogConfig: Setting CVar [[s.FlushStreamingOnExit:1]]
LogInit: Object subsystem initialized
LogConfig: Setting CVar [[con.DebugEarlyDefault:1]]
LogConfig: Setting CVar [[r.setres:1280x720]]
[2023.01.08-22.18.53:787][  0]LogConfig: Setting CVar [[r.VSync:0]]
[2023.01.08-22.18.53:787][  0]LogConfig: Setting CVar [[r.RHICmdBypass:0]]
[2023.01.08-22.18.53:787][  0]LogConfig: Applying CVar settings from Section [/Script/Engine.RendererSettings] File [G:/Git_Horizontally Scrolling Shooter Repository/UE4_Portfolio2_SL/UE4_Portfolio2_SL/Saved/Config/Windows/Engine.ini]
[2023.01.08-22.18.53:787][  0]LogConfig: Setting CVar [[r.GPUCrashDebugging:0]]
[2023.01.08-22.18.53:787][  0]LogConfig: Applying CVar settings from Section [/Script/Engine.RendererOverrideSettings] File [G:/Git_Horizontally Scrolling Shooter Repository/UE4_Portfolio2_SL/UE4_Portfolio2_SL/Saved/Config/Windows/Engine.ini]
[2023.01.08-22.18.53:787][  0]LogConfig: Applying CVar settings from Section [/Script/Engine.StreamingSettings] File [G:/Git_Horizontally Scrolling Shooter Repository/UE4_Portfolio2_SL/UE4_Portfolio2_SL/Saved/Config/Windows/Engine.ini]
[2023.01.08-22.18.53:787][  0]LogConfig: Setting CVar [[s.MinBulkDataSizeForAsyncLoading:131072]]
[2023.01.08-22.18.53:787][  0]LogConfig: Setting CVar [[s.AsyncLoadingThreadEnabled:0]]
[2023.01.08-22.18.53:787][  0]LogConfig: Setting CVar [[s.EventDrivenLoaderEnabled:1]]
[2023.01.08-22.18.53:787][  0]LogConfig: Setting CVar [[s.WarnIfTimeLimitExceeded:0]]
[2023.01.08-22.18.53:787][  0]LogConfig: Setting CVar [[s.TimeLimitExceededMultiplier:1.5]]
[2023.01.08-22.18.53:787][  0]LogConfig: Setting CVar [[s.TimeLimitExceededMinTime:0.005]]
[2023.01.08-22.18.53:787][  0]LogConfig: Setting CVar [[s.UseBackgroundLevelStreaming:1]]
[2023.01.08-22.18.53:787][  0]LogConfig: Setting CVar [[s.PriorityAsyncLoadingExtraTime:15.0]]
[2023.01.08-22.18.53:787][  0]LogConfig: Setting CVar [[s.LevelStreamingActorsUpdateTimeLimit:5.0]]
[2023.01.08-22.18.53:787][  0]LogConfig: Setting CVar [[s.PriorityLevelStreamingActorsUpdateExtraTime:5.0]]
[2023.01.08-22.18.53:787][  0]LogConfig: Setting CVar [[s.LevelStreamingComponentsRegistrationGranularity:10]]
[2023.01.08-22.18.53:787][  0]LogConfig: Setting CVar [[s.UnregisterComponentsTimeLimit:1.0]]
[2023.01.08-22.18.53:787][  0]LogConfig: Setting CVar [[s.LevelStreamingComponentsUnregistrationGranularity:5]]
[2023.01.08-22.18.53:787][  0]LogConfig: Setting CVar [[s.FlushStreamingOnExit:1]]
[2023.01.08-22.18.53:787][  0]LogConfig: Applying CVar settings from Section [/Script/Engine.GarbageCollectionSettings] File [G:/Git_Horizontally Scrolling Shooter Repository/UE4_Portfolio2_SL/UE4_Portfolio2_SL/Saved/Config/Windows/Engine.ini]
[2023.01.08-22.18.53:787][  0]LogConfig: Setting CVar [[gc.MaxObjectsNotConsideredByGC:1]]
[2023.01.08-22.18.53:787][  0]LogConfig: Setting CVar [[gc.SizeOfPermanentObjectPool:0]]
[2023.01.08-22.18.53:787][  0]LogConfig: Setting CVar [[gc.FlushStreamingOnGC:0]]
[2023.01.08-22.18.53:787][  0]LogConfig: Setting CVar [[gc.NumRetriesBeforeForcingGC:10]]
[2023.01.08-22.18.53:787][  0]LogConfig: Setting CVar [[gc.AllowParallelGC:1]]
[2023.01.08-22.18.53:787][  0]LogConfig: Setting CVar [[gc.TimeBetweenPurgingPendingKillObjects:61.1]]
[2023.01.08-22.18.53:787][  0]LogConfig: Setting CVar [[gc.MaxObjectsInEditor:25165824]]
[2023.01.08-22.18.53:787][  0]LogConfig: Setting CVar [[gc.IncrementalBeginDestroyEnabled:1]]
[2023.01.08-22.18.53:787][  0]LogConfig: Setting CVar [[gc.CreateGCClusters:1]]
[2023.01.08-22.18.53:787][  0]LogConfig: Setting CVar [[gc.MinGCClusterSize:5]]
[2023.01.08-22.18.53:788][  0]LogConfig: Setting CVar [[gc.ActorClusteringEnabled:0]]
[2023.01.08-22.18.53:788][  0]LogConfig: Setting CVar [[gc.BlueprintClusteringEnabled:0]]
[2023.01.08-22.18.53:788][  0]LogConfig: Setting CVar [[gc.UseDisregardForGCOnDedicatedServers:0]]
[2023.01.08-22.18.53:788][  0]LogConfig: Setting CVar [[gc.MultithreadedDestructionEnabled:1]]
[2023.01.08-22.18.53:788][  0]LogConfig: Applying CVar settings from Section [/Script/Engine.NetworkSettings] File [G:/Git_Horizontally Scrolling Shooter Repository/UE4_Portfolio2_SL/UE4_Portfolio2_SL/Saved/Config/Windows/Engine.ini]
[2023.01.08-22.18.53:788][  0]LogConfig: Applying CVar settings from Section [/Script/UnrealEd.CookerSettings] File [G:/Git_Horizontally Scrolling Shooter Repository/UE4_Portfolio2_SL/UE4_Portfolio2_SL/Saved/Config/Windows/Engine.ini]
[2023.01.08-22.18.53:805][  0]LogConfig: Applying CVar settings from Section [ViewDistanceQuality@3] File [G:/Git_Horizontally Scrolling Shooter Repository/UE4_Portfolio2_SL/UE4_Portfolio2_SL/Saved/Config/Windows/Scalability.ini]
[2023.01.08-22.18.53:805][  0]LogConfig: Setting CVar [[r.SkeletalMeshLODBias:0]]
[2023.01.08-22.18.53:805][  0]LogConfig: Setting CVar [[r.ViewDistanceScale:1.0]]
[2023.01.08-22.18.53:805][  0]LogConfig: Applying CVar settings from Section [AntiAliasingQuality@3] File [G:/Git_Horizontally Scrolling Shooter Repository/UE4_Portfolio2_SL/UE4_Portfolio2_SL/Saved/Config/Windows/Scalability.ini]
[2023.01.08-22.18.53:805][  0]LogConfig: Setting CVar [[r.PostProcessAAQuality:4]]
[2023.01.08-22.18.53:805][  0]LogConfig: Applying CVar settings from Section [ShadowQuality@3] File [G:/Git_Horizontally Scrolling Shooter Repository/UE4_Portfolio2_SL/UE4_Portfolio2_SL/Saved/Config/Windows/Scalability.ini]
[2023.01.08-22.18.53:805][  0]LogConfig: Setting CVar [[r.LightFunctionQuality:1]]
[2023.01.08-22.18.53:805][  0]LogConfig: Setting CVar [[r.ShadowQuality:5]]
[2023.01.08-22.18.53:805][  0]LogConfig: Setting CVar [[r.Shadow.CSM.MaxCascades:10]]
[2023.01.08-22.18.53:805][  0]LogConfig: Setting CVar [[r.Shadow.MaxResolution:2048]]
[2023.01.08-22.18.53:805][  0]LogConfig: Setting CVar [[r.Shadow.MaxCSMResolution:2048]]
[2023.01.08-22.18.53:805][  0]LogConfig: Setting CVar [[r.Shadow.RadiusThreshold:0.01]]
[2023.01.08-22.18.53:805][  0]LogConfig: Setting CVar [[r.Shadow.DistanceScale:1.0]]
[2023.01.08-22.18.53:805][  0]LogConfig: Setting CVar [[r.Shadow.CSM.TransitionScale:1.0]]
[2023.01.08-22.18.53:805][  0]LogConfig: Setting CVar [[r.Shadow.PreShadowResolutionFactor:1.0]]
[2023.01.08-22.18.53:805][  0]LogConfig: Setting CVar [[r.DistanceFieldShadowing:1]]
[2023.01.08-22.18.53:805][  0]LogConfig: Setting CVar [[r.DistanceFieldAO:1]]
[2023.01.08-22.18.53:805][  0]LogConfig: Setting CVar [[r.AOQuality:2]]
[2023.01.08-22.18.53:805][  0]LogConfig: Setting CVar [[r.VolumetricFog:1]]
[2023.01.08-22.18.53:805][  0]LogConfig: Setting CVar [[r.VolumetricFog.GridPixelSize:8]]
[2023.01.08-22.18.53:805][  0]LogConfig: Setting CVar [[r.VolumetricFog.GridSizeZ:128]]
[2023.01.08-22.18.53:805][  0]LogConfig: Setting CVar [[r.VolumetricFog.HistoryMissSupersampleCount:4]]
[2023.01.08-22.18.53:805][  0]LogConfig: Setting CVar [[r.LightMaxDrawDistanceScale:1]]
[2023.01.08-22.18.53:805][  0]LogConfig: Setting CVar [[r.CapsuleShadows:1]]
[2023.01.08-22.18.53:805][  0]LogConfig: Applying CVar settings from Section [PostProcessQuality@3] File [G:/Git_Horizontally Scrolling Shooter Repository/UE4_Portfolio2_SL/UE4_Portfolio2_SL/Saved/Config/Windows/Scalability.ini]
[2023.01.08-22.18.53:805][  0]LogConfig: Setting CVar [[r.MotionBlurQuality:4]]
[2023.01.08-22.18.53:805][  0]LogConfig: Setting CVar [[r.AmbientOcclusionMipLevelFactor:0.4]]
[2023.01.08-22.18.53:805][  0]LogConfig: Setting CVar [[r.AmbientOcclusionMaxQuality:100]]
[2023.01.08-22.18.53:805][  0]LogConfig: Setting CVar [[r.AmbientOcclusionLevels:-1]]
[2023.01.08-22.18.53:805][  0]LogConfig: Setting CVar [[r.AmbientOcclusionRadiusScale:1.0]]
[2023.01.08-22.18.53:805][  0]LogConfig: Setting CVar [[r.DepthOfFieldQuality:2]]
[2023.01.08-22.18.53:805][  0]LogConfig: Setting CVar [[r.RenderTargetPoolMin:400]]
[2023.01.08-22.18.53:805][  0]LogConfig: Setting CVar [[r.LensFlareQuality:2]]
[2023.01.08-22.18.53:805][  0]LogConfig: Setting CVar [[r.SceneColorFringeQuality:1]]
[2023.01.08-22.18.53:805][  0]LogConfig: Setting CVar [[r.EyeAdaptationQuality:2]]
[2023.01.08-22.18.53:805][  0]LogConfig: Setting CVar [[r.BloomQuality:5]]
[2023.01.08-22.18.53:805][  0]LogConfig: Setting CVar [[r.FastBlurThreshold:100]]
[2023.01.08-22.18.53:806][  0]LogConfig: Setting CVar [[r.Upscale.Quality:3]]
[2023.01.08-22.18.53:806][  0]LogConfig: Setting CVar [[r.Tonemapper.GrainQuantization:1]]
[2023.01.08-22.18.53:806][  0]LogConfig: Setting CVar [[r.LightShaftQuality:1]]
[2023.01.08-22.18.53:806][  0]LogConfig: Setting CVar [[r.Filter.SizeScale:1]]
[2023.01.08-22.18.53:806][  0]LogConfig: Setting CVar [[r.Tonemapper.Quality:5]]
[2023.01.08-22.18.53:806][  0]LogConfig: Setting CVar [[r.DOF.Gather.AccumulatorQuality:1        ; higher gathering accumulator quality]]
[2023.01.08-22.18.53:806][  0]LogConfig: Setting CVar [[r.DOF.Gather.PostfilterMethod:1          ; Median3x3 postfilering method]]
[2023.01.08-22.18.53:806][  0]LogConfig: Setting CVar [[r.DOF.Gather.EnableBokehSettings:0       ; no bokeh simulation when gathering]]
[2023.01.08-22.18.53:806][  0]LogConfig: Setting CVar [[r.DOF.Gather.RingCount:4                 ; medium number of samples when gathering]]
[2023.01.08-22.18.53:806][  0]LogConfig: Setting CVar [[r.DOF.Scatter.ForegroundCompositing:1    ; additive foreground scattering]]
[2023.01.08-22.18.53:806][  0]LogConfig: Setting CVar [[r.DOF.Scatter.BackgroundCompositing:2    ; additive background scattering]]
[2023.01.08-22.18.53:806][  0]LogConfig: Setting CVar [[r.DOF.Scatter.EnableBokehSettings:1      ; bokeh simulation when scattering]]
[2023.01.08-22.18.53:806][  0]LogConfig: Setting CVar [[r.DOF.Scatter.MaxSpriteRatio:0.1         ; only a maximum of 10% of scattered bokeh]]
[2023.01.08-22.18.53:806][  0]LogConfig: Setting CVar [[r.DOF.Recombine.Quality:1                ; cheap slight out of focus]]
[2023.01.08-22.18.53:806][  0]LogConfig: Setting CVar [[r.DOF.Recombine.EnableBokehSettings:0    ; no bokeh simulation on slight out of focus]]
[2023.01.08-22.18.53:806][  0]LogConfig: Setting CVar [[r.DOF.TemporalAAQuality:1                ; more stable temporal accumulation]]
[2023.01.08-22.18.53:806][  0]LogConfig: Setting CVar [[r.DOF.Kernel.MaxForegroundRadius:0.025]]
[2023.01.08-22.18.53:806][  0]LogConfig: Setting CVar [[r.DOF.Kernel.MaxBackgroundRadius:0.025]]
[2023.01.08-22.18.53:806][  0]LogConfig: Applying CVar settings from Section [TextureQuality@3] File [G:/Git_Horizontally Scrolling Shooter Repository/UE4_Portfolio2_SL/UE4_Portfolio2_SL/Saved/Config/Windows/Scalability.ini]
[2023.01.08-22.18.53:806][  0]LogConfig: Setting CVar [[r.Streaming.MipBias:0]]
[2023.01.08-22.18.53:806][  0]LogConfig: Setting CVar [[r.Streaming.AmortizeCPUToGPUCopy:0]]
[2023.01.08-22.18.53:806][  0]LogConfig: Setting CVar [[r.Streaming.MaxNumTexturesToStreamPerFrame:0]]
[2023.01.08-22.18.53:806][  0]LogConfig: Setting CVar [[r.Streaming.Boost:1]]
[2023.01.08-22.18.53:806][  0]LogConfig: Setting CVar [[r.MaxAnisotropy:8]]
[2023.01.08-22.18.53:806][  0]LogConfig: Setting CVar [[r.VT.MaxAnisotropy:8]]
[2023.01.08-22.18.53:806][  0]LogConfig: Setting CVar [[r.Streaming.LimitPoolSizeToVRAM:0]]
[2023.01.08-22.18.53:806][  0]LogConfig: Setting CVar [[r.Streaming.PoolSize:1000]]
[2023.01.08-22.18.53:806][  0]LogConfig: Setting CVar [[r.Streaming.MaxEffectiveScreenSize:0]]
[2023.01.08-22.18.53:806][  0]LogConfig: Applying CVar settings from Section [EffectsQuality@3] File [G:/Git_Horizontally Scrolling Shooter Repository/UE4_Portfolio2_SL/UE4_Portfolio2_SL/Saved/Config/Windows/Scalability.ini]
[2023.01.08-22.18.53:806][  0]LogConfig: Setting CVar [[r.TranslucencyLightingVolumeDim:64]]
[2023.01.08-22.18.53:806][  0]LogConfig: Setting CVar [[r.RefractionQuality:2]]
[2023.01.08-22.18.53:806][  0]LogConfig: Setting CVar [[r.SSR.Quality:3]]
[2023.01.08-22.18.53:806][  0]LogConfig: Setting CVar [[r.SSR.HalfResSceneColor:0]]
[2023.01.08-22.18.53:806][  0]LogConfig: Setting CVar [[r.SceneColorFormat:4]]
[2023.01.08-22.18.53:806][  0]LogConfig: Setting CVar [[r.DetailMode:2]]
[2023.01.08-22.18.53:806][  0]LogConfig: Setting CVar [[r.TranslucencyVolumeBlur:1]]
[2023.01.08-22.18.53:806][  0]LogConfig: Setting CVar [[r.MaterialQualityLevel:1 ; High quality]]
[2023.01.08-22.18.53:806][  0]LogConfig: Setting CVar [[r.AnisotropicMaterials:1]]
[2023.01.08-22.18.53:806][  0]LogConfig: Setting CVar [[r.SSS.Scale:1]]
[2023.01.08-22.18.53:806][  0]LogConfig: Setting CVar [[r.SSS.SampleSet:2]]
[2023.01.08-22.18.53:806][  0]LogConfig: Setting CVar [[r.SSS.Quality:1]]
[2023.01.08-22.18.53:806][  0]LogConfig: Setting CVar [[r.SSS.HalfRes:0]]
[2023.01.08-22.18.53:806][  0]LogConfig: Setting CVar [[r.SSGI.Quality:3]]
[2023.01.08-22.18.53:806][  0]LogConfig: Setting CVar [[r.EmitterSpawnRateScale:1.0]]
[2023.01.08-22.18.53:806][  0]LogConfig: Setting CVar [[r.ParticleLightQuality:2]]
[2023.01.08-22.18.53:806][  0]LogConfig: Setting CVar [[r.SkyAtmosphere.AerialPerspectiveLUT.FastApplyOnOpaque:1 ; Always have FastSkyLUT 1 in this case to avoid wrong sky]]
[2023.01.08-22.18.53:806][  0]LogConfig: Setting CVar [[r.SkyAtmosphere.AerialPerspectiveLUT.SampleCountMaxPerSlice:4]]
[2023.01.08-22.18.53:806][  0]LogConfig: Setting CVar [[r.SkyAtmosphere.AerialPerspectiveLUT.DepthResolution:16.0]]
[2023.01.08-22.18.53:806][  0]LogConfig: Setting CVar [[r.SkyAtmosphere.FastSkyLUT:1]]
[2023.01.08-22.18.53:806][  0]LogConfig: Setting CVar [[r.SkyAtmosphere.FastSkyLUT.SampleCountMin:4.0]]
[2023.01.08-22.18.53:806][  0]LogConfig: Setting CVar [[r.SkyAtmosphere.FastSkyLUT.SampleCountMax:128.0]]
[2023.01.08-22.18.53:806][  0]LogConfig: Setting CVar [[r.SkyAtmosphere.SampleCountMin:4.0]]
[2023.01.08-22.18.53:806][  0]LogConfig: Setting CVar [[r.SkyAtmosphere.SampleCountMax:128.0]]
[2023.01.08-22.18.53:806][  0]LogConfig: Setting CVar [[r.SkyAtmosphere.TransmittanceLUT.UseSmallFormat:0]]
[2023.01.08-22.18.53:806][  0]LogConfig: Setting CVar [[r.SkyAtmosphere.TransmittanceLUT.SampleCount:10.0]]
[2023.01.08-22.18.53:806][  0]LogConfig: Setting CVar [[r.SkyAtmosphere.MultiScatteringLUT.SampleCount:15.0]]
[2023.01.08-22.18.53:806][  0]LogConfig: Setting CVar [[r.SkyLight.RealTimeReflectionCapture:1]]
[2023.01.08-22.18.53:806][  0]LogConfig: Applying CVar settings from Section [FoliageQuality@3] File [G:/Git_Horizontally Scrolling Shooter Repository/UE4_Portfolio2_SL/UE4_Portfolio2_SL/Saved/Config/Windows/Scalability.ini]
[2023.01.08-22.18.53:806][  0]LogConfig: Setting CVar [[foliage.DensityScale:1.0]]
[2023.01.08-22.18.53:806][  0]LogConfig: Setting CVar [[grass.DensityScale:1.0]]
[2023.01.08-22.18.53:806][  0]LogConfig: Applying CVar settings from Section [ShadingQuality@3] File [G:/Git_Horizontally Scrolling Shooter Repository/UE4_Portfolio2_SL/UE4_Portfolio2_SL/Saved/Config/Windows/Scalability.ini]
[2023.01.08-22.18.53:806][  0]LogConfig: Setting CVar [[r.HairStrands.SkyLighting.IntegrationType:2]]
[2023.01.08-22.18.53:806][  0]LogConfig: Setting CVar [[r.HairStrands.SkyAO.SampleCount:4]]
[2023.01.08-22.18.53:806][  0]LogConfig: Setting CVar [[r.HairStrands.Visibility.MSAA.SamplePerPixel:4]]
[2023.01.08-22.18.53:806][  0]LogInit: Selected Device Profile: [Windows]
[2023.01.08-22.18.53:806][  0]LogInit: Applying CVar settings loaded from the selected device profile: [Windows]
[2023.01.08-22.18.53:806][  0]LogHAL: Display: Platform has ~ 64 GB [68629602304 / 68719476736 / 64], which maps to Largest [LargestMinGB=32, LargerMinGB=12, DefaultMinGB=8, SmallerMinGB=6, SmallestMinGB=0)
[2023.01.08-22.18.53:806][  0]LogInit: Going up to parent DeviceProfile []
[2023.01.08-22.18.53:806][  0]LogConfig: Applying CVar settings from Section [ViewDistanceQuality@3] File [G:/Git_Horizontally Scrolling Shooter Repository/UE4_Portfolio2_SL/UE4_Portfolio2_SL/Saved/Config/Windows/Scalability.ini]
[2023.01.08-22.18.53:806][  0]LogConfig: Setting CVar [[r.SkeletalMeshLODBias:0]]
[2023.01.08-22.18.53:806][  0]LogConfig: Setting CVar [[r.ViewDistanceScale:1.0]]
[2023.01.08-22.18.53:806][  0]LogConfig: Applying CVar settings from Section [AntiAliasingQuality@3] File [G:/Git_Horizontally Scrolling Shooter Repository/UE4_Portfolio2_SL/UE4_Portfolio2_SL/Saved/Config/Windows/Scalability.ini]
[2023.01.08-22.18.53:806][  0]LogConfig: Setting CVar [[r.PostProcessAAQuality:4]]
[2023.01.08-22.18.53:806][  0]LogConfig: Applying CVar settings from Section [ShadowQuality@3] File [G:/Git_Horizontally Scrolling Shooter Repository/UE4_Portfolio2_SL/UE4_Portfolio2_SL/Saved/Config/Windows/Scalability.ini]
[2023.01.08-22.18.53:806][  0]LogConfig: Setting CVar [[r.LightFunctionQuality:1]]
[2023.01.08-22.18.53:806][  0]LogConfig: Setting CVar [[r.ShadowQuality:5]]
[2023.01.08-22.18.53:806][  0]LogConfig: Setting CVar [[r.Shadow.CSM.MaxCascades:10]]
[2023.01.08-22.18.53:806][  0]LogConfig: Setting CVar [[r.Shadow.MaxResolution:2048]]
[2023.01.08-22.18.53:806][  0]LogConfig: Setting CVar [[r.Shadow.MaxCSMResolution:2048]]
[2023.01.08-22.18.53:806][  0]LogConfig: Setting CVar [[r.Shadow.RadiusThreshold:0.01]]
[2023.01.08-22.18.53:806][  0]LogConfig: Setting CVar [[r.Shadow.DistanceScale:1.0]]
[2023.01.08-22.18.53:806][  0]LogConfig: Setting CVar [[r.Shadow.CSM.TransitionScale:1.0]]
[2023.01.08-22.18.53:806][  0]LogConfig: Setting CVar [[r.Shadow.PreShadowResolutionFactor:1.0]]
[2023.01.08-22.18.53:806][  0]LogConfig: Setting CVar [[r.DistanceFieldShadowing:1]]
[2023.01.08-22.18.53:806][  0]LogConfig: Setting CVar [[r.DistanceFieldAO:1]]
[2023.01.08-22.18.53:806][  0]LogConfig: Setting CVar [[r.AOQuality:2]]
[2023.01.08-22.18.53:806][  0]LogConfig: Setting CVar [[r.VolumetricFog:1]]
[2023.01.08-22.18.53:806][  0]LogConfig: Setting CVar [[r.VolumetricFog.GridPixelSize:8]]
[2023.01.08-22.18.53:806][  0]LogConfig: Setting CVar [[r.VolumetricFog.GridSizeZ:128]]
[2023.01.08-22.18.53:806][  0]LogConfig: Setting CVar [[r.VolumetricFog.HistoryMissSupersampleCount:4]]
[2023.01.08-22.18.53:806][  0]LogConfig: Setting CVar [[r.LightMaxDrawDistanceScale:1]]
[2023.01.08-22.18.53:806][  0]LogConfig: Setting CVar [[r.CapsuleShadows:1]]
[2023.01.08-22.18.53:806][  0]LogConfig: Applying CVar settings from Section [PostProcessQuality@3] File [G:/Git_Horizontally Scrolling Shooter Repository/UE4_Portfolio2_SL/UE4_Portfolio2_SL/Saved/Config/Windows/Scalability.ini]
[2023.01.08-22.18.53:806][  0]LogConfig: Setting CVar [[r.MotionBlurQuality:4]]
[2023.01.08-22.18.53:806][  0]LogConfig: Setting CVar [[r.AmbientOcclusionMipLevelFactor:0.4]]
[2023.01.08-22.18.53:806][  0]LogConfig: Setting CVar [[r.AmbientOcclusionMaxQuality:100]]
[2023.01.08-22.18.53:806][  0]LogConfig: Setting CVar [[r.AmbientOcclusionLevels:-1]]
[2023.01.08-22.18.53:806][  0]LogConfig: Setting CVar [[r.AmbientOcclusionRadiusScale:1.0]]
[2023.01.08-22.18.53:806][  0]LogConfig: Setting CVar [[r.DepthOfFieldQuality:2]]
[2023.01.08-22.18.53:806][  0]LogConfig: Setting CVar [[r.RenderTargetPoolMin:400]]
[2023.01.08-22.18.53:806][  0]LogConfig: Setting CVar [[r.LensFlareQuality:2]]
[2023.01.08-22.18.53:806][  0]LogConfig: Setting CVar [[r.SceneColorFringeQuality:1]]
[2023.01.08-22.18.53:806][  0]LogConfig: Setting CVar [[r.EyeAdaptationQuality:2]]
[2023.01.08-22.18.53:806][  0]LogConfig: Setting CVar [[r.BloomQuality:5]]
[2023.01.08-22.18.53:806][  0]LogConfig: Setting CVar [[r.FastBlurThreshold:100]]
[2023.01.08-22.18.53:806][  0]LogConfig: Setting CVar [[r.Upscale.Quality:3]]
[2023.01.08-22.18.53:806][  0]LogConfig: Setting CVar [[r.Tonemapper.GrainQuantization:1]]
[2023.01.08-22.18.53:806][  0]LogConfig: Setting CVar [[r.LightShaftQuality:1]]
[2023.01.08-22.18.53:806][  0]LogConfig: Setting CVar [[r.Filter.SizeScale:1]]
[2023.01.08-22.18.53:806][  0]LogConfig: Setting CVar [[r.Tonemapper.Quality:5]]
[2023.01.08-22.18.53:806][  0]LogConfig: Setting CVar [[r.DOF.Gather.AccumulatorQuality:1        ; higher gathering accumulator quality]]
[2023.01.08-22.18.53:806][  0]LogConfig: Setting CVar [[r.DOF.Gather.PostfilterMethod:1          ; Median3x3 postfilering method]]
[2023.01.08-22.18.53:806][  0]LogConfig: Setting CVar [[r.DOF.Gather.EnableBokehSettings:0       ; no bokeh simulation when gathering]]
[2023.01.08-22.18.53:806][  0]LogConfig: Setting CVar [[r.DOF.Gather.RingCount:4                 ; medium number of samples when gathering]]
[2023.01.08-22.18.53:806][  0]LogConfig: Setting CVar [[r.DOF.Scatter.ForegroundCompositing:1    ; additive foreground scattering]]
[2023.01.08-22.18.53:806][  0]LogConfig: Setting CVar [[r.DOF.Scatter.BackgroundCompositing:2    ; additive background scattering]]
[2023.01.08-22.18.53:806][  0]LogConfig: Setting CVar [[r.DOF.Scatter.EnableBokehSettings:1      ; bokeh simulation when scattering]]
[2023.01.08-22.18.53:806][  0]LogConfig: Setting CVar [[r.DOF.Scatter.MaxSpriteRatio:0.1         ; only a maximum of 10% of scattered bokeh]]
[2023.01.08-22.18.53:806][  0]LogConfig: Setting CVar [[r.DOF.Recombine.Quality:1                ; cheap slight out of focus]]
[2023.01.08-22.18.53:806][  0]LogConfig: Setting CVar [[r.DOF.Recombine.EnableBokehSettings:0    ; no bokeh simulation on slight out of focus]]
[2023.01.08-22.18.53:806][  0]LogConfig: Setting CVar [[r.DOF.TemporalAAQuality:1                ; more stable temporal accumulation]]
[2023.01.08-22.18.53:806][  0]LogConfig: Setting CVar [[r.DOF.Kernel.MaxForegroundRadius:0.025]]
[2023.01.08-22.18.53:806][  0]LogConfig: Setting CVar [[r.DOF.Kernel.MaxBackgroundRadius:0.025]]
[2023.01.08-22.18.53:806][  0]LogConfig: Applying CVar settings from Section [TextureQuality@3] File [G:/Git_Horizontally Scrolling Shooter Repository/UE4_Portfolio2_SL/UE4_Portfolio2_SL/Saved/Config/Windows/Scalability.ini]
[2023.01.08-22.18.53:806][  0]LogConfig: Setting CVar [[r.Streaming.MipBias:0]]
[2023.01.08-22.18.53:806][  0]LogConfig: Setting CVar [[r.Streaming.AmortizeCPUToGPUCopy:0]]
[2023.01.08-22.18.53:806][  0]LogConfig: Setting CVar [[r.Streaming.MaxNumTexturesToStreamPerFrame:0]]
[2023.01.08-22.18.53:806][  0]LogConfig: Setting CVar [[r.Streaming.Boost:1]]
[2023.01.08-22.18.53:806][  0]LogConfig: Setting CVar [[r.MaxAnisotropy:8]]
[2023.01.08-22.18.53:807][  0]LogConfig: Setting CVar [[r.VT.MaxAnisotropy:8]]
[2023.01.08-22.18.53:807][  0]LogConfig: Setting CVar [[r.Streaming.LimitPoolSizeToVRAM:0]]
[2023.01.08-22.18.53:807][  0]LogConfig: Setting CVar [[r.Streaming.PoolSize:1000]]
[2023.01.08-22.18.53:807][  0]LogConfig: Setting CVar [[r.Streaming.MaxEffectiveScreenSize:0]]
[2023.01.08-22.18.53:807][  0]LogConfig: Applying CVar settings from Section [EffectsQuality@3] File [G:/Git_Horizontally Scrolling Shooter Repository/UE4_Portfolio2_SL/UE4_Portfolio2_SL/Saved/Config/Windows/Scalability.ini]
[2023.01.08-22.18.53:807][  0]LogConfig: Setting CVar [[r.TranslucencyLightingVolumeDim:64]]
[2023.01.08-22.18.53:807][  0]LogConfig: Setting CVar [[r.RefractionQuality:2]]
[2023.01.08-22.18.53:807][  0]LogConfig: Setting CVar [[r.SSR.Quality:3]]
[2023.01.08-22.18.53:807][  0]LogConfig: Setting CVar [[r.SSR.HalfResSceneColor:0]]
[2023.01.08-22.18.53:807][  0]LogConfig: Setting CVar [[r.SceneColorFormat:4]]
[2023.01.08-22.18.53:807][  0]LogConfig: Setting CVar [[r.DetailMode:2]]
[2023.01.08-22.18.53:807][  0]LogConfig: Setting CVar [[r.TranslucencyVolumeBlur:1]]
[2023.01.08-22.18.53:807][  0]LogConfig: Setting CVar [[r.MaterialQualityLevel:1 ; High quality]]
[2023.01.08-22.18.53:807][  0]LogConfig: Setting CVar [[r.AnisotropicMaterials:1]]
[2023.01.08-22.18.53:807][  0]LogConfig: Setting CVar [[r.SSS.Scale:1]]
[2023.01.08-22.18.53:807][  0]LogConfig: Setting CVar [[r.SSS.SampleSet:2]]
[2023.01.08-22.18.53:807][  0]LogConfig: Setting CVar [[r.SSS.Quality:1]]
[2023.01.08-22.18.53:807][  0]LogConfig: Setting CVar [[r.SSS.HalfRes:0]]
[2023.01.08-22.18.53:807][  0]LogConfig: Setting CVar [[r.SSGI.Quality:3]]
[2023.01.08-22.18.53:807][  0]LogConfig: Setting CVar [[r.EmitterSpawnRateScale:1.0]]
[2023.01.08-22.18.53:807][  0]LogConfig: Setting CVar [[r.ParticleLightQuality:2]]
[2023.01.08-22.18.53:807][  0]LogConfig: Setting CVar [[r.SkyAtmosphere.AerialPerspectiveLUT.FastApplyOnOpaque:1 ; Always have FastSkyLUT 1 in this case to avoid wrong sky]]
[2023.01.08-22.18.53:807][  0]LogConfig: Setting CVar [[r.SkyAtmosphere.AerialPerspectiveLUT.SampleCountMaxPerSlice:4]]
[2023.01.08-22.18.53:807][  0]LogConfig: Setting CVar [[r.SkyAtmosphere.AerialPerspectiveLUT.DepthResolution:16.0]]
[2023.01.08-22.18.53:807][  0]LogConfig: Setting CVar [[r.SkyAtmosphere.FastSkyLUT:1]]
[2023.01.08-22.18.53:807][  0]LogConfig: Setting CVar [[r.SkyAtmosphere.FastSkyLUT.SampleCountMin:4.0]]
[2023.01.08-22.18.53:807][  0]LogConfig: Setting CVar [[r.SkyAtmosphere.FastSkyLUT.SampleCountMax:128.0]]
[2023.01.08-22.18.53:807][  0]LogConfig: Setting CVar [[r.SkyAtmosphere.SampleCountMin:4.0]]
[2023.01.08-22.18.53:807][  0]LogConfig: Setting CVar [[r.SkyAtmosphere.SampleCountMax:128.0]]
[2023.01.08-22.18.53:807][  0]LogConfig: Setting CVar [[r.SkyAtmosphere.TransmittanceLUT.UseSmallFormat:0]]
[2023.01.08-22.18.53:807][  0]LogConfig: Setting CVar [[r.SkyAtmosphere.TransmittanceLUT.SampleCount:10.0]]
[2023.01.08-22.18.53:807][  0]LogConfig: Setting CVar [[r.SkyAtmosphere.MultiScatteringLUT.SampleCount:15.0]]
[2023.01.08-22.18.53:807][  0]LogConfig: Setting CVar [[r.SkyLight.RealTimeReflectionCapture:1]]
[2023.01.08-22.18.53:807][  0]LogConfig: Applying CVar settings from Section [FoliageQuality@3] File [G:/Git_Horizontally Scrolling Shooter Repository/UE4_Portfolio2_SL/UE4_Portfolio2_SL/Saved/Config/Windows/Scalability.ini]
[2023.01.08-22.18.53:807][  0]LogConfig: Setting CVar [[foliage.DensityScale:1.0]]
[2023.01.08-22.18.53:807][  0]LogConfig: Setting CVar [[grass.DensityScale:1.0]]
[2023.01.08-22.18.53:807][  0]LogConfig: Applying CVar settings from Section [ShadingQuality@3] File [G:/Git_Horizontally Scrolling Shooter Repository/UE4_Portfolio2_SL/UE4_Portfolio2_SL/Saved/Config/Windows/Scalability.ini]
[2023.01.08-22.18.53:807][  0]LogConfig: Setting CVar [[r.HairStrands.SkyLighting.IntegrationType:2]]
[2023.01.08-22.18.53:807][  0]LogConfig: Setting CVar [[r.HairStrands.SkyAO.SampleCount:4]]
[2023.01.08-22.18.53:807][  0]LogConfig: Setting CVar [[r.HairStrands.Visibility.MSAA.SamplePerPixel:4]]
[2023.01.08-22.18.53:807][  0]LogConfig: Applying CVar settings from Section [Startup] File [../../../Engine/Config/ConsoleVariables.ini]
[2023.01.08-22.18.53:807][  0]LogConfig: Setting CVar [[net.UseAdaptiveNetUpdateFrequency:0]]
[2023.01.08-22.18.53:807][  0]LogConfig: Setting CVar [[p.chaos.AllowCreatePhysxBodies:1]]
[2023.01.08-22.18.53:807][  0]LogConfig: Setting CVar [[fx.SkipVectorVMBackendOptimizations:1]]
[2023.01.08-22.18.53:807][  0]LogConfig: Applying CVar settings from Section [ConsoleVariables] File [G:/Git_Horizontally Scrolling Shooter Repository/UE4_Portfolio2_SL/UE4_Portfolio2_SL/Saved/Config/Windows/Engine.ini]
[2023.01.08-22.18.53:807][  0]LogConfig: Applying CVar settings from Section [ConsoleVariables] File [G:/Git_Horizontally Scrolling Shooter Repository/UE4_Portfolio2_SL/UE4_Portfolio2_SL/Saved/Config/Windows/Editor.ini]
[2023.01.08-22.18.53:807][  0]LogInit: Computer: DESKTOP-37S8SED
[2023.01.08-22.18.53:807][  0]LogInit: User: decja
[2023.01.08-22.18.53:807][  0]LogInit: CPU Page size=4096, Cores=12
[2023.01.08-22.18.53:807][  0]LogInit: High frequency timer resolution =10.000000 MHz
[2023.01.08-22.18.53:807][  0]LogMemory: Memory total: Physical=63.9GB (64GB approx)
[2023.01.08-22.18.53:807][  0]LogMemory: Platform Memory Stats for Windows
[2023.01.08-22.18.53:807][  0]LogMemory: Process Physical Memory: 150.18 MB used, 150.18 MB peak
[2023.01.08-22.18.53:807][  0]LogMemory: Process Virtual Memory: 128.52 MB used, 128.52 MB peak
[2023.01.08-22.18.53:807][  0]LogMemory: Physical Memory: 18203.40 MB used,  47246.89 MB free, 65450.29 MB total
[2023.01.08-22.18.53:807][  0]LogMemory: Virtual Memory: 134158920.00 MB used,  58804.41 MB free, 134217728.00 MB total
[2023.01.08-22.18.53:814][  0]LogWindows: WindowsPlatformFeatures enabled
[2023.01.08-22.18.53:837][  0]LogInit: Physics initialised using underlying interface: PhysX
[2023.01.08-22.18.53:838][  0]LogInit: Using OS detected language (ko-KR).
[2023.01.08-22.18.53:838][  0]LogInit: Using OS detected locale (ko-KR).
[2023.01.08-22.18.53:840][  0]LogTextLocalizationManager: No specific localization for 'ko-KR' exists, so the 'ko' localization will be used.
[2023.01.08-22.18.53:915][  0]LogInit: Setting process to per monitor DPI aware
[2023.01.08-22.18.53:932][  0]LogWindowsTextInputMethodSystem: Display: IME system deactivated.
[2023.01.08-22.18.53:943][  0]LogSlate: New Slate User Created.  User Index 0, Is Virtual User: 0
[2023.01.08-22.18.53:943][  0]LogSlate: Slate User Registered.  User Index 0, Is Virtual User: 0
[2023.01.08-22.18.54:109][  0]LogD3D11RHI: Loaded GFSDK_Aftermath_Lib.x64.dll
[2023.01.08-22.18.54:111][  0]LogHMD: Failed to initialize OpenVR with code 110
[2023.01.08-22.18.54:111][  0]LogD3D11RHI: D3D11 min allowed feature level: 11_0
[2023.01.08-22.18.54:111][  0]LogD3D11RHI: D3D11 max allowed feature level: 11_0
[2023.01.08-22.18.54:111][  0]LogD3D11RHI: D3D11 adapters:
[2023.01.08-22.18.54:295][  0]LogD3D11RHI:    0. 'AMD Radeon RX 6600 XT' (Feature Level 11_0)
[2023.01.08-22.18.54:295][  0]LogD3D11RHI:       8147/0/32725 MB DedicatedVideo/DedicatedSystem/SharedSystem, Outputs:2, VendorId:0x1002
[2023.01.08-22.18.54:297][  0]LogD3D11RHI:    1. 'Microsoft Basic Render Driver' (Feature Level 11_0)
[2023.01.08-22.18.54:297][  0]LogD3D11RHI:       0/0/32725 MB DedicatedVideo/DedicatedSystem/SharedSystem, Outputs:0, VendorId:0x1414
[2023.01.08-22.18.54:297][  0]LogD3D11RHI: Chosen D3D11 Adapter:
[2023.01.08-22.18.54:297][  0]LogD3D11RHI:     Description : AMD Radeon RX 6600 XT
[2023.01.08-22.18.54:297][  0]LogD3D11RHI:     VendorId    : 1002
[2023.01.08-22.18.54:297][  0]LogD3D11RHI:     DeviceId    : 73ff
[2023.01.08-22.18.54:297][  0]LogD3D11RHI:     SubSysId    : e4481da2
[2023.01.08-22.18.54:297][  0]LogD3D11RHI:     Revision    : 00c1
[2023.01.08-22.18.54:297][  0]LogD3D11RHI:     DedicatedVideoMemory : 8542969856 bytes
[2023.01.08-22.18.54:297][  0]LogD3D11RHI:     DedicatedSystemMemory : 0 bytes
[2023.01.08-22.18.54:297][  0]LogD3D11RHI:     SharedSystemMemory : 34314801152 bytes
[2023.01.08-22.18.54:297][  0]LogD3D11RHI:     AdapterLuid : 0 72204
[2023.01.08-22.18.54:303][  0]LogD3D11RHI: Creating new Direct3DDevice
[2023.01.08-22.18.54:303][  0]LogD3D11RHI:     GPU DeviceId: 0x73ff (for the marketing name, search the web for "GPU Device Id")
[2023.01.08-22.18.54:303][  0]LogWindows: EnumDisplayDevices:
[2023.01.08-22.18.54:304][  0]LogWindows:    0. 'AMD Radeon RX 6600 XT' (P:1 D:1)
[2023.01.08-22.18.54:304][  0]LogWindows:    1. 'AMD Radeon RX 6600 XT' (P:0 D:1)
[2023.01.08-22.18.54:304][  0]LogWindows:    2. 'AMD Radeon RX 6600 XT' (P:0 D:0)
[2023.01.08-22.18.54:304][  0]LogWindows:    3. 'AMD Radeon RX 6600 XT' (P:0 D:0)
[2023.01.08-22.18.54:304][  0]LogWindows:    4. 'AMD Radeon RX 6600 XT' (P:0 D:0)
[2023.01.08-22.18.54:305][  0]LogWindows:    5. 'AMD Radeon RX 6600 XT' (P:0 D:0)
[2023.01.08-22.18.54:305][  0]LogWindows: DebugString: FoundDriverCount:6 
[2023.01.08-22.18.54:305][  0]LogD3D11RHI:     Adapter Name: AMD Radeon RX 6600 XT
[2023.01.08-22.18.54:305][  0]LogD3D11RHI:   Driver Version: AMD Software: Adrenalin Edition 22.11.2 (internal:31.0.12029.10015, unified:31.0.12029.10015)
[2023.01.08-22.18.54:305][  0]LogD3D11RHI:      Driver Date: 11-30-2022
[2023.01.08-22.18.54:305][  0]LogRHI: Texture pool is 5165 MB (70% of 7379 MB)
[2023.01.08-22.18.54:335][  0]LogD3D11RHI: Creating D3DDevice with AMD AGS, using adapter:
[2023.01.08-22.18.54:335][  0]LogD3D11RHI:     Description : AMD Radeon RX 6600 XT
[2023.01.08-22.18.54:335][  0]LogD3D11RHI:     VendorId    : 1002
[2023.01.08-22.18.54:335][  0]LogD3D11RHI:     DeviceId    : 73ff
[2023.01.08-22.18.54:335][  0]LogD3D11RHI:     SubSysId    : e4481da2
[2023.01.08-22.18.54:335][  0]LogD3D11RHI:     Revision    : 00c1
[2023.01.08-22.18.54:335][  0]LogD3D11RHI:     DedicatedVideoMemory : 8542969856 bytes
[2023.01.08-22.18.54:335][  0]LogD3D11RHI:     DedicatedSystemMemory : 0 bytes
[2023.01.08-22.18.54:335][  0]LogD3D11RHI:     SharedSystemMemory : 34314801152 bytes
[2023.01.08-22.18.54:335][  0]LogD3D11RHI:     AdapterLuid : 0 72204
[2023.01.08-22.18.54:514][  0]LogD3D11RHI: Created device via AGS, feature level 11_0, supported extensions 1fffffbf.
[2023.01.08-22.18.54:514][  0]LogD3D11RHI: RHI has support for 64 bit atomics
[2023.01.08-22.18.54:514][  0]LogD3D11RHI: Async texture creation enabled
[2023.01.08-22.18.54:514][  0]LogD3D11RHI: Array index from any shader is supported
[2023.01.08-22.18.54:528][  0]LogD3D11RHI: GPU Timing Frequency: 100.000000 (Debug: 2 1)
[2023.01.08-22.18.54:749][  0]LogTargetPlatformManager: Display: Loaded TargetPlatform 'AllDesktop'
[2023.01.08-22.18.54:766][  0]LogTargetPlatformManager: Display: Loaded TargetPlatform 'Android'
[2023.01.08-22.18.54:766][  0]LogTargetPlatformManager: Display: Loaded TargetPlatform 'Android_ASTC'
[2023.01.08-22.18.54:766][  0]LogTargetPlatformManager: Display: Loaded TargetPlatform 'Android_DXT'
[2023.01.08-22.18.54:766][  0]LogTargetPlatformManager: Display: Loaded TargetPlatform 'Android_ETC2'
[2023.01.08-22.18.54:766][  0]LogTargetPlatformManager: Display: Loaded TargetPlatform 'AndroidClient'
[2023.01.08-22.18.54:766][  0]LogTargetPlatformManager: Display: Loaded TargetPlatform 'Android_ASTCClient'
[2023.01.08-22.18.54:766][  0]LogTargetPlatformManager: Display: Loaded TargetPlatform 'Android_DXTClient'
[2023.01.08-22.18.54:766][  0]LogTargetPlatformManager: Display: Loaded TargetPlatform 'Android_ETC2Client'
[2023.01.08-22.18.54:766][  0]LogTargetPlatformManager: Display: Loaded TargetPlatform 'Android_Multi'
[2023.01.08-22.18.54:766][  0]LogTargetPlatformManager: Display: Loaded TargetPlatform 'Android_MultiClient'
[2023.01.08-22.18.54:782][  0]LogTargetPlatformManager: Display: Loaded TargetPlatform 'IOSClient'
[2023.01.08-22.18.54:782][  0]LogTargetPlatformManager: Display: Loaded TargetPlatform 'IOS'
[2023.01.08-22.18.54:790][  0]LogTargetPlatformManager: Display: Loaded TargetPlatform 'Linux'
[2023.01.08-22.18.54:794][  0]LogTargetPlatformManager: Display: Loaded TargetPlatform 'LinuxNoEditor'
[2023.01.08-22.18.54:798][  0]LogTargetPlatformManager: Display: Loaded TargetPlatform 'LinuxClient'
[2023.01.08-22.18.54:802][  0]LogTargetPlatformManager: Display: Loaded TargetPlatform 'LinuxServer'
[2023.01.08-22.18.54:810][  0]LogTargetPlatformManager: Display: Loaded TargetPlatform 'LinuxAArch64NoEditor'
[2023.01.08-22.18.54:814][  0]LogTargetPlatformManager: Display: Loaded TargetPlatform 'LinuxAArch64Client'
[2023.01.08-22.18.54:819][  0]LogTargetPlatformManager: Display: Loaded TargetPlatform 'LinuxAArch64Server'
[2023.01.08-22.18.54:836][  0]LogTargetPlatformManager: Display: Loaded TargetPlatform 'Lumin'
[2023.01.08-22.18.54:836][  0]LogTargetPlatformManager: Display: Loaded TargetPlatform 'LuminClient'
[2023.01.08-22.18.54:843][  0]LogTargetPlatformManager: Display: Loaded TargetPlatform 'MacNoEditor'
[2023.01.08-22.18.54:847][  0]LogTargetPlatformManager: Display: Loaded TargetPlatform 'Mac'
[2023.01.08-22.18.54:851][  0]LogTargetPlatformManager: Display: Loaded TargetPlatform 'MacClient'
[2023.01.08-22.18.54:855][  0]LogTargetPlatformManager: Display: Loaded TargetPlatform 'MacServer'
[2023.01.08-22.18.54:864][  0]LogTargetPlatformManager: Display: Loaded TargetPlatform 'TVOSClient'
[2023.01.08-22.18.54:864][  0]LogTargetPlatformManager: Display: Loaded TargetPlatform 'TVOS'
[2023.01.08-22.18.54:871][  0]LogTargetPlatformManager: Display: Loaded TargetPlatform 'WindowsNoEditor'
[2023.01.08-22.18.54:875][  0]LogTargetPlatformManager: Display: Loaded TargetPlatform 'Windows'
[2023.01.08-22.18.54:880][  0]LogTargetPlatformManager: Display: Loaded TargetPlatform 'WindowsClient'
[2023.01.08-22.18.54:884][  0]LogTargetPlatformManager: Display: Loaded TargetPlatform 'WindowsServer'
[2023.01.08-22.18.54:884][  0]LogTargetPlatformManager: Display: Building Assets For Windows
[2023.01.08-22.18.54:891][  0]LogAudioDebug: Display: Lib vorbis DLL was dynamically loaded.
[2023.01.08-22.18.54:923][  0]LogTextureFormatOodle: Display: Oodle Texture 2.9.0 init RDO Off
[2023.01.08-22.18.54:954][  0]LogRendererCore: Ray tracing is disabled. Reason: r.RayTracing=0.
[2023.01.08-22.18.54:954][  0]LogShaderCompilers: Guid format shader working directory is -51 characters bigger than the processId version (../../../../../Git_Horizontally Scrolling Shooter Repository/UE4_Portfolio2_SL/UE4_Portfolio2_SL/Intermediate/Shaders/WorkingDirectory/30964/).
[2023.01.08-22.18.54:955][  0]LogShaderCompilers: Cleaned the shader compiler working directory 'C:/Users/decja/AppData/Local/Temp/UnrealShaderWorkingDir/0C89906E461E69A20E78CF9B0D3183EB/'.
[2023.01.08-22.18.54:955][  0]LogXGEController: Cannot use XGE Controller as Incredibuild is not installed on this machine.
[2023.01.08-22.18.54:955][  0]LogShaderCompilers: Cannot use XGE Shader Compiler as Incredibuild is not installed on this machine.
[2023.01.08-22.18.54:955][  0]LogShaderCompilers: Display: Using Local Shader Compiler.
[2023.01.08-22.18.55:508][  0]LogDerivedDataCache: Display: Max Cache Size: 512 MB
[2023.01.08-22.18.55:556][  0]LogDerivedDataCache: Loaded boot cache 0.05s 135MB C:/Users/decja/AppData/Local/UnrealEngine/4.27/DerivedDataCache/Boot.ddc.
[2023.01.08-22.18.55:557][  0]LogDerivedDataCache: Display: Loaded Boot cache: C:/Users/decja/AppData/Local/UnrealEngine/4.27/DerivedDataCache/Boot.ddc
[2023.01.08-22.18.55:557][  0]LogDerivedDataCache: FDerivedDataBackendGraph:  Pak pak cache file ../../../../../Git_Horizontally Scrolling Shooter Repository/UE4_Portfolio2_SL/UE4_Portfolio2_SL/DerivedDataCache/DDC.ddp not found, will not use a pak cache.
[2023.01.08-22.18.55:557][  0]LogDerivedDataCache: Unable to find inner node Pak for hierarchical cache Hierarchy.
[2023.01.08-22.18.55:557][  0]LogDerivedDataCache: FDerivedDataBackendGraph:  CompressedPak pak cache file ../../../../../Git_Horizontally Scrolling Shooter Repository/UE4_Portfolio2_SL/UE4_Portfolio2_SL/DerivedDataCache/Compressed.ddp not found, will not use a pak cache.
[2023.01.08-22.18.55:557][  0]LogDerivedDataCache: Unable to find inner node CompressedPak for hierarchical cache Hierarchy.
[2023.01.08-22.18.55:571][  0]LogDerivedDataCache: Display: Pak cache opened for reading ../../../Engine/DerivedDataCache/Compressed.ddp.
[2023.01.08-22.18.55:571][  0]LogDerivedDataCache: FDerivedDataBackendGraph:  EnterprisePak pak cache file ../../../Enterprise/DerivedDataCache/Compressed.ddp not found, will not use a pak cache.
[2023.01.08-22.18.55:571][  0]LogDerivedDataCache: Unable to find inner node EnterprisePak for hierarchical cache Hierarchy.
[2023.01.08-22.18.55:579][  0]LogDerivedDataCache: Speed tests for C:/Users/decja/AppData/Local/UnrealEngine/Common/DerivedDataCache took 0.01 seconds
[2023.01.08-22.18.55:579][  0]LogDerivedDataCache: Display: Performance to C:/Users/decja/AppData/Local/UnrealEngine/Common/DerivedDataCache: Latency=0.09ms. RandomReadSpeed=685.00MBs, RandomWriteSpeed=168.38MBs. Assigned SpeedClass 'Local'
[2023.01.08-22.18.55:579][  0]LogDerivedDataCache: Using Local data cache path C:/Users/decja/AppData/Local/UnrealEngine/Common/DerivedDataCache: Writable
[2023.01.08-22.18.55:579][  0]LogDerivedDataCache: Shared data cache path not found in *engine.ini, will not use an Shared cache.
[2023.01.08-22.18.55:579][  0]LogDerivedDataCache: Unable to find inner node Shared for hierarchical cache Hierarchy.
[2023.01.08-22.18.55:613][  0]LogSlate: Using FreeType 2.10.0
[2023.01.08-22.18.55:613][  0]LogSlate: SlateFontServices - WITH_FREETYPE: 1, WITH_HARFBUZZ: 1
[2023.01.08-22.18.55:633][  0]LogAssetRegistry: FAssetRegistry took 0.0020 seconds to start up
[2023.01.08-22.18.55:754][  0]LogCollisionProfile: Warning: Profile (Pawn) - Custom Channel Name = 'TestTrace' hasn't been found
[2023.01.08-22.18.55:754][  0]LogCollisionProfile: Warning: Profile (EnemyCharacter) - Custom Channel Name = 'TestTrace' hasn't been found
[2023.01.08-22.18.55:754][  0]LogCollisionProfile: Warning: Profile (PlayerCharacter) - Custom Channel Name = 'TestTrace' hasn't been found
[2023.01.08-22.18.55:754][  0]LogCollisionProfile: Warning: Profile (PlayerPhysicsActor) - Custom Channel Name = 'TestTrace' hasn't been found
[2023.01.08-22.18.55:754][  0]LogCollisionProfile: Warning: Profile (EnemyPhysicsActor) - Custom Channel Name = 'TestTrace' hasn't been found
[2023.01.08-22.18.55:808][  0]LogInit: Selected Device Profile: [Windows]
[2023.01.08-22.18.55:808][  0]LogInit: Active device profile: [000001A5E241D300][000001A5DF557780 49] Windows
[2023.01.08-22.18.55:808][  0]LogInit: Profiles: [000001A5E241D300][000001A5DF557780 49] Windows, [000001A5E23E6400][000001A5DF55FA40 49] WindowsNoEditor, [000001A5E241E400][000001A5DF562180 49] WindowsServer, [000001A5E23E7300][000001A5DF566440 49] WindowsClient, [000001A5E241F300][000001A5DF56A700 49] IOS, [000001A5E23E5200][000001A5DF56E9C0 49] iPadAir, [000001A5E241FE00][000001A5DF572C80 49] iPadAir2, [000001A5E2356100][000001A5DF583180 49] IPadPro, [000001A5E2356200][000001A5DF5771C0 49] iPadAir3, [000001A5E23E7700][000001A5DF57F480 49] iPadAir4, [000001A5E2357100][000001A5DF57B740 49] iPadMini2, [000001A5E23E6700][000001A5DF587A00 49] iPadMini3, [000001A5E2357E00][000001A5DF58A140 49] iPadMini4, [000001A5E23E5800][000001A5DF58E400 49] iPadMini5, [000001A5E2405A00][000001A5DE65C940 49] iPhone6, [000001A5E2405B00][000001A5DF592980 49] iPodTouch6, [000001A5E241EE00][000001A5DE664EC0 49] iPhone7, [000001A5E241F100][000001A5DF59AF00 49] iPodTouch7, [000001A5E2355C00][000001A5DF55B180 49] iPhone5S, [000001A5E241D200][000001A5DE659400 49] iPhone6Plus, [000001A5E2355800][000001A5DE6616C0 49] iPhone6S, [000001A5E241C400][000001A5DE669980 49] iPhone6SPlus, [000001A5E2354E00][000001A5DE66C0C0 49] iPhone7Plus, [000001A5E241F000][000001A5DE670380 49] iPhoneSE, [000001A5E2354A00][000001A5DE674640 49] iPhone8, [000001A5E241C800][000001A5DE678900 49] iPhone8Plus, [000001A5E241DD00][000001A5DE67CBC0 49] iPhoneX, [000001A5E2404800][000001A5DE680E80 49] iPhoneXS, [000001A5E241ED00][000001A5DE685140 49] iPhoneXSMax, [000001A5E2404F00][000001A5DF5973C0 49] iPhoneXR, [000001A5E241DA00][000001A5DE689640 49] iPhone11, [000001A5E2405300][000001A5DF361900 49] iPhone11Pro, [000001A5E2404400][000001A5DF365BC0 49] iPhone11ProMax, [000001A5E2357200][000001A5DF368300 49] iPhoneSE2, [000001A5E2406300][000001A5DF36C5C0 49] iPhone12Mini, [000001A5E2355400][000001A5DF370880 49] iPhone12, [000001A5E2406D00][000001A5DF374B40 49] iPhone12Pro, [000001A5E2357700][000001A5DF378E00 49] iPhone12ProMax, [000001A5E2406E00][000001A5D598B0C0 49] iPadPro105, [000001A5E2356400][000001A5D598F380 49] iPadPro129, [000001A5E2406F00][000001A5DE68D600 49] iPadPro97, [000001A5E2357800][000001A5D5993880 49] iPadPro2_129, [000001A5E241D600][000001A5D599BB40 49] iPad5, [000001A5E2355B00][000001A5D599E280 49] iPad6, [000001A5E241F700][000001A5D59A2540 49] iPad7, [000001A5E2354100][000001A5D59A6800 49] iPad8, [000001A5E241DE00][000001A5D59AAAC0 49] iPadPro11, [000001A5E2356F00][000001A5D59AED80 49] iPadPro2_11, [000001A5E241FA00][000001A5D59B3040 49] iPadPro3_129, [000001A5E2356B00][000001A5D59B7300 49] iPadPro4_129, [000001A5E241E900][000001A5D59BB5C0 49] AppleTV, [000001A5E2354200][000001A5D5997840 49] AppleTV4K, [000001A5E241E500][000001A5D59BFAC0 49] TVOS, [000001A5E2355900][000001A5D59C6200 49] Mac, [000001A5E241CE00][000001A5D59CA4C0 49] MacClient, [000001A5E2354800][000001A5D59CE780 49] MacNoEditor, [000001A5E241D800][000001A5D59D2A40 49] MacServer, [000001A5E2355E00][000001A5D59D6D00 49] Linux, [000001A5E241D000][000001A5D59DAFC0 49] LinuxAArch64, [000001A5E2354300][000001A5D59DF280 49] LinuxNoEditor, [000001A5E241C600][000001A5D59E7540 49] LinuxAArch64NoEditor, [000001A5E2357F00][000001A5D59EB800 49] LinuxClient, [000001A5E241C100][000001A5D59C3A80 49] LinuxAArch64Client, [000001A5E2354600][000001A5D59F2180 49] LinuxServer, [000001A5E241D500][000001A5D59FA440 49] LinuxAArch64Server, [000001A5E2356D00][000001A5E2984700 49] Android, [000001A5E241CD00][000001A5D5A269C0 49] Android_Low, [000001A5E2355600][000001A5D5A2AC80 49] Android_Mid, [000001A5E241F400][000001A5D5A2EF40 49] Android_High, [000001A5E2354B00][000001A5DF419200 49] Android_Default, [000001A5E241DF00][000001A5DF4254C0 49] Android_Adreno4xx, [000001A5E2355500][000001A5DF429780 49] Android_Adreno5xx_Low, [000001A5E241F500][000001A5DF459A40 49] Android_Adreno5xx, [000001A5E2354700][000001A5D59F6140 49] Android_Adreno6xx, [000001A5E241DC00][000001A5D53543C0 49] Android_Adreno6xx_Vulkan, [000001A5E2356800][000001A5D535C680 49] Android_Mali_T6xx, [000001A5E241E300][000001A5D5364940 49] Android_Mali_T7xx, [000001A5E2355700][000001A5D5368C00 49] Android_Mali_T8xx, [000001A5E241E800][000001A5E291EEC0 49] Android_Mali_G71, [000001A5E2357400][000001A5E2927180 49] Android_Mali_G72, [000001A5E241C700][000001A5E292F440 49] Android_Mali_G72_Vulkan, [000001A5E2356700][000001A5E2933700 49] Android_Mali_G76, [000001A5E2407900][000001A5E293B9C0 49] Android_Mali_G76_Vulkan, [000001A5E23E4900][000001A5E294A100 49] Android_Mali_G77, [000001A5E2407200][000001A5D5358380 49] Android_Mali_G77_Vulkan, [000001A5E23E4D00][000001A5E297A600 49] Android_Mali_G78, [000001A5E2404C00][000001A5E29F48C0 49] Android_Mali_G78_Vulkan, [000001A5E23E4B00][000001A5E2A38B80 49] Android_Mali_G710, [000001A5E2404500][000001A5E2A3CE40 49] Android_Mali_G710_Vulkan, [000001A5E23E7500][000001A5E2DB5100 49] Android_Vulkan_SM5, [000001A5E2404200][000001A5E2DBD3C0 49] Android_PowerVR_G6xxx, [000001A5E23E6F00][000001A5E2A5F680 49] Android_PowerVR_GT7xxx, [000001A5E2407700][000001A5E2A63940 49] Android_PowerVR_GE8xxx, [000001A5E23E4200][000001A5E2A67C00 49] Android_PowerVR_GM9xxx, [000001A5E2406200][000001A5E2772340 49] Android_PowerVR_GM9xxx_Vulkan, [000001A5E23E5D00][000001A5E29F05C0 49] Android_TegraK1, [000001A5E2404E00][000001A5E27D0840 49] Android_Unknown_Vulkan, [000001A5E23E7C00][000001A5E30B2B00 49] Lumin, [000001A5E2405100][000001A5E30B6DC0 49] Lumin_Desktop, [000001A5E23E6000][000001A5E312B080 49] HoloLens, 
[2023.01.08-22.18.55:910][  0]LogMeshReduction: Using QuadricMeshReduction for automatic static mesh reduction
[2023.01.08-22.18.55:910][  0]LogMeshReduction: Using SimplygonMeshReduction for automatic skeletal mesh reduction
[2023.01.08-22.18.55:910][  0]LogMeshReduction: Using ProxyLODMeshReduction for automatic mesh merging
[2023.01.08-22.18.55:910][  0]LogMeshReduction: No distributed automatic mesh merging module available
[2023.01.08-22.18.55:910][  0]LogMeshMerging: No distributed automatic mesh merging module available
[2023.01.08-22.18.55:925][  0]LogNetVersion: UE4_Portfolio2_SL 1.0.0, NetCL: 17155196, EngineNetVer: 17, GameNetVer: 0 (Checksum: 2867686067)
[2023.01.08-22.18.56:218][  0]LogTexture: Default maximum texture size for cubemaps generated from long-lat sources has been changed from 512 to unlimited. In order to preserve old behaiour for '/Engine/MapTemplates/Sky/DaylightAmbientCubemap.DaylightAmbientCubemap', its maximum texture size has been explicitly set to 512.
[2023.01.08-22.18.56:255][  0]LogHMD: PokeAHoleMaterial loaded successfully
[2023.01.08-22.18.56:260][  0]LogUObjectArray: 17178 objects as part of root set at end of initial load.
[2023.01.08-22.18.56:260][  0]LogUObjectAllocator: 4302048 out of 0 bytes used by permanent object pool.
[2023.01.08-22.18.56:260][  0]LogUObjectArray: CloseDisregardForGC: 0/0 objects in disregard for GC pool
[2023.01.08-22.18.56:503][  0]LogNiagaraDebuggerClient: Niagara Debugger Client Initialized | Session: 0FF41B1241E32CE595BB48AE0EEF6B3C | Instance: FCD6B1E84FBB62B1FEF1DE89414D63D7 (DESKTOP-37S8SED-30964).
[2023.01.08-22.18.56:533][  0]LogPython: Using Python 3.7.7
[2023.01.08-22.18.56:976][  0]LogTcpMessaging: Initializing TcpMessaging bridge
[2023.01.08-22.18.56:980][  0]LogUdpMessaging: Initializing bridge on interface 0.0.0.0:0 to multicast group 230.0.0.1:6666.
[2023.01.08-22.18.58:387][  0]LogWindows: Error: === Critical error: ===
[2023.01.08-22.18.58:387][  0]LogWindows: Error: 
[2023.01.08-22.18.58:387][  0]LogWindows: Error: Fatal error!
[2023.01.08-22.18.58:387][  0]LogWindows: Error: 
[2023.01.08-22.18.58:387][  0]LogWindows: Error: Unhandled Exception: EXCEPTION_ACCESS_VIOLATION reading address 0x0000000000000098
[2023.01.08-22.18.58:387][  0]LogWindows: Error: 
[2023.01.08-22.18.58:387][  0]LogWindows: Error: [Callstack] 0x00007ffc9d725ae0 UE4Editor-Engine.dll!USceneComponent::SetupAttachment() [D:\Build\++UE4\Sync\Engine\Source\Runtime\Engine\Private\Components\SceneComponent.cpp:1750]
[2023.01.08-22.18.58:387][  0]LogWindows: Error: [Callstack] 0x00007ffc36cca2c2 UE4Editor-UE4_Portfolio2_SL.dll!AProjectile_Base::AProjectile_Base() [G:\Git_Horizontally Scrolling Shooter Repository\UE4_Portfolio2_SL\UE4_Portfolio2_SL\Source\UE4_Portfolio2_SL\Projectile_Base.cpp:16]
[2023.01.08-22.18.58:387][  0]LogWindows: Error: [Callstack] 0x00007ffcb7d061d3 UE4Editor-CoreUObject.dll!UClass::CreateDefaultObject() [D:\Build\++UE4\Sync\Engine\Source\Runtime\CoreUObject\Private\UObject\Class.cpp:3791]
[2023.01.08-22.18.58:387][  0]LogWindows: Error: [Callstack] 0x00007ffcb7d05e39 UE4Editor-CoreUObject.dll!UClass::CreateDefaultObject() [D:\Build\++UE4\Sync\Engine\Source\Runtime\CoreUObject\Private\UObject\Class.cpp:3720]
[2023.01.08-22.18.58:387][  0]LogWindows: Error: [Callstack] 0x00007ffcb8028faf UE4Editor-CoreUObject.dll!UObjectLoadAllCompiledInDefaultProperties() [D:\Build\++UE4\Sync\Engine\Source\Runtime\CoreUObject\Private\UObject\UObjectBase.cpp:911]
[2023.01.08-22.18.58:387][  0]LogWindows: Error: [Callstack] 0x00007ffcb8005411 UE4Editor-CoreUObject.dll!ProcessNewlyLoadedUObjects() [D:\Build\++UE4\Sync\Engine\Source\Runtime\CoreUObject\Private\UObject\UObjectBase.cpp:1003]
[2023.01.08-22.18.58:387][  0]LogWindows: Error: [Callstack] 0x00007ffcb7ecddc5 UE4Editor-CoreUObject.dll!TBaseStaticDelegateInstance<void __cdecl(FName,bool),FDefaultDelegateUserPolicy>::ExecuteIfSafe() [D:\Build\++UE4\Sync\Engine\Source\Runtime\Core\Public\Delegates\DelegateInstancesImpl.h:731]
[2023.01.08-22.18.58:387][  0]LogWindows: Error: [Callstack] 0x00007ffca04f1bea UE4Editor-Core.dll!TMulticastDelegate<void __cdecl(FName,bool),FDefaultDelegateUserPolicy>::Broadcast() [D:\Build\++UE4\Sync\Engine\Source\Runtime\Core\Public\Delegates\DelegateSignatureImpl.inl:955]
[2023.01.08-22.18.58:387][  0]LogWindows: Error: [Callstack] 0x00007ffca05115a3 UE4Editor-Core.dll!FModuleManager::LoadModuleWithFailureReason() [D:\Build\++UE4\Sync\Engine\Source\Runtime\Core\Private\Modules\ModuleManager.cpp:519]
[2023.01.08-22.18.58:387][  0]LogWindows: Error: [Callstack] 0x00007ffcc1286433 UE4Editor-Projects.dll!FModuleDescriptor::LoadModulesForPhase() [D:\Build\++UE4\Sync\Engine\Source\Runtime\Projects\Private\ModuleDescriptor.cpp:643]
[2023.01.08-22.18.58:387][  0]LogWindows: Error: [Callstack] 0x00007ffcc128674f UE4Editor-Projects.dll!FProjectManager::LoadModulesForProject() [D:\Build\++UE4\Sync\Engine\Source\Runtime\Projects\Private\ProjectManager.cpp:62]
[2023.01.08-22.18.58:387][  0]LogWindows: Error: [Callstack] 0x00007ff7cd4b5642 UE4Editor.exe!FEngineLoop::LoadStartupModules() [D:\Build\++UE4\Sync\Engine\Source\Runtime\Launch\Private\LaunchEngineLoop.cpp:3880]
[2023.01.08-22.18.58:387][  0]LogWindows: Error: [Callstack] 0x00007ff7cd4b9000 UE4Editor.exe!FEngineLoop::PreInitPostStartupScreen() [D:\Build\++UE4\Sync\Engine\Source\Runtime\Launch\Private\LaunchEngineLoop.cpp:3263]
[2023.01.08-22.18.58:387][  0]LogWindows: Error: [Callstack] 0x00007ff7cd4b0d2c UE4Editor.exe!GuardedMain() [D:\Build\++UE4\Sync\Engine\Source\Runtime\Launch\Private\Launch.cpp:132]
[2023.01.08-22.18.58:387][  0]LogWindows: Error: [Callstack] 0x00007ff7cd4b10ba UE4Editor.exe!GuardedMainWrapper() [D:\Build\++UE4\Sync\Engine\Source\Runtime\Launch\Private\Windows\LaunchWindows.cpp:137]
[2023.01.08-22.18.58:387][  0]LogWindows: Error: [Callstack] 0x00007ff7cd4b40dd UE4Editor.exe!LaunchWindowsStartup() [D:\Build\++UE4\Sync\Engine\Source\Runtime\Launch\Private\Windows\LaunchWindows.cpp:273]
[2023.01.08-22.18.58:387][  0]LogWindows: Error: [Callstack] 0x00007ff7cd4c5984 UE4Editor.exe!WinMain() [D:\Build\++UE4\Sync\Engine\Source\Runtime\Launch\Private\Windows\LaunchWindows.cpp:320]
[2023.01.08-22.18.58:387][  0]LogWindows: Error: [Callstack] 0x00007ff7cd4c853a UE4Editor.exe!__scrt_common_main_seh() [d:\agent\_work\5\s\src\vctools\crt\vcstartup\src\startup\exe_common.inl:288]
[2023.01.08-22.18.58:387][  0]LogWindows: Error: [Callstack] 0x00007ffcefe97614 KERNEL32.DLL!UnknownFunction []
[2023.01.08-22.18.58:387][  0]LogWindows: Error: [Callstack] 0x00007ffcf1ec26a1 ntdll.dll!UnknownFunction []
[2023.01.08-22.18.58:387][  0]LogWindows: Error: 
[2023.01.08-22.18.58:391][  0]LogExit: Executing StaticShutdownAfterError
[2023.01.08-22.18.58:392][  0]LogWindows: FPlatformMisc::RequestExit(1)
[2023.01.08-22.18.58:392][  0]LogWindows: FPlatformMisc::RequestExitWithStatus(1, 3)
[2023.01.08-22.18.58:392][  0]LogCore: Engine exit requested (reason: Win RequestExit)
[2023.01.08-22.18.58:402][  0]Log file closed, 01/09/23 07:18:58
