Log file open, 12/14/22 19:47:20
LogWindows: Failed to load 'aqProf.dll' (GetLastError=126)
LogWindows: File 'aqProf.dll' does not exist
LogWindows: Failed to load 'VtuneApi.dll' (GetLastError=126)
LogWindows: File 'VtuneApi.dll' does not exist
LogWindows: Failed to load 'VtuneApi32e.dll' (GetLastError=126)
LogWindows: File 'VtuneApi32e.dll' does not exist
LogConsoleResponse: Display: Failed to find resolution value strings in scalability ini. Falling back to default.
LogConsoleResponse: Display: Failed to find resolution value strings in scalability ini. Falling back to default.
LogInit: Display: Running engine for game: UE4_Portfolio2_SL
LogPlatformFile: Not using cached read wrapper
LogTaskGraph: Started task graph with 5 named threads and 71 total threads with 3 sets of task threads.
LogStats: Stats thread started at 0.386261
LogICUInternationalization: ICU TimeZone Detection - Raw Offset: +9:00, Platform Override: ''
LogInit: Display: Loading text-based GConfig....
LogPluginManager: Mounting plugin MeshPainting
LogPluginManager: Mounting plugin XGEController
LogPluginManager: Mounting plugin Paper2D
LogPluginManager: Mounting plugin AISupport
LogPluginManager: Mounting plugin LightPropagationVolume
LogPluginManager: Mounting plugin GameplayCameras
LogPluginManager: Mounting plugin EnvironmentQueryEditor
LogPluginManager: Mounting plugin LiveLink
LogPluginManager: Mounting plugin OodleData
LogPluginManager: Mounting plugin CameraShakePreviewer
LogPluginManager: Mounting plugin OodleNetwork
LogPluginManager: Mounting plugin AssetManagerEditor
LogPluginManager: Mounting plugin CurveEditorTools
LogPluginManager: Mounting plugin CryptoKeys
LogPluginManager: Mounting plugin DataValidation
LogPluginManager: Mounting plugin FacialAnimation
LogPluginManager: Mounting plugin GameplayTagsEditor
LogPluginManager: Mounting plugin GeometryMode
LogPluginManager: Mounting plugin AnimationSharing
LogPluginManager: Mounting plugin MacGraphicsSwitching
LogPluginManager: Mounting plugin MaterialAnalyzer
LogPluginManager: Mounting plugin PluginBrowser
LogPluginManager: Mounting plugin MobileLauncherProfileWizard
LogPluginManager: Mounting plugin SpeedTreeImporter
LogPluginManager: Mounting plugin CLionSourceCodeAccess
LogPluginManager: Mounting plugin CodeLiteSourceCodeAccess
LogPluginManager: Mounting plugin GitSourceControl
LogPluginManager: Mounting plugin KDevelopSourceCodeAccess
LogPluginManager: Mounting plugin NullSourceCodeAccess
LogPluginManager: Mounting plugin DatasmithContent
LogPluginManager: Mounting plugin PerforceSourceControl
LogPluginManager: Mounting plugin PixWinPlugin
LogPluginManager: Mounting plugin PlasticSourceControl
LogPluginManager: Mounting plugin PluginUtils
LogPluginManager: Mounting plugin PropertyAccessNode
LogPluginManager: Mounting plugin RiderSourceCodeAccess
LogPluginManager: Mounting plugin SubversionSourceControl
LogPluginManager: Mounting plugin TextureFormatOodle
LogPluginManager: Mounting plugin UObjectPlugin
LogPluginManager: Mounting plugin XCodeSourceCodeAccess
LogPluginManager: Mounting plugin VisualStudioCodeSourceCodeAccess
LogPluginManager: Mounting plugin VisualStudioSourceCodeAccess
LogPluginManager: Mounting plugin AlembicImporter
LogPluginManager: Mounting plugin VariantManagerContent
LogPluginManager: Mounting plugin AutomationUtils
LogPluginManager: Mounting plugin BackChannel
LogPluginManager: Mounting plugin ChaosCloth
LogPluginManager: Mounting plugin ChaosClothEditor
LogPluginManager: Mounting plugin ChaosEditor
LogPluginManager: Mounting plugin ChaosNiagara
LogPluginManager: Mounting plugin ChaosSolverPlugin
LogPluginManager: Mounting plugin CharacterAI
LogPluginManager: Mounting plugin GeometryCache
LogPluginManager: Mounting plugin GeometryCollectionPlugin
LogPluginManager: Mounting plugin GeometryProcessing
LogPluginManager: Mounting plugin MotoSynth
LogPluginManager: Mounting plugin Niagara
LogPluginManager: Mounting plugin OpenImageDenoise
LogPluginManager: Mounting plugin PlanarCut
LogPluginManager: Mounting plugin PlatformCrypto
LogPluginManager: Mounting plugin ProxyLODPlugin
LogPluginManager: Mounting plugin PythonScriptPlugin
LogPluginManager: Mounting plugin SkeletalReduction
LogPluginManager: Mounting plugin LuminPlatformFeatures
LogPluginManager: Mounting plugin MagicLeap
LogPluginManager: Mounting plugin AndroidMedia
LogPluginManager: Mounting plugin AvfMedia
LogPluginManager: Mounting plugin MagicLeapLightEstimation
LogPluginManager: Mounting plugin MagicLeapMedia
LogPluginManager: Mounting plugin MagicLeapPassableWorld
LogPluginManager: Mounting plugin MLSDK
LogPluginManager: Mounting plugin TcpMessaging
LogPluginManager: Mounting plugin UdpMessaging
LogPluginManager: Mounting plugin ImgMedia
LogPluginManager: Mounting plugin MediaCompositing
LogPluginManager: Mounting plugin ActorSequence
LogPluginManager: Mounting plugin MediaPlayerEditor
LogPluginManager: Mounting plugin WmfMedia
LogPluginManager: Mounting plugin WebMMedia
LogPluginManager: Mounting plugin LevelSequenceEditor
LogPluginManager: Mounting plugin MatineeToLevelSequence
LogPluginManager: Mounting plugin TemplateSequence
LogPluginManager: Mounting plugin LauncherChunkInstaller
LogPluginManager: Mounting plugin ActorLayerUtilities
LogPluginManager: Mounting plugin OnlineSubsystem
LogPluginManager: Mounting plugin AndroidDeviceProfileSelector
LogPluginManager: Mounting plugin OnlineSubsystemNull
LogPluginManager: Mounting plugin AndroidPermission
LogPluginManager: Mounting plugin AndroidMoviePlayer
LogPluginManager: Mounting plugin OnlineSubsystemUtils
LogPluginManager: Mounting plugin AppleImageUtils
LogPluginManager: Mounting plugin AppleMoviePlayer
LogPluginManager: Mounting plugin ArchVisCharacter
LogPluginManager: Mounting plugin AssetTags
LogPluginManager: Mounting plugin AudioCapture
LogPluginManager: Mounting plugin AudioSynesthesia
LogPluginManager: Mounting plugin CableComponent
LogPluginManager: Mounting plugin CustomMeshComponent
LogPluginManager: Mounting plugin ChunkDownloader
LogPluginManager: Mounting plugin ScreenshotTools
LogPluginManager: Mounting plugin EditableMesh
LogPluginManager: Mounting plugin ExampleDeviceProfileSelector
LogPluginManager: Mounting plugin GooglePAD
LogPluginManager: Mounting plugin GoogleCloudMessaging
LogPluginManager: Mounting plugin IOSDeviceProfileSelector
LogPluginManager: Mounting plugin LinuxDeviceProfileSelector
LogPluginManager: Mounting plugin LocationServicesBPLibrary
LogPluginManager: Mounting plugin MobilePatchingUtils
LogPluginManager: Mounting plugin OpenXR
LogPluginManager: Mounting plugin OpenXREyeTracker
LogPluginManager: Mounting plugin OpenXRHandTracking
LogPluginManager: Mounting plugin PhysXVehicles
LogPluginManager: Mounting plugin Takes
LogPluginManager: Mounting plugin PostSplashScreen
LogPluginManager: Mounting plugin ProceduralMeshComponent
LogPluginManager: Mounting plugin PropertyAccessEditor
LogPluginManager: Mounting plugin RuntimePhysXCooking
LogPluginManager: Mounting plugin SignificanceManager
LogPluginManager: Mounting plugin SoundFields
LogPluginManager: Mounting plugin Synthesis
LogPluginManager: Mounting plugin WebMMoviePlayer
LogPluginManager: Mounting plugin WindowsMoviePlayer
LogPluginManager: Mounting plugin ContentBrowserAssetDataSource
LogPluginManager: Mounting plugin ContentBrowserClassDataSource
LogPluginManager: Mounting plugin ContentBrowserFileDataSource
LogPluginManager: Mounting plugin OnlineSubsystemGooglePlay
LogPluginManager: Mounting plugin OnlineSubsystemIOS
LogPluginManager: Mounting plugin OculusVR
LogPluginManager: Mounting plugin SteamVR
PixWinPlugin: PIX capture plugin failed to initialize! Check that the process is launched from PIX.
LogInit: Using libcurl 7.55.1-DEV
LogInit:  - built for x86_64-pc-win32
LogInit:  - supports SSL with OpenSSL/1.1.1
LogInit:  - supports HTTP deflate (compression) using libz 1.2.8
LogInit:  - other features:
LogInit:      CURL_VERSION_SSL
LogInit:      CURL_VERSION_LIBZ
LogInit:      CURL_VERSION_IPV6
LogInit:      CURL_VERSION_ASYNCHDNS
LogInit:      CURL_VERSION_LARGEFILE
LogInit:      CURL_VERSION_IDN
LogInit:  CurlRequestOptions (configurable via config and command line):
LogInit:  - bVerifyPeer = true  - Libcurl will verify peer certificate
LogInit:  - bUseHttpProxy = false  - Libcurl will NOT use HTTP proxy
LogInit:  - bDontReuseConnections = false  - Libcurl will reuse connections
LogInit:  - MaxHostConnections = 16  - Libcurl will limit the number of connections to a host
LogInit:  - LocalHostAddr = Default
LogInit:  - BufferSize = 65536
LogOnline: OSS: Creating online subsystem instance for: NULL
LogInit: WinSock: version 1.1 (2.2), MaxSocks=32767, MaxUdp=65467
LogOnline: OSS: TryLoadSubsystemAndSetDefault: Loaded subsystem for module [NULL]
LogOculusPluginWrapper: OculusPlugin initialized successfully
LogHMD: Failed initializing OVRPlugin 1.59.0
LogInit: Build: ++UE4+Release-4.27-CL-18319896
LogInit: Engine Version: 4.27.2-18319896+++UE4+Release-4.27
LogInit: Compatible Engine Version: 4.27.0-17155196+++UE4+Release-4.27
LogInit: Net CL: 17155196
LogInit: OS: Windows 10 (Release 2009) (), CPU: AMD Ryzen 9 5900X 12-Core Processor            , GPU: AMD Radeon RX 6600 XT
LogInit: Compiled (64-bit): Nov 30 2021 07:12:08
LogInit: Compiled with Visual C++: 19.24.28315.00
LogInit: Build Configuration: Development
LogInit: Branch Name: ++UE4+Release-4.27
LogInit: Command Line:  -skipcompile
LogInit: Base Directory: G:/Unreal Engine/UE_4.27/Engine/Binaries/Win64/
LogInit: Allocator: TBB
LogInit: Installed Engine Build: 1
LogDevObjectVersion: Number of dev versions registered: 29
LogDevObjectVersion:   Dev-Blueprints (B0D832E4-1F89-4F0D-ACCF-7EB736FD4AA2): 10
LogDevObjectVersion:   Dev-Build (E1C64328-A22C-4D53-A36C-8E866417BD8C): 0
LogDevObjectVersion:   Dev-Core (375EC13C-06E4-48FB-B500-84F0262A717E): 4
LogDevObjectVersion:   Dev-Editor (E4B068ED-F494-42E9-A231-DA0B2E46BB41): 40
LogDevObjectVersion:   Dev-Framework (CFFC743F-43B0-4480-9391-14DF171D2073): 37
LogDevObjectVersion:   Dev-Mobile (B02B49B5-BB20-44E9-A304-32B752E40360): 3
LogDevObjectVersion:   Dev-Networking (A4E4105C-59A1-49B5-A7C5-40C4547EDFEE): 0
LogDevObjectVersion:   Dev-Online (39C831C9-5AE6-47DC-9A44-9C173E1C8E7C): 0
LogDevObjectVersion:   Dev-Physics (78F01B33-EBEA-4F98-B9B4-84EACCB95AA2): 14
LogDevObjectVersion:   Dev-Platform (6631380F-2D4D-43E0-8009-CF276956A95A): 0
LogDevObjectVersion:   Dev-Rendering (12F88B9F-8875-4AFC-A67C-D90C383ABD29): 45
LogDevObjectVersion:   Dev-Sequencer (7B5AE74C-D270-4C10-A958-57980B212A5A): 13
LogDevObjectVersion:   Dev-VR (D7296918-1DD6-4BDD-9DE2-64A83CC13884): 3
LogDevObjectVersion:   Dev-LoadTimes (C2A15278-BFE7-4AFE-6C17-90FF531DF755): 1
LogDevObjectVersion:   Private-Geometry (6EACA3D4-40EC-4CC1-B786-8BED09428FC5): 3
LogDevObjectVersion:   Dev-AnimPhys (29E575DD-E0A3-4627-9D10-D276232CDCEA): 17
LogDevObjectVersion:   Dev-Anim (AF43A65D-7FD3-4947-9873-3E8ED9C1BB05): 15
LogDevObjectVersion:   Dev-ReflectionCapture (6B266CEC-1EC7-4B8F-A30B-E4D90942FC07): 1
LogDevObjectVersion:   Dev-Automation (0DF73D61-A23F-47EA-B727-89E90C41499A): 1
LogDevObjectVersion:   FortniteMain (601D1886-AC64-4F84-AA16-D3DE0DEAC7D6): 47
LogDevObjectVersion:   FortniteRelease (E7086368-6B23-4C58-8439-1B7016265E91): 1
LogDevObjectVersion:   Dev-Enterprise (9DFFBCD6-494F-0158-E221-12823C92A888): 10
LogDevObjectVersion:   Dev-Niagara (F2AED0AC-9AFE-416F-8664-AA7FFA26D6FC): 1
LogDevObjectVersion:   Dev-Destruction (174F1F0B-B4C6-45A5-B13F-2EE8D0FB917D): 10
LogDevObjectVersion:   Dev-Physics-Ext (35F94A83-E258-406C-A318-09F59610247C): 41
LogDevObjectVersion:   Dev-PhysicsMaterial-Chaos (B68FC16E-8B1B-42E2-B453-215C058844FE): 1
LogDevObjectVersion:   Dev-CineCamera (B2E18506-4273-CFC2-A54E-F4BB758BBA07): 1
LogDevObjectVersion:   Dev-VirtualProduction (64F58936-FD1B-42BA-BA96-7289D5D0FA4E): 1
LogDevObjectVersion:   Dev-MediaFramework (6F0ED827-A609-4895-9C91-998D90180EA4): 2
LogInit: Presizing for max 25165824 objects, including 0 objects not considered by GC, pre-allocating 0 bytes for permanent pool.
LogConfig: Applying CVar settings from Section [/Script/Engine.StreamingSettings] File [G:/Git_Horizontally Scrolling Shooter Repository/UE4_Portfolio2_SL/UE4_Portfolio2_SL/Saved/Config/Windows/Engine.ini]
LogConfig: Setting CVar [[s.MinBulkDataSizeForAsyncLoading:131072]]
LogConfig: Setting CVar [[s.AsyncLoadingThreadEnabled:0]]
LogConfig: Setting CVar [[s.EventDrivenLoaderEnabled:1]]
LogConfig: Setting CVar [[s.WarnIfTimeLimitExceeded:0]]
LogConfig: Setting CVar [[s.TimeLimitExceededMultiplier:1.5]]
LogConfig: Setting CVar [[s.TimeLimitExceededMinTime:0.005]]
LogConfig: Setting CVar [[s.UseBackgroundLevelStreaming:1]]
LogConfig: Setting CVar [[s.PriorityAsyncLoadingExtraTime:15.0]]
LogConfig: Setting CVar [[s.LevelStreamingActorsUpdateTimeLimit:5.0]]
LogConfig: Setting CVar [[s.PriorityLevelStreamingActorsUpdateExtraTime:5.0]]
LogConfig: Setting CVar [[s.LevelStreamingComponentsRegistrationGranularity:10]]
LogConfig: Setting CVar [[s.UnregisterComponentsTimeLimit:1.0]]
LogConfig: Setting CVar [[s.LevelStreamingComponentsUnregistrationGranularity:5]]
LogConfig: Setting CVar [[s.FlushStreamingOnExit:1]]
LogInit: Object subsystem initialized
LogConfig: Setting CVar [[con.DebugEarlyDefault:1]]
LogConfig: Setting CVar [[r.setres:1280x720]]
[2022.12.14-10.47.21:971][  0]LogConfig: Setting CVar [[r.VSync:0]]
[2022.12.14-10.47.21:971][  0]LogConfig: Setting CVar [[r.RHICmdBypass:0]]
[2022.12.14-10.47.21:971][  0]LogConfig: Applying CVar settings from Section [/Script/Engine.RendererSettings] File [G:/Git_Horizontally Scrolling Shooter Repository/UE4_Portfolio2_SL/UE4_Portfolio2_SL/Saved/Config/Windows/Engine.ini]
[2022.12.14-10.47.21:971][  0]LogConfig: Setting CVar [[r.GPUCrashDebugging:0]]
[2022.12.14-10.47.21:971][  0]LogConfig: Applying CVar settings from Section [/Script/Engine.RendererOverrideSettings] File [G:/Git_Horizontally Scrolling Shooter Repository/UE4_Portfolio2_SL/UE4_Portfolio2_SL/Saved/Config/Windows/Engine.ini]
[2022.12.14-10.47.21:971][  0]LogConfig: Applying CVar settings from Section [/Script/Engine.StreamingSettings] File [G:/Git_Horizontally Scrolling Shooter Repository/UE4_Portfolio2_SL/UE4_Portfolio2_SL/Saved/Config/Windows/Engine.ini]
[2022.12.14-10.47.21:971][  0]LogConfig: Setting CVar [[s.MinBulkDataSizeForAsyncLoading:131072]]
[2022.12.14-10.47.21:971][  0]LogConfig: Setting CVar [[s.AsyncLoadingThreadEnabled:0]]
[2022.12.14-10.47.21:971][  0]LogConfig: Setting CVar [[s.EventDrivenLoaderEnabled:1]]
[2022.12.14-10.47.21:971][  0]LogConfig: Setting CVar [[s.WarnIfTimeLimitExceeded:0]]
[2022.12.14-10.47.21:971][  0]LogConfig: Setting CVar [[s.TimeLimitExceededMultiplier:1.5]]
[2022.12.14-10.47.21:971][  0]LogConfig: Setting CVar [[s.TimeLimitExceededMinTime:0.005]]
[2022.12.14-10.47.21:971][  0]LogConfig: Setting CVar [[s.UseBackgroundLevelStreaming:1]]
[2022.12.14-10.47.21:971][  0]LogConfig: Setting CVar [[s.PriorityAsyncLoadingExtraTime:15.0]]
[2022.12.14-10.47.21:971][  0]LogConfig: Setting CVar [[s.LevelStreamingActorsUpdateTimeLimit:5.0]]
[2022.12.14-10.47.21:971][  0]LogConfig: Setting CVar [[s.PriorityLevelStreamingActorsUpdateExtraTime:5.0]]
[2022.12.14-10.47.21:971][  0]LogConfig: Setting CVar [[s.LevelStreamingComponentsRegistrationGranularity:10]]
[2022.12.14-10.47.21:971][  0]LogConfig: Setting CVar [[s.UnregisterComponentsTimeLimit:1.0]]
[2022.12.14-10.47.21:972][  0]LogConfig: Setting CVar [[s.LevelStreamingComponentsUnregistrationGranularity:5]]
[2022.12.14-10.47.21:972][  0]LogConfig: Setting CVar [[s.FlushStreamingOnExit:1]]
[2022.12.14-10.47.21:972][  0]LogConfig: Applying CVar settings from Section [/Script/Engine.GarbageCollectionSettings] File [G:/Git_Horizontally Scrolling Shooter Repository/UE4_Portfolio2_SL/UE4_Portfolio2_SL/Saved/Config/Windows/Engine.ini]
[2022.12.14-10.47.21:972][  0]LogConfig: Setting CVar [[gc.MaxObjectsNotConsideredByGC:1]]
[2022.12.14-10.47.21:972][  0]LogConfig: Setting CVar [[gc.SizeOfPermanentObjectPool:0]]
[2022.12.14-10.47.21:972][  0]LogConfig: Setting CVar [[gc.FlushStreamingOnGC:0]]
[2022.12.14-10.47.21:972][  0]LogConfig: Setting CVar [[gc.NumRetriesBeforeForcingGC:10]]
[2022.12.14-10.47.21:972][  0]LogConfig: Setting CVar [[gc.AllowParallelGC:1]]
[2022.12.14-10.47.21:972][  0]LogConfig: Setting CVar [[gc.TimeBetweenPurgingPendingKillObjects:61.1]]
[2022.12.14-10.47.21:972][  0]LogConfig: Setting CVar [[gc.MaxObjectsInEditor:25165824]]
[2022.12.14-10.47.21:972][  0]LogConfig: Setting CVar [[gc.IncrementalBeginDestroyEnabled:1]]
[2022.12.14-10.47.21:972][  0]LogConfig: Setting CVar [[gc.CreateGCClusters:1]]
[2022.12.14-10.47.21:972][  0]LogConfig: Setting CVar [[gc.MinGCClusterSize:5]]
[2022.12.14-10.47.21:972][  0]LogConfig: Setting CVar [[gc.ActorClusteringEnabled:0]]
[2022.12.14-10.47.21:972][  0]LogConfig: Setting CVar [[gc.BlueprintClusteringEnabled:0]]
[2022.12.14-10.47.21:972][  0]LogConfig: Setting CVar [[gc.UseDisregardForGCOnDedicatedServers:0]]
[2022.12.14-10.47.21:972][  0]LogConfig: Setting CVar [[gc.MultithreadedDestructionEnabled:1]]
[2022.12.14-10.47.21:972][  0]LogConfig: Applying CVar settings from Section [/Script/Engine.NetworkSettings] File [G:/Git_Horizontally Scrolling Shooter Repository/UE4_Portfolio2_SL/UE4_Portfolio2_SL/Saved/Config/Windows/Engine.ini]
[2022.12.14-10.47.21:972][  0]LogConfig: Applying CVar settings from Section [/Script/UnrealEd.CookerSettings] File [G:/Git_Horizontally Scrolling Shooter Repository/UE4_Portfolio2_SL/UE4_Portfolio2_SL/Saved/Config/Windows/Engine.ini]
[2022.12.14-10.47.21:985][  0]LogConfig: Applying CVar settings from Section [ViewDistanceQuality@3] File [G:/Git_Horizontally Scrolling Shooter Repository/UE4_Portfolio2_SL/UE4_Portfolio2_SL/Saved/Config/Windows/Scalability.ini]
[2022.12.14-10.47.21:985][  0]LogConfig: Setting CVar [[r.SkeletalMeshLODBias:0]]
[2022.12.14-10.47.21:985][  0]LogConfig: Setting CVar [[r.ViewDistanceScale:1.0]]
[2022.12.14-10.47.21:985][  0]LogConfig: Applying CVar settings from Section [AntiAliasingQuality@3] File [G:/Git_Horizontally Scrolling Shooter Repository/UE4_Portfolio2_SL/UE4_Portfolio2_SL/Saved/Config/Windows/Scalability.ini]
[2022.12.14-10.47.21:985][  0]LogConfig: Setting CVar [[r.PostProcessAAQuality:4]]
[2022.12.14-10.47.21:985][  0]LogConfig: Applying CVar settings from Section [ShadowQuality@3] File [G:/Git_Horizontally Scrolling Shooter Repository/UE4_Portfolio2_SL/UE4_Portfolio2_SL/Saved/Config/Windows/Scalability.ini]
[2022.12.14-10.47.21:985][  0]LogConfig: Setting CVar [[r.LightFunctionQuality:1]]
[2022.12.14-10.47.21:985][  0]LogConfig: Setting CVar [[r.ShadowQuality:5]]
[2022.12.14-10.47.21:985][  0]LogConfig: Setting CVar [[r.Shadow.CSM.MaxCascades:10]]
[2022.12.14-10.47.21:986][  0]LogConfig: Setting CVar [[r.Shadow.MaxResolution:2048]]
[2022.12.14-10.47.21:986][  0]LogConfig: Setting CVar [[r.Shadow.MaxCSMResolution:2048]]
[2022.12.14-10.47.21:986][  0]LogConfig: Setting CVar [[r.Shadow.RadiusThreshold:0.01]]
[2022.12.14-10.47.21:986][  0]LogConfig: Setting CVar [[r.Shadow.DistanceScale:1.0]]
[2022.12.14-10.47.21:986][  0]LogConfig: Setting CVar [[r.Shadow.CSM.TransitionScale:1.0]]
[2022.12.14-10.47.21:986][  0]LogConfig: Setting CVar [[r.Shadow.PreShadowResolutionFactor:1.0]]
[2022.12.14-10.47.21:986][  0]LogConfig: Setting CVar [[r.DistanceFieldShadowing:1]]
[2022.12.14-10.47.21:986][  0]LogConfig: Setting CVar [[r.DistanceFieldAO:1]]
[2022.12.14-10.47.21:986][  0]LogConfig: Setting CVar [[r.AOQuality:2]]
[2022.12.14-10.47.21:986][  0]LogConfig: Setting CVar [[r.VolumetricFog:1]]
[2022.12.14-10.47.21:986][  0]LogConfig: Setting CVar [[r.VolumetricFog.GridPixelSize:8]]
[2022.12.14-10.47.21:986][  0]LogConfig: Setting CVar [[r.VolumetricFog.GridSizeZ:128]]
[2022.12.14-10.47.21:986][  0]LogConfig: Setting CVar [[r.VolumetricFog.HistoryMissSupersampleCount:4]]
[2022.12.14-10.47.21:986][  0]LogConfig: Setting CVar [[r.LightMaxDrawDistanceScale:1]]
[2022.12.14-10.47.21:986][  0]LogConfig: Setting CVar [[r.CapsuleShadows:1]]
[2022.12.14-10.47.21:986][  0]LogConfig: Applying CVar settings from Section [PostProcessQuality@3] File [G:/Git_Horizontally Scrolling Shooter Repository/UE4_Portfolio2_SL/UE4_Portfolio2_SL/Saved/Config/Windows/Scalability.ini]
[2022.12.14-10.47.21:986][  0]LogConfig: Setting CVar [[r.MotionBlurQuality:4]]
[2022.12.14-10.47.21:986][  0]LogConfig: Setting CVar [[r.AmbientOcclusionMipLevelFactor:0.4]]
[2022.12.14-10.47.21:986][  0]LogConfig: Setting CVar [[r.AmbientOcclusionMaxQuality:100]]
[2022.12.14-10.47.21:987][  0]LogConfig: Setting CVar [[r.AmbientOcclusionLevels:-1]]
[2022.12.14-10.47.21:987][  0]LogConfig: Setting CVar [[r.AmbientOcclusionRadiusScale:1.0]]
[2022.12.14-10.47.21:987][  0]LogConfig: Setting CVar [[r.DepthOfFieldQuality:2]]
[2022.12.14-10.47.21:987][  0]LogConfig: Setting CVar [[r.RenderTargetPoolMin:400]]
[2022.12.14-10.47.21:987][  0]LogConfig: Setting CVar [[r.LensFlareQuality:2]]
[2022.12.14-10.47.21:987][  0]LogConfig: Setting CVar [[r.SceneColorFringeQuality:1]]
[2022.12.14-10.47.21:987][  0]LogConfig: Setting CVar [[r.EyeAdaptationQuality:2]]
[2022.12.14-10.47.21:987][  0]LogConfig: Setting CVar [[r.BloomQuality:5]]
[2022.12.14-10.47.21:987][  0]LogConfig: Setting CVar [[r.FastBlurThreshold:100]]
[2022.12.14-10.47.21:987][  0]LogConfig: Setting CVar [[r.Upscale.Quality:3]]
[2022.12.14-10.47.21:987][  0]LogConfig: Setting CVar [[r.Tonemapper.GrainQuantization:1]]
[2022.12.14-10.47.21:987][  0]LogConfig: Setting CVar [[r.LightShaftQuality:1]]
[2022.12.14-10.47.21:987][  0]LogConfig: Setting CVar [[r.Filter.SizeScale:1]]
[2022.12.14-10.47.21:987][  0]LogConfig: Setting CVar [[r.Tonemapper.Quality:5]]
[2022.12.14-10.47.21:987][  0]LogConfig: Setting CVar [[r.DOF.Gather.AccumulatorQuality:1        ; higher gathering accumulator quality]]
[2022.12.14-10.47.21:987][  0]LogConfig: Setting CVar [[r.DOF.Gather.PostfilterMethod:1          ; Median3x3 postfilering method]]
[2022.12.14-10.47.21:987][  0]LogConfig: Setting CVar [[r.DOF.Gather.EnableBokehSettings:0       ; no bokeh simulation when gathering]]
[2022.12.14-10.47.21:987][  0]LogConfig: Setting CVar [[r.DOF.Gather.RingCount:4                 ; medium number of samples when gathering]]
[2022.12.14-10.47.21:987][  0]LogConfig: Setting CVar [[r.DOF.Scatter.ForegroundCompositing:1    ; additive foreground scattering]]
[2022.12.14-10.47.21:987][  0]LogConfig: Setting CVar [[r.DOF.Scatter.BackgroundCompositing:2    ; additive background scattering]]
[2022.12.14-10.47.21:987][  0]LogConfig: Setting CVar [[r.DOF.Scatter.EnableBokehSettings:1      ; bokeh simulation when scattering]]
[2022.12.14-10.47.21:987][  0]LogConfig: Setting CVar [[r.DOF.Scatter.MaxSpriteRatio:0.1         ; only a maximum of 10% of scattered bokeh]]
[2022.12.14-10.47.21:987][  0]LogConfig: Setting CVar [[r.DOF.Recombine.Quality:1                ; cheap slight out of focus]]
[2022.12.14-10.47.21:987][  0]LogConfig: Setting CVar [[r.DOF.Recombine.EnableBokehSettings:0    ; no bokeh simulation on slight out of focus]]
[2022.12.14-10.47.21:988][  0]LogConfig: Setting CVar [[r.DOF.TemporalAAQuality:1                ; more stable temporal accumulation]]
[2022.12.14-10.47.21:988][  0]LogConfig: Setting CVar [[r.DOF.Kernel.MaxForegroundRadius:0.025]]
[2022.12.14-10.47.21:988][  0]LogConfig: Setting CVar [[r.DOF.Kernel.MaxBackgroundRadius:0.025]]
[2022.12.14-10.47.21:988][  0]LogConfig: Applying CVar settings from Section [TextureQuality@3] File [G:/Git_Horizontally Scrolling Shooter Repository/UE4_Portfolio2_SL/UE4_Portfolio2_SL/Saved/Config/Windows/Scalability.ini]
[2022.12.14-10.47.21:988][  0]LogConfig: Setting CVar [[r.Streaming.MipBias:0]]
[2022.12.14-10.47.21:988][  0]LogConfig: Setting CVar [[r.Streaming.AmortizeCPUToGPUCopy:0]]
[2022.12.14-10.47.21:988][  0]LogConfig: Setting CVar [[r.Streaming.MaxNumTexturesToStreamPerFrame:0]]
[2022.12.14-10.47.21:988][  0]LogConfig: Setting CVar [[r.Streaming.Boost:1]]
[2022.12.14-10.47.21:988][  0]LogConfig: Setting CVar [[r.MaxAnisotropy:8]]
[2022.12.14-10.47.21:988][  0]LogConfig: Setting CVar [[r.VT.MaxAnisotropy:8]]
[2022.12.14-10.47.21:988][  0]LogConfig: Setting CVar [[r.Streaming.LimitPoolSizeToVRAM:0]]
[2022.12.14-10.47.21:988][  0]LogConfig: Setting CVar [[r.Streaming.PoolSize:1000]]
[2022.12.14-10.47.21:988][  0]LogConfig: Setting CVar [[r.Streaming.MaxEffectiveScreenSize:0]]
[2022.12.14-10.47.21:988][  0]LogConfig: Applying CVar settings from Section [EffectsQuality@3] File [G:/Git_Horizontally Scrolling Shooter Repository/UE4_Portfolio2_SL/UE4_Portfolio2_SL/Saved/Config/Windows/Scalability.ini]
[2022.12.14-10.47.21:988][  0]LogConfig: Setting CVar [[r.TranslucencyLightingVolumeDim:64]]
[2022.12.14-10.47.21:988][  0]LogConfig: Setting CVar [[r.RefractionQuality:2]]
[2022.12.14-10.47.21:988][  0]LogConfig: Setting CVar [[r.SSR.Quality:3]]
[2022.12.14-10.47.21:988][  0]LogConfig: Setting CVar [[r.SSR.HalfResSceneColor:0]]
[2022.12.14-10.47.21:988][  0]LogConfig: Setting CVar [[r.SceneColorFormat:4]]
[2022.12.14-10.47.21:988][  0]LogConfig: Setting CVar [[r.DetailMode:2]]
[2022.12.14-10.47.21:988][  0]LogConfig: Setting CVar [[r.TranslucencyVolumeBlur:1]]
[2022.12.14-10.47.21:988][  0]LogConfig: Setting CVar [[r.MaterialQualityLevel:1 ; High quality]]
[2022.12.14-10.47.21:989][  0]LogConfig: Setting CVar [[r.AnisotropicMaterials:1]]
[2022.12.14-10.47.21:989][  0]LogConfig: Setting CVar [[r.SSS.Scale:1]]
[2022.12.14-10.47.21:989][  0]LogConfig: Setting CVar [[r.SSS.SampleSet:2]]
[2022.12.14-10.47.21:989][  0]LogConfig: Setting CVar [[r.SSS.Quality:1]]
[2022.12.14-10.47.21:989][  0]LogConfig: Setting CVar [[r.SSS.HalfRes:0]]
[2022.12.14-10.47.21:989][  0]LogConfig: Setting CVar [[r.SSGI.Quality:3]]
[2022.12.14-10.47.21:989][  0]LogConfig: Setting CVar [[r.EmitterSpawnRateScale:1.0]]
[2022.12.14-10.47.21:989][  0]LogConfig: Setting CVar [[r.ParticleLightQuality:2]]
[2022.12.14-10.47.21:989][  0]LogConfig: Setting CVar [[r.SkyAtmosphere.AerialPerspectiveLUT.FastApplyOnOpaque:1 ; Always have FastSkyLUT 1 in this case to avoid wrong sky]]
[2022.12.14-10.47.21:989][  0]LogConfig: Setting CVar [[r.SkyAtmosphere.AerialPerspectiveLUT.SampleCountMaxPerSlice:4]]
[2022.12.14-10.47.21:989][  0]LogConfig: Setting CVar [[r.SkyAtmosphere.AerialPerspectiveLUT.DepthResolution:16.0]]
[2022.12.14-10.47.21:989][  0]LogConfig: Setting CVar [[r.SkyAtmosphere.FastSkyLUT:1]]
[2022.12.14-10.47.21:989][  0]LogConfig: Setting CVar [[r.SkyAtmosphere.FastSkyLUT.SampleCountMin:4.0]]
[2022.12.14-10.47.21:989][  0]LogConfig: Setting CVar [[r.SkyAtmosphere.FastSkyLUT.SampleCountMax:128.0]]
[2022.12.14-10.47.21:989][  0]LogConfig: Setting CVar [[r.SkyAtmosphere.SampleCountMin:4.0]]
[2022.12.14-10.47.21:989][  0]LogConfig: Setting CVar [[r.SkyAtmosphere.SampleCountMax:128.0]]
[2022.12.14-10.47.21:989][  0]LogConfig: Setting CVar [[r.SkyAtmosphere.TransmittanceLUT.UseSmallFormat:0]]
[2022.12.14-10.47.21:989][  0]LogConfig: Setting CVar [[r.SkyAtmosphere.TransmittanceLUT.SampleCount:10.0]]
[2022.12.14-10.47.21:989][  0]LogConfig: Setting CVar [[r.SkyAtmosphere.MultiScatteringLUT.SampleCount:15.0]]
[2022.12.14-10.47.21:989][  0]LogConfig: Setting CVar [[r.SkyLight.RealTimeReflectionCapture:1]]
[2022.12.14-10.47.21:989][  0]LogConfig: Applying CVar settings from Section [FoliageQuality@3] File [G:/Git_Horizontally Scrolling Shooter Repository/UE4_Portfolio2_SL/UE4_Portfolio2_SL/Saved/Config/Windows/Scalability.ini]
[2022.12.14-10.47.21:989][  0]LogConfig: Setting CVar [[foliage.DensityScale:1.0]]
[2022.12.14-10.47.21:989][  0]LogConfig: Setting CVar [[grass.DensityScale:1.0]]
[2022.12.14-10.47.21:989][  0]LogConfig: Applying CVar settings from Section [ShadingQuality@3] File [G:/Git_Horizontally Scrolling Shooter Repository/UE4_Portfolio2_SL/UE4_Portfolio2_SL/Saved/Config/Windows/Scalability.ini]
[2022.12.14-10.47.21:989][  0]LogConfig: Setting CVar [[r.HairStrands.SkyLighting.IntegrationType:2]]
[2022.12.14-10.47.21:989][  0]LogConfig: Setting CVar [[r.HairStrands.SkyAO.SampleCount:4]]
[2022.12.14-10.47.21:989][  0]LogConfig: Setting CVar [[r.HairStrands.Visibility.MSAA.SamplePerPixel:4]]
[2022.12.14-10.47.21:989][  0]LogInit: Selected Device Profile: [Windows]
[2022.12.14-10.47.21:990][  0]LogInit: Applying CVar settings loaded from the selected device profile: [Windows]
[2022.12.14-10.47.21:990][  0]LogHAL: Display: Platform has ~ 64 GB [68629602304 / 68719476736 / 64], which maps to Largest [LargestMinGB=32, LargerMinGB=12, DefaultMinGB=8, SmallerMinGB=6, SmallestMinGB=0)
[2022.12.14-10.47.21:990][  0]LogInit: Going up to parent DeviceProfile []
[2022.12.14-10.47.21:990][  0]LogConfig: Applying CVar settings from Section [ViewDistanceQuality@3] File [G:/Git_Horizontally Scrolling Shooter Repository/UE4_Portfolio2_SL/UE4_Portfolio2_SL/Saved/Config/Windows/Scalability.ini]
[2022.12.14-10.47.21:990][  0]LogConfig: Setting CVar [[r.SkeletalMeshLODBias:0]]
[2022.12.14-10.47.21:990][  0]LogConfig: Setting CVar [[r.ViewDistanceScale:1.0]]
[2022.12.14-10.47.21:990][  0]LogConfig: Applying CVar settings from Section [AntiAliasingQuality@3] File [G:/Git_Horizontally Scrolling Shooter Repository/UE4_Portfolio2_SL/UE4_Portfolio2_SL/Saved/Config/Windows/Scalability.ini]
[2022.12.14-10.47.21:990][  0]LogConfig: Setting CVar [[r.PostProcessAAQuality:4]]
[2022.12.14-10.47.21:990][  0]LogConfig: Applying CVar settings from Section [ShadowQuality@3] File [G:/Git_Horizontally Scrolling Shooter Repository/UE4_Portfolio2_SL/UE4_Portfolio2_SL/Saved/Config/Windows/Scalability.ini]
[2022.12.14-10.47.21:990][  0]LogConfig: Setting CVar [[r.LightFunctionQuality:1]]
[2022.12.14-10.47.21:990][  0]LogConfig: Setting CVar [[r.ShadowQuality:5]]
[2022.12.14-10.47.21:990][  0]LogConfig: Setting CVar [[r.Shadow.CSM.MaxCascades:10]]
[2022.12.14-10.47.21:990][  0]LogConfig: Setting CVar [[r.Shadow.MaxResolution:2048]]
[2022.12.14-10.47.21:990][  0]LogConfig: Setting CVar [[r.Shadow.MaxCSMResolution:2048]]
[2022.12.14-10.47.21:990][  0]LogConfig: Setting CVar [[r.Shadow.RadiusThreshold:0.01]]
[2022.12.14-10.47.21:990][  0]LogConfig: Setting CVar [[r.Shadow.DistanceScale:1.0]]
[2022.12.14-10.47.21:990][  0]LogConfig: Setting CVar [[r.Shadow.CSM.TransitionScale:1.0]]
[2022.12.14-10.47.21:990][  0]LogConfig: Setting CVar [[r.Shadow.PreShadowResolutionFactor:1.0]]
[2022.12.14-10.47.21:990][  0]LogConfig: Setting CVar [[r.DistanceFieldShadowing:1]]
[2022.12.14-10.47.21:990][  0]LogConfig: Setting CVar [[r.DistanceFieldAO:1]]
[2022.12.14-10.47.21:990][  0]LogConfig: Setting CVar [[r.AOQuality:2]]
[2022.12.14-10.47.21:990][  0]LogConfig: Setting CVar [[r.VolumetricFog:1]]
[2022.12.14-10.47.21:990][  0]LogConfig: Setting CVar [[r.VolumetricFog.GridPixelSize:8]]
[2022.12.14-10.47.21:990][  0]LogConfig: Setting CVar [[r.VolumetricFog.GridSizeZ:128]]
[2022.12.14-10.47.21:990][  0]LogConfig: Setting CVar [[r.VolumetricFog.HistoryMissSupersampleCount:4]]
[2022.12.14-10.47.21:991][  0]LogConfig: Setting CVar [[r.LightMaxDrawDistanceScale:1]]
[2022.12.14-10.47.21:991][  0]LogConfig: Setting CVar [[r.CapsuleShadows:1]]
[2022.12.14-10.47.21:991][  0]LogConfig: Applying CVar settings from Section [PostProcessQuality@3] File [G:/Git_Horizontally Scrolling Shooter Repository/UE4_Portfolio2_SL/UE4_Portfolio2_SL/Saved/Config/Windows/Scalability.ini]
[2022.12.14-10.47.21:991][  0]LogConfig: Setting CVar [[r.MotionBlurQuality:4]]
[2022.12.14-10.47.21:991][  0]LogConfig: Setting CVar [[r.AmbientOcclusionMipLevelFactor:0.4]]
[2022.12.14-10.47.21:991][  0]LogConfig: Setting CVar [[r.AmbientOcclusionMaxQuality:100]]
[2022.12.14-10.47.21:991][  0]LogConfig: Setting CVar [[r.AmbientOcclusionLevels:-1]]
[2022.12.14-10.47.21:991][  0]LogConfig: Setting CVar [[r.AmbientOcclusionRadiusScale:1.0]]
[2022.12.14-10.47.21:991][  0]LogConfig: Setting CVar [[r.DepthOfFieldQuality:2]]
[2022.12.14-10.47.21:991][  0]LogConfig: Setting CVar [[r.RenderTargetPoolMin:400]]
[2022.12.14-10.47.21:991][  0]LogConfig: Setting CVar [[r.LensFlareQuality:2]]
[2022.12.14-10.47.21:991][  0]LogConfig: Setting CVar [[r.SceneColorFringeQuality:1]]
[2022.12.14-10.47.21:991][  0]LogConfig: Setting CVar [[r.EyeAdaptationQuality:2]]
[2022.12.14-10.47.21:991][  0]LogConfig: Setting CVar [[r.BloomQuality:5]]
[2022.12.14-10.47.21:991][  0]LogConfig: Setting CVar [[r.FastBlurThreshold:100]]
[2022.12.14-10.47.21:991][  0]LogConfig: Setting CVar [[r.Upscale.Quality:3]]
[2022.12.14-10.47.21:991][  0]LogConfig: Setting CVar [[r.Tonemapper.GrainQuantization:1]]
[2022.12.14-10.47.21:991][  0]LogConfig: Setting CVar [[r.LightShaftQuality:1]]
[2022.12.14-10.47.21:991][  0]LogConfig: Setting CVar [[r.Filter.SizeScale:1]]
[2022.12.14-10.47.21:991][  0]LogConfig: Setting CVar [[r.Tonemapper.Quality:5]]
[2022.12.14-10.47.21:991][  0]LogConfig: Setting CVar [[r.DOF.Gather.AccumulatorQuality:1        ; higher gathering accumulator quality]]
[2022.12.14-10.47.21:991][  0]LogConfig: Setting CVar [[r.DOF.Gather.PostfilterMethod:1          ; Median3x3 postfilering method]]
[2022.12.14-10.47.21:991][  0]LogConfig: Setting CVar [[r.DOF.Gather.EnableBokehSettings:0       ; no bokeh simulation when gathering]]
[2022.12.14-10.47.21:991][  0]LogConfig: Setting CVar [[r.DOF.Gather.RingCount:4                 ; medium number of samples when gathering]]
[2022.12.14-10.47.21:991][  0]LogConfig: Setting CVar [[r.DOF.Scatter.ForegroundCompositing:1    ; additive foreground scattering]]
[2022.12.14-10.47.21:991][  0]LogConfig: Setting CVar [[r.DOF.Scatter.BackgroundCompositing:2    ; additive background scattering]]
[2022.12.14-10.47.21:991][  0]LogConfig: Setting CVar [[r.DOF.Scatter.EnableBokehSettings:1      ; bokeh simulation when scattering]]
[2022.12.14-10.47.21:991][  0]LogConfig: Setting CVar [[r.DOF.Scatter.MaxSpriteRatio:0.1         ; only a maximum of 10% of scattered bokeh]]
[2022.12.14-10.47.21:991][  0]LogConfig: Setting CVar [[r.DOF.Recombine.Quality:1                ; cheap slight out of focus]]
[2022.12.14-10.47.21:991][  0]LogConfig: Setting CVar [[r.DOF.Recombine.EnableBokehSettings:0    ; no bokeh simulation on slight out of focus]]
[2022.12.14-10.47.21:992][  0]LogConfig: Setting CVar [[r.DOF.TemporalAAQuality:1                ; more stable temporal accumulation]]
[2022.12.14-10.47.21:992][  0]LogConfig: Setting CVar [[r.DOF.Kernel.MaxForegroundRadius:0.025]]
[2022.12.14-10.47.21:992][  0]LogConfig: Setting CVar [[r.DOF.Kernel.MaxBackgroundRadius:0.025]]
[2022.12.14-10.47.21:992][  0]LogConfig: Applying CVar settings from Section [TextureQuality@3] File [G:/Git_Horizontally Scrolling Shooter Repository/UE4_Portfolio2_SL/UE4_Portfolio2_SL/Saved/Config/Windows/Scalability.ini]
[2022.12.14-10.47.21:992][  0]LogConfig: Setting CVar [[r.Streaming.MipBias:0]]
[2022.12.14-10.47.21:992][  0]LogConfig: Setting CVar [[r.Streaming.AmortizeCPUToGPUCopy:0]]
[2022.12.14-10.47.21:992][  0]LogConfig: Setting CVar [[r.Streaming.MaxNumTexturesToStreamPerFrame:0]]
[2022.12.14-10.47.21:992][  0]LogConfig: Setting CVar [[r.Streaming.Boost:1]]
[2022.12.14-10.47.21:992][  0]LogConfig: Setting CVar [[r.MaxAnisotropy:8]]
[2022.12.14-10.47.21:992][  0]LogConfig: Setting CVar [[r.VT.MaxAnisotropy:8]]
[2022.12.14-10.47.21:992][  0]LogConfig: Setting CVar [[r.Streaming.LimitPoolSizeToVRAM:0]]
[2022.12.14-10.47.21:992][  0]LogConfig: Setting CVar [[r.Streaming.PoolSize:1000]]
[2022.12.14-10.47.21:992][  0]LogConfig: Setting CVar [[r.Streaming.MaxEffectiveScreenSize:0]]
[2022.12.14-10.47.21:992][  0]LogConfig: Applying CVar settings from Section [EffectsQuality@3] File [G:/Git_Horizontally Scrolling Shooter Repository/UE4_Portfolio2_SL/UE4_Portfolio2_SL/Saved/Config/Windows/Scalability.ini]
[2022.12.14-10.47.21:992][  0]LogConfig: Setting CVar [[r.TranslucencyLightingVolumeDim:64]]
[2022.12.14-10.47.21:992][  0]LogConfig: Setting CVar [[r.RefractionQuality:2]]
[2022.12.14-10.47.21:992][  0]LogConfig: Setting CVar [[r.SSR.Quality:3]]
[2022.12.14-10.47.21:992][  0]LogConfig: Setting CVar [[r.SSR.HalfResSceneColor:0]]
[2022.12.14-10.47.21:992][  0]LogConfig: Setting CVar [[r.SceneColorFormat:4]]
[2022.12.14-10.47.21:992][  0]LogConfig: Setting CVar [[r.DetailMode:2]]
[2022.12.14-10.47.21:992][  0]LogConfig: Setting CVar [[r.TranslucencyVolumeBlur:1]]
[2022.12.14-10.47.21:992][  0]LogConfig: Setting CVar [[r.MaterialQualityLevel:1 ; High quality]]
[2022.12.14-10.47.21:992][  0]LogConfig: Setting CVar [[r.AnisotropicMaterials:1]]
[2022.12.14-10.47.21:992][  0]LogConfig: Setting CVar [[r.SSS.Scale:1]]
[2022.12.14-10.47.21:992][  0]LogConfig: Setting CVar [[r.SSS.SampleSet:2]]
[2022.12.14-10.47.21:992][  0]LogConfig: Setting CVar [[r.SSS.Quality:1]]
[2022.12.14-10.47.21:992][  0]LogConfig: Setting CVar [[r.SSS.HalfRes:0]]
[2022.12.14-10.47.21:992][  0]LogConfig: Setting CVar [[r.SSGI.Quality:3]]
[2022.12.14-10.47.21:992][  0]LogConfig: Setting CVar [[r.EmitterSpawnRateScale:1.0]]
[2022.12.14-10.47.21:993][  0]LogConfig: Setting CVar [[r.ParticleLightQuality:2]]
[2022.12.14-10.47.21:993][  0]LogConfig: Setting CVar [[r.SkyAtmosphere.AerialPerspectiveLUT.FastApplyOnOpaque:1 ; Always have FastSkyLUT 1 in this case to avoid wrong sky]]
[2022.12.14-10.47.21:993][  0]LogConfig: Setting CVar [[r.SkyAtmosphere.AerialPerspectiveLUT.SampleCountMaxPerSlice:4]]
[2022.12.14-10.47.21:993][  0]LogConfig: Setting CVar [[r.SkyAtmosphere.AerialPerspectiveLUT.DepthResolution:16.0]]
[2022.12.14-10.47.21:993][  0]LogConfig: Setting CVar [[r.SkyAtmosphere.FastSkyLUT:1]]
[2022.12.14-10.47.21:993][  0]LogConfig: Setting CVar [[r.SkyAtmosphere.FastSkyLUT.SampleCountMin:4.0]]
[2022.12.14-10.47.21:993][  0]LogConfig: Setting CVar [[r.SkyAtmosphere.FastSkyLUT.SampleCountMax:128.0]]
[2022.12.14-10.47.21:993][  0]LogConfig: Setting CVar [[r.SkyAtmosphere.SampleCountMin:4.0]]
[2022.12.14-10.47.21:993][  0]LogConfig: Setting CVar [[r.SkyAtmosphere.SampleCountMax:128.0]]
[2022.12.14-10.47.21:993][  0]LogConfig: Setting CVar [[r.SkyAtmosphere.TransmittanceLUT.UseSmallFormat:0]]
[2022.12.14-10.47.21:993][  0]LogConfig: Setting CVar [[r.SkyAtmosphere.TransmittanceLUT.SampleCount:10.0]]
[2022.12.14-10.47.21:993][  0]LogConfig: Setting CVar [[r.SkyAtmosphere.MultiScatteringLUT.SampleCount:15.0]]
[2022.12.14-10.47.21:993][  0]LogConfig: Setting CVar [[r.SkyLight.RealTimeReflectionCapture:1]]
[2022.12.14-10.47.21:993][  0]LogConfig: Applying CVar settings from Section [FoliageQuality@3] File [G:/Git_Horizontally Scrolling Shooter Repository/UE4_Portfolio2_SL/UE4_Portfolio2_SL/Saved/Config/Windows/Scalability.ini]
[2022.12.14-10.47.21:993][  0]LogConfig: Setting CVar [[foliage.DensityScale:1.0]]
[2022.12.14-10.47.21:993][  0]LogConfig: Setting CVar [[grass.DensityScale:1.0]]
[2022.12.14-10.47.21:993][  0]LogConfig: Applying CVar settings from Section [ShadingQuality@3] File [G:/Git_Horizontally Scrolling Shooter Repository/UE4_Portfolio2_SL/UE4_Portfolio2_SL/Saved/Config/Windows/Scalability.ini]
[2022.12.14-10.47.21:993][  0]LogConfig: Setting CVar [[r.HairStrands.SkyLighting.IntegrationType:2]]
[2022.12.14-10.47.21:993][  0]LogConfig: Setting CVar [[r.HairStrands.SkyAO.SampleCount:4]]
[2022.12.14-10.47.21:993][  0]LogConfig: Setting CVar [[r.HairStrands.Visibility.MSAA.SamplePerPixel:4]]
[2022.12.14-10.47.21:993][  0]LogConfig: Applying CVar settings from Section [Startup] File [../../../Engine/Config/ConsoleVariables.ini]
[2022.12.14-10.47.21:993][  0]LogConfig: Setting CVar [[net.UseAdaptiveNetUpdateFrequency:0]]
[2022.12.14-10.47.21:994][  0]LogConfig: Setting CVar [[p.chaos.AllowCreatePhysxBodies:1]]
[2022.12.14-10.47.21:994][  0]LogConfig: Setting CVar [[fx.SkipVectorVMBackendOptimizations:1]]
[2022.12.14-10.47.21:994][  0]LogConfig: Applying CVar settings from Section [ConsoleVariables] File [G:/Git_Horizontally Scrolling Shooter Repository/UE4_Portfolio2_SL/UE4_Portfolio2_SL/Saved/Config/Windows/Engine.ini]
[2022.12.14-10.47.21:994][  0]LogConfig: Applying CVar settings from Section [ConsoleVariables] File [G:/Git_Horizontally Scrolling Shooter Repository/UE4_Portfolio2_SL/UE4_Portfolio2_SL/Saved/Config/Windows/Editor.ini]
[2022.12.14-10.47.21:994][  0]LogInit: Computer: DESKTOP-37S8SED
[2022.12.14-10.47.21:994][  0]LogInit: User: decja
[2022.12.14-10.47.21:994][  0]LogInit: CPU Page size=4096, Cores=12
[2022.12.14-10.47.21:994][  0]LogInit: High frequency timer resolution =10.000000 MHz
[2022.12.14-10.47.21:994][  0]LogMemory: Memory total: Physical=63.9GB (64GB approx)
[2022.12.14-10.47.21:994][  0]LogMemory: Platform Memory Stats for Windows
[2022.12.14-10.47.21:994][  0]LogMemory: Process Physical Memory: 151.61 MB used, 151.61 MB peak
[2022.12.14-10.47.21:994][  0]LogMemory: Process Virtual Memory: 133.78 MB used, 133.78 MB peak
[2022.12.14-10.47.21:994][  0]LogMemory: Physical Memory: 26128.11 MB used,  39322.18 MB free, 65450.29 MB total
[2022.12.14-10.47.21:994][  0]LogMemory: Virtual Memory: 134173784.00 MB used,  43942.03 MB free, 134217728.00 MB total
[2022.12.14-10.47.22:007][  0]LogWindows: WindowsPlatformFeatures enabled
[2022.12.14-10.47.22:208][  0]LogInit: Physics initialised using underlying interface: PhysX
[2022.12.14-10.47.22:209][  0]LogInit: Using OS detected language (ko-KR).
[2022.12.14-10.47.22:209][  0]LogInit: Using OS detected locale (ko-KR).
[2022.12.14-10.47.22:212][  0]LogTextLocalizationManager: No specific localization for 'ko-KR' exists, so the 'ko' localization will be used.
[2022.12.14-10.47.22:302][  0]LogInit: Setting process to per monitor DPI aware
[2022.12.14-10.47.22:354][  0]LogWindowsTextInputMethodSystem: Display: IME system deactivated.
[2022.12.14-10.47.22:380][  0]LogSlate: New Slate User Created.  User Index 0, Is Virtual User: 0
[2022.12.14-10.47.22:380][  0]LogSlate: Slate User Registered.  User Index 0, Is Virtual User: 0
[2022.12.14-10.47.22:876][  0]LogD3D11RHI: Loaded GFSDK_Aftermath_Lib.x64.dll
[2022.12.14-10.47.22:882][  0]LogHMD: Failed to initialize OpenVR with code 110
[2022.12.14-10.47.22:882][  0]LogD3D11RHI: D3D11 min allowed feature level: 11_0
[2022.12.14-10.47.22:882][  0]LogD3D11RHI: D3D11 max allowed feature level: 11_0
[2022.12.14-10.47.22:882][  0]LogD3D11RHI: D3D11 adapters:
[2022.12.14-10.47.22:948][  0]LogD3D11RHI:    0. 'AMD Radeon RX 6600 XT' (Feature Level 11_0)
[2022.12.14-10.47.22:949][  0]LogD3D11RHI:       8147/0/32725 MB DedicatedVideo/DedicatedSystem/SharedSystem, Outputs:2, VendorId:0x1002
[2022.12.14-10.47.22:962][  0]LogD3D11RHI:    1. 'Microsoft Basic Render Driver' (Feature Level 11_0)
[2022.12.14-10.47.22:962][  0]LogD3D11RHI:       0/0/32725 MB DedicatedVideo/DedicatedSystem/SharedSystem, Outputs:0, VendorId:0x1414
[2022.12.14-10.47.22:962][  0]LogD3D11RHI: Chosen D3D11 Adapter:
[2022.12.14-10.47.22:962][  0]LogD3D11RHI:     Description : AMD Radeon RX 6600 XT
[2022.12.14-10.47.22:962][  0]LogD3D11RHI:     VendorId    : 1002
[2022.12.14-10.47.22:962][  0]LogD3D11RHI:     DeviceId    : 73ff
[2022.12.14-10.47.22:962][  0]LogD3D11RHI:     SubSysId    : e4481da2
[2022.12.14-10.47.22:962][  0]LogD3D11RHI:     Revision    : 00c1
[2022.12.14-10.47.22:962][  0]LogD3D11RHI:     DedicatedVideoMemory : 8542978048 bytes
[2022.12.14-10.47.22:963][  0]LogD3D11RHI:     DedicatedSystemMemory : 0 bytes
[2022.12.14-10.47.22:963][  0]LogD3D11RHI:     SharedSystemMemory : 34314801152 bytes
[2022.12.14-10.47.22:963][  0]LogD3D11RHI:     AdapterLuid : 0 67167
[2022.12.14-10.47.22:971][  0]LogD3D11RHI: Creating new Direct3DDevice
[2022.12.14-10.47.22:971][  0]LogD3D11RHI:     GPU DeviceId: 0x73ff (for the marketing name, search the web for "GPU Device Id")
[2022.12.14-10.47.22:971][  0]LogWindows: EnumDisplayDevices:
[2022.12.14-10.47.22:971][  0]LogWindows:    0. 'AMD Radeon RX 6600 XT' (P:1 D:1)
[2022.12.14-10.47.22:971][  0]LogWindows:    1. 'AMD Radeon RX 6600 XT' (P:0 D:1)
[2022.12.14-10.47.22:972][  0]LogWindows:    2. 'AMD Radeon RX 6600 XT' (P:0 D:0)
[2022.12.14-10.47.22:972][  0]LogWindows:    3. 'AMD Radeon RX 6600 XT' (P:0 D:0)
[2022.12.14-10.47.22:972][  0]LogWindows:    4. 'AMD Radeon RX 6600 XT' (P:0 D:0)
[2022.12.14-10.47.22:972][  0]LogWindows:    5. 'AMD Radeon RX 6600 XT' (P:0 D:0)
[2022.12.14-10.47.22:972][  0]LogWindows: DebugString: FoundDriverCount:6 
[2022.12.14-10.47.22:972][  0]LogD3D11RHI:     Adapter Name: AMD Radeon RX 6600 XT
[2022.12.14-10.47.22:973][  0]LogD3D11RHI:   Driver Version: AMD Software: Adrenalin Edition 22.5.1 (internal:30.0.15021.11005, unified:30.0.15021.11005)
[2022.12.14-10.47.22:973][  0]LogD3D11RHI:      Driver Date: 4-28-2022
[2022.12.14-10.47.22:973][  0]LogRHI: Texture pool is 5165 MB (70% of 7379 MB)
[2022.12.14-10.47.22:996][  0]LogD3D11RHI: Creating D3DDevice with AMD AGS, using adapter:
[2022.12.14-10.47.22:996][  0]LogD3D11RHI:     Description : AMD Radeon RX 6600 XT
[2022.12.14-10.47.22:996][  0]LogD3D11RHI:     VendorId    : 1002
[2022.12.14-10.47.22:996][  0]LogD3D11RHI:     DeviceId    : 73ff
[2022.12.14-10.47.22:996][  0]LogD3D11RHI:     SubSysId    : e4481da2
[2022.12.14-10.47.22:996][  0]LogD3D11RHI:     Revision    : 00c1
[2022.12.14-10.47.22:996][  0]LogD3D11RHI:     DedicatedVideoMemory : 8542978048 bytes
[2022.12.14-10.47.22:996][  0]LogD3D11RHI:     DedicatedSystemMemory : 0 bytes
[2022.12.14-10.47.22:996][  0]LogD3D11RHI:     SharedSystemMemory : 34314801152 bytes
[2022.12.14-10.47.22:996][  0]LogD3D11RHI:     AdapterLuid : 0 67167
[2022.12.14-10.47.23:046][  0]LogD3D11RHI: Created device via AGS, feature level 11_0, supported extensions 1fffffbf.
[2022.12.14-10.47.23:047][  0]LogD3D11RHI: RHI has support for 64 bit atomics
[2022.12.14-10.47.23:047][  0]LogD3D11RHI: Async texture creation enabled
[2022.12.14-10.47.23:047][  0]LogD3D11RHI: Array index from any shader is supported
[2022.12.14-10.47.23:062][  0]LogD3D11RHI: GPU Timing Frequency: 100.000000 (Debug: 2 1)
[2022.12.14-10.47.23:351][  0]LogTargetPlatformManager: Display: Loaded TargetPlatform 'AllDesktop'
[2022.12.14-10.47.23:379][  0]LogTargetPlatformManager: Display: Loaded TargetPlatform 'Android'
[2022.12.14-10.47.23:379][  0]LogTargetPlatformManager: Display: Loaded TargetPlatform 'Android_ASTC'
[2022.12.14-10.47.23:379][  0]LogTargetPlatformManager: Display: Loaded TargetPlatform 'Android_DXT'
[2022.12.14-10.47.23:379][  0]LogTargetPlatformManager: Display: Loaded TargetPlatform 'Android_ETC2'
[2022.12.14-10.47.23:379][  0]LogTargetPlatformManager: Display: Loaded TargetPlatform 'AndroidClient'
[2022.12.14-10.47.23:379][  0]LogTargetPlatformManager: Display: Loaded TargetPlatform 'Android_ASTCClient'
[2022.12.14-10.47.23:379][  0]LogTargetPlatformManager: Display: Loaded TargetPlatform 'Android_DXTClient'
[2022.12.14-10.47.23:379][  0]LogTargetPlatformManager: Display: Loaded TargetPlatform 'Android_ETC2Client'
[2022.12.14-10.47.23:379][  0]LogTargetPlatformManager: Display: Loaded TargetPlatform 'Android_Multi'
[2022.12.14-10.47.23:379][  0]LogTargetPlatformManager: Display: Loaded TargetPlatform 'Android_MultiClient'
[2022.12.14-10.47.23:433][  0]LogTargetPlatformManager: Display: Loaded TargetPlatform 'IOSClient'
[2022.12.14-10.47.23:433][  0]LogTargetPlatformManager: Display: Loaded TargetPlatform 'IOS'
[2022.12.14-10.47.23:451][  0]LogTargetPlatformManager: Display: Loaded TargetPlatform 'Linux'
[2022.12.14-10.47.23:464][  0]LogTargetPlatformManager: Display: Loaded TargetPlatform 'LinuxNoEditor'
[2022.12.14-10.47.23:480][  0]LogTargetPlatformManager: Display: Loaded TargetPlatform 'LinuxClient'
[2022.12.14-10.47.23:492][  0]LogTargetPlatformManager: Display: Loaded TargetPlatform 'LinuxServer'
[2022.12.14-10.47.23:507][  0]LogTargetPlatformManager: Display: Loaded TargetPlatform 'LinuxAArch64NoEditor'
[2022.12.14-10.47.23:519][  0]LogTargetPlatformManager: Display: Loaded TargetPlatform 'LinuxAArch64Client'
[2022.12.14-10.47.23:531][  0]LogTargetPlatformManager: Display: Loaded TargetPlatform 'LinuxAArch64Server'
[2022.12.14-10.47.23:557][  0]LogTargetPlatformManager: Display: Loaded TargetPlatform 'Lumin'
[2022.12.14-10.47.23:557][  0]LogTargetPlatformManager: Display: Loaded TargetPlatform 'LuminClient'
[2022.12.14-10.47.23:576][  0]LogTargetPlatformManager: Display: Loaded TargetPlatform 'MacNoEditor'
[2022.12.14-10.47.23:593][  0]LogTargetPlatformManager: Display: Loaded TargetPlatform 'Mac'
[2022.12.14-10.47.23:608][  0]LogTargetPlatformManager: Display: Loaded TargetPlatform 'MacClient'
[2022.12.14-10.47.23:625][  0]LogTargetPlatformManager: Display: Loaded TargetPlatform 'MacServer'
[2022.12.14-10.47.23:640][  0]LogTargetPlatformManager: Display: Loaded TargetPlatform 'TVOSClient'
[2022.12.14-10.47.23:640][  0]LogTargetPlatformManager: Display: Loaded TargetPlatform 'TVOS'
[2022.12.14-10.47.23:661][  0]LogTargetPlatformManager: Display: Loaded TargetPlatform 'WindowsNoEditor'
[2022.12.14-10.47.23:679][  0]LogTargetPlatformManager: Display: Loaded TargetPlatform 'Windows'
[2022.12.14-10.47.23:697][  0]LogTargetPlatformManager: Display: Loaded TargetPlatform 'WindowsClient'
[2022.12.14-10.47.23:714][  0]LogTargetPlatformManager: Display: Loaded TargetPlatform 'WindowsServer'
[2022.12.14-10.47.23:714][  0]LogTargetPlatformManager: Display: Building Assets For Windows
[2022.12.14-10.47.23:750][  0]LogAudioDebug: Display: Lib vorbis DLL was dynamically loaded.
[2022.12.14-10.47.23:907][  0]LogTextureFormatOodle: Display: Oodle Texture 2.9.0 init RDO Off
[2022.12.14-10.47.24:082][  0]LogRendererCore: Ray tracing is disabled. Reason: r.RayTracing=0.
[2022.12.14-10.47.24:082][  0]LogShaderCompilers: Guid format shader working directory is -51 characters bigger than the processId version (../../../../../Git_Horizontally Scrolling Shooter Repository/UE4_Portfolio2_SL/UE4_Portfolio2_SL/Intermediate/Shaders/WorkingDirectory/39108/).
[2022.12.14-10.47.24:082][  0]LogShaderCompilers: Cleaned the shader compiler working directory 'C:/Users/decja/AppData/Local/Temp/UnrealShaderWorkingDir/E721A6DF41A41E830827D0B18AA8BA91/'.
[2022.12.14-10.47.24:083][  0]LogXGEController: Cannot use XGE Controller as Incredibuild is not installed on this machine.
[2022.12.14-10.47.24:083][  0]LogShaderCompilers: Cannot use XGE Shader Compiler as Incredibuild is not installed on this machine.
[2022.12.14-10.47.24:083][  0]LogShaderCompilers: Display: Using Local Shader Compiler.
[2022.12.14-10.47.24:819][  0]LogDerivedDataCache: Display: Max Cache Size: 512 MB
[2022.12.14-10.47.24:869][  0]LogDerivedDataCache: Loaded boot cache 0.05s 118MB C:/Users/decja/AppData/Local/UnrealEngine/4.27/DerivedDataCache/Boot.ddc.
[2022.12.14-10.47.24:869][  0]LogDerivedDataCache: Display: Loaded Boot cache: C:/Users/decja/AppData/Local/UnrealEngine/4.27/DerivedDataCache/Boot.ddc
[2022.12.14-10.47.24:869][  0]LogDerivedDataCache: FDerivedDataBackendGraph:  Pak pak cache file ../../../../../Git_Horizontally Scrolling Shooter Repository/UE4_Portfolio2_SL/UE4_Portfolio2_SL/DerivedDataCache/DDC.ddp not found, will not use a pak cache.
[2022.12.14-10.47.24:869][  0]LogDerivedDataCache: Unable to find inner node Pak for hierarchical cache Hierarchy.
[2022.12.14-10.47.24:869][  0]LogDerivedDataCache: FDerivedDataBackendGraph:  CompressedPak pak cache file ../../../../../Git_Horizontally Scrolling Shooter Repository/UE4_Portfolio2_SL/UE4_Portfolio2_SL/DerivedDataCache/Compressed.ddp not found, will not use a pak cache.
[2022.12.14-10.47.24:869][  0]LogDerivedDataCache: Unable to find inner node CompressedPak for hierarchical cache Hierarchy.
[2022.12.14-10.47.24:883][  0]LogDerivedDataCache: Display: Pak cache opened for reading ../../../Engine/DerivedDataCache/Compressed.ddp.
[2022.12.14-10.47.24:883][  0]LogDerivedDataCache: FDerivedDataBackendGraph:  EnterprisePak pak cache file ../../../Enterprise/DerivedDataCache/Compressed.ddp not found, will not use a pak cache.
[2022.12.14-10.47.24:883][  0]LogDerivedDataCache: Unable to find inner node EnterprisePak for hierarchical cache Hierarchy.
[2022.12.14-10.47.24:896][  0]LogDerivedDataCache: Speed tests for C:/Users/decja/AppData/Local/UnrealEngine/Common/DerivedDataCache took 0.01 seconds
[2022.12.14-10.47.24:896][  0]LogDerivedDataCache: Display: Performance to C:/Users/decja/AppData/Local/UnrealEngine/Common/DerivedDataCache: Latency=0.09ms. RandomReadSpeed=139.02MBs, RandomWriteSpeed=185.90MBs. Assigned SpeedClass 'Local'
[2022.12.14-10.47.24:897][  0]LogDerivedDataCache: Using Local data cache path C:/Users/decja/AppData/Local/UnrealEngine/Common/DerivedDataCache: Writable
[2022.12.14-10.47.24:897][  0]LogDerivedDataCache: Shared data cache path not found in *engine.ini, will not use an Shared cache.
[2022.12.14-10.47.24:897][  0]LogDerivedDataCache: Unable to find inner node Shared for hierarchical cache Hierarchy.
[2022.12.14-10.47.24:930][  0]LogSlate: Using FreeType 2.10.0
[2022.12.14-10.47.24:931][  0]LogSlate: SlateFontServices - WITH_FREETYPE: 1, WITH_HARFBUZZ: 1
[2022.12.14-10.47.24:974][  0]LogAssetRegistry: FAssetRegistry took 0.0031 seconds to start up
[2022.12.14-10.47.25:144][  0]LogInit: Selected Device Profile: [Windows]
[2022.12.14-10.47.25:144][  0]LogInit: Active device profile: [0000029C37F9F000][0000029C2CD4D740 49] Windows
[2022.12.14-10.47.25:144][  0]LogInit: Profiles: [0000029C37F9F000][0000029C2CD4D740 49] Windows, [0000029C37F5D300][0000029C2CD55A00 49] WindowsNoEditor, [0000029C37F9D200][0000029C2CD58140 49] WindowsServer, [0000029C37F5EE00][0000029C2CD5C400 49] WindowsClient, [0000029C37F9EF00][0000029C2CD606C0 49] IOS, [0000029C37F5D700][0000029C366F0980 49] iPadAir, [0000029C37F9D600][0000029C366F4C40 49] iPadAir2, [0000029C37F1BF00][0000029C36705100 49] IPadPro, [0000029C37F1BE00][0000029C2CD51140 49] iPadAir3, [0000029C37F9E900][0000029C36701400 49] iPadAir4, [0000029C37F19600][0000029C366FD6C0 49] iPadMini2, [0000029C37F9D800][0000029C36709980 49] iPadMini3, [0000029C37F1A800][0000029C3670C0C0 49] iPadMini4, [0000029C37F9CD00][0000029C36710380 49] iPadMini5, [0000029C37F57800][0000029C367248C0 49] iPhone6, [0000029C37F57900][0000029C36714900 49] iPodTouch6, [0000029C37F18400][0000029C3672CE40 49] iPhone7, [0000029C37F18300][0000029C3671CE80 49] iPodTouch7, [0000029C37F55500][0000029C366F9100 49] iPhone5S, [0000029C37F1BD00][0000029C36721380 49] iPhone6Plus, [0000029C37F56900][0000029C36729640 49] iPhone6S, [0000029C37F19B00][0000029C36731900 49] iPhone6SPlus, [0000029C37F55A00][0000029C36735BC0 49] iPhone7Plus, [0000029C37F1BA00][0000029C36738300 49] iPhoneSE, [0000029C37F56A00][0000029C3673C5C0 49] iPhone8, [0000029C37F18200][0000029C36740880 49] iPhone8Plus, [0000029C37F57500][0000029C36744B40 49] iPhoneX, [0000029C37F18800][0000029C36748E00 49] iPhoneXS, [0000029C37F57A00][0000029C3674D0C0 49] iPhoneXSMax, [0000029C37F19200][0000029C36719340 49] iPhoneXR, [0000029C37F55F00][0000029C367515C0 49] iPhone11, [0000029C37F18D00][0000029C36759880 49] iPhone11Pro, [0000029C37F56200][0000029C3675DB40 49] iPhone11ProMax, [0000029C37F1A100][0000029C36760280 49] iPhoneSE2, [0000029C37F56100][0000029C36764540 49] iPhone12Mini, [0000029C37F18C00][0000029C36768800 49] iPhone12, [0000029C37F55E00][0000029C3679EAC0 49] iPhone12Pro, [0000029C37F1AE00][0000029C367A2D80 49] iPhone12ProMax, [0000029C37F55900][0000029C367A7040 49] iPadPro105, [0000029C37F19400][0000029C367AB300 49] iPadPro129, [0000029C37F55200][0000029C36755580 49] iPadPro97, [0000029C37F1B200][0000029C367B3840 49] iPadPro2_129, [0000029C37F57000][0000029C367B7B00 49] iPad5, [0000029C37F18F00][0000029C367BA240 49] iPad6, [0000029C37F54900][0000029C367C8500 49] iPad7, [0000029C37F19F00][0000029C367CC7C0 49] iPad8, [0000029C37F57300][0000029C367D0A80 49] iPadPro11, [0000029C37F18A00][0000029C367D4D40 49] iPadPro2_11, [0000029C37F57200][0000029C367D9000 49] iPadPro3_129, [0000029C37F19C00][0000029C367DD2C0 49] iPadPro4_129, [0000029C37F55100][0000029C367AF540 49] AppleTV, [0000029C37F1AA00][0000029C367E17C0 49] AppleTV4K, [0000029C37F55400][0000029C367E9A80 49] TVOS, [0000029C37F1B400][0000029C368061C0 49] Mac, [0000029C37F55300][0000029C3680A480 49] MacClient, [0000029C37F1A600][0000029C3688C740 49] MacNoEditor, [0000029C37F55C00][0000029C36890A00 49] MacServer, [0000029C37FE4300][0000029C36916CC0 49] Linux, [0000029C37F5E900][0000029C369ACF80 49] LinuxAArch64, [0000029C37FE5700][0000029C369CD240 49] LinuxNoEditor, [0000029C37F5C100][0000029C36A6F500 49] LinuxAArch64NoEditor, [0000029C37FE4C00][0000029C367E5780 49] LinuxClient, [0000029C37F5E400][0000029C36AA3A00 49] LinuxAArch64Client, [0000029C37FE5300][0000029C36AB6140 49] LinuxServer, [0000029C37F5C400][0000029C36ABA400 49] LinuxAArch64Server, [0000029C37FE4E00][0000029C36AC66C0 49] Android, [0000029C37F5E100][0000029C2D5AE980 49] Android_Low, [0000029C37FE5500][0000029C2D5CEC40 49] Android_Mid, [0000029C37F5DA00][0000029C2D5D2F00 49] Android_High, [0000029C37FE5900][0000029C2D5D71C0 49] Android_Default, [0000029C37F5C500][0000029C2D5DB480 49] Android_Adreno4xx, [0000029C37FE5600][0000029C2D5DF740 49] Android_Adreno5xx_Low, [0000029C37F5F900][0000029C36AB39C0 49] Android_Adreno5xx, [0000029C37FE4500][0000029C2D5E60C0 49] Android_Adreno6xx, [0000029C37F5D900][0000029C2D5EE380 49] Android_Adreno6xx_Vulkan, [0000029C37FE4700][0000029C2D5F2640 49] Android_Mali_T6xx, [0000029C37F5E200][0000029C2D5F6900 49] Android_Mali_T7xx, [0000029C37FE4600][0000029C35BEEBC0 49] Android_Mali_T8xx, [0000029C37F5CB00][0000029C35BFAE80 49] Android_Mali_G71, [0000029C37F57700][0000029C35C07140 49] Android_Mali_G72, [0000029C37F19900][0000029C35C13400 49] Android_Mali_G72_Vulkan, [0000029C37F56E00][0000029C3683D6C0 49] Android_Mali_G76, [0000029C37F1A200][0000029C36841980 49] Android_Mali_G76_Vulkan, [0000029C37F55700][0000029C2D5EBC00 49] Android_Mali_G77, [0000029C37F18B00][0000029C36844300 49] Android_Mali_G77_Vulkan, [0000029C37F56C00][0000029C368505C0 49] Android_Mali_G78, [0000029C37F18900][0000029C36854880 49] Android_Mali_G78_Vulkan, [0000029C37F55B00][0000029C36860B40 49] Android_Mali_G710, [0000029C37F1A000][0000029C36864E00 49] Android_Mali_G710_Vulkan, [0000029C37F54F00][0000029C368690C0 49] Android_Vulkan_SM5, [0000029C37F1AB00][0000029C3686D380 49] Android_PowerVR_G6xxx, [0000029C37F54E00][0000029C36875640 49] Android_PowerVR_GT7xxx, [0000029C37F1A500][0000029C36881900 49] Android_PowerVR_GE8xxx, [0000029C37F55600][0000029C3690BBC0 49] Android_PowerVR_GM9xxx, [0000029C37F18600][0000029C368482C0 49] Android_PowerVR_GM9xxx_Vulkan, [0000029C37F56600][0000029C3690E540 49] Android_TegraK1, [0000029C37F1B500][0000029C36992800 49] Android_Unknown_Vulkan, [0000029C37F57B00][0000029C36996AC0 49] Lumin, [0000029C37F1B300][0000029C3699AD80 49] Lumin_Desktop, [0000029C37FE4F00][0000029C3699F040 49] HoloLens, 
[2022.12.14-10.47.25:373][  0]LogMeshReduction: Using QuadricMeshReduction for automatic static mesh reduction
[2022.12.14-10.47.25:373][  0]LogMeshReduction: Using SimplygonMeshReduction for automatic skeletal mesh reduction
[2022.12.14-10.47.25:373][  0]LogMeshReduction: Using ProxyLODMeshReduction for automatic mesh merging
[2022.12.14-10.47.25:374][  0]LogMeshReduction: No distributed automatic mesh merging module available
[2022.12.14-10.47.25:374][  0]LogMeshMerging: No distributed automatic mesh merging module available
[2022.12.14-10.47.25:405][  0]LogNetVersion: UE4_Portfolio2_SL 1.0.0, NetCL: 17155196, EngineNetVer: 17, GameNetVer: 0 (Checksum: 2867686067)
[2022.12.14-10.47.25:866][  0]LogTexture: Default maximum texture size for cubemaps generated from long-lat sources has been changed from 512 to unlimited. In order to preserve old behaiour for '/Engine/MapTemplates/Sky/DaylightAmbientCubemap.DaylightAmbientCubemap', its maximum texture size has been explicitly set to 512.
[2022.12.14-10.47.25:914][  0]LogHMD: PokeAHoleMaterial loaded successfully
[2022.12.14-10.47.25:919][  0]LogUObjectArray: 17178 objects as part of root set at end of initial load.
[2022.12.14-10.47.25:919][  0]LogUObjectAllocator: 4302048 out of 0 bytes used by permanent object pool.
[2022.12.14-10.47.25:919][  0]LogUObjectArray: CloseDisregardForGC: 0/0 objects in disregard for GC pool
[2022.12.14-10.47.26:850][  0]LogNiagaraDebuggerClient: Niagara Debugger Client Initialized | Session: A9562ECF42489DAF6122ADBF0C10A52A | Instance: C64FA52A447283BDDE6947BE3D9C9940 (DESKTOP-37S8SED-39108).
[2022.12.14-10.47.26:964][  0]LogPython: Using Python 3.7.7
[2022.12.14-10.47.27:605][  0]LogTcpMessaging: Initializing TcpMessaging bridge
[2022.12.14-10.47.27:621][  0]LogUdpMessaging: Initializing bridge on interface 0.0.0.0:0 to multicast group 230.0.0.1:6666.
[2022.12.14-10.47.29:011][  0]SourceControl: 소스 컨트롤이 꺼졌습니다.
[2022.12.14-10.47.29:011][  0]SourceControl: 소스 컨트롤이 꺼졌습니다.
[2022.12.14-10.47.29:059][  0]SourceControl: 소스 컨트롤이 꺼졌습니다.
[2022.12.14-10.47.29:073][  0]SourceControl: 소스 컨트롤이 꺼졌습니다.
[2022.12.14-10.47.29:101][  0]SourceControl: 소스 컨트롤이 꺼졌습니다.
[2022.12.14-10.47.29:123][  0]LogUProjectInfo: Found projects:
[2022.12.14-10.47.29:655][  0]LogOpenImageDenoise: OIDN starting up
[2022.12.14-10.47.29:828][  0]LogAndroidPermission: UAndroidPermissionCallbackProxy::GetInstance
[2022.12.14-10.47.29:923][  0]LogAudioCaptureCore: Display: No Audio Capture implementations found. Audio input will be silent.
[2022.12.14-10.47.29:923][  0]LogAudioCaptureCore: Display: No Audio Capture implementations found. Audio input will be silent.
[2022.12.14-10.47.30:222][  0]LogCollectionManager: Loaded 0 collections in 0.000882 seconds
[2022.12.14-10.47.30:285][  0]LogFileCache: Scanning file cache for directory 'G:/Git_Horizontally Scrolling Shooter Repository/UE4_Portfolio2_SL/UE4_Portfolio2_SL/Saved/Collections/' took 0.00s
[2022.12.14-10.47.30:285][  0]LogFileCache: Scanning file cache for directory 'G:/Git_Horizontally Scrolling Shooter Repository/UE4_Portfolio2_SL/UE4_Portfolio2_SL/Content/Developers/decja/Collections/' took 0.00s
[2022.12.14-10.47.30:286][  0]LogFileCache: Scanning file cache for directory 'G:/Git_Horizontally Scrolling Shooter Repository/UE4_Portfolio2_SL/UE4_Portfolio2_SL/Content/Collections/' took 0.00s
[2022.12.14-10.47.30:286][  0]LogOcInput: OculusInput pre-init called
[2022.12.14-10.47.30:556][  0]LogEngine: Initializing Engine...
[2022.12.14-10.47.30:560][  0]LogHMD: Failed to enumerate extensions. Please check that you have a valid OpenXR runtime installed.
[2022.12.14-10.47.30:560][  0]LogHMD: Failed to initialize OpenVR with code 110
[2022.12.14-10.47.30:560][  0]LogMagicLeap: Warning: VR disabled because ZI is not enabled.  To enable, in the editor, Edit -> Project Settings -> Plugins -> Magic Leap Plugin -> Enable Zero Iteration
[2022.12.14-10.47.30:561][  0]LogStats: UGameplayTagsManager::InitializeManager -  0.000 s
[2022.12.14-10.47.30:680][  0]LogInit: Initializing FReadOnlyCVARCache
[2022.12.14-10.47.30:701][  0]LogAIModule: Creating AISystem for world Untitled
[2022.12.14-10.47.30:701][  0]LogAudio: Display: Initializing Audio Device Manager...
[2022.12.14-10.47.30:715][  0]LogAudio: Display: Loading Default Audio Settings Objects...
[2022.12.14-10.47.30:716][  0]LogAudio: Display: No default SoundConcurrencyObject specified (or failed to load).
[2022.12.14-10.47.30:717][  0]LogAudio: Display: Audio Device Manager Initialized
[2022.12.14-10.47.30:717][  0]LogAudio: Display: Creating Audio Device:                 Id: 1, Scope: Shared, Realtime: True
[2022.12.14-10.47.30:717][  0]LogAudioMixer: Display: Audio Mixer Platform Settings:
[2022.12.14-10.47.30:717][  0]LogAudioMixer: Display: 	Sample Rate:						  48000
[2022.12.14-10.47.30:717][  0]LogAudioMixer: Display: 	Callback Buffer Frame Size Requested: 1024
[2022.12.14-10.47.30:717][  0]LogAudioMixer: Display: 	Callback Buffer Frame Size To Use:	  1024
[2022.12.14-10.47.30:717][  0]LogAudioMixer: Display: 	Number of buffers to queue:			  2
[2022.12.14-10.47.30:717][  0]LogAudioMixer: Display: 	Max Channels (voices):				  32
[2022.12.14-10.47.30:717][  0]LogAudioMixer: Display: 	Number of Async Source Workers:		  0
[2022.12.14-10.47.30:717][  0]LogAudio: Display: AudioDevice MaxSources: 32
[2022.12.14-10.47.30:717][  0]LogAudio: Display: Audio Spatialization Plugin: None (built-in).
[2022.12.14-10.47.30:717][  0]LogAudio: Display: Audio Reverb Plugin: None (built-in).
[2022.12.14-10.47.30:717][  0]LogAudio: Display: Audio Occlusion Plugin: None (built-in).
[2022.12.14-10.47.30:718][  0]LogAudioMixer: Display: Initializing audio mixer.
[2022.12.14-10.47.30:733][  0]LogAudioMixer: Display: 0: FrontLeft
[2022.12.14-10.47.30:733][  0]LogAudioMixer: Display: 1: FrontRight
[2022.12.14-10.47.30:775][  0]LogAudioMixer: Display: Using Audio Device 스피커(Realtek(R) Audio)
[2022.12.14-10.47.30:775][  0]LogAudioMixer: Display: Initializing Sound Submixes...
[2022.12.14-10.47.30:780][  0]LogAudioMixer: Display: Creating Master Submix 'MasterSubmixDefault'
[2022.12.14-10.47.30:780][  0]LogAudioMixer: Display: Creating Master Submix 'MasterReverbSubmixDefault'
[2022.12.14-10.47.30:781][  0]LogAudioMixer: Display: Creating Master Submix 'MasterEQSubmixDefault'
[2022.12.14-10.47.30:781][  0]LogAudioMixer: FMixerPlatformXAudio2::StartAudioStream() called
[2022.12.14-10.47.30:781][  0]LogAudioMixer: Display: Output buffers initialized: Frames=1024, Channels=2, Samples=2048
[2022.12.14-10.47.30:783][  0]LogAudioMixer: Display: Starting AudioMixerPlatformInterface::RunInternal()
[2022.12.14-10.47.30:783][  0]LogAudioMixer: Display: FMixerPlatformXAudio2::SubmitBuffer() called for the first time
[2022.12.14-10.47.30:783][  0]LogInit: FAudioDevice initialized.
[2022.12.14-10.47.30:783][  0]LogAudio: Display: Audio Device (ID: 1) registered with world 'Untitled'.
[2022.12.14-10.47.30:783][  0]LogNetVersion: Set ProjectVersion to 1.0.0.0. Version Checksum will be recalculated on next use.
[2022.12.14-10.47.30:859][  0]LogDerivedDataCache: Saved boot cache 0.08s 118MB C:/Users/decja/AppData/Local/UnrealEngine/4.27/DerivedDataCache/Boot.ddc.
[2022.12.14-10.47.30:862][  0]LogInit: Texture streaming: Enabled
[2022.12.14-10.47.30:910][  0]LogAnalytics: Display: [UEEditor.Rocket.Release] APIServer = https://datarouter.ol.epicgames.com/. AppVersion = 4.27.2-18319896+++UE4+Release-4.27
[2022.12.14-10.47.30:926][  0]LogEngineSessionManager: EngineSessionManager initialized
[2022.12.14-10.47.30:926][  0]LogEditorSessionSummary: Verbose: Initializing EditorSessionSummaryWriter for editor session tracking
[2022.12.14-10.47.30:929][  0]LogEditorSessionSummary: EditorSessionSummaryWriter initialized
[2022.12.14-10.47.30:974][  0]LogInit: Transaction tracking system initialized
[2022.12.14-10.47.31:077][  0]BlueprintLog: New page: 에디터 로드
[2022.12.14-10.47.31:338][  0]LocalizationService: 현지화 서비스가 비활성화되었습니다.
[2022.12.14-10.47.31:438][  0]TimingProfiler: Initialize
[2022.12.14-10.47.31:439][  0]TimingProfiler: OnSessionChanged
[2022.12.14-10.47.31:439][  0]LoadingProfiler: Initialize
[2022.12.14-10.47.31:439][  0]LoadingProfiler: OnSessionChanged
[2022.12.14-10.47.31:439][  0]NetworkingProfiler: Initialize
[2022.12.14-10.47.31:439][  0]NetworkingProfiler: OnSessionChanged
[2022.12.14-10.47.31:439][  0]MemoryProfiler: Initialize
[2022.12.14-10.47.31:439][  0]MemoryProfiler: OnSessionChanged
[2022.12.14-10.47.31:715][  0]LogCook: Display: CookSettings for Memory: MemoryMaxUsedVirtual 0MiB, MemoryMaxUsedPhysical 16384MiB, MemoryMinFreeVirtual 0MiB, MemoryMinFreePhysical 1024MiB
[2022.12.14-10.47.31:715][  0]LogCook: Display: Mobile HDR setting 1
[2022.12.14-10.47.32:071][  0]LogFileCache: Scanning file cache for directory 'G:/Git_Horizontally Scrolling Shooter Repository/UE4_Portfolio2_SL/UE4_Portfolio2_SL/Content/' took 0.07s
[2022.12.14-10.47.32:570][  0]LogInit: Display: Engine is initialized. Leaving FEngineLoop::Init()
[2022.12.14-10.47.32:572][  0]SourceControl: 소스 컨트롤이 꺼졌습니다.
[2022.12.14-10.47.32:572][  0]LogUnrealEdMisc: Loading editor; pre map load, took 12.694
[2022.12.14-10.47.32:573][  0]LightingResults: New page: 라이팅 빌드
[2022.12.14-10.47.32:574][  0]LogWorld: UWorld::CleanupWorld for Untitled, bSessionEnded=true, bCleanupResources=true
[2022.12.14-10.47.32:574][  0]LogSlate: InvalidateAllWidgets triggered.  All widgets were invalidated
[2022.12.14-10.47.32:574][  0]MapCheck: New page: 맵 체크
[2022.12.14-10.47.32:574][  0]LightingResults: New page: 라이팅 빌드
[2022.12.14-10.47.32:579][  0]LogAudio: Display: Audio Device unregistered from world 'None'.
[2022.12.14-10.47.32:583][  0]LogUObjectHash: Compacting FUObjectHashTables data took   0.72ms
[2022.12.14-10.47.32:664][  0]LogAudio: Display: Audio Device (ID: 1) registered with world 'ThirdPersonExampleMap'.
[2022.12.14-10.47.32:665][  0]LogAIModule: Creating AISystem for world ThirdPersonExampleMap
[2022.12.14-10.47.32:678][  0]AnimBlueprintLog: Warning: 슬롯노드: ABP_PlayerCharacter_C 애니메이션 인스턴트 클래스의 'DefaultSlot' 는 이미 존재합니다. 이 클래스의 애니메이션 그래프에서 중복을 제거하세요.
[2022.12.14-10.47.32:678][  0]AnimBlueprintLog: Warning: 슬롯노드: ABP_PlayerCharacter_C 애니메이션 인스턴트 클래스의 'DefaultSlot' 는 이미 존재합니다. 이 클래스의 애니메이션 그래프에서 중복을 제거하세요.
[2022.12.14-10.47.32:679][  0]AnimBlueprintLog: Warning: 슬롯노드: ABP_PlayerCharacter_C 애니메이션 인스턴트 클래스의 'DefaultSlot' 는 이미 존재합니다. 이 클래스의 애니메이션 그래프에서 중복을 제거하세요.
[2022.12.14-10.47.32:679][  0]AnimBlueprintLog: Warning: 슬롯노드: ABP_PlayerCharacter_C 애니메이션 인스턴트 클래스의 'DefaultSlot' 는 이미 존재합니다. 이 클래스의 애니메이션 그래프에서 중복을 제거하세요.
[2022.12.14-10.47.32:679][  0]AnimBlueprintLog: Warning: 슬롯노드: ABP_PlayerCharacter_C 애니메이션 인스턴트 클래스의 'DefaultSlot' 는 이미 존재합니다. 이 클래스의 애니메이션 그래프에서 중복을 제거하세요.
[2022.12.14-10.47.32:679][  0]AnimBlueprintLog: Warning: 슬롯노드: ABP_PlayerCharacter_C 애니메이션 인스턴트 클래스의 'DefaultSlot' 는 이미 존재합니다. 이 클래스의 애니메이션 그래프에서 중복을 제거하세요.
[2022.12.14-10.47.32:679][  0]AnimBlueprintLog: Warning: 슬롯노드: ABP_PlayerCharacter_C 애니메이션 인스턴트 클래스의 'DefaultSlot' 는 이미 존재합니다. 이 클래스의 애니메이션 그래프에서 중복을 제거하세요.
[2022.12.14-10.47.32:679][  0]AnimBlueprintLog: Warning: 슬롯노드: ABP_PlayerCharacter_C 애니메이션 인스턴트 클래스의 'DefaultSlot' 는 이미 존재합니다. 이 클래스의 애니메이션 그래프에서 중복을 제거하세요.
[2022.12.14-10.47.32:679][  0]AnimBlueprintLog: Warning: 슬롯노드: ABP_PlayerCharacter_C 애니메이션 인스턴트 클래스의 'DefaultSlot' 는 이미 존재합니다. 이 클래스의 애니메이션 그래프에서 중복을 제거하세요.
[2022.12.14-10.47.32:680][  0]AnimBlueprintLog: Warning: 슬롯노드: ABP_SkeletonWarrior_C 애니메이션 인스턴트 클래스의 'DefaultSlot' 는 이미 존재합니다. 이 클래스의 애니메이션 그래프에서 중복을 제거하세요.
[2022.12.14-10.47.32:680][  0]AnimBlueprintLog: Warning: 슬롯노드: ABP_SkeletonWarrior_C 애니메이션 인스턴트 클래스의 'DefaultSlot' 는 이미 존재합니다. 이 클래스의 애니메이션 그래프에서 중복을 제거하세요.
[2022.12.14-10.47.32:680][  0]AnimBlueprintLog: Warning: 슬롯노드: ABP_SkeletonWarrior_C 애니메이션 인스턴트 클래스의 'DefaultSlot' 는 이미 존재합니다. 이 클래스의 애니메이션 그래프에서 중복을 제거하세요.
[2022.12.14-10.47.32:681][  0]AnimBlueprintLog: Warning: 슬롯노드: ABP_SkeletonWarrior_C 애니메이션 인스턴트 클래스의 'DefaultSlot' 는 이미 존재합니다. 이 클래스의 애니메이션 그래프에서 중복을 제거하세요.
[2022.12.14-10.47.32:681][  0]AnimBlueprintLog: Warning: 슬롯노드: ABP_SkeletonWarrior_C 애니메이션 인스턴트 클래스의 'DefaultSlot' 는 이미 존재합니다. 이 클래스의 애니메이션 그래프에서 중복을 제거하세요.
[2022.12.14-10.47.32:681][  0]AnimBlueprintLog: Warning: 슬롯노드: ABP_SkeletonWarrior_C 애니메이션 인스턴트 클래스의 'DefaultSlot' 는 이미 존재합니다. 이 클래스의 애니메이션 그래프에서 중복을 제거하세요.
[2022.12.14-10.47.32:683][  0]LogEditorServer: Finished looking for orphan Actors (0.000 secs)
[2022.12.14-10.47.32:706][  0]LogUObjectHash: Compacting FUObjectHashTables data took   0.80ms
[2022.12.14-10.47.32:706][  0]Cmd: MAP CHECKDEP NOCLEARLOG
[2022.12.14-10.47.32:707][  0]MapCheck: 맵 체크 완료: 오류 0 회, 경고 0 회, 소요 시간 0.097ms.
[2022.12.14-10.47.32:707][  0]LogFileHelpers: Loading map 'ThirdPersonExampleMap' took 0.134
[2022.12.14-10.47.32:709][  0]LogUnrealEdMisc: Total Editor Startup Time, took 12.831
[2022.12.14-10.47.32:828][  0]LogSlate: Updating window title bar state: overlay mode, drag disabled, window buttons hidden, title bar hidden
[2022.12.14-10.47.32:832][  0]LogSlate: Updating window title bar state: overlay mode, drag disabled, window buttons hidden, title bar hidden
[2022.12.14-10.47.32:836][  0]LogSlate: Updating window title bar state: overlay mode, drag disabled, window buttons hidden, title bar hidden
[2022.12.14-10.47.32:841][  0]LogSlate: Updating window title bar state: overlay mode, drag disabled, window buttons hidden, title bar hidden
[2022.12.14-10.47.32:852][  0]LogNativeClassHierarchy: Verbose: Native class hierarchy populated in 0.0079 seconds. Added 3839 classes and 930 folders.
[2022.12.14-10.47.32:856][  0]LogNativeClassHierarchy: Verbose: Native class hierarchy updated for 'WidgetCarousel' in 0.0002 seconds. Added 0 classes and 0 folders.
[2022.12.14-10.47.32:859][  0]LogPakFile: PakFile PrimaryIndexSize=187
[2022.12.14-10.47.32:859][  0]LogPakFile: PakFile PathHashIndexSize=101
[2022.12.14-10.47.32:859][  0]LogPakFile: PakFile FullDirectoryIndexSize=148
[2022.12.14-10.47.32:859][  0]LogShaderLibrary: Display: ShaderCodeLibraryPakFileMountedCallback: PakFile 'G:/Unreal Engine/UE_4.27/FeaturePacks/FP_FirstPerson.upack' (chunk index -1, root 'root:/') mounted
[2022.12.14-10.47.32:859][  0]LogShaderLibrary: Display: ShaderCodeLibraryPakFileMountedCallback: pending pak file info (ChunkID:-1 Root:root:/ File:G:/Unreal Engine/UE_4.27/FeaturePacks/FP_FirstPerson.upack)
[2022.12.14-10.47.32:859][  0]LogPakFile: OnPakFileMounted2Time == 0.000135
[2022.12.14-10.47.32:860][  0]LogPakFile: PakFile PrimaryIndexSize=189
[2022.12.14-10.47.32:861][  0]LogPakFile: PakFile PathHashIndexSize=101
[2022.12.14-10.47.32:861][  0]LogPakFile: PakFile FullDirectoryIndexSize=152
[2022.12.14-10.47.32:861][  0]LogShaderLibrary: Display: ShaderCodeLibraryPakFileMountedCallback: PakFile 'G:/Unreal Engine/UE_4.27/FeaturePacks/FP_FirstPersonBP.upack' (chunk index -1, root 'root:/') mounted
[2022.12.14-10.47.32:861][  0]LogShaderLibrary: Display: ShaderCodeLibraryPakFileMountedCallback: pending pak file info (ChunkID:-1 Root:root:/ File:G:/Unreal Engine/UE_4.27/FeaturePacks/FP_FirstPersonBP.upack)
[2022.12.14-10.47.32:861][  0]LogPakFile: OnPakFileMounted2Time == 0.000106
[2022.12.14-10.47.32:862][  0]LogPakFile: PakFile PrimaryIndexSize=191
[2022.12.14-10.47.32:862][  0]LogPakFile: PakFile PathHashIndexSize=101
[2022.12.14-10.47.32:862][  0]LogPakFile: PakFile FullDirectoryIndexSize=160
[2022.12.14-10.47.32:862][  0]LogShaderLibrary: Display: ShaderCodeLibraryPakFileMountedCallback: PakFile 'G:/Unreal Engine/UE_4.27/FeaturePacks/MobileStarterContent.upack' (chunk index -1, root 'root:/') mounted
[2022.12.14-10.47.32:862][  0]LogShaderLibrary: Display: ShaderCodeLibraryPakFileMountedCallback: pending pak file info (ChunkID:-1 Root:root:/ File:G:/Unreal Engine/UE_4.27/FeaturePacks/MobileStarterContent.upack)
[2022.12.14-10.47.32:862][  0]LogPakFile: OnPakFileMounted2Time == 0.000135
[2022.12.14-10.47.32:864][  0]LogPakFile: PakFile PrimaryIndexSize=185
[2022.12.14-10.47.32:864][  0]LogPakFile: PakFile PathHashIndexSize=101
[2022.12.14-10.47.32:864][  0]LogPakFile: PakFile FullDirectoryIndexSize=148
[2022.12.14-10.47.32:864][  0]LogShaderLibrary: Display: ShaderCodeLibraryPakFileMountedCallback: PakFile 'G:/Unreal Engine/UE_4.27/FeaturePacks/StarterContent.upack' (chunk index -1, root 'root:/') mounted
[2022.12.14-10.47.32:864][  0]LogShaderLibrary: Display: ShaderCodeLibraryPakFileMountedCallback: pending pak file info (ChunkID:-1 Root:root:/ File:G:/Unreal Engine/UE_4.27/FeaturePacks/StarterContent.upack)
[2022.12.14-10.47.32:864][  0]LogPakFile: OnPakFileMounted2Time == 0.000123
[2022.12.14-10.47.32:865][  0]LogPakFile: PakFile PrimaryIndexSize=190
[2022.12.14-10.47.32:865][  0]LogPakFile: PakFile PathHashIndexSize=101
[2022.12.14-10.47.32:865][  0]LogPakFile: PakFile FullDirectoryIndexSize=154
[2022.12.14-10.47.32:865][  0]LogShaderLibrary: Display: ShaderCodeLibraryPakFileMountedCallback: PakFile 'G:/Unreal Engine/UE_4.27/FeaturePacks/TP_2DSideScroller.upack' (chunk index -1, root 'root:/') mounted
[2022.12.14-10.47.32:866][  0]LogShaderLibrary: Display: ShaderCodeLibraryPakFileMountedCallback: pending pak file info (ChunkID:-1 Root:root:/ File:G:/Unreal Engine/UE_4.27/FeaturePacks/TP_2DSideScroller.upack)
[2022.12.14-10.47.32:866][  0]LogPakFile: OnPakFileMounted2Time == 0.000146
[2022.12.14-10.47.32:867][  0]LogPakFile: PakFile PrimaryIndexSize=192
[2022.12.14-10.47.32:867][  0]LogPakFile: PakFile PathHashIndexSize=101
[2022.12.14-10.47.32:867][  0]LogPakFile: PakFile FullDirectoryIndexSize=158
[2022.12.14-10.47.32:867][  0]LogShaderLibrary: Display: ShaderCodeLibraryPakFileMountedCallback: PakFile 'G:/Unreal Engine/UE_4.27/FeaturePacks/TP_2DSideScrollerBP.upack' (chunk index -1, root 'root:/') mounted
[2022.12.14-10.47.32:867][  0]LogShaderLibrary: Display: ShaderCodeLibraryPakFileMountedCallback: pending pak file info (ChunkID:-1 Root:root:/ File:G:/Unreal Engine/UE_4.27/FeaturePacks/TP_2DSideScrollerBP.upack)
[2022.12.14-10.47.32:867][  0]LogPakFile: OnPakFileMounted2Time == 0.000144
[2022.12.14-10.47.32:868][  0]LogPakFile: PakFile PrimaryIndexSize=182
[2022.12.14-10.47.32:868][  0]LogPakFile: PakFile PathHashIndexSize=101
[2022.12.14-10.47.32:868][  0]LogPakFile: PakFile FullDirectoryIndexSize=138
[2022.12.14-10.47.32:868][  0]LogShaderLibrary: Display: ShaderCodeLibraryPakFileMountedCallback: PakFile 'G:/Unreal Engine/UE_4.27/FeaturePacks/TP_Flying.upack' (chunk index -1, root 'root:/') mounted
[2022.12.14-10.47.32:869][  0]LogShaderLibrary: Display: ShaderCodeLibraryPakFileMountedCallback: pending pak file info (ChunkID:-1 Root:root:/ File:G:/Unreal Engine/UE_4.27/FeaturePacks/TP_Flying.upack)
[2022.12.14-10.47.32:869][  0]LogPakFile: OnPakFileMounted2Time == 0.000169
[2022.12.14-10.47.32:870][  0]LogPakFile: PakFile PrimaryIndexSize=184
[2022.12.14-10.47.32:870][  0]LogPakFile: PakFile PathHashIndexSize=101
[2022.12.14-10.47.32:870][  0]LogPakFile: PakFile FullDirectoryIndexSize=142
[2022.12.14-10.47.32:870][  0]LogShaderLibrary: Display: ShaderCodeLibraryPakFileMountedCallback: PakFile 'G:/Unreal Engine/UE_4.27/FeaturePacks/TP_FlyingBP.upack' (chunk index -1, root 'root:/') mounted
[2022.12.14-10.47.32:870][  0]LogShaderLibrary: Display: ShaderCodeLibraryPakFileMountedCallback: pending pak file info (ChunkID:-1 Root:root:/ File:G:/Unreal Engine/UE_4.27/FeaturePacks/TP_FlyingBP.upack)
[2022.12.14-10.47.32:870][  0]LogPakFile: OnPakFileMounted2Time == 0.000158
[2022.12.14-10.47.32:871][  0]LogPakFile: PakFile PrimaryIndexSize=188
[2022.12.14-10.47.32:871][  0]LogPakFile: PakFile PathHashIndexSize=101
[2022.12.14-10.47.32:871][  0]LogPakFile: PakFile FullDirectoryIndexSize=150
[2022.12.14-10.47.32:871][  0]LogShaderLibrary: Display: ShaderCodeLibraryPakFileMountedCallback: PakFile 'G:/Unreal Engine/UE_4.27/FeaturePacks/TP_HandheldARBP.upack' (chunk index -1, root 'root:/') mounted
[2022.12.14-10.47.32:872][  0]LogShaderLibrary: Display: ShaderCodeLibraryPakFileMountedCallback: pending pak file info (ChunkID:-1 Root:root:/ File:G:/Unreal Engine/UE_4.27/FeaturePacks/TP_HandheldARBP.upack)
[2022.12.14-10.47.32:872][  0]LogPakFile: OnPakFileMounted2Time == 0.000145
[2022.12.14-10.47.32:873][  0]LogPakFile: PakFile PrimaryIndexSize=182
[2022.12.14-10.47.32:873][  0]LogPakFile: PakFile PathHashIndexSize=101
[2022.12.14-10.47.32:873][  0]LogPakFile: PakFile FullDirectoryIndexSize=138
[2022.12.14-10.47.32:873][  0]LogShaderLibrary: Display: ShaderCodeLibraryPakFileMountedCallback: PakFile 'G:/Unreal Engine/UE_4.27/FeaturePacks/TP_Puzzle.upack' (chunk index -1, root 'root:/') mounted
[2022.12.14-10.47.32:873][  0]LogShaderLibrary: Display: ShaderCodeLibraryPakFileMountedCallback: pending pak file info (ChunkID:-1 Root:root:/ File:G:/Unreal Engine/UE_4.27/FeaturePacks/TP_Puzzle.upack)
[2022.12.14-10.47.32:873][  0]LogPakFile: OnPakFileMounted2Time == 0.000151
[2022.12.14-10.47.32:874][  0]LogPakFile: PakFile PrimaryIndexSize=184
[2022.12.14-10.47.32:874][  0]LogPakFile: PakFile PathHashIndexSize=101
[2022.12.14-10.47.32:874][  0]LogPakFile: PakFile FullDirectoryIndexSize=142
[2022.12.14-10.47.32:875][  0]LogShaderLibrary: Display: ShaderCodeLibraryPakFileMountedCallback: PakFile 'G:/Unreal Engine/UE_4.27/FeaturePacks/TP_PuzzleBP.upack' (chunk index -1, root 'root:/') mounted
[2022.12.14-10.47.32:875][  0]LogShaderLibrary: Display: ShaderCodeLibraryPakFileMountedCallback: pending pak file info (ChunkID:-1 Root:root:/ File:G:/Unreal Engine/UE_4.27/FeaturePacks/TP_PuzzleBP.upack)
[2022.12.14-10.47.32:875][  0]LogPakFile: OnPakFileMounted2Time == 0.000086
[2022.12.14-10.47.32:876][  0]LogPakFile: PakFile PrimaryIndexSize=183
[2022.12.14-10.47.32:876][  0]LogPakFile: PakFile PathHashIndexSize=101
[2022.12.14-10.47.32:876][  0]LogPakFile: PakFile FullDirectoryIndexSize=140
[2022.12.14-10.47.32:876][  0]LogShaderLibrary: Display: ShaderCodeLibraryPakFileMountedCallback: PakFile 'G:/Unreal Engine/UE_4.27/FeaturePacks/TP_Rolling.upack' (chunk index -1, root 'root:/') mounted
[2022.12.14-10.47.32:876][  0]LogShaderLibrary: Display: ShaderCodeLibraryPakFileMountedCallback: pending pak file info (ChunkID:-1 Root:root:/ File:G:/Unreal Engine/UE_4.27/FeaturePacks/TP_Rolling.upack)
[2022.12.14-10.47.32:876][  0]LogPakFile: OnPakFileMounted2Time == 0.000103
[2022.12.14-10.47.32:877][  0]LogPakFile: PakFile PrimaryIndexSize=185
[2022.12.14-10.47.32:877][  0]LogPakFile: PakFile PathHashIndexSize=101
[2022.12.14-10.47.32:877][  0]LogPakFile: PakFile FullDirectoryIndexSize=144
[2022.12.14-10.47.32:877][  0]LogShaderLibrary: Display: ShaderCodeLibraryPakFileMountedCallback: PakFile 'G:/Unreal Engine/UE_4.27/FeaturePacks/TP_RollingBP.upack' (chunk index -1, root 'root:/') mounted
[2022.12.14-10.47.32:877][  0]LogShaderLibrary: Display: ShaderCodeLibraryPakFileMountedCallback: pending pak file info (ChunkID:-1 Root:root:/ File:G:/Unreal Engine/UE_4.27/FeaturePacks/TP_RollingBP.upack)
[2022.12.14-10.47.32:877][  0]LogPakFile: OnPakFileMounted2Time == 0.000106
[2022.12.14-10.47.32:879][  0]LogPakFile: PakFile PrimaryIndexSize=188
[2022.12.14-10.47.32:879][  0]LogPakFile: PakFile PathHashIndexSize=101
[2022.12.14-10.47.32:879][  0]LogPakFile: PakFile FullDirectoryIndexSize=150
[2022.12.14-10.47.32:879][  0]LogShaderLibrary: Display: ShaderCodeLibraryPakFileMountedCallback: PakFile 'G:/Unreal Engine/UE_4.27/FeaturePacks/TP_SideScroller.upack' (chunk index -1, root 'root:/') mounted
[2022.12.14-10.47.32:879][  0]LogShaderLibrary: Display: ShaderCodeLibraryPakFileMountedCallback: pending pak file info (ChunkID:-1 Root:root:/ File:G:/Unreal Engine/UE_4.27/FeaturePacks/TP_SideScroller.upack)
[2022.12.14-10.47.32:879][  0]LogPakFile: OnPakFileMounted2Time == 0.000124
[2022.12.14-10.47.32:880][  0]LogPakFile: PakFile PrimaryIndexSize=190
[2022.12.14-10.47.32:880][  0]LogPakFile: PakFile PathHashIndexSize=101
[2022.12.14-10.47.32:880][  0]LogPakFile: PakFile FullDirectoryIndexSize=154
[2022.12.14-10.47.32:880][  0]LogShaderLibrary: Display: ShaderCodeLibraryPakFileMountedCallback: PakFile 'G:/Unreal Engine/UE_4.27/FeaturePacks/TP_SideScrollerBP.upack' (chunk index -1, root 'root:/') mounted
[2022.12.14-10.47.32:880][  0]LogShaderLibrary: Display: ShaderCodeLibraryPakFileMountedCallback: pending pak file info (ChunkID:-1 Root:root:/ File:G:/Unreal Engine/UE_4.27/FeaturePacks/TP_SideScrollerBP.upack)
[2022.12.14-10.47.32:880][  0]LogPakFile: OnPakFileMounted2Time == 0.000096
[2022.12.14-10.47.32:881][  0]LogPakFile: PakFile PrimaryIndexSize=187
[2022.12.14-10.47.32:882][  0]LogPakFile: PakFile PathHashIndexSize=101
[2022.12.14-10.47.32:882][  0]LogPakFile: PakFile FullDirectoryIndexSize=148
[2022.12.14-10.47.32:882][  0]LogShaderLibrary: Display: ShaderCodeLibraryPakFileMountedCallback: PakFile 'G:/Unreal Engine/UE_4.27/FeaturePacks/TP_ThirdPerson.upack' (chunk index -1, root 'root:/') mounted
[2022.12.14-10.47.32:882][  0]LogShaderLibrary: Display: ShaderCodeLibraryPakFileMountedCallback: pending pak file info (ChunkID:-1 Root:root:/ File:G:/Unreal Engine/UE_4.27/FeaturePacks/TP_ThirdPerson.upack)
[2022.12.14-10.47.32:882][  0]LogPakFile: OnPakFileMounted2Time == 0.000087
[2022.12.14-10.47.32:883][  0]LogPakFile: PakFile PrimaryIndexSize=189
[2022.12.14-10.47.32:883][  0]LogPakFile: PakFile PathHashIndexSize=101
[2022.12.14-10.47.32:883][  0]LogPakFile: PakFile FullDirectoryIndexSize=152
[2022.12.14-10.47.32:883][  0]LogShaderLibrary: Display: ShaderCodeLibraryPakFileMountedCallback: PakFile 'G:/Unreal Engine/UE_4.27/FeaturePacks/TP_ThirdPersonBP.upack' (chunk index -1, root 'root:/') mounted
[2022.12.14-10.47.32:883][  0]LogShaderLibrary: Display: ShaderCodeLibraryPakFileMountedCallback: pending pak file info (ChunkID:-1 Root:root:/ File:G:/Unreal Engine/UE_4.27/FeaturePacks/TP_ThirdPersonBP.upack)
[2022.12.14-10.47.32:883][  0]LogPakFile: OnPakFileMounted2Time == 0.000124
[2022.12.14-10.47.32:884][  0]LogPakFile: PakFile PrimaryIndexSize=183
[2022.12.14-10.47.32:885][  0]LogPakFile: PakFile PathHashIndexSize=101
[2022.12.14-10.47.32:885][  0]LogPakFile: PakFile FullDirectoryIndexSize=140
[2022.12.14-10.47.32:885][  0]LogShaderLibrary: Display: ShaderCodeLibraryPakFileMountedCallback: PakFile 'G:/Unreal Engine/UE_4.27/FeaturePacks/TP_TopDown.upack' (chunk index -1, root 'root:/') mounted
[2022.12.14-10.47.32:885][  0]LogShaderLibrary: Display: ShaderCodeLibraryPakFileMountedCallback: pending pak file info (ChunkID:-1 Root:root:/ File:G:/Unreal Engine/UE_4.27/FeaturePacks/TP_TopDown.upack)
[2022.12.14-10.47.32:885][  0]LogPakFile: OnPakFileMounted2Time == 0.000109
[2022.12.14-10.47.32:886][  0]LogPakFile: PakFile PrimaryIndexSize=185
[2022.12.14-10.47.32:886][  0]LogPakFile: PakFile PathHashIndexSize=101
[2022.12.14-10.47.32:886][  0]LogPakFile: PakFile FullDirectoryIndexSize=144
[2022.12.14-10.47.32:886][  0]LogShaderLibrary: Display: ShaderCodeLibraryPakFileMountedCallback: PakFile 'G:/Unreal Engine/UE_4.27/FeaturePacks/TP_TopDownBP.upack' (chunk index -1, root 'root:/') mounted
[2022.12.14-10.47.32:886][  0]LogShaderLibrary: Display: ShaderCodeLibraryPakFileMountedCallback: pending pak file info (ChunkID:-1 Root:root:/ File:G:/Unreal Engine/UE_4.27/FeaturePacks/TP_TopDownBP.upack)
[2022.12.14-10.47.32:886][  0]LogPakFile: OnPakFileMounted2Time == 0.000097
[2022.12.14-10.47.32:887][  0]LogPakFile: PakFile PrimaryIndexSize=185
[2022.12.14-10.47.32:887][  0]LogPakFile: PakFile PathHashIndexSize=101
[2022.12.14-10.47.32:888][  0]LogPakFile: PakFile FullDirectoryIndexSize=144
[2022.12.14-10.47.32:888][  0]LogShaderLibrary: Display: ShaderCodeLibraryPakFileMountedCallback: PakFile 'G:/Unreal Engine/UE_4.27/FeaturePacks/TP_TwinStick.upack' (chunk index -1, root 'root:/') mounted
[2022.12.14-10.47.32:888][  0]LogShaderLibrary: Display: ShaderCodeLibraryPakFileMountedCallback: pending pak file info (ChunkID:-1 Root:root:/ File:G:/Unreal Engine/UE_4.27/FeaturePacks/TP_TwinStick.upack)
[2022.12.14-10.47.32:888][  0]LogPakFile: OnPakFileMounted2Time == 0.000112
[2022.12.14-10.47.32:889][  0]LogPakFile: PakFile PrimaryIndexSize=187
[2022.12.14-10.47.32:889][  0]LogPakFile: PakFile PathHashIndexSize=101
[2022.12.14-10.47.32:889][  0]LogPakFile: PakFile FullDirectoryIndexSize=148
[2022.12.14-10.47.32:889][  0]LogShaderLibrary: Display: ShaderCodeLibraryPakFileMountedCallback: PakFile 'G:/Unreal Engine/UE_4.27/FeaturePacks/TP_TwinStickBP.upack' (chunk index -1, root 'root:/') mounted
[2022.12.14-10.47.32:889][  0]LogShaderLibrary: Display: ShaderCodeLibraryPakFileMountedCallback: pending pak file info (ChunkID:-1 Root:root:/ File:G:/Unreal Engine/UE_4.27/FeaturePacks/TP_TwinStickBP.upack)
[2022.12.14-10.47.32:889][  0]LogPakFile: OnPakFileMounted2Time == 0.000102
[2022.12.14-10.47.32:890][  0]LogPakFile: PakFile PrimaryIndexSize=183
[2022.12.14-10.47.32:891][  0]LogPakFile: PakFile PathHashIndexSize=101
[2022.12.14-10.47.32:891][  0]LogPakFile: PakFile FullDirectoryIndexSize=140
[2022.12.14-10.47.32:891][  0]LogShaderLibrary: Display: ShaderCodeLibraryPakFileMountedCallback: PakFile 'G:/Unreal Engine/UE_4.27/FeaturePacks/TP_Vehicle.upack' (chunk index -1, root 'root:/') mounted
[2022.12.14-10.47.32:891][  0]LogShaderLibrary: Display: ShaderCodeLibraryPakFileMountedCallback: pending pak file info (ChunkID:-1 Root:root:/ File:G:/Unreal Engine/UE_4.27/FeaturePacks/TP_Vehicle.upack)
[2022.12.14-10.47.32:891][  0]LogPakFile: OnPakFileMounted2Time == 0.000097
[2022.12.14-10.47.32:892][  0]LogPakFile: PakFile PrimaryIndexSize=186
[2022.12.14-10.47.32:892][  0]LogPakFile: PakFile PathHashIndexSize=101
[2022.12.14-10.47.32:892][  0]LogPakFile: PakFile FullDirectoryIndexSize=146
[2022.12.14-10.47.32:892][  0]LogShaderLibrary: Display: ShaderCodeLibraryPakFileMountedCallback: PakFile 'G:/Unreal Engine/UE_4.27/FeaturePacks/TP_VehicleAdv.upack' (chunk index -1, root 'root:/') mounted
[2022.12.14-10.47.32:892][  0]LogShaderLibrary: Display: ShaderCodeLibraryPakFileMountedCallback: pending pak file info (ChunkID:-1 Root:root:/ File:G:/Unreal Engine/UE_4.27/FeaturePacks/TP_VehicleAdv.upack)
[2022.12.14-10.47.32:892][  0]LogPakFile: OnPakFileMounted2Time == 0.000134
[2022.12.14-10.47.32:893][  0]LogPakFile: PakFile PrimaryIndexSize=188
[2022.12.14-10.47.32:893][  0]LogPakFile: PakFile PathHashIndexSize=101
[2022.12.14-10.47.32:894][  0]LogPakFile: PakFile FullDirectoryIndexSize=150
[2022.12.14-10.47.32:894][  0]LogShaderLibrary: Display: ShaderCodeLibraryPakFileMountedCallback: PakFile 'G:/Unreal Engine/UE_4.27/FeaturePacks/TP_VehicleAdvBP.upack' (chunk index -1, root 'root:/') mounted
[2022.12.14-10.47.32:894][  0]LogShaderLibrary: Display: ShaderCodeLibraryPakFileMountedCallback: pending pak file info (ChunkID:-1 Root:root:/ File:G:/Unreal Engine/UE_4.27/FeaturePacks/TP_VehicleAdvBP.upack)
[2022.12.14-10.47.32:894][  0]LogPakFile: OnPakFileMounted2Time == 0.000094
[2022.12.14-10.47.32:895][  0]LogPakFile: PakFile PrimaryIndexSize=185
[2022.12.14-10.47.32:895][  0]LogPakFile: PakFile PathHashIndexSize=101
[2022.12.14-10.47.32:895][  0]LogPakFile: PakFile FullDirectoryIndexSize=144
[2022.12.14-10.47.32:895][  0]LogShaderLibrary: Display: ShaderCodeLibraryPakFileMountedCallback: PakFile 'G:/Unreal Engine/UE_4.27/FeaturePacks/TP_VehicleBP.upack' (chunk index -1, root 'root:/') mounted
[2022.12.14-10.47.32:895][  0]LogShaderLibrary: Display: ShaderCodeLibraryPakFileMountedCallback: pending pak file info (ChunkID:-1 Root:root:/ File:G:/Unreal Engine/UE_4.27/FeaturePacks/TP_VehicleBP.upack)
[2022.12.14-10.47.32:895][  0]LogPakFile: OnPakFileMounted2Time == 0.000095
[2022.12.14-10.47.32:897][  0]LogPakFile: PakFile PrimaryIndexSize=192
[2022.12.14-10.47.32:897][  0]LogPakFile: PakFile PathHashIndexSize=101
[2022.12.14-10.47.32:897][  0]LogPakFile: PakFile FullDirectoryIndexSize=158
[2022.12.14-10.47.32:897][  0]LogShaderLibrary: Display: ShaderCodeLibraryPakFileMountedCallback: PakFile 'G:/Unreal Engine/UE_4.27/FeaturePacks/TP_VirtualRealityBP.upack' (chunk index -1, root 'root:/') mounted
[2022.12.14-10.47.32:897][  0]LogShaderLibrary: Display: ShaderCodeLibraryPakFileMountedCallback: pending pak file info (ChunkID:-1 Root:root:/ File:G:/Unreal Engine/UE_4.27/FeaturePacks/TP_VirtualRealityBP.upack)
[2022.12.14-10.47.32:897][  0]LogPakFile: OnPakFileMounted2Time == 0.000104
[2022.12.14-10.47.33:003][  0]LogNativeClassHierarchy: Verbose: Native class hierarchy updated for 'AddContentDialog' in 0.0003 seconds. Added 0 classes and 0 folders.
[2022.12.14-10.47.33:007][  0]LogNativeClassHierarchy: Verbose: Native class hierarchy updated for 'SceneOutliner' in 0.0002 seconds. Added 2 classes and 0 folders.
[2022.12.14-10.47.33:353][  0]LogSlate: Only BGRA pngs, bmps or icos are supported in by External Image Picker
[2022.12.14-10.47.33:455][  0]LogSlate: Took 0.001070 seconds to synchronously load lazily loaded font '../../../Engine/Content/Slate/Fonts/Roboto-Regular.ttf' (155K)
[2022.12.14-10.47.33:458][  0]LogSlate: Took 0.002181 seconds to synchronously load lazily loaded font '../../../Engine/Content/Editor/Slate/Fonts/NanumGothic.ttf' (4243K)
[2022.12.14-10.47.33:459][  0]LogSlate: Took 0.000558 seconds to synchronously load lazily loaded font '../../../Engine/Content/Editor/Slate/Fonts/FontAwesome.ttf' (139K)
[2022.12.14-10.47.33:461][  0]LogSlate: Took 0.001545 seconds to synchronously load lazily loaded font '../../../Engine/Content/Editor/Slate/Fonts/NanumGothicBold.ttf' (4188K)
[2022.12.14-10.47.33:461][  0]LogSlate: Took 0.000541 seconds to synchronously load lazily loaded font '../../../Engine/Content/Slate/Fonts/Roboto-Bold.ttf' (160K)
[2022.12.14-10.47.33:531][  0]LogRenderer: Reallocating scene render targets to support 1192x620 Format 10 NumSamples 1 (Frame:1).
[2022.12.14-10.47.33:908][  0]LogSlate: Took 0.000866 seconds to synchronously load lazily loaded font '../../../Engine/Content/Slate/Fonts/Roboto-Light.ttf' (167K)
[2022.12.14-10.47.34:054][  0]LogNativeClassHierarchy: Verbose: Native class hierarchy updated for 'HierarchicalLODOutliner' in 0.0003 seconds. Added 0 classes and 0 folders.
[2022.12.14-10.47.34:054][  0]LogLoad: (Engine Initialization) Total time: 14.18 seconds
[2022.12.14-10.47.34:054][  0]LogLoad: (Engine Initialization) Total Blueprint compile time: 0.00 seconds
[2022.12.14-10.47.34:130][  0]LogContentStreaming: Texture pool size now 1000 MB
[2022.12.14-10.47.34:159][  1]LogAssetRegistry: Asset discovery search completed in 9.1875 seconds
[2022.12.14-10.47.34:169][  1]LogCollectionManager: Fixed up redirectors for 0 collections in 0.000003 seconds (updated 0 objects)
[2022.12.14-10.47.35:489][  5]LogSlate: Took 0.000279 seconds to synchronously load lazily loaded font '../../../Engine/Content/Slate/Fonts/Roboto-Light.ttf' (167K)
