  Using 'git status' to determine working set for adaptive non-unity build (G:\Git_Horizontally Scrolling Shooter Repository\UE4_Portfolio2_SL).
  Invalidating makefile for UE4_Portfolio2_SLEditor (working set of source files changed)
  Building UE4_Portfolio2_SLEditor...
  Using Visual Studio 2019 14.29.30147 toolchain (C:\Program Files (x86)\Microsoft Visual Studio\2019\Community\VC\Tools\MSVC\14.29.30133) and Windows 10.0.19041.0 SDK (C:\Program Files (x86)\Windows Kits\10).
  [Adaptive unity build] Excluded from UE4_Portfolio2_SL unity file: AI_Base.cpp, BTDe_HasTargetAndInOffensDist.cpp, BTDeco_HasTargetAndInDefensDist.cpp, BTDecorator_IsInAttackRange.cpp, BTService_DetectPlayer.cpp, BTService_UpdateBackwardLocation.cpp, BTService_UpdateInfo.cpp, BTTask_TurntoTarget.cpp, Enemy_Base.cpp, Enemy_DarkKnight.cpp, MyAttackNotifyState.cpp, MyHeavyAttackNotifyState.cpp, PlayerCharacter.cpp
  [Adaptive unity build] Excluded from UE4_Portfolio2_SL.gen unity file: Enemy_Base.gen.cpp, Enemy_DarkKnight.gen.cpp, Enemy_SkeletonArcher.gen.cpp, Enemy_SkeletonWarrior.gen.cpp, UE4_Portfolio2_SL.init.gen.cpp
  Building 7 actions with 24 processes...
    [1/7] MyHeavyAttackNotifyState.cpp
    [2/7] MyAttackNotifyState.cpp
    [3/7] PlayerCharacter.cpp
G:\Git_Horizontally Scrolling Shooter Repository\UE4_Portfolio2_SL\UE4_Portfolio2_SL\Source\UE4_Portfolio2_SL\PlayerCharacter.cpp(16): warning C5038: 데이터 멤버 'APlayerCharacter::CurStamina'은(는) 데이터 멤버 'APlayerCharacter::HPRatio' 이후에 초기화됩니다.
G:\Git_Horizontally Scrolling Shooter Repository\UE4_Portfolio2_SL\UE4_Portfolio2_SL\Source\UE4_Portfolio2_SL\PlayerCharacter.cpp(18): warning C5038: 데이터 멤버 'APlayerCharacter::StaminaRatio'은(는) 데이터 멤버 'APlayerCharacter::IsFight' 이후에 초기화됩니다.
G:\Git_Horizontally Scrolling Shooter Repository\UE4_Portfolio2_SL\UE4_Portfolio2_SL\Source\UE4_Portfolio2_SL\PlayerCharacter.cpp(22): warning C5038: 데이터 멤버 'APlayerCharacter::ComboCnt'은(는) 데이터 멤버 'APlayerCharacter::IsFall' 이후에 초기화됩니다.
G:\Git_Horizontally Scrolling Shooter Repository\UE4_Portfolio2_SL\UE4_Portfolio2_SL\Source\UE4_Portfolio2_SL\PlayerCharacter.cpp(25): warning C5038: 데이터 멤버 'APlayerCharacter::LeftWeapon'은(는) 데이터 멤버 'APlayerCharacter::AttackDamage' 이후에 초기화됩니다.
G:\Git_Horizontally Scrolling Shooter Repository\UE4_Portfolio2_SL\UE4_Portfolio2_SL\Source\UE4_Portfolio2_SL\PlayerCharacter.cpp(27): warning C5038: 데이터 멤버 'APlayerCharacter::DefaultDamage'은(는) 데이터 멤버 'APlayerCharacter::IsLockTargetExist' 이후에 초기화됩니다.
G:\Git_Horizontally Scrolling Shooter Repository\UE4_Portfolio2_SL\UE4_Portfolio2_SL\Source\UE4_Portfolio2_SL\PlayerCharacter.cpp(707): warning C4996: 'FCollisionQueryParams::FCollisionQueryParams': FCollisionQueryParams, to avoid ambiguity, please use other constructor and explicitly provide an FName parameter (not just a string literal) as the first parameter Please update your code to the new API before upgrading to the next release, otherwise your project will no longer compile.
    [4/7] Module.UE4_Portfolio2_SL.cpp
    [5/7] UE4Editor-UE4_Portfolio2_SL-0081.lib
       G:\Git_Horizontally Scrolling Shooter Repository\UE4_Portfolio2_SL\UE4_Portfolio2_SL\Intermediate\Build\Win64\UE4Editor\Development\UE4_Portfolio2_SL\UE4Editor-UE4_Portfolio2_SL-0081.lib 라이브러리 및 G:\Git_Horizontally Scrolling Shooter Repository\UE4_Portfolio2_SL\UE4_Portfolio2_SL\Intermediate\Build\Win64\UE4Editor\Development\UE4_Portfolio2_SL\UE4Editor-UE4_Portfolio2_SL-0081.exp 개체를 생성하고 있습니다.
    [6/7] UE4Editor-UE4_Portfolio2_SL-0081.dll
       G:\Git_Horizontally Scrolling Shooter Repository\UE4_Portfolio2_SL\UE4_Portfolio2_SL\Intermediate\Build\Win64\UE4Editor\Development\UE4_Portfolio2_SL\UE4Editor-UE4_Portfolio2_SL-0081.suppressed.lib 라이브러리 및 G:\Git_Horizontally Scrolling Shooter Repository\UE4_Portfolio2_SL\UE4_Portfolio2_SL\Intermediate\Build\Win64\UE4Editor\Development\UE4_Portfolio2_SL\UE4Editor-UE4_Portfolio2_SL-0081.suppressed.exp 개체를 생성하고 있습니다.
    [7/7] UE4_Portfolio2_SLEditor.target
  Total time in Parallel executor: 9.03 seconds
  Total execution time: 10.73 seconds
